Using gpu device 1: GeForce GTX TITAN X
/home/shaofan/.local/lib/python2.7/site-packages/theano/scan_module/scan_perform_ext.py:133: RuntimeWarning: numpy.ndarray size changed, may indicate binary incompatibility
  from scan_perform.scan_perform import *
(268, 4000)
(268,)
(268, 400)
(132, 400)
shape: (268, 41)
train-acc: 45.149%                                
train confusion matrix:
 [[ 11.   0.   0.   0.   0.  14.   2.   0.]
 [  2.  23.   0.   1.   0.   7.   3.   1.]
 [  2.   5.  14.   3.   1.   6.   3.   2.]
 [  0.   5.   3.  13.   1.  15.   1.   0.]
 [  0.   4.   5.   0.  14.   1.   2.   0.]
 [  1.   3.   4.   2.   4.  15.   2.   2.]
 [  0.   2.   4.   2.   2.   2.  24.   1.]
 [  2.  10.   2.   2.   2.   4.   5.   7.]]
test-acc: 17.424%
test confusion matrix:
 [[  5.   0.   2.   2.   2.  10.   2.   0.]
 [  0.   3.   2.   2.   1.   2.   2.   1.]
 [  1.   1.   0.   0.   1.   3.   4.   4.]
 [  0.   3.   2.   0.   1.   4.   1.   1.]
 [  1.   6.   3.   1.   4.   5.   3.   1.]
 [  0.   3.   4.   1.   2.   6.   1.   0.]
 [  0.   3.   0.   2.   1.   1.   5.   1.]
 [  1.   3.   4.   1.   4.   2.   1.   0.]]
(268, 800)
(132, 800)
shape: (268, 73)
train-acc: 59.328%                                
train confusion matrix:
 [[ 22.   1.   2.   0.   0.   1.   0.   1.]
 [  1.  28.   1.   2.   0.   2.   1.   2.]
 [  4.   9.  18.   1.   2.   0.   0.   2.]
 [  0.  10.   4.  21.   1.   2.   0.   0.]
 [  4.   3.   3.   4.  10.   2.   0.   0.]
 [  2.   1.   4.   0.   3.  22.   0.   1.]
 [  2.   0.   3.   1.   3.   1.  26.   1.]
 [  2.  10.   5.   4.   0.   1.   0.  12.]]
test-acc: 40.909%
test confusion matrix:
 [[ 14.   0.   4.   1.   1.   3.   0.   0.]
 [  0.   6.   5.   1.   0.   1.   0.   0.]
 [  2.   0.   5.   4.   0.   3.   0.   0.]
 [  2.   2.   3.   4.   0.   1.   0.   0.]
 [  4.   4.   5.   1.   3.   4.   3.   0.]
 [  0.   1.   3.   2.   3.   8.   0.   0.]
 [  0.   2.   1.   0.   0.   0.   9.   1.]
 [  0.   4.   1.   3.   1.   2.   0.   5.]]
(268, 1200)
(132, 1200)
shape: (268, 106)
train-acc: 70.896%                                
train confusion matrix:
 [[ 26.   0.   0.   0.   0.   0.   0.   1.]
 [  0.  31.   2.   1.   1.   0.   0.   2.]
 [  5.   4.  16.   1.   0.   3.   1.   6.]
 [  2.   1.   7.  25.   1.   2.   0.   0.]
 [  2.   0.   2.   0.  20.   2.   0.   0.]
 [  1.   6.   3.   1.   2.  20.   0.   0.]
 [  0.   1.   2.   0.   0.   0.  34.   0.]
 [  0.   6.   4.   1.   2.   1.   2.  18.]]
test-acc: 49.242%
test confusion matrix:
 [[ 21.   1.   0.   0.   0.   1.   0.   0.]
 [  0.   6.   2.   1.   1.   3.   0.   0.]
 [  0.   3.   3.   4.   0.   3.   0.   1.]
 [  1.   2.   3.   5.   0.   0.   0.   1.]
 [  3.   4.   5.   1.   7.   2.   1.   1.]
 [  2.   3.   1.   1.   2.   7.   0.   1.]
 [  0.   0.   0.   0.   0.   0.  13.   0.]
 [  1.   7.   3.   1.   1.   0.   0.   3.]]
(268, 1600)
(132, 1600)
shape: (268, 138)
train-acc: 80.597%                                
train confusion matrix:
 [[ 27.   0.   0.   0.   0.   0.   0.   0.]
 [  0.  32.   1.   0.   1.   2.   0.   1.]
 [  2.   3.  28.   1.   0.   1.   0.   1.]
 [  0.   2.   3.  31.   1.   0.   0.   1.]
 [  1.   2.   0.   0.  23.   0.   0.   0.]
 [  0.   5.   2.   1.   2.  21.   0.   2.]
 [  0.   0.   0.   0.   1.   0.  36.   0.]
 [  0.  10.   3.   0.   3.   0.   0.  18.]]
test-acc: 57.576%
test confusion matrix:
 [[ 19.   0.   2.   0.   2.   0.   0.   0.]
 [  0.   6.   2.   0.   3.   2.   0.   0.]
 [  0.   2.   7.   0.   1.   0.   0.   4.]
 [  0.   2.   1.   8.   0.   0.   0.   1.]
 [  1.   4.   0.   4.   8.   7.   0.   0.]
 [  0.   3.   0.   0.   1.  11.   0.   2.]
 [  0.   0.   0.   0.   0.   0.  13.   0.]
 [  0.   5.   6.   0.   1.   0.   0.   4.]]
(268, 2000)
(132, 2000)
shape: (268, 173)
train-acc: 84.701%                                
train confusion matrix:
 [[ 27.   0.   0.   0.   0.   0.   0.   0.]
 [  0.  31.   0.   0.   0.   2.   0.   4.]
 [  0.   2.  30.   1.   1.   1.   0.   1.]
 [  0.   0.   2.  35.   0.   0.   0.   1.]
 [  1.   4.   0.   1.  20.   0.   0.   0.]
 [  0.   1.   2.   1.   2.  26.   0.   1.]
 [  0.   0.   0.   0.   0.   0.  37.   0.]
 [  0.   4.   6.   0.   1.   2.   0.  21.]]
test-acc: 70.455%
test confusion matrix:
 [[ 19.   1.   0.   2.   0.   0.   0.   1.]
 [  0.   8.   0.   0.   4.   0.   0.   1.]
 [  0.   2.  11.   0.   0.   0.   0.   1.]
 [  0.   1.   1.   9.   0.   0.   0.   1.]
 [  0.   5.   0.   1.  12.   4.   0.   2.]
 [  0.   1.   0.   0.   0.  15.   0.   1.]
 [  0.   0.   0.   0.   0.   0.  13.   0.]
 [  0.   4.   5.   0.   1.   0.   0.   6.]]
(268, 2400)
(132, 2400)
shape: (268, 208)
train-acc: 91.045%                                
train confusion matrix:
 [[ 27.   0.   0.   0.   0.   0.   0.   0.]
 [  0.  34.   2.   0.   0.   1.   0.   0.]
 [  0.   1.  33.   1.   0.   0.   0.   1.]
 [  0.   0.   2.  35.   0.   0.   0.   1.]
 [  1.   3.   1.   1.  20.   0.   0.   0.]
 [  0.   1.   2.   0.   0.  30.   0.   0.]
 [  0.   0.   0.   0.   0.   0.  37.   0.]
 [  0.   3.   2.   0.   0.   1.   0.  28.]]
test-acc: 75.000%
test confusion matrix:
 [[ 19.   1.   0.   2.   0.   0.   0.   1.]
 [  0.   7.   1.   0.   5.   0.   0.   0.]
 [  0.   0.  11.   1.   0.   0.   0.   2.]
 [  0.   0.   0.  10.   0.   0.   0.   2.]
 [  0.   5.   0.   1.  14.   3.   0.   1.]
 [  0.   0.   2.   0.   1.  14.   0.   0.]
 [  0.   0.   0.   0.   0.   0.  13.   0.]
 [  0.   1.   1.   2.   1.   0.   0.  11.]]
(268, 2800)
(132, 2800)
shape: (268, 242)
train-acc: 90.672%                                
train confusion matrix:
 [[ 26.   0.   0.   0.   1.   0.   0.   0.]
 [  0.  33.   2.   0.   0.   1.   0.   1.]
 [  0.   1.  33.   1.   0.   0.   0.   1.]
 [  0.   0.   4.  34.   0.   0.   0.   0.]
 [  0.   2.   1.   1.  22.   0.   0.   0.]
 [  0.   0.   1.   0.   1.  31.   0.   0.]
 [  0.   1.   0.   0.   0.   0.  36.   0.]
 [  0.   4.   1.   1.   0.   0.   0.  28.]]
test-acc: 78.788%
test confusion matrix:
 [[ 20.   1.   2.   0.   0.   0.   0.   0.]
 [  0.   7.   1.   0.   5.   0.   0.   0.]
 [  0.   0.  12.   1.   0.   0.   0.   1.]
 [  0.   0.   1.  10.   0.   0.   0.   1.]
 [  0.   3.   2.   2.  15.   2.   0.   0.]
 [  1.   0.   1.   0.   0.  15.   0.   0.]
 [  0.   0.   0.   0.   0.   0.  13.   0.]
 [  0.   0.   1.   2.   1.   0.   0.  12.]]
(268, 3200)
(132, 3200)
shape: (268, 275)
train-acc: 91.418%                                
train confusion matrix:
 [[ 27.   0.   0.   0.   0.   0.   0.   0.]
 [  1.  33.   2.   0.   0.   0.   0.   1.]
 [  0.   2.  32.   1.   0.   0.   0.   1.]
 [  0.   0.   4.  34.   0.   0.   0.   0.]
 [  0.   1.   1.   1.  23.   0.   0.   0.]
 [  0.   0.   0.   0.   2.  31.   0.   0.]
 [  0.   0.   0.   0.   0.   0.  37.   0.]
 [  0.   3.   1.   1.   0.   1.   0.  28.]]
test-acc: 78.030%
test confusion matrix:
 [[ 21.   0.   2.   0.   0.   0.   0.   0.]
 [  0.   7.   1.   1.   4.   0.   0.   0.]
 [  0.   1.  12.   1.   0.   0.   0.   0.]
 [  0.   1.   0.  10.   0.   0.   0.   1.]
 [  0.   5.   1.   1.  14.   2.   0.   1.]
 [  0.   0.   1.   0.   0.  16.   0.   0.]
 [  0.   0.   0.   0.   0.   0.  13.   0.]
 [  0.   3.   0.   2.   1.   0.   0.  10.]]
(268, 3600)
(132, 3600)
shape: (268, 310)
train-acc: 90.672%                                
train confusion matrix:
 [[ 27.   0.   0.   0.   0.   0.   0.   0.]
 [  1.  32.   3.   0.   0.   0.   0.   1.]
 [  0.   2.  32.   0.   0.   0.   0.   2.]
 [  0.   0.   3.  35.   0.   0.   0.   0.]
 [  0.   1.   1.   1.  23.   0.   0.   0.]
 [  0.   0.   0.   0.   2.  31.   0.   0.]
 [  0.   2.   0.   0.   0.   0.  35.   0.]
 [  0.   3.   1.   1.   0.   1.   0.  28.]]
test-acc: 75.000%
test confusion matrix:
 [[ 21.   0.   2.   0.   0.   0.   0.   0.]
 [  0.   7.   1.   1.   4.   0.   0.   0.]
 [  0.   1.  10.   2.   0.   0.   0.   1.]
 [  0.   0.   0.  10.   0.   0.   0.   2.]
 [  0.   6.   2.   0.  13.   2.   0.   1.]
 [  0.   0.   1.   0.   0.  16.   0.   0.]
 [  0.   0.   0.   0.   0.   0.  13.   0.]
 [  0.   2.   2.   2.   1.   0.   0.   9.]]
(268, 4000)
(132, 4000)
shape: (268, 349)
train-acc: 90.672%                                
train confusion matrix:
 [[ 27.   0.   0.   0.   0.   0.   0.   0.]
 [  1.  32.   3.   0.   0.   0.   0.   1.]
 [  0.   2.  32.   0.   0.   0.   0.   2.]
 [  0.   0.   3.  35.   0.   0.   0.   0.]
 [  0.   1.   1.   1.  23.   0.   0.   0.]
 [  0.   0.   0.   0.   2.  31.   0.   0.]
 [  0.   2.   0.   0.   0.   0.  35.   0.]
 [  0.   3.   1.   1.   0.   1.   0.  28.]]
test-acc: 75.758%
test confusion matrix:
 [[ 21.   0.   2.   0.   0.   0.   0.   0.]
 [  0.   7.   1.   1.   4.   0.   0.   0.]
 [  0.   1.  10.   2.   0.   0.   0.   1.]
 [  0.   0.   0.  10.   0.   0.   0.   2.]
 [  0.   5.   2.   1.  14.   2.   0.   0.]
 [  0.   0.   1.   0.   0.  16.   0.   0.]
 [  0.   0.   0.   0.   0.   0.  13.   0.]
 [  0.   2.   2.   2.   1.   0.   0.   9.]]
[(45.149253731343286, 17.424242424242426), (59.32835820895522, 40.909090909090914), (70.8955223880597, 49.24242424242424), (80.59701492537313, 57.57575757575758), (84.70149253731343, 70.45454545454545), (91.04477611940298, 75.0), (90.67164179104478, 78.78787878787878), (91.4179104477612, 78.03030303030303), (90.67164179104478, 75.0), (90.67164179104478, 75.75757575757575)]
[ 45.149  59.328  70.896  80.597  84.701  91.045  90.672  91.418  90.672  90.672]
[ 17.424  40.909  49.242  57.576  70.455  75.     78.788  78.03   75.     75.758]
(268, 4000)
Initial loss: 242170.3125
Iter[0]: A=[ 1.] lr=5e-05, L(A)=242170.3125 mindist=0.0
Iter[1]: A=[ 1.] lr=5.05e-05, L(A)=242170.3125 mindist=0.0
Iter[2]: A=[ 1.] lr=2.525e-05, L(A)=242170.3125 mindist=0.0
Iter[3]: A=[ 1.] lr=1.2625e-05, L(A)=242170.3125 mindist=0.0
Iter[4]: A=[ 1.] lr=6.3125e-06, L(A)=242170.3125 mindist=0.0
Iter[5]: A=[ 1.] lr=3.15625e-06, L(A)=242170.3125 mindist=0.0
Iter[6]: A=[ 1.] lr=1.578125e-06, L(A)=242170.3125 mindist=0.0
Iter[7]: A=[ 1.] lr=7.890625e-07, L(A)=242170.3125 mindist=0.0
Iter[8]: A=[ 1.] lr=3.9453125e-07, L(A)=242170.3125 mindist=0.0
Iter[9]: A=[ 1.] lr=1.97265625e-07, L(A)=242170.3125 mindist=0.0
Iter[10]: A=[ 1.] lr=9.86328125e-08, L(A)=242170.3125 mindist=0.0
Iter[11]: A=[ 1.] lr=4.931640625e-08, L(A)=242170.3125 mindist=0.0
Iter[12]: A=[ 1.] lr=2.4658203125e-08, L(A)=242170.3125 mindist=0.0
Iter[13]: A=[ 1.] lr=1.23291015625e-08, L(A)=242170.3125 mindist=0.0
Iter[14]: A=[ 1.] lr=6.16455078125e-09, L(A)=242170.3125 mindist=0.0
Iter[15]: A=[ 1.] lr=3.08227539063e-09, L(A)=242170.3125 mindist=0.0
Iter[16]: A=[ 1.] lr=1.54113769531e-09, L(A)=242170.3125 mindist=0.0
Iter[17]: A=[ 1.] lr=7.70568847656e-10, L(A)=242170.3125 mindist=0.0
Iter[18]: A=[ 1.] lr=3.85284423828e-10, L(A)=242170.3125 mindist=0.0
Iter[19]: A=[ 1.] lr=1.92642211914e-10, L(A)=242170.3125 mindist=0.0
Iter[20]: A=[ 1.] lr=9.6321105957e-11, L(A)=242170.3125 mindist=0.0
Iter[21]: A=[ 1.] lr=4.81605529785e-11, L(A)=242170.3125 mindist=0.0
Iter[22]: A=[ 1.] lr=2.40802764893e-11, L(A)=242170.3125 mindist=0.0
Iter[23]: A=[ 1.] lr=1.20401382446e-11, L(A)=242170.3125 mindist=0.0
Iter[24]: A=[ 1.] lr=6.02006912231e-12, L(A)=242170.3125 mindist=0.0
Iter[25]: A=[ 1.] lr=3.01003456116e-12, L(A)=242170.3125 mindist=0.0
Iter[26]: A=[ 1.] lr=1.50501728058e-12, L(A)=242170.3125 mindist=0.0
Iter[27]: A=[ 1.] lr=7.52508640289e-13, L(A)=242170.3125 mindist=0.0
Iter[28]: A=[ 1.] lr=3.76254320145e-13, L(A)=242170.3125 mindist=0.0
Iter[29]: A=[ 1.] lr=1.88127160072e-13, L(A)=242170.3125 mindist=0.0
Iter[30]: A=[ 1.] lr=9.40635800362e-14, L(A)=242170.3125 mindist=0.0
Iter[31]: A=[ 1.] lr=4.70317900181e-14, L(A)=242170.3125 mindist=0.0
Iter[32]: A=[ 1.] lr=2.3515895009e-14, L(A)=242170.3125 mindist=0.0
Iter[33]: A=[ 1.] lr=1.17579475045e-14, L(A)=242170.3125 mindist=0.0
Iter[34]: A=[ 1.] lr=5.87897375226e-15, L(A)=242170.3125 mindist=0.0
Iter[35]: A=[ 1.] lr=2.93948687613e-15, L(A)=242170.3125 mindist=0.0
Iter[36]: A=[ 1.] lr=1.46974343807e-15, L(A)=242170.3125 mindist=0.0
Iter[37]: A=[ 1.] lr=7.34871719033e-16, L(A)=242170.3125 mindist=0.0
Iter[38]: A=[ 1.] lr=3.67435859516e-16, L(A)=242170.3125 mindist=0.0
Iter[39]: A=[ 1.] lr=1.83717929758e-16, L(A)=242170.3125 mindist=0.0
Iter[40]: A=[ 1.] lr=9.18589648791e-17, L(A)=242170.3125 mindist=0.0
Iter[41]: A=[ 1.] lr=4.59294824395e-17, L(A)=242170.3125 mindist=0.0
Iter[42]: A=[ 1.] lr=2.29647412198e-17, L(A)=242170.3125 mindist=0.0
Iter[43]: A=[ 1.] lr=1.14823706099e-17, L(A)=242170.3125 mindist=0.0
Iter[44]: A=[ 1.] lr=5.74118530494e-18, L(A)=242170.3125 mindist=0.0
Iter[45]: A=[ 1.] lr=2.87059265247e-18, L(A)=242170.3125 mindist=0.0
Iter[46]: A=[ 1.] lr=1.43529632624e-18, L(A)=242170.3125 mindist=0.0
Iter[47]: A=[ 1.] lr=7.17648163118e-19, L(A)=242170.3125 mindist=0.0
Iter[48]: A=[ 1.] lr=3.58824081559e-19, L(A)=242170.3125 mindist=0.0
Iter[49]: A=[ 1.] lr=1.79412040779e-19, L(A)=242170.3125 mindist=0.0
Initial loss: 257579.546875
Iter[0]: A=[-0.113  1.113] lr=5e-05, L(A)=248290.828125 mindist=-0.290834665298
Iter[1]: A=[ 0.873  0.127] lr=2.5e-05, L(A)=235896.25 mindist=0.0
Iter[2]: A=[ 1.279 -0.279] lr=2.525e-05, L(A)=238541.34375 mindist=-2.23481464386
Iter[3]: A=[  1.001e+00  -9.673e-04] lr=1.2625e-05, L(A)=236213.28125 mindist=-0.00774222658947
Iter[4]: A=[ 0.927  0.073] lr=6.3125e-06, L(A)=235997.390625 mindist=0.0
Iter[5]: A=[ 0.898  0.102] lr=3.15625e-06, L(A)=235935.21875 mindist=0.0
Iter[6]: A=[ 0.885  0.115] lr=1.578125e-06, L(A)=235913.171875 mindist=0.0
Iter[7]: A=[ 0.879  0.121] lr=7.890625e-07, L(A)=235904.171875 mindist=0.0
Iter[8]: A=[ 0.876  0.124] lr=3.9453125e-07, L(A)=235900.0625 mindist=0.0
Iter[9]: A=[ 0.875  0.125] lr=1.97265625e-07, L(A)=235898.125 mindist=0.0
Iter[10]: A=[ 0.874  0.126] lr=9.86328125e-08, L(A)=235897.171875 mindist=0.0
Iter[11]: A=[ 0.874  0.126] lr=4.931640625e-08, L(A)=235896.703125 mindist=0.0
Iter[12]: A=[ 0.874  0.126] lr=2.4658203125e-08, L(A)=235896.46875 mindist=0.0
Iter[13]: A=[ 0.873  0.127] lr=1.23291015625e-08, L(A)=235896.34375 mindist=0.0
Iter[14]: A=[ 0.873  0.127] lr=6.16455078125e-09, L(A)=235896.3125 mindist=0.0
Iter[15]: A=[ 0.873  0.127] lr=3.08227539063e-09, L(A)=235896.28125 mindist=0.0
Iter[16]: A=[ 0.873  0.127] lr=1.54113769531e-09, L(A)=235896.25 mindist=0.0
Iter[17]: A=[ 0.873  0.127] lr=7.70568847656e-10, L(A)=235896.25 mindist=0.0
Iter[18]: A=[ 0.873  0.127] lr=3.85284423828e-10, L(A)=235896.25 mindist=0.0
Iter[19]: A=[ 0.873  0.127] lr=1.92642211914e-10, L(A)=235896.25 mindist=0.0
Iter[20]: A=[ 0.873  0.127] lr=9.6321105957e-11, L(A)=235896.25 mindist=0.0
Iter[21]: A=[ 0.873  0.127] lr=4.81605529785e-11, L(A)=235896.25 mindist=0.0
Iter[22]: A=[ 0.873  0.127] lr=2.40802764893e-11, L(A)=235896.25 mindist=0.0
Iter[23]: A=[ 0.873  0.127] lr=1.20401382446e-11, L(A)=235896.25 mindist=0.0
Iter[24]: A=[ 0.873  0.127] lr=6.02006912231e-12, L(A)=235896.25 mindist=0.0
Iter[25]: A=[ 0.873  0.127] lr=3.01003456116e-12, L(A)=235896.25 mindist=0.0
Iter[26]: A=[ 0.873  0.127] lr=1.50501728058e-12, L(A)=235896.25 mindist=0.0
Iter[27]: A=[ 0.873  0.127] lr=7.52508640289e-13, L(A)=235896.25 mindist=0.0
Iter[28]: A=[ 0.873  0.127] lr=3.76254320145e-13, L(A)=235896.25 mindist=0.0
Iter[29]: A=[ 0.873  0.127] lr=1.88127160072e-13, L(A)=235896.25 mindist=0.0
Iter[30]: A=[ 0.873  0.127] lr=9.40635800362e-14, L(A)=235896.25 mindist=0.0
Iter[31]: A=[ 0.873  0.127] lr=4.70317900181e-14, L(A)=235896.25 mindist=0.0
Iter[32]: A=[ 0.873  0.127] lr=2.3515895009e-14, L(A)=235896.25 mindist=0.0
Iter[33]: A=[ 0.873  0.127] lr=1.17579475045e-14, L(A)=235896.25 mindist=0.0
Iter[34]: A=[ 0.873  0.127] lr=5.87897375226e-15, L(A)=235896.25 mindist=0.0
Iter[35]: A=[ 0.873  0.127] lr=2.93948687613e-15, L(A)=235896.25 mindist=0.0
Iter[36]: A=[ 0.873  0.127] lr=1.46974343807e-15, L(A)=235896.25 mindist=0.0
Iter[37]: A=[ 0.873  0.127] lr=7.34871719033e-16, L(A)=235896.25 mindist=0.0
Iter[38]: A=[ 0.873  0.127] lr=3.67435859516e-16, L(A)=235896.25 mindist=0.0
Iter[39]: A=[ 0.873  0.127] lr=1.83717929758e-16, L(A)=235896.25 mindist=0.0
Iter[40]: A=[ 0.873  0.127] lr=9.18589648791e-17, L(A)=235896.25 mindist=0.0
Iter[41]: A=[ 0.873  0.127] lr=4.59294824395e-17, L(A)=235896.25 mindist=0.0
Iter[42]: A=[ 0.873  0.127] lr=2.29647412198e-17, L(A)=235896.25 mindist=0.0
Iter[43]: A=[ 0.873  0.127] lr=1.14823706099e-17, L(A)=235896.25 mindist=0.0
Iter[44]: A=[ 0.873  0.127] lr=5.74118530494e-18, L(A)=235896.25 mindist=0.0
Iter[45]: A=[ 0.873  0.127] lr=2.87059265247e-18, L(A)=235896.25 mindist=0.0
Iter[46]: A=[ 0.873  0.127] lr=1.43529632624e-18, L(A)=235896.25 mindist=0.0
Iter[47]: A=[ 0.873  0.127] lr=7.17648163118e-19, L(A)=235896.25 mindist=0.0
Iter[48]: A=[ 0.873  0.127] lr=3.58824081559e-19, L(A)=235896.25 mindist=0.0
Iter[49]: A=[ 0.873  0.127] lr=1.79412040779e-19, L(A)=235896.25 mindist=0.0
Initial loss: 316376.875
Iter[0]: A=[-0.01   0.411  0.599] lr=5e-05, L(A)=253076.75 mindist=0.0
Iter[1]: A=[-1.42  0.73  1.69] lr=2.5e-05, L(A)=325470.53125 mindist=-2.98144435883
Iter[2]: A=[ 0.576  0.278  0.146] lr=1.25e-05, L(A)=241655.59375 mindist=0.0
Iter[3]: A=[ 1.129  0.085 -0.215] lr=1.2625e-05, L(A)=237727.34375 mindist=-1.09385275841
Iter[4]: A=[ 0.739  0.221  0.039] lr=6.3125e-06, L(A)=240051.375 mindist=0.0
Iter[5]: A=[ 0.957  0.142 -0.099] lr=6.375625e-06, L(A)=238415.4375 mindist=-0.470622390509
Iter[6]: A=[ 0.83   0.189 -0.019] lr=3.1878125e-06, L(A)=239285.546875 mindist=-0.0559579879045
Iter[7]: A=[ 0.781  0.206  0.013] lr=1.59390625e-06, L(A)=239684.4375 mindist=0.0
Iter[8]: A=[ 0.826  0.19  -0.016] lr=1.6098453125e-06, L(A)=239316.375 mindist=-0.0421377047896
Iter[9]: A=[ 0.803  0.198 -0.001] lr=8.0492265625e-07, L(A)=239503.609375 mindist=-0.000797067885287
Iter[10]: A=[ 0.792  0.202  0.006] lr=4.02461328125e-07, L(A)=239595.046875 mindist=0.0
Iter[11]: A=[ 0.803  0.198 -0.001] lr=4.06485941406e-07, L(A)=239504.765625 mindist=-0.000688656931743
Iter[12]: A=[ 0.797  0.2    0.002] lr=2.03242970703e-07, L(A)=239550.140625 mindist=0.0
Iter[13]: A=[ 0.803  0.198 -0.001] lr=2.0527540041e-07, L(A)=239504.78125 mindist=-0.000682668644004
Iter[14]: A=[  7.999e-01   1.993e-01   7.854e-04] lr=1.02637700205e-07, L(A)=239527.515625 mindist=0.0
Iter[15]: A=[ 0.803  0.198 -0.001] lr=1.03664077207e-07, L(A)=239504.703125 mindist=-0.000688872649334
Iter[16]: A=[  8.013e-01   1.988e-01  -7.768e-05] lr=5.18320386036e-08, L(A)=239516.109375 mindist=-2.32964503084e-05
Iter[17]: A=[  8.006e-01   1.991e-01   3.543e-04] lr=2.59160193018e-08, L(A)=239521.8125 mindist=0.0
Iter[18]: A=[  8.013e-01   1.988e-01  -8.127e-05] lr=2.61751794948e-08, L(A)=239516.078125 mindist=-2.55891336565e-05
Iter[19]: A=[  8.009e-01   1.990e-01   1.367e-04] lr=1.30875897474e-08, L(A)=239518.9375 mindist=0.0
Iter[20]: A=[  8.013e-01   1.988e-01  -8.326e-05] lr=1.32184656449e-08, L(A)=239516.046875 mindist=-2.68611347565e-05
Iter[21]: A=[  8.011e-01   1.989e-01   2.674e-05] lr=6.60923282244e-09, L(A)=239517.5 mindist=0.0
Iter[22]: A=[  8.013e-01   1.988e-01  -8.429e-05] lr=6.67532515066e-09, L(A)=239516.03125 mindist=-2.75234488072e-05
Iter[23]: A=[  8.012e-01   1.989e-01  -2.877e-05] lr=3.33766257533e-09, L(A)=239516.765625 mindist=-3.38179938808e-06
Iter[24]: A=[  8.011e-01   1.989e-01  -1.015e-06] lr=1.66883128767e-09, L(A)=239517.15625 mindist=0.0
Iter[25]: A=[  8.011e-01   1.989e-01   1.286e-05] lr=8.34415643833e-10, L(A)=239517.3125 mindist=0.0
Iter[26]: A=[  8.011e-01   1.989e-01  -1.153e-06] lr=8.42759800271e-10, L(A)=239517.15625 mindist=0.0
Iter[27]: A=[  8.011e-01   1.989e-01   5.854e-06] lr=4.21379900135e-10, L(A)=239517.21875 mindist=0.0
Iter[28]: A=[  8.011e-01   1.989e-01  -1.223e-06] lr=4.25593699137e-10, L(A)=239517.15625 mindist=0.0
Iter[29]: A=[  8.011e-01   1.989e-01   2.315e-06] lr=2.12796849568e-10, L(A)=239517.1875 mindist=0.0
Iter[30]: A=[  8.011e-01   1.989e-01  -1.259e-06] lr=2.14924818064e-10, L(A)=239517.140625 mindist=0.0
Iter[31]: A=[  8.011e-01   1.989e-01   5.284e-07] lr=1.07462409032e-10, L(A)=239517.15625 mindist=0.0
Iter[32]: A=[  8.011e-01   1.989e-01  -1.276e-06] lr=1.08537033122e-10, L(A)=239517.140625 mindist=0.0
Iter[33]: A=[  8.011e-01   1.989e-01  -3.741e-07] lr=5.42685165612e-11, L(A)=239517.15625 mindist=0.0
Iter[34]: A=[  8.011e-01   1.989e-01   7.716e-08] lr=2.71342582806e-11, L(A)=239517.15625 mindist=0.0
Iter[35]: A=[  8.011e-01   1.989e-01   3.028e-07] lr=1.35671291403e-11, L(A)=239517.15625 mindist=0.0
Iter[36]: A=[  8.011e-01   1.989e-01   4.156e-07] lr=6.78356457015e-12, L(A)=239517.15625 mindist=0.0
Iter[37]: A=[  8.011e-01   1.989e-01   4.720e-07] lr=3.39178228507e-12, L(A)=239517.15625 mindist=0.0
Iter[38]: A=[  8.011e-01   1.989e-01   5.002e-07] lr=1.69589114254e-12, L(A)=239517.15625 mindist=0.0
Iter[39]: A=[  8.011e-01   1.989e-01   5.143e-07] lr=8.47945571269e-13, L(A)=239517.15625 mindist=0.0
Iter[40]: A=[  8.011e-01   1.989e-01   5.213e-07] lr=4.23972785634e-13, L(A)=239517.15625 mindist=0.0
Iter[41]: A=[  8.011e-01   1.989e-01   5.248e-07] lr=2.11986392817e-13, L(A)=239517.15625 mindist=0.0
Iter[42]: A=[  8.011e-01   1.989e-01   5.266e-07] lr=1.05993196409e-13, L(A)=239517.15625 mindist=0.0
Iter[43]: A=[  8.011e-01   1.989e-01   5.275e-07] lr=5.29965982043e-14, L(A)=239517.15625 mindist=0.0
Iter[44]: A=[  8.011e-01   1.989e-01   5.279e-07] lr=2.64982991021e-14, L(A)=239517.15625 mindist=0.0
Iter[45]: A=[  8.011e-01   1.989e-01   5.281e-07] lr=1.32491495511e-14, L(A)=239517.15625 mindist=0.0
Iter[46]: A=[  8.011e-01   1.989e-01   5.283e-07] lr=6.62457477554e-15, L(A)=239517.15625 mindist=0.0
Iter[47]: A=[  8.011e-01   1.989e-01   5.283e-07] lr=3.31228738777e-15, L(A)=239517.15625 mindist=0.0
Iter[48]: A=[  8.011e-01   1.989e-01   5.283e-07] lr=1.65614369388e-15, L(A)=239517.15625 mindist=0.0
Iter[49]: A=[  8.011e-01   1.989e-01   5.284e-07] lr=8.28071846942e-16, L(A)=239517.15625 mindist=0.0
Initial loss: 337650.9375
Iter[0]: A=[-0.002  0.294  0.401  0.307] lr=5e-05, L(A)=243974.921875 mindist=0.0
Iter[1]: A=[-2.837  0.784  2.098  0.955] lr=2.5e-05, L(A)=370588.25 mindist=-6.31464958191
Iter[2]: A=[ 0.393  0.225  0.164  0.217] lr=1.25e-05, L(A)=243199.859375 mindist=0.0
Iter[3]: A=[ 0.5    0.043  0.281  0.176] lr=1.2625e-05, L(A)=241022.078125 mindist=0.0
Iter[4]: A=[ 0.733 -0.292  0.458  0.101] lr=1.275125e-05, L(A)=239845.21875 mindist=-2.00691127777
Iter[5]: A=[ 0.581 -0.073  0.342  0.15 ] lr=6.375625e-06, L(A)=240072.875 mindist=-0.242133930326
Iter[6]: A=[ 0.535 -0.007  0.307  0.165] lr=3.1878125e-06, L(A)=240569.578125 mindist=-0.0020025158301
Iter[7]: A=[ 0.517  0.019  0.293  0.17 ] lr=1.59390625e-06, L(A)=240803.59375 mindist=0.0
Iter[8]: A=[ 0.535 -0.006  0.306  0.165] lr=1.6098453125e-06, L(A)=240584.125 mindist=0.0
Iter[9]: A=[ 0.525  0.007  0.3    0.168] lr=8.0492265625e-07, L(A)=240695.515625 mindist=0.0
Iter[10]: A=[ 0.534 -0.005  0.306  0.165] lr=8.12971882813e-07, L(A)=240587.28125 mindist=0.0
Iter[11]: A=[ 0.53   0.001  0.303  0.166] lr=4.06485941406e-07, L(A)=240641.875 mindist=0.0
Iter[12]: A=[ 0.534 -0.005  0.306  0.165] lr=4.1055080082e-07, L(A)=240587.765625 mindist=0.0
Iter[13]: A=[ 0.532 -0.002  0.304  0.166] lr=2.0527540041e-07, L(A)=240614.96875 mindist=0.0
Iter[14]: A=[  5.310e-01  -4.827e-04   3.034e-01   1.661e-01] lr=1.02637700205e-07, L(A)=240628.453125 mindist=0.0
Iter[15]: A=[  5.304e-01   3.088e-04   3.030e-01   1.662e-01] lr=5.13188501025e-08, L(A)=240635.171875 mindist=0.0
Iter[16]: A=[  5.310e-01  -4.889e-04   3.034e-01   1.661e-01] lr=5.18320386036e-08, L(A)=240628.421875 mindist=0.0
Iter[17]: A=[  5.307e-01  -8.962e-05   3.032e-01   1.662e-01] lr=2.59160193018e-08, L(A)=240631.796875 mindist=0.0
Iter[18]: A=[  5.306e-01   1.097e-04   3.031e-01   1.662e-01] lr=1.29580096509e-08, L(A)=240633.5 mindist=0.0
Iter[19]: A=[  5.307e-01  -9.151e-05   3.032e-01   1.662e-01] lr=1.30875897474e-08, L(A)=240631.78125 mindist=0.0
Iter[20]: A=[  5.306e-01   9.129e-06   3.032e-01   1.662e-01] lr=6.5437948737e-09, L(A)=240632.609375 mindist=0.0
Iter[21]: A=[  5.307e-01  -9.249e-05   3.032e-01   1.662e-01] lr=6.60923282244e-09, L(A)=240631.765625 mindist=0.0
Iter[22]: A=[  5.307e-01  -4.167e-05   3.032e-01   1.662e-01] lr=3.30461641122e-09, L(A)=240632.203125 mindist=0.0
Iter[23]: A=[  5.306e-01  -1.627e-05   3.032e-01   1.662e-01] lr=1.65230820561e-09, L(A)=240632.390625 mindist=0.0
Iter[24]: A=[  5.306e-01  -3.570e-06   3.032e-01   1.662e-01] lr=8.26154102805e-10, L(A)=240632.515625 mindist=0.0
Iter[25]: A=[  5.306e-01   2.779e-06   3.032e-01   1.662e-01] lr=4.13077051402e-10, L(A)=240632.546875 mindist=0.0
Iter[26]: A=[  5.306e-01  -3.634e-06   3.032e-01   1.662e-01] lr=4.17207821916e-10, L(A)=240632.515625 mindist=0.0
Iter[27]: A=[  5.306e-01  -4.271e-07   3.032e-01   1.662e-01] lr=2.08603910958e-10, L(A)=240632.515625 mindist=0.0
Iter[28]: A=[  5.306e-01   1.176e-06   3.032e-01   1.662e-01] lr=1.04301955479e-10, L(A)=240632.546875 mindist=0.0
Iter[29]: A=[  5.306e-01   1.978e-06   3.032e-01   1.662e-01] lr=5.21509777395e-11, L(A)=240632.546875 mindist=0.0
Iter[30]: A=[  5.306e-01   2.379e-06   3.032e-01   1.662e-01] lr=2.60754888698e-11, L(A)=240632.546875 mindist=0.0
Iter[31]: A=[  5.306e-01   2.579e-06   3.032e-01   1.662e-01] lr=1.30377444349e-11, L(A)=240632.546875 mindist=0.0
Iter[32]: A=[  5.306e-01   2.679e-06   3.032e-01   1.662e-01] lr=6.51887221744e-12, L(A)=240632.546875 mindist=0.0
Iter[33]: A=[  5.306e-01   2.729e-06   3.032e-01   1.662e-01] lr=3.25943610872e-12, L(A)=240632.546875 mindist=0.0
Iter[34]: A=[  5.306e-01   2.754e-06   3.032e-01   1.662e-01] lr=1.62971805436e-12, L(A)=240632.546875 mindist=0.0
Iter[35]: A=[  5.306e-01   2.767e-06   3.032e-01   1.662e-01] lr=8.1485902718e-13, L(A)=240632.546875 mindist=0.0
Iter[36]: A=[  5.306e-01   2.773e-06   3.032e-01   1.662e-01] lr=4.0742951359e-13, L(A)=240632.546875 mindist=0.0
Iter[37]: A=[  5.306e-01   2.776e-06   3.032e-01   1.662e-01] lr=2.03714756795e-13, L(A)=240632.546875 mindist=0.0
Iter[38]: A=[  5.306e-01   2.778e-06   3.032e-01   1.662e-01] lr=1.01857378398e-13, L(A)=240632.546875 mindist=0.0
Iter[39]: A=[  5.306e-01   2.779e-06   3.032e-01   1.662e-01] lr=5.09286891988e-14, L(A)=240632.546875 mindist=0.0
Iter[40]: A=[  5.306e-01   2.779e-06   3.032e-01   1.662e-01] lr=2.54643445994e-14, L(A)=240632.546875 mindist=0.0
Iter[41]: A=[  5.306e-01   2.779e-06   3.032e-01   1.662e-01] lr=1.27321722997e-14, L(A)=240632.546875 mindist=0.0
Iter[42]: A=[  5.306e-01   2.779e-06   3.032e-01   1.662e-01] lr=6.36608614985e-15, L(A)=240632.546875 mindist=0.0
Iter[43]: A=[  5.306e-01   2.779e-06   3.032e-01   1.662e-01] lr=3.18304307492e-15, L(A)=240632.546875 mindist=0.0
Iter[44]: A=[  5.306e-01   2.779e-06   3.032e-01   1.662e-01] lr=1.59152153746e-15, L(A)=240632.546875 mindist=0.0
Iter[45]: A=[  5.306e-01   2.779e-06   3.032e-01   1.662e-01] lr=7.95760768731e-16, L(A)=240632.546875 mindist=0.0
Iter[46]: A=[  5.306e-01   2.779e-06   3.032e-01   1.662e-01] lr=3.97880384365e-16, L(A)=240632.546875 mindist=0.0
Iter[47]: A=[  5.306e-01   2.779e-06   3.032e-01   1.662e-01] lr=1.98940192183e-16, L(A)=240632.546875 mindist=0.0
Iter[48]: A=[  5.306e-01   2.779e-06   3.032e-01   1.662e-01] lr=9.94700960914e-17, L(A)=240632.546875 mindist=0.0
Iter[49]: A=[  5.306e-01   2.779e-06   3.032e-01   1.662e-01] lr=4.97350480457e-17, L(A)=240632.546875 mindist=0.0
Initial loss: 347535.5
Iter[0]: A=[-0.071  0.295  0.383  0.28   0.114] lr=5e-05, L(A)=239361.9375 mindist=-0.0874287486076
Iter[1]: A=[ 1.458 -0.239 -0.648 -0.17   0.599] lr=2.5e-05, L(A)=256517.53125 mindist=-3.68180656433
Iter[2]: A=[ 0.303  0.164  0.131  0.17   0.233] lr=1.25e-05, L(A)=238280.015625 mindist=0.0
Iter[3]: A=[ 0.396 -0.085  0.195  0.289  0.205] lr=1.2625e-05, L(A)=234912.296875 mindist=-0.228811234236
Iter[4]: A=[ 0.336  0.075  0.154  0.213  0.223] lr=6.3125e-06, L(A)=236993.375 mindist=0.0
Iter[5]: A=[ 0.382 -0.041  0.182  0.266  0.211] lr=6.375625e-06, L(A)=235452.75 mindist=-0.0473294183612
Iter[6]: A=[ 0.356  0.025  0.166  0.236  0.218] lr=3.1878125e-06, L(A)=236305.125 mindist=0.0
Iter[7]: A=[ 0.38  -0.033  0.179  0.261  0.212] lr=3.219690625e-06, L(A)=235556.359375 mindist=-0.03492102772
Iter[8]: A=[ 0.368 -0.002  0.172  0.248  0.215] lr=1.6098453125e-06, L(A)=235948.328125 mindist=0.0
Iter[9]: A=[ 0.362  0.011  0.169  0.241  0.216] lr=8.0492265625e-07, L(A)=236131.359375 mindist=0.0
Iter[10]: A=[ 0.367 -0.002  0.172  0.247  0.215] lr=8.12971882813e-07, L(A)=235952.734375 mindist=0.0
Iter[11]: A=[ 0.365  0.005  0.171  0.244  0.216] lr=4.06485941406e-07, L(A)=236043.125 mindist=0.0
Iter[12]: A=[ 0.367 -0.002  0.172  0.247  0.215] lr=4.1055080082e-07, L(A)=235953.40625 mindist=0.0
Iter[13]: A=[ 0.366  0.001  0.171  0.246  0.215] lr=2.0527540041e-07, L(A)=235998.515625 mindist=0.0
Iter[14]: A=[ 0.367 -0.002  0.172  0.247  0.215] lr=2.07328154414e-07, L(A)=235953.390625 mindist=0.0
Iter[15]: A=[  3.667e-01  -3.399e-04   1.718e-01   2.467e-01   2.151e-01] lr=1.03664077207e-07, L(A)=235976.03125 mindist=0.0
Iter[16]: A=[ 0.366  0.001  0.172  0.246  0.215] lr=5.18320386036e-08, L(A)=235987.265625 mindist=0.0
Iter[17]: A=[  3.667e-01  -3.468e-04   1.718e-01   2.467e-01   2.151e-01] lr=5.23503589896e-08, L(A)=235975.9375 mindist=0.0
Iter[18]: A=[  3.665e-01   8.833e-05   1.717e-01   2.465e-01   2.151e-01] lr=2.61751794948e-08, L(A)=235981.59375 mindist=0.0
Iter[19]: A=[  3.667e-01  -3.507e-04   1.718e-01   2.467e-01   2.151e-01] lr=2.64369312897e-08, L(A)=235975.875 mindist=0.0
Iter[20]: A=[  3.666e-01  -1.311e-04   1.718e-01   2.466e-01   2.151e-01] lr=1.32184656449e-08, L(A)=235978.75 mindist=0.0
Iter[21]: A=[  3.666e-01  -2.135e-05   1.717e-01   2.466e-01   2.151e-01] lr=6.60923282244e-09, L(A)=235980.1875 mindist=0.0
Iter[22]: A=[  3.666e-01   3.350e-05   1.717e-01   2.465e-01   2.151e-01] lr=3.30461641122e-09, L(A)=235980.890625 mindist=0.0
Iter[23]: A=[  3.666e-01  -2.189e-05   1.717e-01   2.466e-01   2.151e-01] lr=3.33766257533e-09, L(A)=235980.171875 mindist=0.0
Iter[24]: A=[  3.666e-01   5.806e-06   1.717e-01   2.465e-01   2.151e-01] lr=1.66883128767e-09, L(A)=235980.515625 mindist=0.0
Iter[25]: A=[  3.666e-01  -2.216e-05   1.717e-01   2.466e-01   2.151e-01] lr=1.68551960054e-09, L(A)=235980.1875 mindist=0.0
Iter[26]: A=[  3.666e-01  -8.179e-06   1.717e-01   2.465e-01   2.151e-01] lr=8.42759800271e-10, L(A)=235980.359375 mindist=0.0
Iter[27]: A=[  3.666e-01  -1.186e-06   1.717e-01   2.465e-01   2.151e-01] lr=4.21379900135e-10, L(A)=235980.453125 mindist=0.0
Iter[28]: A=[  3.666e-01   2.310e-06   1.717e-01   2.465e-01   2.151e-01] lr=2.10689950068e-10, L(A)=235980.484375 mindist=0.0
Iter[29]: A=[  3.666e-01  -1.221e-06   1.717e-01   2.465e-01   2.151e-01] lr=2.12796849568e-10, L(A)=235980.4375 mindist=0.0
Iter[30]: A=[  3.666e-01   5.445e-07   1.717e-01   2.465e-01   2.151e-01] lr=1.06398424784e-10, L(A)=235980.453125 mindist=0.0
Iter[31]: A=[  3.666e-01  -1.239e-06   1.717e-01   2.465e-01   2.151e-01] lr=1.07462409032e-10, L(A)=235980.4375 mindist=0.0
Iter[32]: A=[  3.666e-01  -3.471e-07   1.717e-01   2.465e-01   2.151e-01] lr=5.3731204516e-11, L(A)=235980.453125 mindist=0.0
Iter[33]: A=[  3.666e-01   9.871e-08   1.717e-01   2.465e-01   2.151e-01] lr=2.6865602258e-11, L(A)=235980.453125 mindist=0.0
Iter[34]: A=[  3.666e-01   3.216e-07   1.717e-01   2.465e-01   2.151e-01] lr=1.3432801129e-11, L(A)=235980.453125 mindist=0.0
Iter[35]: A=[  3.666e-01   4.331e-07   1.717e-01   2.465e-01   2.151e-01] lr=6.7164005645e-12, L(A)=235980.453125 mindist=0.0
Iter[36]: A=[  3.666e-01   4.888e-07   1.717e-01   2.465e-01   2.151e-01] lr=3.35820028225e-12, L(A)=235980.453125 mindist=0.0
Iter[37]: A=[  3.666e-01   5.167e-07   1.717e-01   2.465e-01   2.151e-01] lr=1.67910014113e-12, L(A)=235980.46875 mindist=0.0
Iter[38]: A=[  3.666e-01   5.306e-07   1.717e-01   2.465e-01   2.151e-01] lr=8.39550070563e-13, L(A)=235980.453125 mindist=0.0
Iter[39]: A=[  3.666e-01   5.376e-07   1.717e-01   2.465e-01   2.151e-01] lr=4.19775035281e-13, L(A)=235980.453125 mindist=0.0
Iter[40]: A=[  3.666e-01   5.410e-07   1.717e-01   2.465e-01   2.151e-01] lr=2.09887517641e-13, L(A)=235980.453125 mindist=0.0
Iter[41]: A=[  3.666e-01   5.428e-07   1.717e-01   2.465e-01   2.151e-01] lr=1.0494375882e-13, L(A)=235980.453125 mindist=0.0
Iter[42]: A=[  3.666e-01   5.436e-07   1.717e-01   2.465e-01   2.151e-01] lr=5.24718794102e-14, L(A)=235980.453125 mindist=0.0
Iter[43]: A=[  3.666e-01   5.441e-07   1.717e-01   2.465e-01   2.151e-01] lr=2.62359397051e-14, L(A)=235980.453125 mindist=0.0
Iter[44]: A=[  3.666e-01   5.443e-07   1.717e-01   2.465e-01   2.151e-01] lr=1.31179698525e-14, L(A)=235980.453125 mindist=0.0
Iter[45]: A=[  3.666e-01   5.444e-07   1.717e-01   2.465e-01   2.151e-01] lr=6.55898492627e-15, L(A)=235980.453125 mindist=0.0
Iter[46]: A=[  3.666e-01   5.445e-07   1.717e-01   2.465e-01   2.151e-01] lr=3.27949246314e-15, L(A)=235980.453125 mindist=0.0
Iter[47]: A=[  3.666e-01   5.445e-07   1.717e-01   2.465e-01   2.151e-01] lr=1.63974623157e-15, L(A)=235980.453125 mindist=0.0
Iter[48]: A=[  3.666e-01   5.445e-07   1.717e-01   2.465e-01   2.151e-01] lr=8.19873115784e-16, L(A)=235980.453125 mindist=0.0
Iter[49]: A=[  3.666e-01   5.445e-07   1.717e-01   2.465e-01   2.151e-01] lr=4.09936557892e-16, L(A)=235980.453125 mindist=0.0
Initial loss: 384193.1875
Iter[0]: A=[-0.086  0.183  0.202  0.195  0.232  0.273] lr=5e-05, L(A)=246545.046875 mindist=-0.0730121135712
Iter[1]: A=[ 1.288  0.092  0.008  0.041 -0.123 -0.306] lr=2.5e-05, L(A)=248068.1875 mindist=-2.12785935402
Iter[2]: A=[ 0.261  0.16   0.153  0.156  0.142  0.127] lr=1.25e-05, L(A)=244250.046875 mindist=0.0
Iter[3]: A=[ 0.43  -0.066  0.504  0.366 -0.144 -0.09 ] lr=1.2625e-05, L(A)=238023.65625 mindist=-1.00772464275
Iter[4]: A=[ 0.313  0.091  0.261  0.221  0.054  0.06 ] lr=6.3125e-06, L(A)=240691.578125 mindist=0.0
Iter[5]: A=[ 0.399 -0.012  0.408  0.311 -0.074 -0.032] lr=6.375625e-06, L(A)=237484.875 mindist=-0.407092630863
Iter[6]: A=[ 0.348  0.049  0.321  0.258  0.002  0.023] lr=3.1878125e-06, L(A)=238953.15625 mindist=0.0
Iter[7]: A=[ 0.398 -0.004  0.388  0.3   -0.061 -0.021] lr=3.219690625e-06, L(A)=237605.28125 mindist=-0.295082092285
Iter[8]: A=[ 0.37   0.025  0.351  0.277 -0.026  0.003] lr=1.6098453125e-06, L(A)=238225.359375 mindist=-0.064268514514
Iter[9]: A=[ 0.359  0.038  0.335  0.267 -0.011  0.013] lr=8.0492265625e-07, L(A)=238584.171875 mindist=0.0
Iter[10]: A=[ 0.353  0.043  0.328  0.262 -0.005  0.018] lr=4.02461328125e-07, L(A)=238768.09375 mindist=0.0
Iter[11]: A=[ 0.351  0.046  0.324  0.26  -0.001  0.02 ] lr=2.01230664063e-07, L(A)=238860.484375 mindist=0.0
Iter[12]: A=[ 0.349  0.047  0.323  0.259  0.     0.021] lr=1.00615332031e-07, L(A)=238906.84375 mindist=0.0
Iter[13]: A=[ 0.351  0.046  0.324  0.26  -0.001  0.02 ] lr=1.01621485352e-07, L(A)=238860.375 mindist=0.0
Iter[14]: A=[ 0.35   0.047  0.323  0.259 -0.     0.021] lr=5.08107426758e-08, L(A)=238883.59375 mindist=0.0
Iter[15]: A=[  3.498e-01   4.708e-02   3.231e-01   2.589e-01  -5.119e-06   2.118e-02] lr=2.54053713379e-08, L(A)=238895.21875 mindist=0.0
Iter[16]: A=[  3.496e-01   4.725e-02   3.228e-01   2.588e-01   1.998e-04   2.132e-02] lr=1.27026856689e-08, L(A)=238901.03125 mindist=0.0
Iter[17]: A=[  3.498e-01   4.707e-02   3.231e-01   2.589e-01  -6.950e-06   2.118e-02] lr=1.28297125256e-08, L(A)=238895.171875 mindist=0.0
Iter[18]: A=[  3.497e-01   4.716e-02   3.230e-01   2.588e-01   9.646e-05   2.125e-02] lr=6.41485626282e-09, L(A)=238898.09375 mindist=0.0
Iter[19]: A=[  3.498e-01   4.707e-02   3.231e-01   2.589e-01  -7.931e-06   2.117e-02] lr=6.47900482545e-09, L(A)=238895.125 mindist=0.0
Iter[20]: A=[  3.498e-01   4.712e-02   3.230e-01   2.589e-01   4.427e-05   2.121e-02] lr=3.23950241272e-09, L(A)=238896.625 mindist=0.0
Iter[21]: A=[  3.498e-01   4.707e-02   3.231e-01   2.589e-01  -8.426e-06   2.117e-02] lr=3.27189743685e-09, L(A)=238895.109375 mindist=0.0
Iter[22]: A=[  3.498e-01   4.709e-02   3.230e-01   2.589e-01   1.793e-05   2.119e-02] lr=1.63594871843e-09, L(A)=238895.859375 mindist=0.0
Iter[23]: A=[  3.498e-01   4.707e-02   3.231e-01   2.589e-01  -8.685e-06   2.117e-02] lr=1.65230820561e-09, L(A)=238895.109375 mindist=0.0
Iter[24]: A=[  3.498e-01   4.708e-02   3.231e-01   2.589e-01   4.621e-06   2.118e-02] lr=8.26154102805e-10, L(A)=238895.5 mindist=0.0
Iter[25]: A=[  3.498e-01   4.707e-02   3.231e-01   2.589e-01  -8.817e-06   2.117e-02] lr=8.34415643833e-10, L(A)=238895.09375 mindist=0.0
Iter[26]: A=[  3.498e-01   4.708e-02   3.231e-01   2.589e-01  -2.098e-06   2.118e-02] lr=4.17207821916e-10, L(A)=238895.296875 mindist=0.0
Iter[27]: A=[  3.498e-01   4.708e-02   3.231e-01   2.589e-01   1.261e-06   2.118e-02] lr=2.08603910958e-10, L(A)=238895.40625 mindist=0.0
Iter[28]: A=[  3.498e-01   4.708e-02   3.231e-01   2.589e-01  -2.132e-06   2.118e-02] lr=2.10689950068e-10, L(A)=238895.296875 mindist=0.0
Iter[29]: A=[  3.498e-01   4.708e-02   3.231e-01   2.589e-01  -4.351e-07   2.118e-02] lr=1.05344975034e-10, L(A)=238895.34375 mindist=0.0
Iter[30]: A=[  3.498e-01   4.708e-02   3.231e-01   2.589e-01   4.132e-07   2.118e-02] lr=5.26724875169e-11, L(A)=238895.375 mindist=0.0
Iter[31]: A=[  3.498e-01   4.708e-02   3.231e-01   2.589e-01  -4.435e-07   2.118e-02] lr=5.31992123921e-11, L(A)=238895.34375 mindist=0.0
Iter[32]: A=[  3.498e-01   4.708e-02   3.231e-01   2.589e-01  -1.516e-08   2.118e-02] lr=2.65996061961e-11, L(A)=238895.359375 mindist=0.0
Iter[33]: A=[  3.498e-01   4.708e-02   3.231e-01   2.589e-01   1.990e-07   2.118e-02] lr=1.3299803098e-11, L(A)=238895.359375 mindist=0.0
Iter[34]: A=[  3.498e-01   4.708e-02   3.231e-01   2.589e-01  -1.730e-08   2.118e-02] lr=1.3432801129e-11, L(A)=238895.375 mindist=0.0
Iter[35]: A=[  3.498e-01   4.708e-02   3.231e-01   2.589e-01   9.086e-08   2.118e-02] lr=6.7164005645e-12, L(A)=238895.359375 mindist=0.0
Iter[36]: A=[  3.498e-01   4.708e-02   3.231e-01   2.589e-01   1.449e-07   2.118e-02] lr=3.35820028225e-12, L(A)=238895.375 mindist=0.0
Iter[37]: A=[  3.498e-01   4.708e-02   3.231e-01   2.589e-01   1.720e-07   2.118e-02] lr=1.67910014113e-12, L(A)=238895.359375 mindist=0.0
Iter[38]: A=[  3.498e-01   4.708e-02   3.231e-01   2.589e-01   1.855e-07   2.118e-02] lr=8.39550070563e-13, L(A)=238895.359375 mindist=0.0
Iter[39]: A=[  3.498e-01   4.708e-02   3.231e-01   2.589e-01   1.923e-07   2.118e-02] lr=4.19775035281e-13, L(A)=238895.359375 mindist=0.0
Iter[40]: A=[  3.498e-01   4.708e-02   3.231e-01   2.589e-01   1.956e-07   2.118e-02] lr=2.09887517641e-13, L(A)=238895.359375 mindist=0.0
Iter[41]: A=[  3.498e-01   4.708e-02   3.231e-01   2.589e-01   1.973e-07   2.118e-02] lr=1.0494375882e-13, L(A)=238895.359375 mindist=0.0
Iter[42]: A=[  3.498e-01   4.708e-02   3.231e-01   2.589e-01   1.982e-07   2.118e-02] lr=5.24718794102e-14, L(A)=238895.359375 mindist=0.0
Iter[43]: A=[  3.498e-01   4.708e-02   3.231e-01   2.589e-01   1.986e-07   2.118e-02] lr=2.62359397051e-14, L(A)=238895.359375 mindist=0.0
Iter[44]: A=[  3.498e-01   4.708e-02   3.231e-01   2.589e-01   1.988e-07   2.118e-02] lr=1.31179698525e-14, L(A)=238895.359375 mindist=0.0
Iter[45]: A=[  3.498e-01   4.708e-02   3.231e-01   2.589e-01   1.989e-07   2.118e-02] lr=6.55898492627e-15, L(A)=238895.359375 mindist=0.0
Iter[46]: A=[  3.498e-01   4.708e-02   3.231e-01   2.589e-01   1.990e-07   2.118e-02] lr=3.27949246314e-15, L(A)=238895.359375 mindist=0.0
Iter[47]: A=[  3.498e-01   4.708e-02   3.231e-01   2.589e-01   1.990e-07   2.118e-02] lr=1.63974623157e-15, L(A)=238895.359375 mindist=0.0
Iter[48]: A=[  3.498e-01   4.708e-02   3.231e-01   2.589e-01   1.990e-07   2.118e-02] lr=8.19873115784e-16, L(A)=238895.359375 mindist=0.0
Iter[49]: A=[  3.498e-01   4.708e-02   3.231e-01   2.589e-01   1.990e-07   2.118e-02] lr=4.09936557892e-16, L(A)=238895.359375 mindist=0.0
Initial loss: 395493.84375
Iter[0]: A=[-0.047  0.119  0.203  0.177  0.211  0.263  0.074] lr=5e-05, L(A)=238285.5625 mindist=0.0
Iter[1]: A=[ 0.555  0.194  0.013  0.07  -0.006 -0.119  0.293] lr=2.5e-05, L(A)=243280.9375 mindist=-0.472489058971
Iter[2]: A=[ 0.199  0.15   0.125  0.133  0.123  0.107  0.163] lr=1.25e-05, L(A)=239797.5625 mindist=0.0
Iter[3]: A=[ 0.09   0.029  0.226  0.269 -0.044  0.173  0.258] lr=1.2625e-05, L(A)=236401.171875 mindist=0.0
Iter[4]: A=[ 0.164  0.111  0.158  0.177  0.069  0.128  0.194] lr=6.3125e-06, L(A)=238568.421875 mindist=0.0
Iter[5]: A=[ 0.118  0.058  0.201  0.236 -0.007  0.156  0.237] lr=6.375625e-06, L(A)=237069.046875 mindist=0.0
Iter[6]: A=[ 0.145  0.089  0.176  0.201  0.037  0.14   0.212] lr=3.1878125e-06, L(A)=237910.609375 mindist=0.0
Iter[7]: A=[ 0.124  0.063  0.197  0.23  -0.001  0.153  0.234] lr=3.219690625e-06, L(A)=237201.390625 mindist=0.0
Iter[8]: A=[ 0.135  0.077  0.185  0.215  0.02   0.146  0.222] lr=1.6098453125e-06, L(A)=237576.21875 mindist=0.0
Iter[9]: A=[ 0.125  0.064  0.196  0.229  0.     0.153  0.233] lr=1.62594376563e-06, L(A)=237231.140625 mindist=0.0
Iter[10]: A=[ 0.114  0.05   0.207  0.245 -0.021  0.16   0.245] lr=1.64220320328e-06, L(A)=236878.625 mindist=0.0
Iter[11]: A=[ 0.12   0.058  0.201  0.236 -0.01   0.156  0.239] lr=8.21101601641e-07, L(A)=237059.453125 mindist=0.0
Iter[12]: A=[ 0.122  0.061  0.199  0.233 -0.005  0.154  0.236] lr=4.1055080082e-07, L(A)=237146.515625 mindist=0.0
Iter[13]: A=[ 0.123  0.063  0.197  0.231 -0.002  0.153  0.234] lr=2.0527540041e-07, L(A)=237189.125 mindist=0.0
Iter[14]: A=[ 0.124  0.064  0.197  0.23  -0.001  0.153  0.234] lr=1.02637700205e-07, L(A)=237210.203125 mindist=0.0
Iter[15]: A=[ 0.124  0.064  0.196  0.229 -0.     0.153  0.233] lr=5.13188501025e-08, L(A)=237220.6875 mindist=0.0
Iter[16]: A=[  1.246e-01   6.419e-02   1.961e-01   2.292e-01   4.010e-06   1.528e-01   2.331e-01] lr=2.56594250513e-08, L(A)=237225.921875 mindist=0.0
Iter[17]: A=[ 0.124  0.064  0.196  0.229 -0.     0.153  0.233] lr=2.59160193018e-08, L(A)=237220.640625 mindist=0.0
Iter[18]: A=[  1.245e-01   6.409e-02   1.962e-01   2.293e-01  -1.511e-04   1.528e-01   2.332e-01] lr=1.29580096509e-08, L(A)=237223.28125 mindist=0.0
Iter[19]: A=[  1.246e-01   6.414e-02   1.962e-01   2.292e-01  -7.350e-05   1.528e-01   2.332e-01] lr=6.47900482545e-09, L(A)=237224.625 mindist=0.0
Iter[20]: A=[  1.246e-01   6.417e-02   1.961e-01   2.292e-01  -3.474e-05   1.528e-01   2.332e-01] lr=3.23950241272e-09, L(A)=237225.25 mindist=0.0
Iter[21]: A=[  1.246e-01   6.418e-02   1.961e-01   2.292e-01  -1.536e-05   1.528e-01   2.332e-01] lr=1.61975120636e-09, L(A)=237225.59375 mindist=0.0
Iter[22]: A=[  1.246e-01   6.419e-02   1.961e-01   2.292e-01  -5.676e-06   1.528e-01   2.331e-01] lr=8.09875603181e-10, L(A)=237225.75 mindist=0.0
Iter[23]: A=[  1.246e-01   6.419e-02   1.961e-01   2.292e-01  -8.326e-07   1.528e-01   2.331e-01] lr=4.0493780159e-10, L(A)=237225.828125 mindist=0.0
Iter[24]: A=[  1.246e-01   6.419e-02   1.961e-01   2.292e-01   1.589e-06   1.528e-01   2.331e-01] lr=2.02468900795e-10, L(A)=237225.890625 mindist=0.0
Iter[25]: A=[  1.246e-01   6.419e-02   1.961e-01   2.292e-01  -8.568e-07   1.528e-01   2.331e-01] lr=2.04493589803e-10, L(A)=237225.828125 mindist=0.0
Iter[26]: A=[  1.246e-01   6.419e-02   1.961e-01   2.292e-01   3.660e-07   1.528e-01   2.331e-01] lr=1.02246794902e-10, L(A)=237225.859375 mindist=0.0
Iter[27]: A=[  1.246e-01   6.419e-02   1.961e-01   2.292e-01  -8.690e-07   1.528e-01   2.331e-01] lr=1.03269262851e-10, L(A)=237225.828125 mindist=0.0
Iter[28]: A=[  1.246e-01   6.419e-02   1.961e-01   2.292e-01  -2.515e-07   1.528e-01   2.331e-01] lr=5.16346314253e-11, L(A)=237225.859375 mindist=0.0
Iter[29]: A=[  1.246e-01   6.419e-02   1.961e-01   2.292e-01   5.729e-08   1.528e-01   2.331e-01] lr=2.58173157126e-11, L(A)=237225.859375 mindist=0.0
Iter[30]: A=[  1.246e-01   6.419e-02   1.961e-01   2.292e-01   2.117e-07   1.528e-01   2.331e-01] lr=1.29086578563e-11, L(A)=237225.859375 mindist=0.0
Iter[31]: A=[  1.246e-01   6.419e-02   1.961e-01   2.292e-01   2.889e-07   1.528e-01   2.331e-01] lr=6.45432892816e-12, L(A)=237225.859375 mindist=0.0
Iter[32]: A=[  1.246e-01   6.419e-02   1.961e-01   2.292e-01   3.275e-07   1.528e-01   2.331e-01] lr=3.22716446408e-12, L(A)=237225.859375 mindist=0.0
Iter[33]: A=[  1.246e-01   6.419e-02   1.961e-01   2.292e-01   3.468e-07   1.528e-01   2.331e-01] lr=1.61358223204e-12, L(A)=237225.859375 mindist=0.0
Iter[34]: A=[  1.246e-01   6.419e-02   1.961e-01   2.292e-01   3.564e-07   1.528e-01   2.331e-01] lr=8.0679111602e-13, L(A)=237225.859375 mindist=0.0
Iter[35]: A=[  1.246e-01   6.419e-02   1.961e-01   2.292e-01   3.612e-07   1.528e-01   2.331e-01] lr=4.0339555801e-13, L(A)=237225.859375 mindist=0.0
Iter[36]: A=[  1.246e-01   6.419e-02   1.961e-01   2.292e-01   3.636e-07   1.528e-01   2.331e-01] lr=2.01697779005e-13, L(A)=237225.859375 mindist=0.0
Iter[37]: A=[  1.246e-01   6.419e-02   1.961e-01   2.292e-01   3.648e-07   1.528e-01   2.331e-01] lr=1.00848889503e-13, L(A)=237225.859375 mindist=0.0
Iter[38]: A=[  1.246e-01   6.419e-02   1.961e-01   2.292e-01   3.654e-07   1.528e-01   2.331e-01] lr=5.04244447513e-14, L(A)=237225.859375 mindist=0.0
Iter[39]: A=[  1.246e-01   6.419e-02   1.961e-01   2.292e-01   3.657e-07   1.528e-01   2.331e-01] lr=2.52122223756e-14, L(A)=237225.859375 mindist=0.0
Iter[40]: A=[  1.246e-01   6.419e-02   1.961e-01   2.292e-01   3.659e-07   1.528e-01   2.331e-01] lr=1.26061111878e-14, L(A)=237225.859375 mindist=0.0
Iter[41]: A=[  1.246e-01   6.419e-02   1.961e-01   2.292e-01   3.660e-07   1.528e-01   2.331e-01] lr=6.30305559391e-15, L(A)=237225.859375 mindist=0.0
Iter[42]: A=[  1.246e-01   6.419e-02   1.961e-01   2.292e-01   3.660e-07   1.528e-01   2.331e-01] lr=3.15152779695e-15, L(A)=237225.859375 mindist=0.0
Iter[43]: A=[  1.246e-01   6.419e-02   1.961e-01   2.292e-01   3.660e-07   1.528e-01   2.331e-01] lr=1.57576389848e-15, L(A)=237225.859375 mindist=0.0
Iter[44]: A=[  1.246e-01   6.419e-02   1.961e-01   2.292e-01   3.660e-07   1.528e-01   2.331e-01] lr=7.87881949238e-16, L(A)=237225.859375 mindist=0.0
Iter[45]: A=[  1.246e-01   6.419e-02   1.961e-01   2.292e-01   3.660e-07   1.528e-01   2.331e-01] lr=3.93940974619e-16, L(A)=237225.859375 mindist=0.0
Iter[46]: A=[  1.246e-01   6.419e-02   1.961e-01   2.292e-01   3.660e-07   1.528e-01   2.331e-01] lr=1.9697048731e-16, L(A)=237225.859375 mindist=0.0
Iter[47]: A=[  1.246e-01   6.419e-02   1.961e-01   2.292e-01   3.660e-07   1.528e-01   2.331e-01] lr=9.84852436548e-17, L(A)=237225.859375 mindist=0.0
Iter[48]: A=[  1.246e-01   6.419e-02   1.961e-01   2.292e-01   3.660e-07   1.528e-01   2.331e-01] lr=4.92426218274e-17, L(A)=237225.859375 mindist=0.0
Iter[49]: A=[  1.246e-01   6.419e-02   1.961e-01   2.292e-01   3.660e-07   1.528e-01   2.331e-01] lr=2.46213109137e-17, L(A)=237225.859375 mindist=0.0
Initial loss: 430556.21875
Iter[0]: A=[-0.111  0.083  0.145  0.158  0.119  0.19   0.19   0.226] lr=5e-05, L(A)=243736.90625 mindist=-0.0624387562275
Iter[1]: A=[ 0.73   0.233  0.074  0.041  0.141 -0.041 -0.042 -0.135] lr=2.5e-05, L(A)=242843.328125 mindist=-0.776406049728
Iter[2]: A=[ 0.199  0.138  0.119  0.115  0.127  0.105  0.104  0.093] lr=1.25e-05, L(A)=242322.703125 mindist=0.0
Iter[3]: A=[ 0.253  0.025  0.336  0.288  0.077  0.113 -0.109  0.016] lr=1.2625e-05, L(A)=235703.703125 mindist=-0.162979900837
Iter[4]: A=[ 0.221  0.093  0.206  0.184  0.107  0.108  0.019  0.062] lr=6.3125e-06, L(A)=239349.28125 mindist=0.0
Iter[5]: A=[ 0.253  0.036  0.31   0.268  0.084  0.115 -0.089  0.023] lr=6.375625e-06, L(A)=236204.1875 mindist=-0.0898051261902
Iter[6]: A=[ 0.235  0.068  0.252  0.222  0.097  0.111 -0.029  0.045] lr=3.1878125e-06, L(A)=237841.09375 mindist=0.0
Iter[7]: A=[ 0.228  0.081  0.228  0.202  0.102  0.109 -0.004  0.054] lr=1.59390625e-06, L(A)=238619.578125 mindist=0.0
Iter[8]: A=[ 0.224  0.087  0.216  0.193  0.105  0.109  0.008  0.058] lr=7.96953125e-07, L(A)=238990.75 mindist=0.0
Iter[9]: A=[ 0.228  0.081  0.227  0.202  0.102  0.109 -0.004  0.054] lr=8.0492265625e-07, L(A)=238626.84375 mindist=0.0
Iter[10]: A=[ 0.226  0.084  0.222  0.197  0.103  0.109  0.002  0.056] lr=4.02461328125e-07, L(A)=238810.453125 mindist=0.0
Iter[11]: A=[ 0.228  0.081  0.227  0.202  0.102  0.11  -0.004  0.054] lr=4.06485941406e-07, L(A)=238627.84375 mindist=0.0
Iter[12]: A=[ 0.227  0.083  0.225  0.199  0.103  0.109 -0.001  0.055] lr=2.03242970703e-07, L(A)=238719.5625 mindist=0.0
Iter[13]: A=[ 0.226  0.083  0.223  0.198  0.103  0.109  0.001  0.056] lr=1.01621485352e-07, L(A)=238765.109375 mindist=0.0
Iter[14]: A=[ 0.227  0.083  0.225  0.199  0.103  0.109 -0.001  0.055] lr=1.02637700205e-07, L(A)=238719.28125 mindist=0.0
Iter[15]: A=[  2.266e-01   8.294e-02   2.240e-01   1.989e-01   1.030e-01   1.093e-01  -6.821e-05   5.543e-02] lr=5.13188501025e-08, L(A)=238742.203125 mindist=0.0
Iter[16]: A=[ 0.226  0.083  0.224  0.199  0.103  0.109  0.     0.056] lr=2.56594250513e-08, L(A)=238753.671875 mindist=0.0
Iter[17]: A=[  2.266e-01   8.293e-02   2.240e-01   1.989e-01   1.030e-01   1.093e-01  -7.160e-05   5.543e-02] lr=2.59160193018e-08, L(A)=238742.109375 mindist=0.0
Iter[18]: A=[  2.265e-01   8.303e-02   2.238e-01   1.987e-01   1.031e-01   1.093e-01   1.121e-04   5.550e-02] lr=1.29580096509e-08, L(A)=238747.890625 mindist=0.0
Iter[19]: A=[  2.266e-01   8.293e-02   2.240e-01   1.989e-01   1.030e-01   1.093e-01  -7.336e-05   5.543e-02] lr=1.30875897474e-08, L(A)=238742.046875 mindist=0.0
Iter[20]: A=[  2.265e-01   8.298e-02   2.239e-01   1.988e-01   1.031e-01   1.093e-01   1.941e-05   5.547e-02] lr=6.5437948737e-09, L(A)=238744.953125 mindist=0.0
Iter[21]: A=[  2.266e-01   8.293e-02   2.240e-01   1.989e-01   1.030e-01   1.093e-01  -7.427e-05   5.543e-02] lr=6.60923282244e-09, L(A)=238742.015625 mindist=0.0
Iter[22]: A=[  2.266e-01   8.296e-02   2.239e-01   1.989e-01   1.030e-01   1.093e-01  -2.743e-05   5.545e-02] lr=3.30461641122e-09, L(A)=238743.484375 mindist=0.0
Iter[23]: A=[  2.265e-01   8.297e-02   2.239e-01   1.988e-01   1.030e-01   1.093e-01  -4.008e-06   5.546e-02] lr=1.65230820561e-09, L(A)=238744.234375 mindist=0.0
Iter[24]: A=[  2.265e-01   8.298e-02   2.239e-01   1.988e-01   1.030e-01   1.093e-01   7.701e-06   5.546e-02] lr=8.26154102805e-10, L(A)=238744.609375 mindist=0.0
Iter[25]: A=[  2.265e-01   8.297e-02   2.239e-01   1.988e-01   1.030e-01   1.093e-01  -4.125e-06   5.546e-02] lr=8.34415643833e-10, L(A)=238744.234375 mindist=0.0
Iter[26]: A=[  2.265e-01   8.297e-02   2.239e-01   1.988e-01   1.030e-01   1.093e-01   1.788e-06   5.546e-02] lr=4.17207821916e-10, L(A)=238744.421875 mindist=0.0
Iter[27]: A=[  2.265e-01   8.297e-02   2.239e-01   1.988e-01   1.030e-01   1.093e-01  -4.184e-06   5.546e-02] lr=4.21379900135e-10, L(A)=238744.234375 mindist=0.0
Iter[28]: A=[  2.265e-01   8.297e-02   2.239e-01   1.988e-01   1.030e-01   1.093e-01  -1.198e-06   5.546e-02] lr=2.10689950068e-10, L(A)=238744.328125 mindist=0.0
Iter[29]: A=[  2.265e-01   8.297e-02   2.239e-01   1.988e-01   1.030e-01   1.093e-01   2.951e-07   5.546e-02] lr=1.05344975034e-10, L(A)=238744.359375 mindist=0.0
Iter[30]: A=[  2.265e-01   8.297e-02   2.239e-01   1.988e-01   1.030e-01   1.093e-01  -1.213e-06   5.546e-02] lr=1.06398424784e-10, L(A)=238744.328125 mindist=0.0
Iter[31]: A=[  2.265e-01   8.297e-02   2.239e-01   1.988e-01   1.030e-01   1.093e-01  -4.588e-07   5.546e-02] lr=5.31992123921e-11, L(A)=238744.34375 mindist=0.0
Iter[32]: A=[  2.265e-01   8.297e-02   2.239e-01   1.988e-01   1.030e-01   1.093e-01  -8.183e-08   5.546e-02] lr=2.65996061961e-11, L(A)=238744.359375 mindist=0.0
Iter[33]: A=[  2.265e-01   8.297e-02   2.239e-01   1.988e-01   1.030e-01   1.093e-01   1.067e-07   5.546e-02] lr=1.3299803098e-11, L(A)=238744.359375 mindist=0.0
Iter[34]: A=[  2.265e-01   8.297e-02   2.239e-01   1.988e-01   1.030e-01   1.093e-01   2.009e-07   5.546e-02] lr=6.64990154901e-12, L(A)=238744.359375 mindist=0.0
Iter[35]: A=[  2.265e-01   8.297e-02   2.239e-01   1.988e-01   1.030e-01   1.093e-01   2.480e-07   5.546e-02] lr=3.32495077451e-12, L(A)=238744.359375 mindist=0.0
Iter[36]: A=[  2.265e-01   8.297e-02   2.239e-01   1.988e-01   1.030e-01   1.093e-01   2.716e-07   5.546e-02] lr=1.66247538725e-12, L(A)=238744.375 mindist=0.0
Iter[37]: A=[  2.265e-01   8.297e-02   2.239e-01   1.988e-01   1.030e-01   1.093e-01   2.834e-07   5.546e-02] lr=8.31237693627e-13, L(A)=238744.375 mindist=0.0
Iter[38]: A=[  2.265e-01   8.297e-02   2.239e-01   1.988e-01   1.030e-01   1.093e-01   2.892e-07   5.546e-02] lr=4.15618846813e-13, L(A)=238744.359375 mindist=0.0
Iter[39]: A=[  2.265e-01   8.297e-02   2.239e-01   1.988e-01   1.030e-01   1.093e-01   2.922e-07   5.546e-02] lr=2.07809423407e-13, L(A)=238744.359375 mindist=0.0
Iter[40]: A=[  2.265e-01   8.297e-02   2.239e-01   1.988e-01   1.030e-01   1.093e-01   2.937e-07   5.546e-02] lr=1.03904711703e-13, L(A)=238744.359375 mindist=0.0
Iter[41]: A=[  2.265e-01   8.297e-02   2.239e-01   1.988e-01   1.030e-01   1.093e-01   2.944e-07   5.546e-02] lr=5.19523558517e-14, L(A)=238744.359375 mindist=0.0
Iter[42]: A=[  2.265e-01   8.297e-02   2.239e-01   1.988e-01   1.030e-01   1.093e-01   2.948e-07   5.546e-02] lr=2.59761779258e-14, L(A)=238744.359375 mindist=0.0
Iter[43]: A=[  2.265e-01   8.297e-02   2.239e-01   1.988e-01   1.030e-01   1.093e-01   2.950e-07   5.546e-02] lr=1.29880889629e-14, L(A)=238744.359375 mindist=0.0
Iter[44]: A=[  2.265e-01   8.297e-02   2.239e-01   1.988e-01   1.030e-01   1.093e-01   2.950e-07   5.546e-02] lr=6.49404448146e-15, L(A)=238744.359375 mindist=0.0
Iter[45]: A=[  2.265e-01   8.297e-02   2.239e-01   1.988e-01   1.030e-01   1.093e-01   2.951e-07   5.546e-02] lr=3.24702224073e-15, L(A)=238744.359375 mindist=0.0
Iter[46]: A=[  2.265e-01   8.297e-02   2.239e-01   1.988e-01   1.030e-01   1.093e-01   2.951e-07   5.546e-02] lr=1.62351112036e-15, L(A)=238744.359375 mindist=0.0
Iter[47]: A=[  2.265e-01   8.297e-02   2.239e-01   1.988e-01   1.030e-01   1.093e-01   2.951e-07   5.546e-02] lr=8.11755560182e-16, L(A)=238744.359375 mindist=0.0
Iter[48]: A=[  2.265e-01   8.297e-02   2.239e-01   1.988e-01   1.030e-01   1.093e-01   2.951e-07   5.546e-02] lr=4.05877780091e-16, L(A)=238744.359375 mindist=0.0
Iter[49]: A=[  2.265e-01   8.297e-02   2.239e-01   1.988e-01   1.030e-01   1.093e-01   2.951e-07   5.546e-02] lr=2.02938890046e-16, L(A)=238744.359375 mindist=0.0
Initial loss: 434754.15625
Iter[0]: A=[-0.082  0.054  0.149  0.136  0.109  0.16   0.094  0.242  0.14 ] lr=5e-05, L(A)=232808.171875 mindist=0.0
Iter[1]: A=[ 0.39   0.194  0.057  0.076  0.113  0.041  0.136 -0.077  0.07 ] lr=2.5e-05, L(A)=238654.390625 mindist=-0.00487997382879
Iter[2]: A=[ 0.159  0.125  0.102  0.105  0.112  0.099  0.115  0.079  0.104] lr=1.25e-05, L(A)=235329.5625 mindist=0.0
Iter[3]: A=[ 0.026  0.036  0.227  0.288  0.061  0.073  0.128  0.091  0.07 ] lr=1.2625e-05, L(A)=231131.71875 mindist=0.0
Iter[4]: A=[-0.26  -0.179  0.523  0.728 -0.06   0.02   0.177  0.075 -0.022] lr=1.275125e-05, L(A)=236187.53125 mindist=-0.703587174416
Iter[5]: A=[-0.059 -0.028  0.315  0.419  0.025  0.057  0.142  0.086  0.043] lr=6.375625e-06, L(A)=229970.21875 mindist=-0.030359569937
Iter[6]: A=[-0.009  0.009  0.264  0.342  0.046  0.067  0.134  0.089  0.059] lr=3.1878125e-06, L(A)=230403.328125 mindist=0.0
Iter[7]: A=[ 0.01   0.024  0.244  0.313  0.054  0.07   0.13   0.09   0.065] lr=1.59390625e-06, L(A)=230758.40625 mindist=0.0
Iter[8]: A=[-0.008  0.01   0.262  0.34   0.047  0.067  0.134  0.088  0.059] lr=1.6098453125e-06, L(A)=230423.140625 mindist=0.0
Iter[9]: A=[ 0.002  0.017  0.253  0.326  0.051  0.069  0.132  0.089  0.062] lr=8.0492265625e-07, L(A)=230587.96875 mindist=0.0
Iter[10]: A=[-0.007  0.01   0.262  0.34   0.047  0.067  0.134  0.088  0.059] lr=8.12971882813e-07, L(A)=230428.015625 mindist=0.0
Iter[11]: A=[-0.003  0.014  0.257  0.333  0.049  0.068  0.133  0.089  0.06 ] lr=4.06485941406e-07, L(A)=230507.1875 mindist=0.0
Iter[12]: A=[-0.001  0.016  0.255  0.329  0.05   0.068  0.132  0.089  0.061] lr=2.03242970703e-07, L(A)=230547.390625 mindist=0.0
Iter[13]: A=[ 0.001  0.016  0.254  0.328  0.05   0.069  0.132  0.089  0.062] lr=1.01621485352e-07, L(A)=230567.640625 mindist=0.0
Iter[14]: A=[-0.001  0.016  0.255  0.329  0.05   0.068  0.132  0.089  0.061] lr=1.02637700205e-07, L(A)=230547.328125 mindist=0.0
Iter[15]: A=[ -2.907e-05   1.594e-02   2.545e-01   3.286e-01   4.986e-02   6.844e-02   1.322e-01   8.903e-02   6.142e-02] lr=5.13188501025e-08, L(A)=230557.484375 mindist=0.0
Iter[16]: A=[  2.417e-04   1.614e-02   2.543e-01   3.282e-01   4.997e-02   6.849e-02   1.322e-01   8.906e-02   6.151e-02] lr=2.56594250513e-08, L(A)=230562.546875 mindist=0.0
Iter[17]: A=[ -3.137e-05   1.594e-02   2.545e-01   3.286e-01   4.986e-02   6.844e-02   1.322e-01   8.903e-02   6.142e-02] lr=2.59160193018e-08, L(A)=230557.4375 mindist=0.0
Iter[18]: A=[  1.053e-04   1.604e-02   2.544e-01   3.284e-01   4.991e-02   6.846e-02   1.322e-01   8.905e-02   6.146e-02] lr=1.29580096509e-08, L(A)=230560.0 mindist=0.0
Iter[19]: A=[ -3.266e-05   1.594e-02   2.545e-01   3.286e-01   4.986e-02   6.844e-02   1.322e-01   8.903e-02   6.142e-02] lr=1.30875897474e-08, L(A)=230557.40625 mindist=0.0
Iter[20]: A=[  3.633e-05   1.599e-02   2.545e-01   3.285e-01   4.989e-02   6.845e-02   1.322e-01   8.904e-02   6.144e-02] lr=6.5437948737e-09, L(A)=230558.6875 mindist=0.0
Iter[21]: A=[ -3.332e-05   1.593e-02   2.545e-01   3.286e-01   4.986e-02   6.844e-02   1.322e-01   8.903e-02   6.142e-02] lr=6.60923282244e-09, L(A)=230557.390625 mindist=0.0
Iter[22]: A=[  1.510e-06   1.596e-02   2.545e-01   3.285e-01   4.987e-02   6.845e-02   1.322e-01   8.904e-02   6.143e-02] lr=3.30461641122e-09, L(A)=230558.046875 mindist=0.0
Iter[23]: A=[ -3.366e-05   1.593e-02   2.545e-01   3.286e-01   4.986e-02   6.844e-02   1.322e-01   8.903e-02   6.142e-02] lr=3.33766257533e-09, L(A)=230557.375 mindist=0.0
Iter[24]: A=[ -1.607e-05   1.595e-02   2.545e-01   3.286e-01   4.986e-02   6.845e-02   1.322e-01   8.904e-02   6.142e-02] lr=1.66883128767e-09, L(A)=230557.71875 mindist=0.0
Iter[25]: A=[ -7.282e-06   1.595e-02   2.545e-01   3.286e-01   4.987e-02   6.845e-02   1.322e-01   8.904e-02   6.142e-02] lr=8.34415643833e-10, L(A)=230557.890625 mindist=0.0
Iter[26]: A=[ -2.886e-06   1.596e-02   2.545e-01   3.285e-01   4.987e-02   6.845e-02   1.322e-01   8.904e-02   6.143e-02] lr=4.17207821916e-10, L(A)=230557.96875 mindist=0.0
Iter[27]: A=[ -6.880e-07   1.596e-02   2.545e-01   3.285e-01   4.987e-02   6.845e-02   1.322e-01   8.904e-02   6.143e-02] lr=2.08603910958e-10, L(A)=230558.015625 mindist=0.0
Iter[28]: A=[  4.109e-07   1.596e-02   2.545e-01   3.285e-01   4.987e-02   6.845e-02   1.322e-01   8.904e-02   6.143e-02] lr=1.04301955479e-10, L(A)=230558.03125 mindist=0.0
Iter[29]: A=[ -6.990e-07   1.596e-02   2.545e-01   3.285e-01   4.987e-02   6.845e-02   1.322e-01   8.904e-02   6.143e-02] lr=1.05344975034e-10, L(A)=230558.015625 mindist=0.0
Iter[30]: A=[ -1.441e-07   1.596e-02   2.545e-01   3.285e-01   4.987e-02   6.845e-02   1.322e-01   8.904e-02   6.143e-02] lr=5.26724875169e-11, L(A)=230558.015625 mindist=0.0
Iter[31]: A=[  1.334e-07   1.596e-02   2.545e-01   3.285e-01   4.987e-02   6.845e-02   1.322e-01   8.904e-02   6.143e-02] lr=2.63362437585e-11, L(A)=230558.03125 mindist=0.0
Iter[32]: A=[  2.721e-07   1.596e-02   2.545e-01   3.285e-01   4.987e-02   6.845e-02   1.322e-01   8.904e-02   6.143e-02] lr=1.31681218792e-11, L(A)=230558.015625 mindist=0.0
Iter[33]: A=[  1.320e-07   1.596e-02   2.545e-01   3.285e-01   4.987e-02   6.845e-02   1.322e-01   8.904e-02   6.143e-02] lr=1.3299803098e-11, L(A)=230558.015625 mindist=0.0
Iter[34]: A=[  2.021e-07   1.596e-02   2.545e-01   3.285e-01   4.987e-02   6.845e-02   1.322e-01   8.904e-02   6.143e-02] lr=6.64990154901e-12, L(A)=230558.015625 mindist=0.0
Iter[35]: A=[  2.371e-07   1.596e-02   2.545e-01   3.285e-01   4.987e-02   6.845e-02   1.322e-01   8.904e-02   6.143e-02] lr=3.32495077451e-12, L(A)=230558.015625 mindist=0.0
Iter[36]: A=[  2.546e-07   1.596e-02   2.545e-01   3.285e-01   4.987e-02   6.845e-02   1.322e-01   8.904e-02   6.143e-02] lr=1.66247538725e-12, L(A)=230558.03125 mindist=0.0
Iter[37]: A=[  2.634e-07   1.596e-02   2.545e-01   3.285e-01   4.987e-02   6.845e-02   1.322e-01   8.904e-02   6.143e-02] lr=8.31237693627e-13, L(A)=230558.015625 mindist=0.0
Iter[38]: A=[  2.678e-07   1.596e-02   2.545e-01   3.285e-01   4.987e-02   6.845e-02   1.322e-01   8.904e-02   6.143e-02] lr=4.15618846813e-13, L(A)=230558.03125 mindist=0.0
Iter[39]: A=[  2.700e-07   1.596e-02   2.545e-01   3.285e-01   4.987e-02   6.845e-02   1.322e-01   8.904e-02   6.143e-02] lr=2.07809423407e-13, L(A)=230558.015625 mindist=0.0
Iter[40]: A=[  2.710e-07   1.596e-02   2.545e-01   3.285e-01   4.987e-02   6.845e-02   1.322e-01   8.904e-02   6.143e-02] lr=1.03904711703e-13, L(A)=230558.015625 mindist=0.0
Iter[41]: A=[  2.716e-07   1.596e-02   2.545e-01   3.285e-01   4.987e-02   6.845e-02   1.322e-01   8.904e-02   6.143e-02] lr=5.19523558517e-14, L(A)=230558.015625 mindist=0.0
Iter[42]: A=[  2.719e-07   1.596e-02   2.545e-01   3.285e-01   4.987e-02   6.845e-02   1.322e-01   8.904e-02   6.143e-02] lr=2.59761779258e-14, L(A)=230558.015625 mindist=0.0
Iter[43]: A=[  2.720e-07   1.596e-02   2.545e-01   3.285e-01   4.987e-02   6.845e-02   1.322e-01   8.904e-02   6.143e-02] lr=1.29880889629e-14, L(A)=230558.015625 mindist=0.0
Iter[44]: A=[  2.721e-07   1.596e-02   2.545e-01   3.285e-01   4.987e-02   6.845e-02   1.322e-01   8.904e-02   6.143e-02] lr=6.49404448146e-15, L(A)=230558.015625 mindist=0.0
Iter[45]: A=[  2.721e-07   1.596e-02   2.545e-01   3.285e-01   4.987e-02   6.845e-02   1.322e-01   8.904e-02   6.143e-02] lr=3.24702224073e-15, L(A)=230558.015625 mindist=0.0
Iter[46]: A=[  2.721e-07   1.596e-02   2.545e-01   3.285e-01   4.987e-02   6.845e-02   1.322e-01   8.904e-02   6.143e-02] lr=1.62351112036e-15, L(A)=230558.015625 mindist=0.0
Iter[47]: A=[  2.721e-07   1.596e-02   2.545e-01   3.285e-01   4.987e-02   6.845e-02   1.322e-01   8.904e-02   6.143e-02] lr=8.11755560182e-16, L(A)=230558.015625 mindist=0.0
Iter[48]: A=[  2.721e-07   1.596e-02   2.545e-01   3.285e-01   4.987e-02   6.845e-02   1.322e-01   8.904e-02   6.143e-02] lr=4.05877780091e-16, L(A)=230558.015625 mindist=0.0
Iter[49]: A=[  2.721e-07   1.596e-02   2.545e-01   3.285e-01   4.987e-02   6.845e-02   1.322e-01   8.904e-02   6.143e-02] lr=2.02938890046e-16, L(A)=230558.015625 mindist=0.0
Initial loss: 450399.53125
Iter[0]: A=[-0.1    0.038  0.146  0.227  0.157  0.15   0.107  0.283  0.177 -0.183] lr=5e-05, L(A)=238852.734375 mindist=0.0
Iter[1]: A=[ 0.302  0.163  0.054 -0.028  0.042  0.05   0.093 -0.084  0.022  0.386] lr=2.5e-05, L(A)=236938.0 mindist=-0.24024143815
Iter[2]: A=[ 0.14   0.113  0.091  0.075  0.089  0.09   0.099  0.063  0.084  0.157] lr=1.25e-05, L(A)=236541.015625 mindist=0.0
Iter[3]: A=[ 0.084  0.106  0.377  0.066 -0.07   0.106  0.036  0.039  0.028  0.229] lr=1.2625e-05, L(A)=230908.90625 mindist=-0.00865928828716
Iter[4]: A=[ 0.118  0.11   0.201  0.071  0.027  0.096  0.074  0.054  0.062  0.185] lr=6.3125e-06, L(A)=234211.171875 mindist=0.0
Iter[5]: A=[ 0.092  0.107  0.338  0.066 -0.05   0.105  0.044  0.041  0.034  0.222] lr=6.375625e-06, L(A)=231517.53125 mindist=0.0
Iter[6]: A=[ 0.107  0.109  0.262  0.069 -0.007  0.1    0.061  0.048  0.05   0.202] lr=3.1878125e-06, L(A)=232962.234375 mindist=0.0
Iter[7]: A=[ 0.113  0.11   0.23   0.07   0.011  0.098  0.068  0.051  0.057  0.193] lr=1.59390625e-06, L(A)=233613.515625 mindist=0.0
Iter[8]: A=[ 0.107  0.109  0.261  0.069 -0.007  0.1    0.061  0.048  0.05   0.202] lr=1.6098453125e-06, L(A)=232989.8125 mindist=0.0
Iter[9]: A=[ 0.11   0.109  0.245  0.069  0.002  0.099  0.065  0.05   0.053  0.197] lr=8.0492265625e-07, L(A)=233308.28125 mindist=0.0
Iter[10]: A=[ 0.107  0.109  0.26   0.069 -0.006  0.1    0.061  0.048  0.05   0.202] lr=8.12971882813e-07, L(A)=232995.40625 mindist=0.0
Iter[11]: A=[ 0.109  0.109  0.253  0.069 -0.002  0.099  0.063  0.049  0.052  0.199] lr=4.06485941406e-07, L(A)=233153.546875 mindist=0.0
Iter[12]: A=[  1.094e-01   1.092e-01   2.488e-01   6.918e-02   1.931e-04   9.916e-02   6.372e-02   4.949e-02   5.267e-02   1.982e-01] lr=2.03242970703e-07, L(A)=233231.3125 mindist=0.0
Iter[13]: A=[ 0.109  0.109  0.253  0.069 -0.002  0.099  0.063  0.049  0.052  0.199] lr=2.0527540041e-07, L(A)=233153.296875 mindist=0.0
Iter[14]: A=[ 0.109  0.109  0.251  0.069 -0.001  0.099  0.063  0.049  0.052  0.199] lr=1.02637700205e-07, L(A)=233192.421875 mindist=0.0
Iter[15]: A=[ 0.109  0.109  0.25   0.069 -0.     0.099  0.064  0.049  0.052  0.199] lr=5.13188501025e-08, L(A)=233211.90625 mindist=0.0
Iter[16]: A=[  1.093e-01   1.091e-01   2.493e-01   6.916e-02  -7.892e-05   9.920e-02   6.361e-02   4.944e-02   5.257e-02   1.984e-01] lr=2.56594250513e-08, L(A)=233221.59375 mindist=0.0
Iter[17]: A=[  1.093e-01   1.092e-01   2.490e-01   6.917e-02   5.717e-05   9.918e-02   6.366e-02   4.946e-02   5.262e-02   1.983e-01] lr=1.28297125256e-08, L(A)=233226.46875 mindist=0.0
Iter[18]: A=[  1.093e-01   1.091e-01   2.493e-01   6.916e-02  -8.023e-05   9.920e-02   6.361e-02   4.944e-02   5.257e-02   1.984e-01] lr=1.29580096509e-08, L(A)=233221.5625 mindist=0.0
Iter[19]: A=[  1.093e-01   1.091e-01   2.492e-01   6.917e-02  -1.152e-05   9.919e-02   6.364e-02   4.945e-02   5.260e-02   1.983e-01] lr=6.47900482545e-09, L(A)=233224.0 mindist=0.0
Iter[20]: A=[  1.093e-01   1.091e-01   2.491e-01   6.917e-02   2.283e-05   9.918e-02   6.365e-02   4.945e-02   5.261e-02   1.983e-01] lr=3.23950241272e-09, L(A)=233225.25 mindist=0.0
Iter[21]: A=[  1.093e-01   1.091e-01   2.492e-01   6.917e-02  -1.185e-05   9.919e-02   6.364e-02   4.945e-02   5.260e-02   1.983e-01] lr=3.27189743685e-09, L(A)=233224.0 mindist=0.0
Iter[22]: A=[  1.093e-01   1.091e-01   2.491e-01   6.917e-02   5.488e-06   9.919e-02   6.364e-02   4.945e-02   5.260e-02   1.983e-01] lr=1.63594871843e-09, L(A)=233224.625 mindist=0.0
Iter[23]: A=[  1.093e-01   1.091e-01   2.492e-01   6.917e-02  -1.203e-05   9.919e-02   6.364e-02   4.945e-02   5.260e-02   1.983e-01] lr=1.65230820561e-09, L(A)=233223.984375 mindist=0.0
Iter[24]: A=[  1.093e-01   1.091e-01   2.492e-01   6.917e-02  -3.269e-06   9.919e-02   6.364e-02   4.945e-02   5.260e-02   1.983e-01] lr=8.26154102805e-10, L(A)=233224.296875 mindist=0.0
Iter[25]: A=[  1.093e-01   1.091e-01   2.491e-01   6.917e-02   1.110e-06   9.919e-02   6.364e-02   4.945e-02   5.260e-02   1.983e-01] lr=4.13077051402e-10, L(A)=233224.46875 mindist=0.0
Iter[26]: A=[  1.093e-01   1.091e-01   2.492e-01   6.917e-02  -3.313e-06   9.919e-02   6.364e-02   4.945e-02   5.260e-02   1.983e-01] lr=4.17207821916e-10, L(A)=233224.296875 mindist=0.0
Iter[27]: A=[  1.093e-01   1.091e-01   2.491e-01   6.917e-02  -1.102e-06   9.919e-02   6.364e-02   4.945e-02   5.260e-02   1.983e-01] lr=2.08603910958e-10, L(A)=233224.390625 mindist=0.0
Iter[28]: A=[  1.093e-01   1.091e-01   2.491e-01   6.917e-02   3.993e-09   9.919e-02   6.364e-02   4.945e-02   5.260e-02   1.983e-01] lr=1.04301955479e-10, L(A)=233224.421875 mindist=0.0
Iter[29]: A=[  1.093e-01   1.091e-01   2.491e-01   6.917e-02  -1.113e-06   9.919e-02   6.364e-02   4.945e-02   5.260e-02   1.983e-01] lr=1.05344975034e-10, L(A)=233224.390625 mindist=0.0
Iter[30]: A=[  1.093e-01   1.091e-01   2.491e-01   6.917e-02  -5.544e-07   9.919e-02   6.364e-02   4.945e-02   5.260e-02   1.983e-01] lr=5.26724875169e-11, L(A)=233224.390625 mindist=0.0
Iter[31]: A=[  1.093e-01   1.091e-01   2.491e-01   6.917e-02  -2.752e-07   9.919e-02   6.364e-02   4.945e-02   5.260e-02   1.983e-01] lr=2.63362437585e-11, L(A)=233224.40625 mindist=0.0
Iter[32]: A=[  1.093e-01   1.091e-01   2.491e-01   6.917e-02  -1.356e-07   9.919e-02   6.364e-02   4.945e-02   5.260e-02   1.983e-01] lr=1.31681218792e-11, L(A)=233224.40625 mindist=0.0
Iter[33]: A=[  1.093e-01   1.091e-01   2.491e-01   6.917e-02  -6.580e-08   9.919e-02   6.364e-02   4.945e-02   5.260e-02   1.983e-01] lr=6.58406093962e-12, L(A)=233224.421875 mindist=0.0
Iter[34]: A=[  1.093e-01   1.091e-01   2.491e-01   6.917e-02  -3.090e-08   9.919e-02   6.364e-02   4.945e-02   5.260e-02   1.983e-01] lr=3.29203046981e-12, L(A)=233224.40625 mindist=0.0
Iter[35]: A=[  1.093e-01   1.091e-01   2.491e-01   6.917e-02  -1.346e-08   9.919e-02   6.364e-02   4.945e-02   5.260e-02   1.983e-01] lr=1.6460152349e-12, L(A)=233224.421875 mindist=0.0
Iter[36]: A=[  1.093e-01   1.091e-01   2.491e-01   6.917e-02  -4.732e-09   9.919e-02   6.364e-02   4.945e-02   5.260e-02   1.983e-01] lr=8.23007617452e-13, L(A)=233224.421875 mindist=0.0
Iter[37]: A=[  1.093e-01   1.091e-01   2.491e-01   6.917e-02  -3.695e-10   9.919e-02   6.364e-02   4.945e-02   5.260e-02   1.983e-01] lr=4.11503808726e-13, L(A)=233224.4375 mindist=0.0
Iter[38]: A=[  1.093e-01   1.091e-01   2.491e-01   6.917e-02   1.812e-09   9.919e-02   6.364e-02   4.945e-02   5.260e-02   1.983e-01] lr=2.05751904363e-13, L(A)=233224.421875 mindist=0.0
Iter[39]: A=[  1.093e-01   1.091e-01   2.491e-01   6.917e-02   2.902e-09   9.919e-02   6.364e-02   4.945e-02   5.260e-02   1.983e-01] lr=1.02875952182e-13, L(A)=233224.421875 mindist=0.0
Iter[40]: A=[  1.093e-01   1.091e-01   2.491e-01   6.917e-02   3.447e-09   9.919e-02   6.364e-02   4.945e-02   5.260e-02   1.983e-01] lr=5.14379760908e-14, L(A)=233224.421875 mindist=0.0
Iter[41]: A=[  1.093e-01   1.091e-01   2.491e-01   6.917e-02   3.720e-09   9.919e-02   6.364e-02   4.945e-02   5.260e-02   1.983e-01] lr=2.57189880454e-14, L(A)=233224.421875 mindist=0.0
Iter[42]: A=[  1.093e-01   1.091e-01   2.491e-01   6.917e-02   3.856e-09   9.919e-02   6.364e-02   4.945e-02   5.260e-02   1.983e-01] lr=1.28594940227e-14, L(A)=233224.421875 mindist=0.0
Iter[43]: A=[  1.093e-01   1.091e-01   2.491e-01   6.917e-02   3.924e-09   9.919e-02   6.364e-02   4.945e-02   5.260e-02   1.983e-01] lr=6.42974701134e-15, L(A)=233224.421875 mindist=0.0
Iter[44]: A=[  1.093e-01   1.091e-01   2.491e-01   6.917e-02   3.959e-09   9.919e-02   6.364e-02   4.945e-02   5.260e-02   1.983e-01] lr=3.21487350567e-15, L(A)=233224.421875 mindist=0.0
Iter[45]: A=[  1.093e-01   1.091e-01   2.491e-01   6.917e-02   3.976e-09   9.919e-02   6.364e-02   4.945e-02   5.260e-02   1.983e-01] lr=1.60743675284e-15, L(A)=233224.421875 mindist=0.0
Iter[46]: A=[  1.093e-01   1.091e-01   2.491e-01   6.917e-02   3.984e-09   9.919e-02   6.364e-02   4.945e-02   5.260e-02   1.983e-01] lr=8.03718376418e-16, L(A)=233224.421875 mindist=0.0
Iter[47]: A=[  1.093e-01   1.091e-01   2.491e-01   6.917e-02   3.988e-09   9.919e-02   6.364e-02   4.945e-02   5.260e-02   1.983e-01] lr=4.01859188209e-16, L(A)=233224.421875 mindist=0.0
Iter[48]: A=[  1.093e-01   1.091e-01   2.491e-01   6.917e-02   3.990e-09   9.919e-02   6.364e-02   4.945e-02   5.260e-02   1.983e-01] lr=2.00929594105e-16, L(A)=233224.421875 mindist=0.0
Iter[49]: A=[  1.093e-01   1.091e-01   2.491e-01   6.917e-02   3.992e-09   9.919e-02   6.364e-02   4.945e-02   5.260e-02   1.983e-01] lr=1.00464797052e-16, L(A)=233224.421875 mindist=0.0
(268, 400)
(132, 400)
shape: (268, 41)
train-acc: 45.149%                                
train confusion matrix:
 [[ 11.   0.   0.   0.   0.  14.   2.   0.]
 [  2.  23.   0.   1.   0.   7.   3.   1.]
 [  2.   5.  14.   3.   1.   6.   3.   2.]
 [  0.   5.   3.  13.   1.  15.   1.   0.]
 [  0.   4.   5.   0.  14.   1.   2.   0.]
 [  1.   3.   4.   2.   4.  15.   2.   2.]
 [  0.   2.   4.   2.   2.   2.  24.   1.]
 [  2.  10.   2.   2.   2.   4.   5.   7.]]
test-acc: 17.424%
test confusion matrix:
 [[  5.   0.   2.   2.   2.  10.   2.   0.]
 [  0.   3.   2.   2.   1.   2.   2.   1.]
 [  1.   1.   0.   0.   1.   3.   4.   4.]
 [  0.   3.   2.   0.   1.   4.   1.   1.]
 [  1.   6.   3.   1.   4.   5.   3.   1.]
 [  0.   3.   4.   1.   2.   6.   1.   0.]
 [  0.   3.   0.   2.   1.   1.   5.   1.]
 [  1.   3.   4.   1.   4.   2.   1.   0.]]
(268, 800)
(132, 800)
shape: (268, 73)
train-acc: 54.104%                                
train confusion matrix:
 [[ 23.   1.   1.   0.   0.   1.   0.   1.]
 [  1.  24.   3.   2.   0.   2.   3.   2.]
 [  6.   2.  19.   2.   2.   0.   0.   5.]
 [  2.   8.   3.  21.   1.   1.   0.   2.]
 [  1.   4.   4.   5.  10.   2.   0.   0.]
 [  1.   4.   4.   5.   4.  14.   0.   1.]
 [  3.   6.   2.   0.   3.   0.  22.   1.]
 [  1.   9.   4.   4.   1.   0.   3.  12.]]
test-acc: 39.394%
test confusion matrix:
 [[ 15.   2.   2.   3.   1.   0.   0.   0.]
 [  2.   5.   3.   1.   0.   1.   0.   1.]
 [  2.   1.   4.   5.   0.   2.   0.   0.]
 [  2.   2.   3.   4.   0.   0.   0.   1.]
 [  3.   5.   3.   4.   3.   4.   2.   0.]
 [  3.   1.   3.   2.   0.   7.   1.   0.]
 [  0.   3.   0.   0.   0.   0.  10.   0.]
 [  0.   4.   1.   4.   1.   2.   0.   4.]]
(268, 1200)
(132, 1200)
shape: (268, 106)
train-acc: 57.836%                                
train confusion matrix:
 [[ 20.   1.   3.   1.   0.   1.   1.   0.]
 [  1.  27.   1.   2.   0.   2.   1.   3.]
 [  4.   6.  17.   2.   2.   1.   1.   3.]
 [  0.   5.   3.  24.   2.   1.   1.   2.]
 [  1.   3.   3.   1.  13.   3.   2.   0.]
 [  2.   4.   4.   4.   1.  18.   0.   0.]
 [  1.   5.   3.   1.   1.   1.  25.   0.]
 [  2.   9.   4.   5.   1.   0.   2.  11.]]
test-acc: 34.848%
test confusion matrix:
 [[ 13.   2.   5.   0.   2.   0.   1.   0.]
 [  0.   5.   4.   2.   0.   1.   0.   1.]
 [  0.   1.   4.   2.   1.   4.   0.   2.]
 [  2.   2.   2.   4.   1.   0.   0.   1.]
 [  1.   8.   3.   4.   4.   2.   2.   0.]
 [  3.   4.   4.   1.   2.   3.   0.   0.]
 [  1.   2.   0.   0.   0.   0.  10.   0.]
 [  1.   4.   2.   2.   1.   3.   0.   3.]]
(268, 1600)
(132, 1600)
shape: (268, 138)
train-acc: 75.373%                                
train confusion matrix:
 [[ 26.   1.   0.   0.   0.   0.   0.   0.]
 [  1.  28.   2.   0.   1.   0.   2.   3.]
 [  1.   2.  29.   3.   0.   1.   0.   0.]
 [  0.   1.   4.  31.   1.   0.   0.   1.]
 [  0.   3.   1.   2.  19.   0.   1.   0.]
 [  0.   5.   3.   2.   5.  17.   0.   1.]
 [  0.   1.   0.   0.   1.   0.  35.   0.]
 [  0.   9.   5.   0.   3.   0.   0.  17.]]
test-acc: 52.273%
test confusion matrix:
 [[ 20.   0.   0.   2.   0.   0.   0.   1.]
 [  0.   7.   0.   0.   4.   2.   0.   0.]
 [  0.   2.   5.   2.   0.   0.   0.   5.]
 [  0.   2.   2.   7.   0.   0.   0.   1.]
 [  1.   5.   3.   2.   7.   5.   1.   0.]
 [  0.   2.   3.   0.   4.   7.   0.   1.]
 [  0.   0.   0.   0.   0.   0.  13.   0.]
 [  0.   5.   6.   1.   0.   1.   0.   3.]]
(268, 2000)
(132, 2000)
shape: (268, 173)
train-acc: 83.209%                                
train confusion matrix:
 [[ 27.   0.   0.   0.   0.   0.   0.   0.]
 [  1.  32.   0.   0.   0.   1.   1.   2.]
 [  0.   4.  30.   0.   0.   1.   0.   1.]
 [  0.   0.   4.  34.   0.   0.   0.   0.]
 [  1.   4.   0.   1.  19.   0.   1.   0.]
 [  1.   2.   2.   1.   2.  24.   0.   1.]
 [  0.   1.   0.   0.   0.   0.  36.   0.]
 [  0.   3.   7.   1.   1.   1.   0.  21.]]
test-acc: 61.364%
test confusion matrix:
 [[ 20.   0.   0.   3.   0.   0.   0.   0.]
 [  0.   8.   1.   0.   3.   1.   0.   0.]
 [  0.   2.   7.   2.   0.   0.   0.   3.]
 [  0.   1.   0.  10.   0.   0.   0.   1.]
 [  1.   9.   0.   0.   5.   4.   2.   3.]
 [  1.   1.   1.   0.   1.  12.   1.   0.]
 [  0.   0.   0.   0.   0.   0.  13.   0.]
 [  0.   4.   6.   0.   0.   0.   0.   6.]]
(268, 2400)
(132, 2400)
shape: (268, 208)
train-acc: 79.104%                                
train confusion matrix:
 [[ 25.   0.   0.   1.   0.   0.   0.   1.]
 [  0.  28.   1.   1.   2.   1.   0.   4.]
 [  0.   1.  29.   3.   0.   0.   0.   3.]
 [  0.   0.   4.  33.   0.   0.   0.   1.]
 [  0.   2.   1.   2.  20.   1.   0.   0.]
 [  0.   1.   3.   0.   4.  23.   0.   2.]
 [  0.   2.   0.   0.   1.   0.  34.   0.]
 [  0.   4.   8.   1.   0.   1.   0.  20.]]
test-acc: 65.909%
test confusion matrix:
 [[ 21.   0.   0.   1.   0.   0.   0.   1.]
 [  0.   7.   1.   0.   4.   1.   0.   0.]
 [  0.   2.   9.   2.   0.   0.   0.   1.]
 [  0.   1.   3.   7.   0.   0.   0.   1.]
 [  0.   3.   1.   4.  10.   6.   0.   0.]
 [  0.   1.   2.   0.   1.  11.   0.   2.]
 [  0.   0.   0.   0.   0.   0.  13.   0.]
 [  0.   1.   4.   1.   0.   1.   0.   9.]]
(268, 2800)
(132, 2800)
shape: (268, 242)
train-acc: 89.552%                                
train confusion matrix:
 [[ 27.   0.   0.   0.   0.   0.   0.   0.]
 [  1.  33.   1.   0.   1.   0.   0.   1.]
 [  0.   2.  31.   1.   0.   1.   0.   1.]
 [  0.   0.   4.  34.   0.   0.   0.   0.]
 [  0.   1.   0.   1.  24.   0.   0.   0.]
 [  2.   0.   0.   1.   1.  28.   0.   1.]
 [  0.   0.   0.   0.   1.   0.  36.   0.]
 [  0.   4.   0.   3.   0.   0.   0.  27.]]
test-acc: 68.939%
test confusion matrix:
 [[ 20.   1.   2.   0.   0.   0.   0.   0.]
 [  0.   5.   2.   0.   6.   0.   0.   0.]
 [  0.   2.   8.   3.   0.   0.   0.   1.]
 [  0.   0.   1.  10.   0.   0.   0.   1.]
 [  0.   3.   2.   2.  13.   3.   1.   0.]
 [  1.   1.   1.   1.   0.  12.   0.   1.]
 [  0.   0.   0.   0.   0.   0.  13.   0.]
 [  0.   1.   3.   2.   0.   0.   0.  10.]]
(268, 3200)
(132, 3200)
shape: (268, 275)
train-acc: 91.791%                                
train confusion matrix:
 [[ 26.   0.   0.   0.   0.   0.   0.   1.]
 [  0.  35.   1.   0.   0.   1.   0.   0.]
 [  0.   1.  32.   1.   0.   0.   0.   2.]
 [  0.   0.   2.  35.   0.   0.   0.   1.]
 [  0.   3.   0.   1.  22.   0.   0.   0.]
 [  0.   1.   3.   1.   0.  28.   0.   0.]
 [  0.   0.   0.   0.   0.   0.  37.   0.]
 [  0.   2.   1.   0.   0.   0.   0.  31.]]
test-acc: 75.758%
test confusion matrix:
 [[ 20.   0.   1.   1.   0.   1.   0.   0.]
 [  0.   7.   1.   0.   5.   0.   0.   0.]
 [  0.   1.  10.   1.   0.   0.   0.   2.]
 [  0.   0.   0.  10.   0.   0.   0.   2.]
 [  0.   3.   1.   1.  13.   5.   0.   1.]
 [  0.   0.   0.   0.   0.  16.   0.   1.]
 [  0.   0.   0.   0.   0.   0.  13.   0.]
 [  0.   1.   2.   1.   1.   0.   0.  11.]]
(268, 3600)
(132, 3600)
shape: (268, 310)
train-acc: 89.179%                                
train confusion matrix:
 [[ 27.   0.   0.   0.   0.   0.   0.   0.]
 [  1.  32.   1.   0.   2.   0.   0.   1.]
 [  0.   1.  34.   0.   0.   0.   0.   1.]
 [  0.   0.   4.  34.   0.   0.   0.   0.]
 [  0.   5.   0.   1.  20.   0.   0.   0.]
 [  0.   1.   1.   1.   0.  30.   0.   0.]
 [  0.   3.   0.   0.   0.   0.  34.   0.]
 [  0.   4.   1.   1.   0.   0.   0.  28.]]
test-acc: 75.758%
test confusion matrix:
 [[ 21.   0.   1.   0.   1.   0.   0.   0.]
 [  0.  10.   0.   0.   3.   0.   0.   0.]
 [  0.   1.  10.   3.   0.   0.   0.   0.]
 [  0.   0.   1.  10.   0.   0.   0.   1.]
 [  1.   6.   1.   1.  11.   4.   0.   0.]
 [  0.   1.   0.   0.   0.  14.   0.   2.]
 [  0.   0.   0.   0.   0.   0.  13.   0.]
 [  0.   2.   2.   1.   0.   0.   0.  11.]]
(268, 4000)
(132, 4000)
shape: (268, 349)
train-acc: 88.060%                                
train confusion matrix:
 [[ 26.   0.   0.   0.   0.   0.   0.   1.]
 [  0.  30.   2.   0.   2.   1.   0.   2.]
 [  0.   1.  33.   1.   0.   0.   0.   1.]
 [  0.   0.   5.  33.   0.   0.   0.   0.]
 [  0.   3.   0.   1.  21.   1.   0.   0.]
 [  0.   1.   2.   1.   0.  29.   0.   0.]
 [  0.   1.   0.   0.   1.   0.  35.   0.]
 [  0.   3.   1.   1.   0.   0.   0.  29.]]
test-acc: 77.273%
test confusion matrix:
 [[ 21.   0.   1.   0.   1.   0.   0.   0.]
 [  0.   8.   0.   1.   4.   0.   0.   0.]
 [  0.   2.   8.   4.   0.   0.   0.   0.]
 [  0.   0.   0.  11.   0.   0.   0.   1.]
 [  0.   2.   2.   1.  15.   4.   0.   0.]
 [  0.   1.   0.   0.   0.  15.   0.   1.]
 [  0.   0.   0.   0.   0.   0.  13.   0.]
 [  0.   1.   2.   2.   0.   0.   0.  11.]]
[(45.149253731343286, 17.424242424242426), (54.1044776119403, 39.39393939393939), (57.83582089552238, 34.84848484848485), (75.3731343283582, 52.27272727272727), (83.2089552238806, 61.36363636363637), (79.1044776119403, 65.9090909090909), (89.55223880597015, 68.93939393939394), (91.7910447761194, 75.75757575757575), (89.17910447761194, 75.75757575757575), (88.05970149253731, 77.27272727272727)]
[ 45.149  54.104  57.836  75.373  83.209  79.104  89.552  91.791  89.179  88.06 ]
[ 17.424  39.394  34.848  52.273  61.364  65.909  68.939  75.758  75.758  77.273]
As [array([ 1.], dtype=float32), array([ 0.873,  0.127], dtype=float32), array([  8.011e-01,   1.989e-01,   5.284e-07], dtype=float32), array([  5.306e-01,   2.779e-06,   3.032e-01,   1.662e-01], dtype=float32), array([  3.666e-01,   5.445e-07,   1.717e-01,   2.465e-01,   2.151e-01], dtype=float32), array([  3.498e-01,   4.708e-02,   3.231e-01,   2.589e-01,   1.990e-07,   2.118e-02], dtype=float32), array([  1.246e-01,   6.419e-02,   1.961e-01,   2.292e-01,   3.660e-07,   1.528e-01,   2.331e-01], dtype=float32), array([  2.265e-01,   8.297e-02,   2.239e-01,   1.988e-01,   1.030e-01,   1.093e-01,   2.951e-07,   5.546e-02], dtype=float32), array([  2.721e-07,   1.596e-02,   2.545e-01,   3.285e-01,   4.987e-02,   6.845e-02,   1.322e-01,   8.904e-02,   6.143e-02], dtype=float32), array([  1.093e-01,   1.091e-01,   2.491e-01,   6.917e-02,   3.993e-09,   9.919e-02,   6.364e-02,   4.945e-02,   5.260e-02,   1.983e-01], dtype=float32)]
[[ 45.149  17.424]
 [ 59.328  40.909]
 [ 70.896  49.242]
 [ 80.597  57.576]
 [ 84.701  70.455]
 [ 91.045  75.   ]
 [ 90.672  78.788]
 [ 91.418  78.03 ]
 [ 90.672  75.   ]
 [ 90.672  75.758]]
[[ 45.149  17.424]
 [ 54.104  39.394]
 [ 57.836  34.848]
 [ 75.373  52.273]
 [ 83.209  61.364]
 [ 79.104  65.909]
 [ 89.552  68.939]
 [ 91.791  75.758]
 [ 89.179  75.758]
 [ 88.06   77.273]]
