Loading features ...
Training SVM
percentage = 10.00%
Train distribution: [ 0.1380597   0.10074627  0.12313433  0.11940299  0.12313433  0.12686567  0.1380597   0.13059701]
Test distribution: [ 0.09848485  0.17424242  0.12878788  0.13636364  0.12878788  0.12121212  0.09848485  0.11363636]
	accuracy = 19.697%
Train distribution: [ 0.14179104  0.12313433  0.1119403   0.11567164  0.13432836  0.14179104  0.10447761  0.12686567]
Test distribution: [ 0.09090909  0.12878788  0.15151515  0.14393939  0.10606061  0.09090909  0.16666667  0.12121212]
	accuracy = 12.121%
Train distribution: [ 0.1380597   0.12313433  0.13059701  0.12686567  0.11940299  0.10820896  0.11567164  0.1380597 ]
Test distribution: [ 0.09848485  0.12878788  0.11363636  0.12121212  0.13636364  0.15909091  0.14393939  0.09848485]
	accuracy = 13.636%
Train distribution: [ 0.11940299  0.13059701  0.10074627  0.11567164  0.13432836  0.14179104  0.14179104  0.11567164]
Test distribution: [ 0.13636364  0.11363636  0.17424242  0.14393939  0.10606061  0.09090909  0.09090909  0.14393939]
	accuracy = 18.939%
Train distribution: [ 0.13059701  0.12686567  0.11567164  0.12686567  0.12313433  0.11940299  0.12313433  0.13432836]
Test distribution: [ 0.11363636  0.12121212  0.14393939  0.12121212  0.12878788  0.13636364  0.12878788  0.10606061]
	accuracy = 13.636%
Train distribution: [ 0.13059701  0.13432836  0.12313433  0.12686567  0.11567164  0.12313433  0.12686567  0.11940299]
Test distribution: [ 0.11363636  0.10606061  0.12878788  0.12121212  0.14393939  0.12878788  0.12121212  0.13636364]
	accuracy = 15.909%
Train distribution: [ 0.1380597   0.14552239  0.11567164  0.11567164  0.10820896  0.13059701  0.12313433  0.12313433]
Test distribution: [ 0.09848485  0.08333333  0.14393939  0.14393939  0.15909091  0.11363636  0.12878788  0.12878788]
	accuracy = 25.000%
Train distribution: [ 0.1380597   0.12686567  0.10447761  0.14925373  0.1119403   0.11567164  0.11940299  0.13432836]
Test distribution: [ 0.09848485  0.12121212  0.16666667  0.07575758  0.15151515  0.14393939  0.13636364  0.10606061]
	accuracy = 18.939%
Train distribution: [ 0.12313433  0.10820896  0.14925373  0.13432836  0.13059701  0.10820896  0.13059701  0.11567164]
Test distribution: [ 0.12878788  0.15909091  0.07575758  0.10606061  0.11363636  0.15909091  0.11363636  0.14393939]
	accuracy = 24.242%
Train distribution: [ 0.13432836  0.11940299  0.10820896  0.10820896  0.13059701  0.11940299  0.11940299  0.16044776]
Test distribution: [ 0.10606061  0.13636364  0.15909091  0.15909091  0.11363636  0.13636364  0.13636364  0.0530303 ]
	accuracy = 21.970%
Train distribution: [ 0.1119403   0.1119403   0.11567164  0.12686567  0.14179104  0.1119403   0.1380597   0.14179104]
Test distribution: [ 0.15151515  0.15151515  0.14393939  0.12121212  0.09090909  0.15151515  0.09848485  0.09090909]
	accuracy = 13.636%
Train distribution: [ 0.11567164  0.12313433  0.13059701  0.13432836  0.14179104  0.10820896  0.11940299  0.12686567]
Test distribution: [ 0.14393939  0.12878788  0.11363636  0.10606061  0.09090909  0.15909091  0.13636364  0.12121212]
	accuracy = 27.273%
Train distribution: [ 0.1119403   0.13059701  0.12313433  0.13059701  0.10447761  0.12686567  0.14179104  0.13059701]
Test distribution: [ 0.15151515  0.11363636  0.12878788  0.11363636  0.16666667  0.12121212  0.09090909  0.11363636]
	accuracy = 22.727%
Train distribution: [ 0.11940299  0.12686567  0.1119403   0.15298507  0.12313433  0.11567164  0.12313433  0.12686567]
Test distribution: [ 0.13636364  0.12121212  0.15151515  0.06818182  0.12878788  0.14393939  0.12878788  0.12121212]
	accuracy = 16.667%
Train distribution: [ 0.13059701  0.13059701  0.11940299  0.11940299  0.11940299  0.12686567  0.13432836  0.11940299]
Test distribution: [ 0.11363636  0.11363636  0.13636364  0.13636364  0.13636364  0.12121212  0.10606061  0.13636364]
	accuracy = 12.879%
Train distribution: [ 0.11940299  0.14925373  0.13059701  0.12686567  0.11940299  0.12686567  0.1119403   0.11567164]
Test distribution: [ 0.13636364  0.07575758  0.11363636  0.12121212  0.13636364  0.12121212  0.15151515  0.14393939]
	accuracy = 18.939%
Train distribution: [ 0.13432836  0.14925373  0.13432836  0.1119403   0.1119403   0.11567164  0.1119403   0.13059701]
Test distribution: [ 0.10606061  0.07575758  0.10606061  0.15151515  0.15151515  0.14393939  0.15151515  0.11363636]
	accuracy = 15.152%
Train distribution: [ 0.11940299  0.12313433  0.13432836  0.12313433  0.11940299  0.11940299  0.1380597   0.12313433]
Test distribution: [ 0.13636364  0.12878788  0.10606061  0.12878788  0.13636364  0.13636364  0.09848485  0.12878788]
	accuracy = 20.455%
Train distribution: [ 0.1119403   0.13432836  0.13059701  0.10074627  0.13432836  0.14179104  0.13432836  0.1119403 ]
Test distribution: [ 0.15151515  0.10606061  0.11363636  0.17424242  0.10606061  0.09090909  0.10606061  0.15151515]
	accuracy = 21.212%
Train distribution: [ 0.1380597   0.11567164  0.14179104  0.12686567  0.11567164  0.13059701  0.12313433  0.10820896]
Test distribution: [ 0.09848485  0.14393939  0.09090909  0.12121212  0.14393939  0.11363636  0.12878788  0.15909091]
	accuracy = 14.394%
>>> average accuracy = 18.371%
percentage = 20.00%
Train distribution: [ 0.12686567  0.1119403   0.1380597   0.11567164  0.12313433  0.13059701  0.13059701  0.12313433]
Test distribution: [ 0.12121212  0.15151515  0.09848485  0.14393939  0.12878788  0.11363636  0.11363636  0.12878788]
	accuracy = 30.303%
Train distribution: [ 0.1380597   0.13432836  0.1119403   0.13059701  0.14179104  0.13059701  0.11940299  0.09328358]
Test distribution: [ 0.09848485  0.10606061  0.15151515  0.11363636  0.09090909  0.11363636  0.13636364  0.18939394]
	accuracy = 31.818%
Train distribution: [ 0.10447761  0.11940299  0.13432836  0.12686567  0.13432836  0.14179104  0.13059701  0.10820896]
Test distribution: [ 0.16666667  0.13636364  0.10606061  0.12121212  0.10606061  0.09090909  0.11363636  0.15909091]
	accuracy = 13.636%
Train distribution: [ 0.11940299  0.14552239  0.12313433  0.12686567  0.1119403   0.12313433  0.12313433  0.12686567]
Test distribution: [ 0.13636364  0.08333333  0.12878788  0.12121212  0.15151515  0.12878788  0.12878788  0.12121212]
	accuracy = 27.273%
Train distribution: [ 0.12313433  0.12313433  0.12686567  0.12313433  0.11940299  0.13432836  0.12686567  0.12313433]
Test distribution: [ 0.12878788  0.12878788  0.12121212  0.12878788  0.13636364  0.10606061  0.12121212  0.12878788]
	accuracy = 31.061%
Train distribution: [ 0.12686567  0.1119403   0.13432836  0.11567164  0.11940299  0.1380597   0.11567164  0.1380597 ]
Test distribution: [ 0.12121212  0.15151515  0.10606061  0.14393939  0.13636364  0.09848485  0.14393939  0.09848485]
	accuracy = 25.000%
Train distribution: [ 0.13059701  0.12686567  0.11567164  0.12686567  0.13432836  0.12686567  0.13432836  0.10447761]
Test distribution: [ 0.11363636  0.12121212  0.14393939  0.12121212  0.10606061  0.12121212  0.10606061  0.16666667]
	accuracy = 26.515%
Train distribution: [ 0.10447761  0.12313433  0.11567164  0.13432836  0.14179104  0.1119403   0.11940299  0.14925373]
Test distribution: [ 0.16666667  0.12878788  0.14393939  0.10606061  0.09090909  0.15151515  0.13636364  0.07575758]
	accuracy = 19.697%
Train distribution: [ 0.09701493  0.1119403   0.14552239  0.11940299  0.13432836  0.13432836  0.12313433  0.13432836]
Test distribution: [ 0.18181818  0.15151515  0.08333333  0.13636364  0.10606061  0.10606061  0.12878788  0.10606061]
	accuracy = 24.242%
Train distribution: [ 0.1380597   0.11940299  0.09701493  0.12313433  0.12686567  0.12313433  0.12313433  0.14925373]
Test distribution: [ 0.09848485  0.13636364  0.18181818  0.12878788  0.12121212  0.12878788  0.12878788  0.07575758]
	accuracy = 28.030%
Train distribution: [ 0.11940299  0.12686567  0.12313433  0.14179104  0.11567164  0.11940299  0.13059701  0.12313433]
Test distribution: [ 0.13636364  0.12121212  0.12878788  0.09090909  0.14393939  0.13636364  0.11363636  0.12878788]
	accuracy = 23.485%
Train distribution: [ 0.13059701  0.1119403   0.1380597   0.10447761  0.13432836  0.13432836  0.11940299  0.12686567]
Test distribution: [ 0.11363636  0.15151515  0.09848485  0.16666667  0.10606061  0.10606061  0.13636364  0.12121212]
	accuracy = 26.515%
Train distribution: [ 0.11940299  0.14179104  0.12313433  0.14925373  0.11940299  0.1119403   0.10820896  0.12686567]
Test distribution: [ 0.13636364  0.09090909  0.12878788  0.07575758  0.13636364  0.15151515  0.15909091  0.12121212]
	accuracy = 25.758%
Train distribution: [ 0.1380597   0.1119403   0.1119403   0.14552239  0.14179104  0.10447761  0.11940299  0.12686567]
Test distribution: [ 0.09848485  0.15151515  0.15151515  0.08333333  0.09090909  0.16666667  0.13636364  0.12121212]
	accuracy = 27.273%
Train distribution: [ 0.11567164  0.12686567  0.14552239  0.11567164  0.12313433  0.11567164  0.13059701  0.12686567]
Test distribution: [ 0.14393939  0.12121212  0.08333333  0.14393939  0.12878788  0.14393939  0.11363636  0.12121212]
	accuracy = 32.576%
Train distribution: [ 0.12686567  0.13432836  0.12686567  0.11940299  0.11567164  0.12313433  0.13432836  0.11940299]
Test distribution: [ 0.12121212  0.10606061  0.12121212  0.13636364  0.14393939  0.12878788  0.10606061  0.13636364]
	accuracy = 25.000%
Train distribution: [ 0.1380597   0.13059701  0.12686567  0.11567164  0.12313433  0.11567164  0.11940299  0.13059701]
Test distribution: [ 0.09848485  0.11363636  0.12121212  0.14393939  0.12878788  0.14393939  0.13636364  0.11363636]
	accuracy = 29.545%
Train distribution: [ 0.11940299  0.10820896  0.13059701  0.12313433  0.1119403   0.12686567  0.14552239  0.13432836]
Test distribution: [ 0.13636364  0.15909091  0.11363636  0.12878788  0.15151515  0.12121212  0.08333333  0.10606061]
	accuracy = 31.061%
Train distribution: [ 0.11567164  0.1380597   0.11940299  0.11940299  0.12313433  0.11567164  0.15298507  0.11567164]
Test distribution: [ 0.14393939  0.09848485  0.13636364  0.13636364  0.12878788  0.14393939  0.06818182  0.14393939]
	accuracy = 25.758%
Train distribution: [ 0.12686567  0.13059701  0.11940299  0.10820896  0.13432836  0.1380597   0.10447761  0.1380597 ]
Test distribution: [ 0.12121212  0.11363636  0.13636364  0.15909091  0.10606061  0.09848485  0.16666667  0.09848485]
	accuracy = 28.788%
>>> average accuracy = 26.667%
percentage = 30.00%
Train distribution: [ 0.13432836  0.13432836  0.12313433  0.10074627  0.1380597   0.10820896  0.13059701  0.13059701]
Test distribution: [ 0.10606061  0.10606061  0.12878788  0.17424242  0.09848485  0.15909091  0.11363636  0.11363636]
	accuracy = 37.879%
Train distribution: [ 0.10820896  0.11567164  0.1119403   0.1380597   0.1380597   0.12686567  0.13059701  0.13059701]
Test distribution: [ 0.15909091  0.14393939  0.15151515  0.09848485  0.09848485  0.12121212  0.11363636  0.11363636]
	accuracy = 34.848%
Train distribution: [ 0.11940299  0.11940299  0.1380597   0.12313433  0.14179104  0.11567164  0.10820896  0.13432836]
Test distribution: [ 0.13636364  0.13636364  0.09848485  0.12878788  0.09090909  0.14393939  0.15909091  0.10606061]
	accuracy = 40.152%
Train distribution: [ 0.11567164  0.11567164  0.14552239  0.13432836  0.1119403   0.13432836  0.11940299  0.12313433]
Test distribution: [ 0.14393939  0.14393939  0.08333333  0.10606061  0.15151515  0.10606061  0.13636364  0.12878788]
	accuracy = 40.909%
Train distribution: [ 0.12686567  0.12313433  0.12686567  0.12686567  0.12313433  0.12686567  0.12686567  0.11940299]
Test distribution: [ 0.12121212  0.12878788  0.12121212  0.12121212  0.12878788  0.12121212  0.12121212  0.13636364]
	accuracy = 43.939%
Train distribution: [ 0.13432836  0.12686567  0.1380597   0.11940299  0.09701493  0.11940299  0.13432836  0.13059701]
Test distribution: [ 0.10606061  0.12121212  0.09848485  0.13636364  0.18181818  0.13636364  0.10606061  0.11363636]
	accuracy = 45.455%
Train distribution: [ 0.14179104  0.13059701  0.10820896  0.12313433  0.14179104  0.12313433  0.12313433  0.10820896]
Test distribution: [ 0.09090909  0.11363636  0.15909091  0.12878788  0.09090909  0.12878788  0.12878788  0.15909091]
	accuracy = 33.333%
Train distribution: [ 0.13432836  0.12313433  0.14552239  0.10820896  0.14552239  0.10447761  0.12686567  0.1119403 ]
Test distribution: [ 0.10606061  0.12878788  0.08333333  0.15909091  0.08333333  0.16666667  0.12121212  0.15151515]
	accuracy = 40.152%
Train distribution: [ 0.13059701  0.13059701  0.12313433  0.12313433  0.12686567  0.11567164  0.13059701  0.11940299]
Test distribution: [ 0.11363636  0.11363636  0.12878788  0.12878788  0.12121212  0.14393939  0.11363636  0.13636364]
	accuracy = 40.152%
Train distribution: [ 0.12313433  0.14179104  0.10447761  0.13432836  0.11567164  0.12686567  0.12686567  0.12686567]
Test distribution: [ 0.12878788  0.09090909  0.16666667  0.10606061  0.14393939  0.12121212  0.12121212  0.12121212]
	accuracy = 36.364%
Train distribution: [ 0.11940299  0.09701493  0.12313433  0.14552239  0.14925373  0.12686567  0.14552239  0.09328358]
Test distribution: [ 0.13636364  0.18181818  0.12878788  0.08333333  0.07575758  0.12121212  0.08333333  0.18939394]
	accuracy = 36.364%
Train distribution: [ 0.12313433  0.13432836  0.12313433  0.13059701  0.11567164  0.11567164  0.11940299  0.1380597 ]
Test distribution: [ 0.12878788  0.10606061  0.12878788  0.11363636  0.14393939  0.14393939  0.13636364  0.09848485]
	accuracy = 46.970%
Train distribution: [ 0.12313433  0.1119403   0.11940299  0.12686567  0.1119403   0.14552239  0.14179104  0.11940299]
Test distribution: [ 0.12878788  0.15151515  0.13636364  0.12121212  0.15151515  0.08333333  0.09090909  0.13636364]
	accuracy = 43.939%
Train distribution: [ 0.14552239  0.1380597   0.10820896  0.1641791   0.1119403   0.10820896  0.10820896  0.11567164]
Test distribution: [ 0.08333333  0.09848485  0.15909091  0.04545455  0.15151515  0.15909091  0.15909091  0.14393939]
	accuracy = 34.091%
Train distribution: [ 0.10820896  0.12313433  0.12313433  0.14179104  0.12686567  0.12686567  0.11940299  0.13059701]
Test distribution: [ 0.15909091  0.12878788  0.12878788  0.09090909  0.12121212  0.12121212  0.13636364  0.11363636]
	accuracy = 38.636%
Train distribution: [ 0.1119403   0.14179104  0.10074627  0.12686567  0.14552239  0.11567164  0.12686567  0.13059701]
Test distribution: [ 0.15151515  0.09090909  0.17424242  0.12121212  0.08333333  0.14393939  0.12121212  0.11363636]
	accuracy = 40.909%
Train distribution: [ 0.12686567  0.10074627  0.12313433  0.10074627  0.13059701  0.1380597   0.15298507  0.12686567]
Test distribution: [ 0.12121212  0.17424242  0.12878788  0.17424242  0.11363636  0.09848485  0.06818182  0.12121212]
	accuracy = 43.182%
Train distribution: [ 0.12313433  0.13059701  0.11567164  0.12313433  0.11940299  0.12686567  0.12686567  0.13432836]
Test distribution: [ 0.12878788  0.11363636  0.14393939  0.12878788  0.13636364  0.12121212  0.12121212  0.10606061]
	accuracy = 38.636%
Train distribution: [ 0.11567164  0.14179104  0.12686567  0.11567164  0.13059701  0.1380597   0.1119403   0.11940299]
Test distribution: [ 0.14393939  0.09090909  0.12121212  0.14393939  0.11363636  0.09848485  0.15151515  0.13636364]
	accuracy = 34.848%
Train distribution: [ 0.10820896  0.1119403   0.12686567  0.1119403   0.14179104  0.1380597   0.13059701  0.13059701]
Test distribution: [ 0.15909091  0.15151515  0.12121212  0.15151515  0.09090909  0.09848485  0.11363636  0.11363636]
	accuracy = 36.364%
>>> average accuracy = 39.356%
percentage = 40.00%
Train distribution: [ 0.1380597   0.10820896  0.14179104  0.11940299  0.12686567  0.10820896  0.13059701  0.12686567]
Test distribution: [ 0.09848485  0.15909091  0.09090909  0.13636364  0.12121212  0.15909091  0.11363636  0.12121212]
	accuracy = 50.000%
Train distribution: [ 0.12686567  0.11567164  0.1380597   0.12313433  0.1380597   0.10447761  0.12686567  0.12686567]
Test distribution: [ 0.12121212  0.14393939  0.09848485  0.12878788  0.09848485  0.16666667  0.12121212  0.12121212]
	accuracy = 51.515%
Train distribution: [ 0.13059701  0.13432836  0.13432836  0.12686567  0.11940299  0.12313433  0.11567164  0.11567164]
Test distribution: [ 0.11363636  0.10606061  0.10606061  0.12121212  0.13636364  0.12878788  0.14393939  0.14393939]
	accuracy = 45.455%
Train distribution: [ 0.12686567  0.11940299  0.13059701  0.1380597   0.12313433  0.11940299  0.11940299  0.12313433]
Test distribution: [ 0.12121212  0.13636364  0.11363636  0.09848485  0.12878788  0.13636364  0.13636364  0.12878788]
	accuracy = 54.545%
Train distribution: [ 0.12686567  0.1119403   0.12313433  0.12313433  0.12686567  0.1119403   0.14552239  0.13059701]
Test distribution: [ 0.12121212  0.15151515  0.12878788  0.12878788  0.12121212  0.15151515  0.08333333  0.11363636]
	accuracy = 45.455%
Train distribution: [ 0.13059701  0.11940299  0.12313433  0.12313433  0.11940299  0.12686567  0.12686567  0.13059701]
Test distribution: [ 0.11363636  0.13636364  0.12878788  0.12878788  0.13636364  0.12121212  0.12121212  0.11363636]
	accuracy = 47.727%
Train distribution: [ 0.1380597   0.1119403   0.1380597   0.13059701  0.1119403   0.10820896  0.12686567  0.13432836]
Test distribution: [ 0.09848485  0.15151515  0.09848485  0.11363636  0.15151515  0.15909091  0.12121212  0.10606061]
	accuracy = 56.061%
Train distribution: [ 0.14179104  0.13059701  0.11567164  0.12686567  0.14179104  0.10074627  0.12313433  0.11940299]
Test distribution: [ 0.09090909  0.11363636  0.14393939  0.12121212  0.09090909  0.17424242  0.12878788  0.13636364]
	accuracy = 52.273%
Train distribution: [ 0.14179104  0.12313433  0.11567164  0.11567164  0.14179104  0.11940299  0.12313433  0.11940299]
Test distribution: [ 0.09090909  0.12878788  0.14393939  0.14393939  0.09090909  0.13636364  0.12878788  0.13636364]
	accuracy = 51.515%
Train distribution: [ 0.13059701  0.11940299  0.13432836  0.13059701  0.11940299  0.13432836  0.13059701  0.10074627]
Test distribution: [ 0.11363636  0.13636364  0.10606061  0.11363636  0.13636364  0.10606061  0.11363636  0.17424242]
	accuracy = 52.273%
Train distribution: [ 0.11940299  0.12313433  0.11567164  0.10820896  0.12686567  0.1380597   0.12686567  0.14179104]
Test distribution: [ 0.13636364  0.12878788  0.14393939  0.15909091  0.12121212  0.09848485  0.12121212  0.09090909]
	accuracy = 46.212%
Train distribution: [ 0.11940299  0.11940299  0.11940299  0.13059701  0.13059701  0.12686567  0.1119403   0.14179104]
Test distribution: [ 0.13636364  0.13636364  0.13636364  0.11363636  0.11363636  0.12121212  0.15151515  0.09090909]
	accuracy = 43.182%
Train distribution: [ 0.11940299  0.13059701  0.13059701  0.1380597   0.11940299  0.11940299  0.11940299  0.12313433]
Test distribution: [ 0.13636364  0.11363636  0.11363636  0.09848485  0.13636364  0.13636364  0.13636364  0.12878788]
	accuracy = 48.485%
Train distribution: [ 0.09701493  0.13059701  0.1380597   0.11940299  0.1119403   0.14552239  0.1380597   0.11940299]
Test distribution: [ 0.18181818  0.11363636  0.09848485  0.13636364  0.15151515  0.08333333  0.09848485  0.13636364]
	accuracy = 52.273%
Train distribution: [ 0.12686567  0.11940299  0.13059701  0.13432836  0.13059701  0.12686567  0.12686567  0.10447761]
Test distribution: [ 0.12121212  0.13636364  0.11363636  0.10606061  0.11363636  0.12121212  0.12121212  0.16666667]
	accuracy = 46.970%
Train distribution: [ 0.12686567  0.13432836  0.12313433  0.11567164  0.13059701  0.12313433  0.12686567  0.11940299]
Test distribution: [ 0.12121212  0.10606061  0.12878788  0.14393939  0.11363636  0.12878788  0.12121212  0.13636364]
	accuracy = 47.727%
Train distribution: [ 0.13432836  0.11567164  0.14179104  0.12686567  0.14552239  0.10820896  0.10820896  0.11940299]
Test distribution: [ 0.10606061  0.14393939  0.09090909  0.12121212  0.08333333  0.15909091  0.15909091  0.13636364]
	accuracy = 45.455%
Train distribution: [ 0.14925373  0.1119403   0.11940299  0.13059701  0.14179104  0.10820896  0.12686567  0.1119403 ]
Test distribution: [ 0.07575758  0.15151515  0.13636364  0.11363636  0.09090909  0.15909091  0.12121212  0.15151515]
	accuracy = 43.939%
Train distribution: [ 0.12686567  0.12686567  0.1119403   0.13432836  0.12313433  0.12313433  0.13059701  0.12313433]
Test distribution: [ 0.12121212  0.12121212  0.15151515  0.10606061  0.12878788  0.12878788  0.11363636  0.12878788]
	accuracy = 49.242%
Train distribution: [ 0.10447761  0.1119403   0.11940299  0.13059701  0.14179104  0.1380597   0.12686567  0.12686567]
Test distribution: [ 0.16666667  0.15151515  0.13636364  0.11363636  0.09090909  0.09848485  0.12121212  0.12121212]
	accuracy = 45.455%
>>> average accuracy = 48.788%
percentage = 50.00%
Train distribution: [ 0.12313433  0.1119403   0.13059701  0.13432836  0.13059701  0.1119403   0.14179104  0.11567164]
Test distribution: [ 0.12878788  0.15151515  0.11363636  0.10606061  0.11363636  0.15151515  0.09090909  0.14393939]
	accuracy = 54.545%
Train distribution: [ 0.12686567  0.13059701  0.09701493  0.10447761  0.1380597   0.14552239  0.13059701  0.12686567]
Test distribution: [ 0.12121212  0.11363636  0.18181818  0.16666667  0.09848485  0.08333333  0.11363636  0.12121212]
	accuracy = 46.970%
Train distribution: [ 0.11567164  0.12313433  0.11567164  0.1119403   0.13059701  0.13059701  0.14925373  0.12313433]
Test distribution: [ 0.14393939  0.12878788  0.14393939  0.15151515  0.11363636  0.11363636  0.07575758  0.12878788]
	accuracy = 46.970%
Train distribution: [ 0.1380597   0.12686567  0.14179104  0.12313433  0.11567164  0.12313433  0.12313433  0.10820896]
Test distribution: [ 0.09848485  0.12121212  0.09090909  0.12878788  0.14393939  0.12878788  0.12878788  0.15909091]
	accuracy = 53.788%
Train distribution: [ 0.1119403   0.1380597   0.12686567  0.13432836  0.13059701  0.11567164  0.11567164  0.12686567]
Test distribution: [ 0.15151515  0.09848485  0.12121212  0.10606061  0.11363636  0.14393939  0.14393939  0.12121212]
	accuracy = 54.545%
Train distribution: [ 0.11567164  0.13432836  0.12313433  0.14179104  0.10447761  0.14179104  0.11567164  0.12313433]
Test distribution: [ 0.14393939  0.10606061  0.12878788  0.09090909  0.16666667  0.09090909  0.14393939  0.12878788]
	accuracy = 48.485%
Train distribution: [ 0.13059701  0.12313433  0.11940299  0.13432836  0.09701493  0.11940299  0.12686567  0.14925373]
Test distribution: [ 0.11363636  0.12878788  0.13636364  0.10606061  0.18181818  0.13636364  0.12121212  0.07575758]
	accuracy = 53.788%
Train distribution: [ 0.13432836  0.13432836  0.14179104  0.1380597   0.08955224  0.15671642  0.09328358  0.1119403 ]
Test distribution: [ 0.10606061  0.10606061  0.09090909  0.09848485  0.1969697   0.06060606  0.18939394  0.15151515]
	accuracy = 50.758%
Train distribution: [ 0.10820896  0.1380597   0.10447761  0.13432836  0.1380597   0.11940299  0.12313433  0.13432836]
Test distribution: [ 0.15909091  0.09848485  0.16666667  0.10606061  0.09848485  0.13636364  0.12878788  0.10606061]
	accuracy = 55.303%
Train distribution: [ 0.12686567  0.11940299  0.12313433  0.14925373  0.12313433  0.11940299  0.12686567  0.1119403 ]
Test distribution: [ 0.12121212  0.13636364  0.12878788  0.07575758  0.12878788  0.13636364  0.12121212  0.15151515]
	accuracy = 49.242%
Train distribution: [ 0.11940299  0.13432836  0.1119403   0.12686567  0.11567164  0.13432836  0.13059701  0.12686567]
Test distribution: [ 0.13636364  0.10606061  0.15151515  0.12121212  0.14393939  0.10606061  0.11363636  0.12121212]
	accuracy = 48.485%
Train distribution: [ 0.14179104  0.11940299  0.12686567  0.11940299  0.12313433  0.1380597   0.12313433  0.10820896]
Test distribution: [ 0.09090909  0.13636364  0.12121212  0.13636364  0.12878788  0.09848485  0.12878788  0.15909091]
	accuracy = 54.545%
Train distribution: [ 0.12313433  0.13432836  0.1380597   0.13432836  0.1119403   0.12686567  0.1119403   0.11940299]
Test distribution: [ 0.12878788  0.10606061  0.09848485  0.10606061  0.15151515  0.12121212  0.15151515  0.13636364]
	accuracy = 59.091%
Train distribution: [ 0.11940299  0.1119403   0.14179104  0.15298507  0.12313433  0.09701493  0.12686567  0.12686567]
Test distribution: [ 0.13636364  0.15151515  0.09090909  0.06818182  0.12878788  0.18181818  0.12121212  0.12121212]
	accuracy = 62.879%
Train distribution: [ 0.11567164  0.13059701  0.12686567  0.11940299  0.14552239  0.10447761  0.11567164  0.14179104]
Test distribution: [ 0.14393939  0.11363636  0.12121212  0.13636364  0.08333333  0.16666667  0.14393939  0.09090909]
	accuracy = 50.000%
Train distribution: [ 0.10074627  0.10447761  0.1119403   0.14179104  0.14552239  0.13059701  0.12686567  0.1380597 ]
Test distribution: [ 0.17424242  0.16666667  0.15151515  0.09090909  0.08333333  0.11363636  0.12121212  0.09848485]
	accuracy = 45.455%
Train distribution: [ 0.1119403   0.10820896  0.13432836  0.14179104  0.13059701  0.13059701  0.13059701  0.1119403 ]
Test distribution: [ 0.15151515  0.15909091  0.10606061  0.09090909  0.11363636  0.11363636  0.11363636  0.15151515]
	accuracy = 56.818%
Train distribution: [ 0.1119403   0.12313433  0.12686567  0.11940299  0.10820896  0.14179104  0.13432836  0.13432836]
Test distribution: [ 0.15151515  0.12878788  0.12121212  0.13636364  0.15909091  0.09090909  0.10606061  0.10606061]
	accuracy = 44.697%
Train distribution: [ 0.1380597   0.12313433  0.12313433  0.13432836  0.10820896  0.11940299  0.1119403   0.14179104]
Test distribution: [ 0.09848485  0.12878788  0.12878788  0.10606061  0.15909091  0.13636364  0.15151515  0.09090909]
	accuracy = 59.848%
Train distribution: [ 0.12686567  0.12686567  0.10820896  0.13059701  0.11567164  0.14179104  0.12686567  0.12313433]
Test distribution: [ 0.12121212  0.12121212  0.15909091  0.11363636  0.14393939  0.09090909  0.12121212  0.12878788]
	accuracy = 53.788%
>>> average accuracy = 52.500%
percentage = 60.00%
Train distribution: [ 0.1119403   0.13059701  0.12686567  0.13432836  0.11940299  0.12686567  0.14179104  0.10820896]
Test distribution: [ 0.15151515  0.11363636  0.12121212  0.10606061  0.13636364  0.12121212  0.09090909  0.15909091]
	accuracy = 55.303%
Train distribution: [ 0.12313433  0.1380597   0.14179104  0.10820896  0.1119403   0.14552239  0.10074627  0.13059701]
Test distribution: [ 0.12878788  0.09848485  0.09090909  0.15909091  0.15151515  0.08333333  0.17424242  0.11363636]
	accuracy = 50.000%
Train distribution: [ 0.13432836  0.14925373  0.13059701  0.1119403   0.10447761  0.12313433  0.11940299  0.12686567]
Test distribution: [ 0.10606061  0.07575758  0.11363636  0.15151515  0.16666667  0.12878788  0.13636364  0.12121212]
	accuracy = 59.848%
Train distribution: [ 0.12313433  0.1380597   0.13059701  0.1380597   0.10820896  0.12686567  0.12686567  0.10820896]
Test distribution: [ 0.12878788  0.09848485  0.11363636  0.09848485  0.15909091  0.12121212  0.12121212  0.15909091]
	accuracy = 53.030%
Train distribution: [ 0.12686567  0.10820896  0.10820896  0.13059701  0.12686567  0.11940299  0.13432836  0.14552239]
Test distribution: [ 0.12121212  0.15909091  0.15909091  0.11363636  0.12121212  0.13636364  0.10606061  0.08333333]
	accuracy = 57.576%
Train distribution: [ 0.12686567  0.12686567  0.12313433  0.11940299  0.1380597   0.1119403   0.12313433  0.13059701]
Test distribution: [ 0.12121212  0.12121212  0.12878788  0.13636364  0.09848485  0.15151515  0.12878788  0.11363636]
	accuracy = 50.000%
Train distribution: [ 0.11567164  0.14179104  0.1380597   0.12313433  0.10820896  0.11940299  0.13059701  0.12313433]
Test distribution: [ 0.14393939  0.09090909  0.09848485  0.12878788  0.15909091  0.13636364  0.11363636  0.12878788]
	accuracy = 57.576%
Train distribution: [ 0.14552239  0.11567164  0.12313433  0.13059701  0.1119403   0.12313433  0.13432836  0.11567164]
Test distribution: [ 0.08333333  0.14393939  0.12878788  0.11363636  0.15151515  0.12878788  0.10606061  0.14393939]
	accuracy = 46.212%
Train distribution: [ 0.12313433  0.14552239  0.13432836  0.11940299  0.12313433  0.0858209   0.12686567  0.14179104]
Test distribution: [ 0.12878788  0.08333333  0.10606061  0.13636364  0.12878788  0.20454545  0.12121212  0.09090909]
	accuracy = 49.242%
Train distribution: [ 0.11940299  0.13059701  0.12313433  0.12686567  0.13432836  0.1380597   0.10074627  0.12686567]
Test distribution: [ 0.13636364  0.11363636  0.12878788  0.12121212  0.10606061  0.09848485  0.17424242  0.12121212]
	accuracy = 59.848%
Train distribution: [ 0.11567164  0.12686567  0.1380597   0.11567164  0.13432836  0.11940299  0.13059701  0.11940299]
Test distribution: [ 0.14393939  0.12121212  0.09848485  0.14393939  0.10606061  0.13636364  0.11363636  0.13636364]
	accuracy = 50.758%
Train distribution: [ 0.13432836  0.1119403   0.1119403   0.14179104  0.11940299  0.13432836  0.13059701  0.11567164]
Test distribution: [ 0.10606061  0.15151515  0.15151515  0.09090909  0.13636364  0.10606061  0.11363636  0.14393939]
	accuracy = 58.333%
Train distribution: [ 0.12686567  0.12313433  0.1380597   0.12313433  0.11567164  0.12313433  0.13059701  0.11940299]
Test distribution: [ 0.12121212  0.12878788  0.09848485  0.12878788  0.14393939  0.12878788  0.11363636  0.13636364]
	accuracy = 56.061%
Train distribution: [ 0.10820896  0.13432836  0.13432836  0.10820896  0.13432836  0.11567164  0.13432836  0.13059701]
Test distribution: [ 0.15909091  0.10606061  0.10606061  0.15909091  0.10606061  0.14393939  0.10606061  0.11363636]
	accuracy = 46.970%
Train distribution: [ 0.13059701  0.10820896  0.10820896  0.14179104  0.12686567  0.1380597   0.12686567  0.11940299]
Test distribution: [ 0.11363636  0.15909091  0.15909091  0.09090909  0.12121212  0.09848485  0.12121212  0.13636364]
	accuracy = 56.061%
Train distribution: [ 0.1119403   0.11940299  0.1119403   0.12686567  0.15298507  0.1380597   0.11940299  0.11940299]
Test distribution: [ 0.15151515  0.13636364  0.15151515  0.12121212  0.06818182  0.09848485  0.13636364  0.13636364]
	accuracy = 50.758%
Train distribution: [ 0.1380597   0.10447761  0.11940299  0.1380597   0.12686567  0.11940299  0.13059701  0.12313433]
Test distribution: [ 0.09848485  0.16666667  0.13636364  0.09848485  0.12121212  0.13636364  0.11363636  0.12878788]
	accuracy = 57.576%
Train distribution: [ 0.12686567  0.13059701  0.1119403   0.1380597   0.1380597   0.12313433  0.10820896  0.12313433]
Test distribution: [ 0.12121212  0.11363636  0.15151515  0.09848485  0.09848485  0.12878788  0.15909091  0.12878788]
	accuracy = 53.788%
Train distribution: [ 0.11567164  0.12313433  0.12313433  0.12313433  0.11567164  0.11940299  0.14552239  0.13432836]
Test distribution: [ 0.14393939  0.12878788  0.12878788  0.12878788  0.14393939  0.13636364  0.08333333  0.10606061]
	accuracy = 54.545%
Train distribution: [ 0.13059701  0.11940299  0.12686567  0.10820896  0.13432836  0.13059701  0.13059701  0.11940299]
Test distribution: [ 0.11363636  0.13636364  0.12121212  0.15909091  0.10606061  0.11363636  0.11363636  0.13636364]
	accuracy = 46.970%
>>> average accuracy = 53.523%
percentage = 70.00%
Train distribution: [ 0.12313433  0.12686567  0.11567164  0.14552239  0.1119403   0.10820896  0.13432836  0.13432836]
Test distribution: [ 0.12878788  0.12121212  0.14393939  0.08333333  0.15151515  0.15909091  0.10606061  0.10606061]
	accuracy = 53.788%
Train distribution: [ 0.12313433  0.12686567  0.11940299  0.13059701  0.14179104  0.12686567  0.10820896  0.12313433]
Test distribution: [ 0.12878788  0.12121212  0.13636364  0.11363636  0.09090909  0.12121212  0.15909091  0.12878788]
	accuracy = 48.485%
Train distribution: [ 0.10447761  0.11940299  0.10447761  0.1380597   0.1380597   0.14179104  0.11567164  0.1380597 ]
Test distribution: [ 0.16666667  0.13636364  0.16666667  0.09848485  0.09848485  0.09090909  0.14393939  0.09848485]
	accuracy = 53.030%
Train distribution: [ 0.12313433  0.12313433  0.11567164  0.10447761  0.12313433  0.13059701  0.13432836  0.14552239]
Test distribution: [ 0.12878788  0.12878788  0.14393939  0.16666667  0.12878788  0.11363636  0.10606061  0.08333333]
	accuracy = 51.515%
Train distribution: [ 0.11940299  0.12686567  0.13059701  0.11940299  0.12313433  0.12686567  0.12313433  0.13059701]
Test distribution: [ 0.13636364  0.12121212  0.11363636  0.13636364  0.12878788  0.12121212  0.12878788  0.11363636]
	accuracy = 54.545%
Train distribution: [ 0.1119403   0.14925373  0.13059701  0.11940299  0.15298507  0.1119403   0.10820896  0.11567164]
Test distribution: [ 0.15151515  0.07575758  0.11363636  0.13636364  0.06818182  0.15151515  0.15909091  0.14393939]
	accuracy = 48.485%
Train distribution: [ 0.1119403   0.14179104  0.12686567  0.13059701  0.13059701  0.13059701  0.10820896  0.11940299]
Test distribution: [ 0.15151515  0.09090909  0.12121212  0.11363636  0.11363636  0.11363636  0.15909091  0.13636364]
	accuracy = 49.242%
Train distribution: [ 0.13059701  0.12313433  0.13432836  0.10447761  0.12313433  0.11567164  0.15298507  0.11567164]
Test distribution: [ 0.11363636  0.12878788  0.10606061  0.16666667  0.12878788  0.14393939  0.06818182  0.14393939]
	accuracy = 58.333%
Train distribution: [ 0.13432836  0.13059701  0.13059701  0.12313433  0.13059701  0.12686567  0.10447761  0.11940299]
Test distribution: [ 0.10606061  0.11363636  0.11363636  0.12878788  0.11363636  0.12121212  0.16666667  0.13636364]
	accuracy = 50.000%
Train distribution: [ 0.12313433  0.15298507  0.10074627  0.13059701  0.13059701  0.12686567  0.1119403   0.12313433]
Test distribution: [ 0.12878788  0.06818182  0.17424242  0.11363636  0.11363636  0.12121212  0.15151515  0.12878788]
	accuracy = 54.545%
Train distribution: [ 0.11567164  0.13432836  0.13059701  0.11567164  0.12686567  0.10074627  0.12313433  0.15298507]
Test distribution: [ 0.14393939  0.10606061  0.11363636  0.14393939  0.12121212  0.17424242  0.12878788  0.06818182]
	accuracy = 55.303%
Train distribution: [ 0.12686567  0.11940299  0.1119403   0.10447761  0.15298507  0.13059701  0.11940299  0.13432836]
Test distribution: [ 0.12121212  0.13636364  0.15151515  0.16666667  0.06818182  0.11363636  0.13636364  0.10606061]
	accuracy = 53.030%
Train distribution: [ 0.10447761  0.11567164  0.12686567  0.13432836  0.14179104  0.12313433  0.13432836  0.11940299]
Test distribution: [ 0.16666667  0.14393939  0.12121212  0.10606061  0.09090909  0.12878788  0.10606061  0.13636364]
	accuracy = 55.303%
Train distribution: [ 0.14552239  0.12686567  0.12686567  0.08955224  0.1380597   0.13059701  0.11940299  0.12313433]
Test distribution: [ 0.08333333  0.12121212  0.12121212  0.1969697   0.09848485  0.11363636  0.13636364  0.12878788]
	accuracy = 53.030%
Train distribution: [ 0.1119403   0.13059701  0.12313433  0.11567164  0.11940299  0.11940299  0.1380597   0.14179104]
Test distribution: [ 0.15151515  0.11363636  0.12878788  0.14393939  0.13636364  0.13636364  0.09848485  0.09090909]
	accuracy = 67.424%
Train distribution: [ 0.11567164  0.12313433  0.1119403   0.11940299  0.12686567  0.1380597   0.12313433  0.14179104]
Test distribution: [ 0.14393939  0.12878788  0.15151515  0.13636364  0.12121212  0.09848485  0.12878788  0.09090909]
	accuracy = 53.788%
Train distribution: [ 0.12313433  0.11567164  0.14179104  0.1119403   0.10820896  0.12686567  0.14925373  0.12313433]
Test distribution: [ 0.12878788  0.14393939  0.09090909  0.15151515  0.15909091  0.12121212  0.07575758  0.12878788]
	accuracy = 53.788%
Train distribution: [ 0.12313433  0.1380597   0.11567164  0.11940299  0.11940299  0.13432836  0.11567164  0.13432836]
Test distribution: [ 0.12878788  0.09848485  0.14393939  0.13636364  0.13636364  0.10606061  0.14393939  0.10606061]
	accuracy = 56.061%
Train distribution: [ 0.13432836  0.12686567  0.10447761  0.12313433  0.12313433  0.12686567  0.12686567  0.13432836]
Test distribution: [ 0.10606061  0.12121212  0.16666667  0.12878788  0.12878788  0.12121212  0.12121212  0.10606061]
	accuracy = 46.970%
Train distribution: [ 0.13059701  0.11940299  0.10820896  0.12313433  0.13059701  0.11567164  0.13432836  0.1380597 ]
Test distribution: [ 0.11363636  0.13636364  0.15909091  0.12878788  0.11363636  0.14393939  0.10606061  0.09848485]
	accuracy = 56.818%
>>> average accuracy = 53.674%
percentage = 80.00%
Train distribution: [ 0.13432836  0.11940299  0.14552239  0.12313433  0.1119403   0.11567164  0.12313433  0.12686567]
Test distribution: [ 0.10606061  0.13636364  0.08333333  0.12878788  0.15151515  0.14393939  0.12878788  0.12121212]
	accuracy = 57.576%
Train distribution: [ 0.1119403   0.13432836  0.12686567  0.1119403   0.11567164  0.1380597   0.1380597   0.12313433]
Test distribution: [ 0.15151515  0.10606061  0.12121212  0.15151515  0.14393939  0.09848485  0.09848485  0.12878788]
	accuracy = 56.061%
Train distribution: [ 0.1119403   0.13059701  0.12686567  0.11940299  0.11940299  0.11940299  0.1380597   0.13432836]
Test distribution: [ 0.15151515  0.11363636  0.12121212  0.13636364  0.13636364  0.13636364  0.09848485  0.10606061]
	accuracy = 51.515%
Train distribution: [ 0.10447761  0.12313433  0.11940299  0.14552239  0.1119403   0.12313433  0.14179104  0.13059701]
Test distribution: [ 0.16666667  0.12878788  0.13636364  0.08333333  0.15151515  0.12878788  0.09090909  0.11363636]
	accuracy = 51.515%
Train distribution: [ 0.12686567  0.13059701  0.11567164  0.13432836  0.10074627  0.14179104  0.1119403   0.1380597 ]
Test distribution: [ 0.12121212  0.11363636  0.14393939  0.10606061  0.17424242  0.09090909  0.15151515  0.09848485]
	accuracy = 53.030%
Train distribution: [ 0.12313433  0.13059701  0.11940299  0.13059701  0.11567164  0.13059701  0.10447761  0.14552239]
Test distribution: [ 0.12878788  0.11363636  0.13636364  0.11363636  0.14393939  0.11363636  0.16666667  0.08333333]
	accuracy = 49.242%
Train distribution: [ 0.13059701  0.10447761  0.1380597   0.1380597   0.12313433  0.12313433  0.13432836  0.10820896]
Test distribution: [ 0.11363636  0.16666667  0.09848485  0.09848485  0.12878788  0.12878788  0.10606061  0.15909091]
	accuracy = 59.848%
Train distribution: [ 0.1119403   0.14552239  0.11940299  0.1119403   0.11567164  0.14179104  0.12686567  0.12686567]
Test distribution: [ 0.15151515  0.08333333  0.13636364  0.15151515  0.14393939  0.09090909  0.12121212  0.12121212]
	accuracy = 50.758%
Train distribution: [ 0.14552239  0.11567164  0.12686567  0.14552239  0.10447761  0.1380597   0.10447761  0.11940299]
Test distribution: [ 0.08333333  0.14393939  0.12121212  0.08333333  0.16666667  0.09848485  0.16666667  0.13636364]
	accuracy = 46.970%
Train distribution: [ 0.11940299  0.14179104  0.1380597   0.12313433  0.14179104  0.12686567  0.10074627  0.10820896]
Test distribution: [ 0.13636364  0.09090909  0.09848485  0.12878788  0.09090909  0.12121212  0.17424242  0.15909091]
	accuracy = 49.242%
Train distribution: [ 0.1119403   0.13059701  0.1380597   0.11567164  0.11567164  0.1380597   0.13432836  0.11567164]
Test distribution: [ 0.15151515  0.11363636  0.09848485  0.14393939  0.14393939  0.09848485  0.10606061  0.14393939]
	accuracy = 50.758%
Train distribution: [ 0.12313433  0.1380597   0.10820896  0.13432836  0.13432836  0.11940299  0.12313433  0.11940299]
Test distribution: [ 0.12878788  0.09848485  0.15909091  0.10606061  0.10606061  0.13636364  0.12878788  0.13636364]
	accuracy = 55.303%
Train distribution: [ 0.11940299  0.11940299  0.12313433  0.11567164  0.13059701  0.11940299  0.14179104  0.13059701]
Test distribution: [ 0.13636364  0.13636364  0.12878788  0.14393939  0.11363636  0.13636364  0.09090909  0.11363636]
	accuracy = 56.061%
Train distribution: [ 0.12313433  0.10074627  0.15298507  0.12686567  0.12313433  0.11567164  0.12686567  0.13059701]
Test distribution: [ 0.12878788  0.17424242  0.06818182  0.12121212  0.12878788  0.14393939  0.12121212  0.11363636]
	accuracy = 56.061%
Train distribution: [ 0.12313433  0.12313433  0.14552239  0.10820896  0.12686567  0.12686567  0.10447761  0.14179104]
Test distribution: [ 0.12878788  0.12878788  0.08333333  0.15909091  0.12121212  0.12121212  0.16666667  0.09090909]
	accuracy = 65.152%
Train distribution: [ 0.11940299  0.12313433  0.11940299  0.13059701  0.12313433  0.12686567  0.11940299  0.1380597 ]
Test distribution: [ 0.13636364  0.12878788  0.13636364  0.11363636  0.12878788  0.12121212  0.13636364  0.09848485]
	accuracy = 62.121%
Train distribution: [ 0.13432836  0.12313433  0.12686567  0.12313433  0.12686567  0.11940299  0.12313433  0.12313433]
Test distribution: [ 0.10606061  0.12878788  0.12121212  0.12878788  0.12121212  0.13636364  0.12878788  0.12878788]
	accuracy = 53.030%
Train distribution: [ 0.11567164  0.1380597   0.1380597   0.14925373  0.11940299  0.10074627  0.13432836  0.10447761]
Test distribution: [ 0.14393939  0.09848485  0.09848485  0.07575758  0.13636364  0.17424242  0.10606061  0.16666667]
	accuracy = 59.848%
Train distribution: [ 0.11940299  0.12313433  0.12313433  0.11567164  0.13059701  0.13432836  0.12313433  0.13059701]
Test distribution: [ 0.13636364  0.12878788  0.12878788  0.14393939  0.11363636  0.10606061  0.12878788  0.11363636]
	accuracy = 61.364%
Train distribution: [ 0.14552239  0.12313433  0.12313433  0.10820896  0.12313433  0.12313433  0.13059701  0.12313433]
Test distribution: [ 0.08333333  0.12878788  0.12878788  0.15909091  0.12878788  0.12878788  0.11363636  0.12878788]
	accuracy = 51.515%
>>> average accuracy = 54.848%
percentage = 90.00%
Train distribution: [ 0.13432836  0.11940299  0.13059701  0.12313433  0.11940299  0.12313433  0.12686567  0.12313433]
Test distribution: [ 0.10606061  0.13636364  0.11363636  0.12878788  0.13636364  0.12878788  0.12121212  0.12878788]
	accuracy = 59.848%
Train distribution: [ 0.11567164  0.12313433  0.13059701  0.11567164  0.12313433  0.12686567  0.13432836  0.13059701]
Test distribution: [ 0.14393939  0.12878788  0.11363636  0.14393939  0.12878788  0.12121212  0.10606061  0.11363636]
	accuracy = 56.818%
Train distribution: [ 0.14925373  0.10820896  0.11567164  0.13432836  0.11940299  0.1119403   0.1380597   0.12313433]
Test distribution: [ 0.07575758  0.15909091  0.14393939  0.10606061  0.13636364  0.15151515  0.09848485  0.12878788]
	accuracy = 50.758%
Train distribution: [ 0.12686567  0.13432836  0.11567164  0.12686567  0.10074627  0.1380597   0.13059701  0.12686567]
Test distribution: [ 0.12121212  0.10606061  0.14393939  0.12121212  0.17424242  0.09848485  0.11363636  0.12121212]
	accuracy = 47.727%
Train distribution: [ 0.1119403   0.12686567  0.11567164  0.10074627  0.15671642  0.14179104  0.11567164  0.13059701]
Test distribution: [ 0.15151515  0.12121212  0.14393939  0.17424242  0.06060606  0.09090909  0.14393939  0.11363636]
	accuracy = 43.939%
Train distribution: [ 0.13059701  0.11567164  0.13059701  0.11940299  0.13059701  0.10820896  0.12686567  0.1380597 ]
Test distribution: [ 0.11363636  0.14393939  0.11363636  0.13636364  0.11363636  0.15909091  0.12121212  0.09848485]
	accuracy = 54.545%
Train distribution: [ 0.13059701  0.1119403   0.1119403   0.14552239  0.13059701  0.12686567  0.11940299  0.12313433]
Test distribution: [ 0.11363636  0.15151515  0.15151515  0.08333333  0.11363636  0.12121212  0.13636364  0.12878788]
	accuracy = 52.273%
Train distribution: [ 0.13432836  0.11940299  0.11940299  0.12686567  0.13432836  0.11940299  0.12313433  0.12313433]
Test distribution: [ 0.10606061  0.13636364  0.13636364  0.12121212  0.10606061  0.13636364  0.12878788  0.12878788]
	accuracy = 50.758%
Train distribution: [ 0.11940299  0.10820896  0.1380597   0.13059701  0.12313433  0.1380597   0.11940299  0.12313433]
Test distribution: [ 0.13636364  0.15909091  0.09848485  0.11363636  0.12878788  0.09848485  0.13636364  0.12878788]
	accuracy = 57.576%
Train distribution: [ 0.12686567  0.14179104  0.11940299  0.14179104  0.12313433  0.10074627  0.11567164  0.13059701]
Test distribution: [ 0.12121212  0.09090909  0.13636364  0.09090909  0.12878788  0.17424242  0.14393939  0.11363636]
	accuracy = 61.364%
Train distribution: [ 0.11940299  0.13059701  0.12686567  0.13059701  0.11567164  0.13432836  0.11567164  0.12686567]
Test distribution: [ 0.13636364  0.11363636  0.12121212  0.11363636  0.14393939  0.10606061  0.14393939  0.12121212]
	accuracy = 58.333%
Train distribution: [ 0.11567164  0.1119403   0.12686567  0.11940299  0.14552239  0.13059701  0.13059701  0.11940299]
Test distribution: [ 0.14393939  0.15151515  0.12121212  0.13636364  0.08333333  0.11363636  0.11363636  0.13636364]
	accuracy = 46.970%
Train distribution: [ 0.10447761  0.12686567  0.16044776  0.1119403   0.11940299  0.12313433  0.12313433  0.13059701]
Test distribution: [ 0.16666667  0.12121212  0.0530303   0.15151515  0.13636364  0.12878788  0.12878788  0.11363636]
	accuracy = 52.273%
Train distribution: [ 0.1119403   0.12686567  0.13432836  0.12313433  0.12686567  0.11567164  0.12686567  0.13432836]
Test distribution: [ 0.15151515  0.12121212  0.10606061  0.12878788  0.12121212  0.14393939  0.12121212  0.10606061]
	accuracy = 51.515%
Train distribution: [ 0.12686567  0.13432836  0.12686567  0.13059701  0.1119403   0.12686567  0.1380597   0.10447761]
Test distribution: [ 0.12121212  0.10606061  0.12121212  0.11363636  0.15151515  0.12121212  0.09848485  0.16666667]
	accuracy = 56.061%
Train distribution: [ 0.12686567  0.11940299  0.12313433  0.14179104  0.1380597   0.11567164  0.10820896  0.12686567]
Test distribution: [ 0.12121212  0.13636364  0.12878788  0.09090909  0.09848485  0.14393939  0.15909091  0.12121212]
	accuracy = 55.303%
Train distribution: [ 0.1119403   0.10447761  0.13059701  0.13432836  0.13432836  0.12313433  0.13059701  0.13059701]
Test distribution: [ 0.15151515  0.16666667  0.11363636  0.10606061  0.10606061  0.12878788  0.11363636  0.11363636]
	accuracy = 65.909%
Train distribution: [ 0.12686567  0.1380597   0.12686567  0.12686567  0.11940299  0.1119403   0.13059701  0.11940299]
Test distribution: [ 0.12121212  0.09848485  0.12121212  0.12121212  0.13636364  0.15151515  0.11363636  0.13636364]
	accuracy = 57.576%
Train distribution: [ 0.12313433  0.11567164  0.14552239  0.12313433  0.09328358  0.13432836  0.12313433  0.14179104]
Test distribution: [ 0.12878788  0.14393939  0.08333333  0.12878788  0.18939394  0.10606061  0.12878788  0.09090909]
	accuracy = 58.333%
Train distribution: [ 0.12313433  0.10820896  0.11567164  0.1380597   0.11940299  0.1119403   0.14179104  0.14179104]
Test distribution: [ 0.12878788  0.15909091  0.14393939  0.09848485  0.13636364  0.15151515  0.09090909  0.09090909]
	accuracy = 53.030%
>>> average accuracy = 54.545%
percentage = 100.00%
Train distribution: [ 0.10820896  0.11940299  0.14552239  0.13432836  0.13059701  0.10820896  0.1380597   0.11567164]
Test distribution: [ 0.15909091  0.13636364  0.08333333  0.10606061  0.11363636  0.15909091  0.09848485  0.14393939]
	accuracy = 56.061%
Train distribution: [ 0.11567164  0.1380597   0.1119403   0.11567164  0.14179104  0.14552239  0.12686567  0.10447761]
Test distribution: [ 0.14393939  0.09848485  0.15151515  0.14393939  0.09090909  0.08333333  0.12121212  0.16666667]
	accuracy = 43.939%
Train distribution: [ 0.13059701  0.13432836  0.11940299  0.11567164  0.1380597   0.13059701  0.11567164  0.11567164]
Test distribution: [ 0.11363636  0.10606061  0.13636364  0.14393939  0.09848485  0.11363636  0.14393939  0.14393939]
	accuracy = 40.909%
Train distribution: [ 0.12686567  0.14179104  0.1380597   0.13432836  0.12686567  0.11567164  0.09701493  0.11940299]
Test distribution: [ 0.12121212  0.09090909  0.09848485  0.10606061  0.12121212  0.14393939  0.18181818  0.13636364]
	accuracy = 51.515%
Train distribution: [ 0.12313433  0.11567164  0.11940299  0.10074627  0.14552239  0.14179104  0.13432836  0.11940299]
Test distribution: [ 0.12878788  0.14393939  0.13636364  0.17424242  0.08333333  0.09090909  0.10606061  0.13636364]
	accuracy = 56.818%
Train distribution: [ 0.10074627  0.11940299  0.1380597   0.11940299  0.14552239  0.13059701  0.13059701  0.11567164]
Test distribution: [ 0.17424242  0.13636364  0.09848485  0.13636364  0.08333333  0.11363636  0.11363636  0.14393939]
	accuracy = 50.000%
Train distribution: [ 0.10820896  0.13432836  0.13059701  0.13432836  0.11567164  0.14179104  0.10820896  0.12686567]
Test distribution: [ 0.15909091  0.10606061  0.11363636  0.10606061  0.14393939  0.09090909  0.15909091  0.12121212]
	accuracy = 52.273%
Train distribution: [ 0.10820896  0.12686567  0.10447761  0.13059701  0.13432836  0.13432836  0.12313433  0.1380597 ]
Test distribution: [ 0.15909091  0.12121212  0.16666667  0.11363636  0.10606061  0.10606061  0.12878788  0.09848485]
	accuracy = 55.303%
Train distribution: [ 0.13432836  0.13432836  0.11567164  0.12686567  0.11567164  0.13432836  0.13432836  0.10447761]
Test distribution: [ 0.10606061  0.10606061  0.14393939  0.12121212  0.14393939  0.10606061  0.10606061  0.16666667]
	accuracy = 48.485%
Train distribution: [ 0.11940299  0.14179104  0.11940299  0.10820896  0.14179104  0.11567164  0.12686567  0.12686567]
Test distribution: [ 0.13636364  0.09090909  0.13636364  0.15909091  0.09090909  0.14393939  0.12121212  0.12121212]
	accuracy = 48.485%
Train distribution: [ 0.13432836  0.11940299  0.12686567  0.1119403   0.1380597   0.12313433  0.1119403   0.13432836]
Test distribution: [ 0.10606061  0.13636364  0.12121212  0.15151515  0.09848485  0.12878788  0.15151515  0.10606061]
	accuracy = 56.818%
Train distribution: [ 0.11567164  0.13432836  0.14179104  0.12313433  0.11567164  0.12686567  0.12686567  0.11567164]
Test distribution: [ 0.14393939  0.10606061  0.09090909  0.12878788  0.14393939  0.12121212  0.12121212  0.14393939]
	accuracy = 53.788%
Train distribution: [ 0.12313433  0.12686567  0.12686567  0.11940299  0.1119403   0.14179104  0.11567164  0.13432836]
Test distribution: [ 0.12878788  0.12121212  0.12121212  0.13636364  0.15151515  0.09090909  0.14393939  0.10606061]
	accuracy = 52.273%
Train distribution: [ 0.12686567  0.12686567  0.12686567  0.11567164  0.12313433  0.13432836  0.13432836  0.1119403 ]
Test distribution: [ 0.12121212  0.12121212  0.12121212  0.14393939  0.12878788  0.10606061  0.10606061  0.15151515]
	accuracy = 49.242%
Train distribution: [ 0.11940299  0.1380597   0.13059701  0.13059701  0.12313433  0.12686567  0.08955224  0.14179104]
Test distribution: [ 0.13636364  0.09848485  0.11363636  0.11363636  0.12878788  0.12121212  0.1969697   0.09090909]
	accuracy = 52.273%
Train distribution: [ 0.13059701  0.11940299  0.11567164  0.14552239  0.14925373  0.1119403   0.10074627  0.12686567]
Test distribution: [ 0.11363636  0.13636364  0.14393939  0.08333333  0.07575758  0.15151515  0.17424242  0.12121212]
	accuracy = 47.727%
Train distribution: [ 0.13059701  0.10447761  0.12313433  0.15298507  0.14552239  0.11940299  0.10820896  0.11567164]
Test distribution: [ 0.11363636  0.16666667  0.12878788  0.06818182  0.08333333  0.13636364  0.15909091  0.14393939]
	accuracy = 43.182%
Train distribution: [ 0.12686567  0.13059701  0.11567164  0.10820896  0.1119403   0.13432836  0.13432836  0.1380597 ]
Test distribution: [ 0.12121212  0.11363636  0.14393939  0.15909091  0.15151515  0.10606061  0.10606061  0.09848485]
	accuracy = 55.303%
Train distribution: [ 0.12686567  0.11567164  0.13059701  0.12313433  0.1119403   0.12686567  0.14179104  0.12313433]
Test distribution: [ 0.12121212  0.14393939  0.11363636  0.12878788  0.15151515  0.12121212  0.09090909  0.12878788]
	accuracy = 58.333%
Train distribution: [ 0.12313433  0.12313433  0.12313433  0.10074627  0.11567164  0.1380597   0.13432836  0.14179104]
Test distribution: [ 0.12878788  0.12878788  0.12878788  0.17424242  0.14393939  0.09848485  0.10606061  0.09090909]
	accuracy = 56.818%
>>> average accuracy = 51.477%
