Loading features ...
Training SVM
percentage = 10.00%
Train distribution: [ 0.10820896  0.11940299  0.13432836  0.1380597   0.13432836  0.10074627  0.12313433  0.14179104]
Test distribution: [ 0.15909091  0.13636364  0.10606061  0.09848485  0.10606061  0.17424242  0.12878788  0.09090909]
	accuracy = 24.242%
Train distribution: [ 0.14552239  0.11940299  0.12313433  0.13059701  0.11940299  0.11940299  0.11940299  0.12313433]
Test distribution: [ 0.08333333  0.13636364  0.12878788  0.11363636  0.13636364  0.13636364  0.13636364  0.12878788]
	accuracy = 23.485%
Train distribution: [ 0.12313433  0.13059701  0.10820896  0.15671642  0.12686567  0.11940299  0.11940299  0.11567164]
Test distribution: [ 0.12878788  0.11363636  0.15909091  0.06060606  0.12121212  0.13636364  0.13636364  0.14393939]
	accuracy = 18.182%
Train distribution: [ 0.10447761  0.10447761  0.12686567  0.1119403   0.1380597   0.1380597   0.1380597   0.1380597 ]
Test distribution: [ 0.16666667  0.16666667  0.12121212  0.15151515  0.09848485  0.09848485  0.09848485  0.09848485]
	accuracy = 17.424%
Train distribution: [ 0.11567164  0.12313433  0.13059701  0.12686567  0.10447761  0.1380597   0.1380597   0.12313433]
Test distribution: [ 0.14393939  0.12878788  0.11363636  0.12121212  0.16666667  0.09848485  0.09848485  0.12878788]
	accuracy = 22.727%
Train distribution: [ 0.11567164  0.1119403   0.12686567  0.14925373  0.11940299  0.13432836  0.11567164  0.12686567]
Test distribution: [ 0.14393939  0.15151515  0.12121212  0.07575758  0.13636364  0.10606061  0.14393939  0.12121212]
	accuracy = 25.758%
Train distribution: [ 0.13432836  0.1119403   0.11940299  0.10820896  0.14552239  0.1380597   0.13059701  0.1119403 ]
Test distribution: [ 0.10606061  0.15151515  0.13636364  0.15909091  0.08333333  0.09848485  0.11363636  0.15151515]
	accuracy = 17.424%
Train distribution: [ 0.1119403   0.12686567  0.12313433  0.1380597   0.14552239  0.12313433  0.12313433  0.10820896]
Test distribution: [ 0.15151515  0.12121212  0.12878788  0.09848485  0.08333333  0.12878788  0.12878788  0.15909091]
	accuracy = 12.879%
Train distribution: [ 0.14179104  0.12313433  0.13059701  0.12313433  0.1119403   0.10447761  0.12686567  0.1380597 ]
Test distribution: [ 0.09090909  0.12878788  0.11363636  0.12878788  0.15151515  0.16666667  0.12121212  0.09848485]
	accuracy = 21.212%
Train distribution: [ 0.13059701  0.12686567  0.1380597   0.11940299  0.14179104  0.12686567  0.10447761  0.1119403 ]
Test distribution: [ 0.11363636  0.12121212  0.09848485  0.13636364  0.09090909  0.12121212  0.16666667  0.15151515]
	accuracy = 10.606%
Train distribution: [ 0.12313433  0.13432836  0.11940299  0.1380597   0.11567164  0.12313433  0.10074627  0.14552239]
Test distribution: [ 0.12878788  0.10606061  0.13636364  0.09848485  0.14393939  0.12878788  0.17424242  0.08333333]
	accuracy = 24.242%
Train distribution: [ 0.13432836  0.11940299  0.11567164  0.14552239  0.1380597   0.13059701  0.1119403   0.10447761]
Test distribution: [ 0.10606061  0.13636364  0.14393939  0.08333333  0.09848485  0.11363636  0.15151515  0.16666667]
	accuracy = 15.152%
Train distribution: [ 0.10820896  0.12313433  0.1641791   0.1380597   0.13059701  0.11567164  0.1119403   0.10820896]
Test distribution: [ 0.15909091  0.12878788  0.04545455  0.09848485  0.11363636  0.14393939  0.15151515  0.15909091]
	accuracy = 18.182%
Train distribution: [ 0.12686567  0.13059701  0.11940299  0.11567164  0.13432836  0.12313433  0.11567164  0.13432836]
Test distribution: [ 0.12121212  0.11363636  0.13636364  0.14393939  0.10606061  0.12878788  0.14393939  0.10606061]
	accuracy = 15.152%
Train distribution: [ 0.10447761  0.12313433  0.14552239  0.12686567  0.11567164  0.12686567  0.12313433  0.13432836]
Test distribution: [ 0.16666667  0.12878788  0.08333333  0.12121212  0.14393939  0.12121212  0.12878788  0.10606061]
	accuracy = 28.030%
Train distribution: [ 0.11940299  0.15298507  0.12686567  0.10074627  0.11940299  0.12686567  0.10820896  0.14552239]
Test distribution: [ 0.13636364  0.06818182  0.12121212  0.17424242  0.13636364  0.12121212  0.15909091  0.08333333]
	accuracy = 22.727%
Train distribution: [ 0.14552239  0.12313433  0.12313433  0.10447761  0.11567164  0.12313433  0.11940299  0.14552239]
Test distribution: [ 0.08333333  0.12878788  0.12878788  0.16666667  0.14393939  0.12878788  0.13636364  0.08333333]
	accuracy = 11.364%
Train distribution: [ 0.14925373  0.10074627  0.14179104  0.11940299  0.1119403   0.11940299  0.13059701  0.12686567]
Test distribution: [ 0.07575758  0.17424242  0.09090909  0.13636364  0.15151515  0.13636364  0.11363636  0.12121212]
	accuracy = 15.909%
Train distribution: [ 0.11940299  0.13432836  0.12686567  0.12686567  0.12686567  0.13059701  0.11567164  0.11940299]
Test distribution: [ 0.13636364  0.10606061  0.12121212  0.12121212  0.12121212  0.11363636  0.14393939  0.13636364]
	accuracy = 17.424%
Train distribution: [ 0.1119403   0.1119403   0.11567164  0.14925373  0.11940299  0.11940299  0.13059701  0.14179104]
Test distribution: [ 0.15151515  0.15151515  0.14393939  0.07575758  0.13636364  0.13636364  0.11363636  0.09090909]
	accuracy = 15.152%
>>> average accuracy = 18.864%
percentage = 20.00%
Train distribution: [ 0.11940299  0.13059701  0.1119403   0.12686567  0.13432836  0.12686567  0.1119403   0.1380597 ]
Test distribution: [ 0.13636364  0.11363636  0.15151515  0.12121212  0.10606061  0.12121212  0.15151515  0.09848485]
	accuracy = 20.455%
Train distribution: [ 0.11567164  0.12686567  0.12313433  0.12686567  0.14552239  0.12686567  0.11567164  0.11940299]
Test distribution: [ 0.14393939  0.12121212  0.12878788  0.12121212  0.08333333  0.12121212  0.14393939  0.13636364]
	accuracy = 18.182%
Train distribution: [ 0.14179104  0.10820896  0.13059701  0.1119403   0.11940299  0.1380597   0.11567164  0.13432836]
Test distribution: [ 0.09090909  0.15909091  0.11363636  0.15151515  0.13636364  0.09848485  0.14393939  0.10606061]
	accuracy = 19.697%
Train distribution: [ 0.14179104  0.1119403   0.13059701  0.13059701  0.1119403   0.12686567  0.11940299  0.12686567]
Test distribution: [ 0.09090909  0.15151515  0.11363636  0.11363636  0.15151515  0.12121212  0.13636364  0.12121212]
	accuracy = 15.152%
Train distribution: [ 0.1380597   0.12686567  0.12313433  0.13059701  0.13432836  0.12313433  0.10074627  0.12313433]
Test distribution: [ 0.09848485  0.12121212  0.12878788  0.11363636  0.10606061  0.12878788  0.17424242  0.12878788]
	accuracy = 24.242%
Train distribution: [ 0.1380597   0.10447761  0.12313433  0.12686567  0.11567164  0.1119403   0.14552239  0.13432836]
Test distribution: [ 0.09848485  0.16666667  0.12878788  0.12121212  0.14393939  0.15151515  0.08333333  0.10606061]
	accuracy = 20.455%
Train distribution: [ 0.11567164  0.12313433  0.11940299  0.13432836  0.11940299  0.12686567  0.13059701  0.13059701]
Test distribution: [ 0.14393939  0.12878788  0.13636364  0.10606061  0.13636364  0.12121212  0.11363636  0.11363636]
	accuracy = 17.424%
Train distribution: [ 0.13432836  0.12313433  0.13059701  0.1119403   0.12313433  0.12313433  0.12313433  0.13059701]
Test distribution: [ 0.10606061  0.12878788  0.11363636  0.15151515  0.12878788  0.12878788  0.12878788  0.11363636]
	accuracy = 23.485%
Train distribution: [ 0.13432836  0.10447761  0.12686567  0.13432836  0.12313433  0.12686567  0.13432836  0.11567164]
Test distribution: [ 0.10606061  0.16666667  0.12121212  0.10606061  0.12878788  0.12121212  0.10606061  0.14393939]
	accuracy = 22.727%
Train distribution: [ 0.12313433  0.10820896  0.13059701  0.13432836  0.14552239  0.12313433  0.11567164  0.11940299]
Test distribution: [ 0.12878788  0.15909091  0.11363636  0.10606061  0.08333333  0.12878788  0.14393939  0.13636364]
	accuracy = 19.697%
Train distribution: [ 0.13432836  0.13059701  0.10447761  0.14179104  0.13059701  0.11567164  0.12686567  0.11567164]
Test distribution: [ 0.10606061  0.11363636  0.16666667  0.09090909  0.11363636  0.14393939  0.12121212  0.14393939]
	accuracy = 24.242%
Train distribution: [ 0.13059701  0.13059701  0.10447761  0.09328358  0.15298507  0.11567164  0.12686567  0.14552239]
Test distribution: [ 0.11363636  0.11363636  0.16666667  0.18939394  0.06818182  0.14393939  0.12121212  0.08333333]
	accuracy = 14.394%
Train distribution: [ 0.11940299  0.13059701  0.11940299  0.11567164  0.13432836  0.12686567  0.12686567  0.12686567]
Test distribution: [ 0.13636364  0.11363636  0.13636364  0.14393939  0.10606061  0.12121212  0.12121212  0.12121212]
	accuracy = 24.242%
Train distribution: [ 0.13432836  0.13059701  0.11567164  0.15671642  0.12313433  0.12313433  0.1119403   0.10447761]
Test distribution: [ 0.10606061  0.11363636  0.14393939  0.06060606  0.12878788  0.12878788  0.15151515  0.16666667]
	accuracy = 21.970%
Train distribution: [ 0.14925373  0.11940299  0.11567164  0.11940299  0.13432836  0.10820896  0.14179104  0.1119403 ]
Test distribution: [ 0.07575758  0.13636364  0.14393939  0.13636364  0.10606061  0.15909091  0.09090909  0.15151515]
	accuracy = 18.939%
Train distribution: [ 0.14552239  0.1119403   0.12313433  0.12313433  0.1380597   0.11567164  0.12686567  0.11567164]
Test distribution: [ 0.08333333  0.15151515  0.12878788  0.12878788  0.09848485  0.14393939  0.12121212  0.14393939]
	accuracy = 15.152%
Train distribution: [ 0.13059701  0.1119403   0.12313433  0.12313433  0.14925373  0.13432836  0.11567164  0.1119403 ]
Test distribution: [ 0.11363636  0.15151515  0.12878788  0.12878788  0.07575758  0.10606061  0.14393939  0.15151515]
	accuracy = 24.242%
Train distribution: [ 0.1119403   0.12686567  0.11940299  0.1380597   0.11940299  0.13432836  0.13059701  0.11940299]
Test distribution: [ 0.15151515  0.12121212  0.13636364  0.09848485  0.13636364  0.10606061  0.11363636  0.13636364]
	accuracy = 20.455%
Train distribution: [ 0.12686567  0.14179104  0.1119403   0.12686567  0.11567164  0.14179104  0.11567164  0.11940299]
Test distribution: [ 0.12121212  0.09090909  0.15151515  0.12121212  0.14393939  0.09090909  0.14393939  0.13636364]
	accuracy = 18.182%
Train distribution: [ 0.11567164  0.14552239  0.12313433  0.13059701  0.12686567  0.11940299  0.11940299  0.11940299]
Test distribution: [ 0.14393939  0.08333333  0.12878788  0.11363636  0.12121212  0.13636364  0.13636364  0.13636364]
	accuracy = 25.000%
>>> average accuracy = 20.417%
percentage = 30.00%
Train distribution: [ 0.12686567  0.13059701  0.13432836  0.12686567  0.12313433  0.09701493  0.11567164  0.14552239]
Test distribution: [ 0.12121212  0.11363636  0.10606061  0.12121212  0.12878788  0.18181818  0.14393939  0.08333333]
	accuracy = 21.212%
Train distribution: [ 0.10820896  0.12313433  0.12313433  0.1380597   0.13432836  0.12686567  0.12313433  0.12313433]
Test distribution: [ 0.15909091  0.12878788  0.12878788  0.09848485  0.10606061  0.12121212  0.12878788  0.12878788]
	accuracy = 24.242%
Train distribution: [ 0.09701493  0.11940299  0.10820896  0.12686567  0.14552239  0.1380597   0.11940299  0.14552239]
Test distribution: [ 0.18181818  0.13636364  0.15909091  0.12121212  0.08333333  0.09848485  0.13636364  0.08333333]
	accuracy = 22.727%
Train distribution: [ 0.1119403   0.1119403   0.1380597   0.11567164  0.1380597   0.13432836  0.1119403   0.1380597 ]
Test distribution: [ 0.15151515  0.15151515  0.09848485  0.14393939  0.09848485  0.10606061  0.15151515  0.09848485]
	accuracy = 15.152%
Train distribution: [ 0.12313433  0.12313433  0.1119403   0.12686567  0.14925373  0.12686567  0.1119403   0.12686567]
Test distribution: [ 0.12878788  0.12878788  0.15151515  0.12121212  0.07575758  0.12121212  0.15151515  0.12121212]
	accuracy = 17.424%
Train distribution: [ 0.1380597   0.1380597   0.12686567  0.13059701  0.10820896  0.11940299  0.11567164  0.12313433]
Test distribution: [ 0.09848485  0.09848485  0.12121212  0.11363636  0.15909091  0.13636364  0.14393939  0.12878788]
	accuracy = 25.758%
Train distribution: [ 0.11940299  0.13059701  0.14179104  0.1119403   0.1380597   0.12686567  0.13432836  0.09701493]
Test distribution: [ 0.13636364  0.11363636  0.09090909  0.15151515  0.09848485  0.12121212  0.10606061  0.18181818]
	accuracy = 11.364%
Train distribution: [ 0.13059701  0.1380597   0.11940299  0.12686567  0.12686567  0.11940299  0.10820896  0.13059701]
Test distribution: [ 0.11363636  0.09848485  0.13636364  0.12121212  0.12121212  0.13636364  0.15909091  0.11363636]
	accuracy = 25.758%
Train distribution: [ 0.14179104  0.08955224  0.14179104  0.11940299  0.14179104  0.1119403   0.12686567  0.12686567]
Test distribution: [ 0.09090909  0.1969697   0.09090909  0.13636364  0.09090909  0.15151515  0.12121212  0.12121212]
	accuracy = 21.970%
Train distribution: [ 0.13059701  0.1119403   0.13432836  0.1119403   0.12313433  0.1119403   0.14552239  0.13059701]
Test distribution: [ 0.11363636  0.15151515  0.10606061  0.15151515  0.12878788  0.15151515  0.08333333  0.11363636]
	accuracy = 17.424%
Train distribution: [ 0.12686567  0.1380597   0.11567164  0.11567164  0.11940299  0.12313433  0.14179104  0.11940299]
Test distribution: [ 0.12121212  0.09848485  0.14393939  0.14393939  0.13636364  0.12878788  0.09090909  0.13636364]
	accuracy = 21.212%
Train distribution: [ 0.13059701  0.11567164  0.12686567  0.11567164  0.1119403   0.12313433  0.1380597   0.1380597 ]
Test distribution: [ 0.11363636  0.14393939  0.12121212  0.14393939  0.15151515  0.12878788  0.09848485  0.09848485]
	accuracy = 24.242%
Train distribution: [ 0.11567164  0.13432836  0.1380597   0.1119403   0.13059701  0.11567164  0.12686567  0.12686567]
Test distribution: [ 0.14393939  0.10606061  0.09848485  0.15151515  0.11363636  0.14393939  0.12121212  0.12121212]
	accuracy = 25.000%
Train distribution: [ 0.15671642  0.14552239  0.12313433  0.10820896  0.10074627  0.13059701  0.12313433  0.1119403 ]
Test distribution: [ 0.06060606  0.08333333  0.12878788  0.15909091  0.17424242  0.11363636  0.12878788  0.15151515]
	accuracy = 18.939%
Train distribution: [ 0.12313433  0.12313433  0.11940299  0.14179104  0.11940299  0.12313433  0.11567164  0.13432836]
Test distribution: [ 0.12878788  0.12878788  0.13636364  0.09090909  0.13636364  0.12878788  0.14393939  0.10606061]
	accuracy = 16.667%
Train distribution: [ 0.10074627  0.13432836  0.13432836  0.12313433  0.12686567  0.13059701  0.13432836  0.11567164]
Test distribution: [ 0.17424242  0.10606061  0.10606061  0.12878788  0.12121212  0.11363636  0.10606061  0.14393939]
	accuracy = 26.515%
Train distribution: [ 0.14179104  0.11567164  0.13432836  0.12686567  0.11940299  0.10074627  0.13059701  0.13059701]
Test distribution: [ 0.09090909  0.14393939  0.10606061  0.12121212  0.13636364  0.17424242  0.11363636  0.11363636]
	accuracy = 18.939%
Train distribution: [ 0.1380597   0.1119403   0.1119403   0.10447761  0.12686567  0.13432836  0.13432836  0.1380597 ]
Test distribution: [ 0.09848485  0.15151515  0.15151515  0.16666667  0.12121212  0.10606061  0.10606061  0.09848485]
	accuracy = 15.152%
Train distribution: [ 0.11567164  0.12313433  0.12313433  0.13059701  0.10820896  0.12313433  0.12686567  0.14925373]
Test distribution: [ 0.14393939  0.12878788  0.12878788  0.11363636  0.15909091  0.12878788  0.12121212  0.07575758]
	accuracy = 17.424%
Train distribution: [ 0.10447761  0.1380597   0.1380597   0.1380597   0.10447761  0.13059701  0.12686567  0.11940299]
Test distribution: [ 0.16666667  0.09848485  0.09848485  0.09848485  0.16666667  0.11363636  0.12121212  0.13636364]
	accuracy = 20.455%
>>> average accuracy = 20.379%
percentage = 40.00%
Train distribution: [ 0.12313433  0.13059701  0.13059701  0.11940299  0.11940299  0.12686567  0.12313433  0.12686567]
Test distribution: [ 0.12878788  0.11363636  0.11363636  0.13636364  0.13636364  0.12121212  0.12878788  0.12121212]
	accuracy = 23.485%
Train distribution: [ 0.09328358  0.14925373  0.13059701  0.10820896  0.15671642  0.1119403   0.11567164  0.13432836]
Test distribution: [ 0.18939394  0.07575758  0.11363636  0.15909091  0.06060606  0.15151515  0.14393939  0.10606061]
	accuracy = 37.879%
Train distribution: [ 0.12686567  0.13432836  0.12686567  0.12313433  0.12313433  0.13059701  0.1119403   0.12313433]
Test distribution: [ 0.12121212  0.10606061  0.12121212  0.12878788  0.12878788  0.11363636  0.15151515  0.12878788]
	accuracy = 25.758%
Train distribution: [ 0.1380597   0.11567164  0.1119403   0.12686567  0.11940299  0.12313433  0.13432836  0.13059701]
Test distribution: [ 0.09848485  0.14393939  0.15151515  0.12121212  0.13636364  0.12878788  0.10606061  0.11363636]
	accuracy = 26.515%
Train distribution: [ 0.13432836  0.12686567  0.13059701  0.11567164  0.09701493  0.14179104  0.12313433  0.13059701]
Test distribution: [ 0.10606061  0.12121212  0.11363636  0.14393939  0.18181818  0.09090909  0.12878788  0.11363636]
	accuracy = 30.303%
Train distribution: [ 0.13059701  0.14179104  0.12313433  0.12313433  0.11940299  0.11940299  0.13432836  0.10820896]
Test distribution: [ 0.11363636  0.09090909  0.12878788  0.12878788  0.13636364  0.13636364  0.10606061  0.15909091]
	accuracy = 36.364%
Train distribution: [ 0.12686567  0.12686567  0.11940299  0.13432836  0.12686567  0.11567164  0.11567164  0.13432836]
Test distribution: [ 0.12121212  0.12121212  0.13636364  0.10606061  0.12121212  0.14393939  0.14393939  0.10606061]
	accuracy = 23.485%
Train distribution: [ 0.13432836  0.14552239  0.11940299  0.12313433  0.10820896  0.11940299  0.13432836  0.11567164]
Test distribution: [ 0.10606061  0.08333333  0.13636364  0.12878788  0.15909091  0.13636364  0.10606061  0.14393939]
	accuracy = 28.030%
Train distribution: [ 0.12686567  0.13059701  0.11567164  0.1119403   0.11567164  0.13059701  0.1380597   0.13059701]
Test distribution: [ 0.12121212  0.11363636  0.14393939  0.15151515  0.14393939  0.11363636  0.09848485  0.11363636]
	accuracy = 32.576%
Train distribution: [ 0.13059701  0.13432836  0.13432836  0.1119403   0.1119403   0.12686567  0.10820896  0.14179104]
Test distribution: [ 0.11363636  0.10606061  0.10606061  0.15151515  0.15151515  0.12121212  0.15909091  0.09090909]
	accuracy = 21.212%
Train distribution: [ 0.13059701  0.12313433  0.13059701  0.14552239  0.11940299  0.11940299  0.10447761  0.12686567]
Test distribution: [ 0.11363636  0.12878788  0.11363636  0.08333333  0.13636364  0.13636364  0.16666667  0.12121212]
	accuracy = 23.485%
Train distribution: [ 0.12686567  0.12313433  0.12313433  0.11567164  0.13432836  0.12313433  0.14179104  0.1119403 ]
Test distribution: [ 0.12121212  0.12878788  0.12878788  0.14393939  0.10606061  0.12878788  0.09090909  0.15151515]
	accuracy = 22.727%
Train distribution: [ 0.15671642  0.1119403   0.12686567  0.14179104  0.1380597   0.08955224  0.10820896  0.12686567]
Test distribution: [ 0.06060606  0.15151515  0.12121212  0.09090909  0.09848485  0.1969697   0.15909091  0.12121212]
	accuracy = 25.000%
Train distribution: [ 0.11567164  0.1380597   0.10820896  0.11940299  0.10820896  0.13432836  0.14179104  0.13432836]
Test distribution: [ 0.14393939  0.09848485  0.15909091  0.13636364  0.15909091  0.10606061  0.09090909  0.10606061]
	accuracy = 31.061%
Train distribution: [ 0.13059701  0.13432836  0.12313433  0.13432836  0.12313433  0.11940299  0.11940299  0.11567164]
Test distribution: [ 0.11363636  0.10606061  0.12878788  0.10606061  0.12878788  0.13636364  0.13636364  0.14393939]
	accuracy = 26.515%
Train distribution: [ 0.11940299  0.11940299  0.13059701  0.11940299  0.1380597   0.12686567  0.12313433  0.12313433]
Test distribution: [ 0.13636364  0.13636364  0.11363636  0.13636364  0.09848485  0.12121212  0.12878788  0.12878788]
	accuracy = 25.758%
Train distribution: [ 0.13059701  0.1380597   0.14179104  0.1380597   0.10074627  0.12686567  0.10820896  0.11567164]
Test distribution: [ 0.11363636  0.09848485  0.09090909  0.09848485  0.17424242  0.12121212  0.15909091  0.14393939]
	accuracy = 22.727%
Train distribution: [ 0.12313433  0.13432836  0.13432836  0.10820896  0.1119403   0.12686567  0.13432836  0.12686567]
Test distribution: [ 0.12878788  0.10606061  0.10606061  0.15909091  0.15151515  0.12121212  0.10606061  0.12121212]
	accuracy = 27.273%
Train distribution: [ 0.14179104  0.11940299  0.12313433  0.11567164  0.14925373  0.12686567  0.09701493  0.12686567]
Test distribution: [ 0.09090909  0.13636364  0.12878788  0.14393939  0.07575758  0.12121212  0.18181818  0.12121212]
	accuracy = 21.212%
