handling video /home/share/shaofan/UTI1_segement/42_8_2 ...
	exec: ./tools/dense_trajectory_release_v1.2/release/DenseTrack /home/share/shaofan/UTI1_segement/42_8_2.avi -L 10
	shape: (11293, 426)
handling video /home/share/shaofan/UTI1_segement/0_1_4 ...
	exec: ./tools/dense_trajectory_release_v1.2/release/DenseTrack /home/share/shaofan/UTI1_segement/0_1_4.avi -L 10
	shape: (20540, 426)
handling video /home/share/shaofan/UTI1_segement/21_4_0 ...
	exec: ./tools/dense_trajectory_release_v1.2/release/DenseTrack /home/share/shaofan/UTI1_segement/21_4_0.avi -L 10
	shape: (23397, 426)
handling video /home/share/shaofan/UTI1_segement/28_5_3 ...
	exec: ./tools/dense_trajectory_release_v1.2/release/DenseTrack /home/share/shaofan/UTI1_segement/28_5_3.avi -L 10
	shape: (1727, 426)
handling video /home/share/shaofan/UTI1_segement/9_2_2 ...
	exec: ./tools/dense_trajectory_release_v1.2/release/DenseTrack /home/share/shaofan/UTI1_segement/9_2_2.avi -L 10
	shape: (22559, 426)
handling video /home/share/shaofan/UTI1_segement/55_10_4 ...
	exec: ./tools/dense_trajectory_release_v1.2/release/DenseTrack /home/share/shaofan/UTI1_segement/55_10_4.avi -L 10
	shape: (10030, 426)
handling video /home/share/shaofan/UTI1_segement/31_6_5 ...
	exec: ./tools/dense_trajectory_release_v1.2/release/DenseTrack /home/share/shaofan/UTI1_segement/31_6_5.avi -L 10
	shape: (22257, 426)
handling video /home/share/shaofan/UTI1_segement/3_1_3 ...
	exec: ./tools/dense_trajectory_release_v1.2/release/DenseTrack /home/share/shaofan/UTI1_segement/3_1_3.avi -L 10
	shape: (2252, 426)
handling video /home/share/shaofan/UTI1_segement/56_10_5 ...
	exec: ./tools/dense_trajectory_release_v1.2/release/DenseTrack /home/share/shaofan/UTI1_segement/56_10_5.avi -L 10
	shape: (10155, 426)
handling video /home/share/shaofan/UTI1_segement/13_3_2 ...
	exec: ./tools/dense_trajectory_release_v1.2/release/DenseTrack /home/share/shaofan/UTI1_segement/13_3_2.avi -L 10
	shape: (18022, 426)
handling video /home/share/shaofan/UTI1_segement/5_1_5 ...
	exec: ./tools/dense_trajectory_release_v1.2/release/DenseTrack /home/share/shaofan/UTI1_segement/5_1_5.avi -L 10
	shape: (25257, 426)
handling video /home/share/shaofan/UTI1_segement/16_3_5 ...
	exec: ./tools/dense_trajectory_release_v1.2/release/DenseTrack /home/share/shaofan/UTI1_segement/16_3_5.avi -L 10
	shape: (33720, 426)
handling video /home/share/shaofan/UTI1_segement/58_10_1 ...
	exec: ./tools/dense_trajectory_release_v1.2/release/DenseTrack /home/share/shaofan/UTI1_segement/58_10_1.avi -L 10
	shape: (14128, 426)
handling video /home/share/shaofan/UTI1_segement/4_1_0 ...
	exec: ./tools/dense_trajectory_release_v1.2/release/DenseTrack /home/share/shaofan/UTI1_segement/4_1_0.avi -L 10
	shape: (29876, 426)
handling video /home/share/shaofan/UTI1_segement/7_2_5 ...
	exec: ./tools/dense_trajectory_release_v1.2/release/DenseTrack /home/share/shaofan/UTI1_segement/7_2_5.avi -L 10
	shape: (20846, 426)
handling video /home/share/shaofan/UTI1_segement/52_9_0 ...
	exec: ./tools/dense_trajectory_release_v1.2/release/DenseTrack /home/share/shaofan/UTI1_segement/52_9_0.avi -L 10
	shape: (7650, 426)
handling video /home/share/shaofan/UTI1_segement/2_1_1 ...
	exec: ./tools/dense_trajectory_release_v1.2/release/DenseTrack /home/share/shaofan/UTI1_segement/2_1_1.avi -L 10
	shape: (33420, 426)
handling video /home/share/shaofan/UTI1_segement/23_4_5 ...
	exec: ./tools/dense_trajectory_release_v1.2/release/DenseTrack /home/share/shaofan/UTI1_segement/23_4_5.avi -L 10
	shape: (18141, 426)
handling video /home/share/shaofan/UTI1_segement/8_2_0 ...
	exec: ./tools/dense_trajectory_release_v1.2/release/DenseTrack /home/share/shaofan/UTI1_segement/8_2_0.avi -L 10
	shape: (19796, 426)
handling video /home/share/shaofan/UTI1_segement/36_7_5 ...
	exec: ./tools/dense_trajectory_release_v1.2/release/DenseTrack /home/share/shaofan/UTI1_segement/36_7_5.avi -L 10
	shape: (15505, 426)
handling video /home/share/shaofan/UTI1_segement/45_8_5 ...
	exec: ./tools/dense_trajectory_release_v1.2/release/DenseTrack /home/share/shaofan/UTI1_segement/45_8_5.avi -L 10
	shape: (15030, 426)
handling video /home/share/shaofan/UTI1_segement/34_6_0 ...
	exec: ./tools/dense_trajectory_release_v1.2/release/DenseTrack /home/share/shaofan/UTI1_segement/34_6_0.avi -L 10
	shape: (12263, 426)
handling video /home/share/shaofan/UTI1_segement/1_1_2 ...
	exec: ./tools/dense_trajectory_release_v1.2/release/DenseTrack /home/share/shaofan/UTI1_segement/1_1_2.avi -L 10
	shape: (25607, 426)
handling video /home/share/shaofan/UTI1_segement/32_6_1 ...
	exec: ./tools/dense_trajectory_release_v1.2/release/DenseTrack /home/share/shaofan/UTI1_segement/32_6_1.avi -L 10
	shape: (21999, 426)
handling video /home/share/shaofan/UTI1_segement/59_10_2 ...
	exec: ./tools/dense_trajectory_release_v1.2/release/DenseTrack /home/share/shaofan/UTI1_segement/59_10_2.avi -L 10
	shape: (10906, 426)
handling video /home/share/shaofan/UTI1_segement/10_2_1 ...
	exec: ./tools/dense_trajectory_release_v1.2/release/DenseTrack /home/share/shaofan/UTI1_segement/10_2_1.avi -L 10
	shape: (30518, 426)
handling video /home/share/shaofan/UTI1_segement/47_8_1 ...
	exec: ./tools/dense_trajectory_release_v1.2/release/DenseTrack /home/share/shaofan/UTI1_segement/47_8_1.avi -L 10
	shape: (16109, 426)
handling video /home/share/shaofan/UTI1_segement/40_7_1 ...
	exec: ./tools/dense_trajectory_release_v1.2/release/DenseTrack /home/share/shaofan/UTI1_segement/40_7_1.avi -L 10
	shape: (15822, 426)
handling video /home/share/shaofan/UTI1_segement/53_9_1 ...
	exec: ./tools/dense_trajectory_release_v1.2/release/DenseTrack /home/share/shaofan/UTI1_segement/53_9_1.avi -L 10
	shape: (14617, 426)
handling video /home/share/shaofan/UTI1_segement/18_4_4 ...
	exec: ./tools/dense_trajectory_release_v1.2/release/DenseTrack /home/share/shaofan/UTI1_segement/18_4_4.avi -L 10
	shape: (11832, 426)
handling video /home/share/shaofan/UTI1_segement/46_8_3 ...
	exec: ./tools/dense_trajectory_release_v1.2/release/DenseTrack /home/share/shaofan/UTI1_segement/46_8_3.avi -L 10
	shape: (2083, 426)
handling video /home/share/shaofan/UTI1_segement/51_9_4 ...
	exec: ./tools/dense_trajectory_release_v1.2/release/DenseTrack /home/share/shaofan/UTI1_segement/51_9_4.avi -L 10
	shape: (11216, 426)
handling video /home/share/shaofan/UTI1_segement/33_6_3 ...
	exec: ./tools/dense_trajectory_release_v1.2/release/DenseTrack /home/share/shaofan/UTI1_segement/33_6_3.avi -L 10
	shape: (6923, 426)
handling video /home/share/shaofan/UTI1_segement/25_5_4 ...
	exec: ./tools/dense_trajectory_release_v1.2/release/DenseTrack /home/share/shaofan/UTI1_segement/25_5_4.avi -L 10
	shape: (10063, 426)
handling video /home/share/shaofan/UTI1_segement/48_9_3 ...
	exec: ./tools/dense_trajectory_release_v1.2/release/DenseTrack /home/share/shaofan/UTI1_segement/48_9_3.avi -L 10
	shape: (846, 426)
handling video /home/share/shaofan/UTI1_segement/35_7_0 ...
	exec: ./tools/dense_trajectory_release_v1.2/release/DenseTrack /home/share/shaofan/UTI1_segement/35_7_0.avi -L 10
	shape: (10499, 426)
handling video /home/share/shaofan/UTI1_segement/11_2_3 ...
	exec: ./tools/dense_trajectory_release_v1.2/release/DenseTrack /home/share/shaofan/UTI1_segement/11_2_3.avi -L 10
	shape: (3164, 426)
handling video /home/share/shaofan/UTI1_segement/26_5_2 ...
	exec: ./tools/dense_trajectory_release_v1.2/release/DenseTrack /home/share/shaofan/UTI1_segement/26_5_2.avi -L 10
	shape: (16137, 426)
handling video /home/share/shaofan/UTI1_segement/15_3_3 ...
	exec: ./tools/dense_trajectory_release_v1.2/release/DenseTrack /home/share/shaofan/UTI1_segement/15_3_3.avi -L 10
	shape: (2627, 426)
handling video /home/share/shaofan/UTI1_segement/12_3_4 ...
	exec: ./tools/dense_trajectory_release_v1.2/release/DenseTrack /home/share/shaofan/UTI1_segement/12_3_4.avi -L 10
	shape: (10821, 426)
handling video /home/share/shaofan/UTI1_segement/17_3_0 ...
	exec: ./tools/dense_trajectory_release_v1.2/release/DenseTrack /home/share/shaofan/UTI1_segement/17_3_0.avi -L 10
	shape: (26285, 426)
handling video /home/share/shaofan/UTI1_segement/14_3_1 ...
	exec: ./tools/dense_trajectory_release_v1.2/release/DenseTrack /home/share/shaofan/UTI1_segement/14_3_1.avi -L 10
	shape: (32300, 426)
handling video /home/share/shaofan/UTI1_segement/30_6_2 ...
	exec: ./tools/dense_trajectory_release_v1.2/release/DenseTrack /home/share/shaofan/UTI1_segement/30_6_2.avi -L 10
	shape: (10737, 426)
handling video /home/share/shaofan/UTI1_segement/54_10_0 ...
	exec: ./tools/dense_trajectory_release_v1.2/release/DenseTrack /home/share/shaofan/UTI1_segement/54_10_0.avi -L 10
	shape: (5933, 426)
handling video /home/share/shaofan/UTI1_segement/20_4_2 ...
	exec: ./tools/dense_trajectory_release_v1.2/release/DenseTrack /home/share/shaofan/UTI1_segement/20_4_2.avi -L 10
	shape: (16315, 426)
handling video /home/share/shaofan/UTI1_segement/6_2_4 ...
	exec: ./tools/dense_trajectory_release_v1.2/release/DenseTrack /home/share/shaofan/UTI1_segement/6_2_4.avi -L 10
	shape: (18903, 426)
handling video /home/share/shaofan/UTI1_segement/43_8_4 ...
	exec: ./tools/dense_trajectory_release_v1.2/release/DenseTrack /home/share/shaofan/UTI1_segement/43_8_4.avi -L 10
	shape: (10616, 426)
handling video /home/share/shaofan/UTI1_segement/49_9_5 ...
	exec: ./tools/dense_trajectory_release_v1.2/release/DenseTrack /home/share/shaofan/UTI1_segement/49_9_5.avi -L 10
	shape: (12567, 426)
handling video /home/share/shaofan/UTI1_segement/37_7_4 ...
	exec: ./tools/dense_trajectory_release_v1.2/release/DenseTrack /home/share/shaofan/UTI1_segement/37_7_4.avi -L 10
	shape: (12382, 426)
handling video /home/share/shaofan/UTI1_segement/39_7_3 ...
	exec: ./tools/dense_trajectory_release_v1.2/release/DenseTrack /home/share/shaofan/UTI1_segement/39_7_3.avi -L 10
	shape: (2101, 426)
handling video /home/share/shaofan/UTI1_segement/44_8_4 ...
	exec: ./tools/dense_trajectory_release_v1.2/release/DenseTrack /home/share/shaofan/UTI1_segement/44_8_4.avi -L 10
	shape: (3753, 426)
handling video /home/share/shaofan/UTI1_segement/29_5_5 ...
	exec: ./tools/dense_trajectory_release_v1.2/release/DenseTrack /home/share/shaofan/UTI1_segement/29_5_5.avi -L 10
	shape: (24298, 426)
handling video /home/share/shaofan/UTI1_segement/22_4_3 ...
	exec: ./tools/dense_trajectory_release_v1.2/release/DenseTrack /home/share/shaofan/UTI1_segement/22_4_3.avi -L 10
	shape: (2526, 426)
handling video /home/share/shaofan/UTI1_segement/27_5_1 ...
	exec: ./tools/dense_trajectory_release_v1.2/release/DenseTrack /home/share/shaofan/UTI1_segement/27_5_1.avi -L 10
	shape: (23331, 426)
handling video /home/share/shaofan/UTI1_segement/50_9_2 ...
	exec: ./tools/dense_trajectory_release_v1.2/release/DenseTrack /home/share/shaofan/UTI1_segement/50_9_2.avi -L 10
	shape: (7868, 426)
handling video /home/share/shaofan/UTI1_segement/38_7_2 ...
	exec: ./tools/dense_trajectory_release_v1.2/release/DenseTrack /home/share/shaofan/UTI1_segement/38_7_2.avi -L 10
	shape: (12386, 426)
handling video /home/share/shaofan/UTI1_segement/57_10_3 ...
	exec: ./tools/dense_trajectory_release_v1.2/release/DenseTrack /home/share/shaofan/UTI1_segement/57_10_3.avi -L 10
	shape: (1417, 426)
handling video /home/share/shaofan/UTI1_segement/24_5_0 ...
	exec: ./tools/dense_trajectory_release_v1.2/release/DenseTrack /home/share/shaofan/UTI1_segement/24_5_0.avi -L 10
	shape: (21119, 426)
handling video /home/share/shaofan/UTI1_segement/19_4_1 ...
	exec: ./tools/dense_trajectory_release_v1.2/release/DenseTrack /home/share/shaofan/UTI1_segement/19_4_1.avi -L 10
	shape: (24847, 426)
handling video /home/share/shaofan/UTI1_segement/41_8_0 ...
	exec: ./tools/dense_trajectory_release_v1.2/release/DenseTrack /home/share/shaofan/UTI1_segement/41_8_0.avi -L 10
	shape: (15157, 426)
tag[/home/share/shaofan/UTI1_segement/46_8_3] has (2083, 224) features
tag[/home/share/shaofan/UTI1_segement/6_2_4] has (18903, 224) features
tag[/home/share/shaofan/UTI1_segement/26_5_2] has (16137, 224) features
tag[/home/share/shaofan/UTI1_segement/41_8_0] has (15157, 224) features
tag[/home/share/shaofan/UTI1_segement/34_6_0] has (12263, 224) features
tag[/home/share/shaofan/UTI1_segement/58_10_1] has (14128, 224) features
tag[/home/share/shaofan/UTI1_segement/53_9_1] has (14617, 224) features
tag[/home/share/shaofan/UTI1_segement/38_7_2] has (12386, 224) features
tag[/home/share/shaofan/UTI1_segement/31_6_5] has (22257, 224) features
tag[/home/share/shaofan/UTI1_segement/42_8_2] has (11293, 224) features
tag[/home/share/shaofan/UTI1_segement/15_3_3] has (2627, 224) features
tag[/home/share/shaofan/UTI1_segement/32_6_1] has (21999, 224) features
tag[/home/share/shaofan/UTI1_segement/8_2_0] has (19796, 224) features
tag[/home/share/shaofan/UTI1_segement/55_10_4] has (10030, 224) features
tag[/home/share/shaofan/UTI1_segement/20_4_2] has (16315, 224) features
tag[/home/share/shaofan/UTI1_segement/56_10_5] has (10155, 224) features
tag[/home/share/shaofan/UTI1_segement/59_10_2] has (10906, 224) features
tag[/home/share/shaofan/UTI1_segement/36_7_5] has (15505, 224) features
tag[/home/share/shaofan/UTI1_segement/23_4_5] has (18141, 224) features
tag[/home/share/shaofan/UTI1_segement/33_6_3] has (6923, 224) features
tag[/home/share/shaofan/UTI1_segement/48_9_3] has (846, 224) features
tag[/home/share/shaofan/UTI1_segement/1_1_2] has (25607, 224) features
tag[/home/share/shaofan/UTI1_segement/49_9_5] has (12567, 224) features
tag[/home/share/shaofan/UTI1_segement/14_3_1] has (32300, 224) features
tag[/home/share/shaofan/UTI1_segement/28_5_3] has (1727, 224) features
tag[/home/share/shaofan/UTI1_segement/4_1_0] has (29876, 224) features
tag[/home/share/shaofan/UTI1_segement/52_9_0] has (7650, 224) features
tag[/home/share/shaofan/UTI1_segement/24_5_0] has (21119, 224) features
tag[/home/share/shaofan/UTI1_segement/11_2_3] has (3164, 224) features
tag[/home/share/shaofan/UTI1_segement/47_8_1] has (16109, 224) features
tag[/home/share/shaofan/UTI1_segement/45_8_5] has (15030, 224) features
tag[/home/share/shaofan/UTI1_segement/44_8_4] has (3753, 224) features
tag[/home/share/shaofan/UTI1_segement/0_1_4] has (20540, 224) features
tag[/home/share/shaofan/UTI1_segement/5_1_5] has (25257, 224) features
tag[/home/share/shaofan/UTI1_segement/51_9_4] has (11216, 224) features
tag[/home/share/shaofan/UTI1_segement/40_7_1] has (15822, 224) features
tag[/home/share/shaofan/UTI1_segement/10_2_1] has (30518, 224) features
tag[/home/share/shaofan/UTI1_segement/43_8_4] has (10616, 224) features
tag[/home/share/shaofan/UTI1_segement/2_1_1] has (33420, 224) features
tag[/home/share/shaofan/UTI1_segement/12_3_4] has (10821, 224) features
tag[/home/share/shaofan/UTI1_segement/16_3_5] has (33720, 224) features
tag[/home/share/shaofan/UTI1_segement/57_10_3] has (1417, 224) features
tag[/home/share/shaofan/UTI1_segement/19_4_1] has (24847, 224) features
tag[/home/share/shaofan/UTI1_segement/35_7_0] has (10499, 224) features
tag[/home/share/shaofan/UTI1_segement/27_5_1] has (23331, 224) features
tag[/home/share/shaofan/UTI1_segement/7_2_5] has (20846, 224) features
tag[/home/share/shaofan/UTI1_segement/37_7_4] has (12382, 224) features
tag[/home/share/shaofan/UTI1_segement/9_2_2] has (22559, 224) features
tag[/home/share/shaofan/UTI1_segement/3_1_3] has (2252, 224) features
tag[/home/share/shaofan/UTI1_segement/18_4_4] has (11832, 224) features
tag[/home/share/shaofan/UTI1_segement/13_3_2] has (18022, 224) features
tag[/home/share/shaofan/UTI1_segement/29_5_5] has (24298, 224) features
tag[/home/share/shaofan/UTI1_segement/22_4_3] has (2526, 224) features
tag[/home/share/shaofan/UTI1_segement/21_4_0] has (23397, 224) features
tag[/home/share/shaofan/UTI1_segement/30_6_2] has (10737, 224) features
tag[/home/share/shaofan/UTI1_segement/50_9_2] has (7868, 224) features
tag[/home/share/shaofan/UTI1_segement/54_10_0] has (5933, 224) features
tag[/home/share/shaofan/UTI1_segement/39_7_3] has (2101, 224) features
tag[/home/share/shaofan/UTI1_segement/17_3_0] has (26285, 224) features
tag[/home/share/shaofan/UTI1_segement/25_5_4] has (10063, 224) features
Dumping global features to ./UTI1/features/globalFeaturesRaw.pkl ...
