K=200 T=1.0
T=1.0
Clustering x.shape=(116269, 162)
('Original shape:', (116269, 162))
Clustering into 200 categories ...
Initialization complete
Iteration  0, inertia 448.544
Iteration  1, inertia 321.991
Iteration  2, inertia 314.910
Iteration  3, inertia 312.088
Iteration  4, inertia 310.533
Iteration  5, inertia 309.578
Iteration  6, inertia 308.913
Iteration  7, inertia 308.398
Iteration  8, inertia 308.005
Iteration  9, inertia 307.665
Iteration 10, inertia 307.365
Iteration 11, inertia 307.090
Iteration 12, inertia 306.866
Iteration 13, inertia 306.682
Iteration 14, inertia 306.526
Iteration 15, inertia 306.391
Iteration 16, inertia 306.267
Iteration 17, inertia 306.157
Iteration 18, inertia 306.055
Iteration 19, inertia 305.964
Iteration 20, inertia 305.878
Iteration 21, inertia 305.796
Iteration 22, inertia 305.723
Iteration 23, inertia 305.657
Iteration 24, inertia 305.594
Iteration 25, inertia 305.537
Iteration 26, inertia 305.483
Iteration 27, inertia 305.432
Iteration 28, inertia 305.384
Iteration 29, inertia 305.344
Iteration 30, inertia 305.310
Iteration 31, inertia 305.278
Iteration 32, inertia 305.247
Iteration 33, inertia 305.218
Iteration 34, inertia 305.191
Iteration 35, inertia 305.165
Iteration 36, inertia 305.143
Iteration 37, inertia 305.124
Iteration 38, inertia 305.108
Iteration 39, inertia 305.093
Iteration 40, inertia 305.079
Iteration 41, inertia 305.067
Iteration 42, inertia 305.055
Iteration 43, inertia 305.044
Iteration 44, inertia 305.033
Iteration 45, inertia 305.024
Iteration 46, inertia 305.015
Iteration 47, inertia 305.007
Iteration 48, inertia 305.000
Iteration 49, inertia 304.992
Iteration 50, inertia 304.985
Iteration 51, inertia 304.977
Iteration 52, inertia 304.970
Iteration 53, inertia 304.962
Iteration 54, inertia 304.956
Iteration 55, inertia 304.949
Iteration 56, inertia 304.944
Iteration 57, inertia 304.939
Iteration 58, inertia 304.935
Iteration 59, inertia 304.931
Iteration 60, inertia 304.927
Iteration 61, inertia 304.923
Iteration 62, inertia 304.920
Iteration 63, inertia 304.916
Iteration 64, inertia 304.914
Iteration 65, inertia 304.911
Iteration 66, inertia 304.908
Iteration 67, inertia 304.905
Iteration 68, inertia 304.901
Iteration 69, inertia 304.897
Iteration 70, inertia 304.893
Iteration 71, inertia 304.889
Iteration 72, inertia 304.885
Iteration 73, inertia 304.880
Iteration 74, inertia 304.875
Iteration 75, inertia 304.870
Iteration 76, inertia 304.866
Iteration 77, inertia 304.860
Iteration 78, inertia 304.855
Iteration 79, inertia 304.849
Iteration 80, inertia 304.845
Iteration 81, inertia 304.840
Iteration 82, inertia 304.836
Iteration 83, inertia 304.833
Iteration 84, inertia 304.830
Iteration 85, inertia 304.827
Iteration 86, inertia 304.825
Iteration 87, inertia 304.823
Iteration 88, inertia 304.821
Iteration 89, inertia 304.819
Iteration 90, inertia 304.818
Iteration 91, inertia 304.816
Iteration 92, inertia 304.815
Iteration 93, inertia 304.814
Iteration 94, inertia 304.813
Iteration 95, inertia 304.812
Iteration 96, inertia 304.812
Iteration 97, inertia 304.811
Iteration 98, inertia 304.810
Iteration 99, inertia 304.809
Iteration 100, inertia 304.808
Iteration 101, inertia 304.807
Iteration 102, inertia 304.806
Iteration 103, inertia 304.805
Iteration 104, inertia 304.803
Iteration 105, inertia 304.802
Iteration 106, inertia 304.801
Iteration 107, inertia 304.799
Iteration 108, inertia 304.797
Iteration 109, inertia 304.796
Iteration 110, inertia 304.794
Iteration 111, inertia 304.793
Iteration 112, inertia 304.792
Iteration 113, inertia 304.791
Iteration 114, inertia 304.790
Iteration 115, inertia 304.789
Iteration 116, inertia 304.789
Iteration 117, inertia 304.788
Iteration 118, inertia 304.788
Iteration 119, inertia 304.787
Iteration 120, inertia 304.787
Iteration 121, inertia 304.786
Iteration 122, inertia 304.786
Iteration 123, inertia 304.786
Iteration 124, inertia 304.786
Iteration 125, inertia 304.785
Iteration 126, inertia 304.785
Iteration 127, inertia 304.785
Iteration 128, inertia 304.785
Iteration 129, inertia 304.785
Iteration 130, inertia 304.785
Iteration 131, inertia 304.785
Iteration 132, inertia 304.784
Iteration 133, inertia 304.784
Iteration 134, inertia 304.784
Iteration 135, inertia 304.784
Iteration 136, inertia 304.784
Iteration 137, inertia 304.784
Iteration 138, inertia 304.784
Iteration 139, inertia 304.783
Iteration 140, inertia 304.783
Iteration 141, inertia 304.783
Iteration 142, inertia 304.783
Iteration 143, inertia 304.782
Iteration 144, inertia 304.782
Iteration 145, inertia 304.782
Iteration 146, inertia 304.782
Iteration 147, inertia 304.782
Iteration 148, inertia 304.782
Iteration 149, inertia 304.782
Iteration 150, inertia 304.782
Iteration 151, inertia 304.782
Iteration 152, inertia 304.781
Iteration 153, inertia 304.781
Iteration 154, inertia 304.781
Iteration 155, inertia 304.781
Iteration 156, inertia 304.781
Iteration 157, inertia 304.781
Iteration 158, inertia 304.781
Iteration 159, inertia 304.781
Iteration 160, inertia 304.781
Iteration 161, inertia 304.781
Iteration 162, inertia 304.781
Iteration 163, inertia 304.781
Iteration 164, inertia 304.781
Iteration 165, inertia 304.781
Iteration 166, inertia 304.781
Converged at iteration 166
Initialization complete
Iteration  0, inertia 447.459
Iteration  1, inertia 321.575
Iteration  2, inertia 314.927
Iteration  3, inertia 312.203
Iteration  4, inertia 310.574
Iteration  5, inertia 309.437
Iteration  6, inertia 308.632
Iteration  7, inertia 308.034
Iteration  8, inertia 307.592
Iteration  9, inertia 307.246
Iteration 10, inertia 306.971
Iteration 11, inertia 306.752
Iteration 12, inertia 306.580
Iteration 13, inertia 306.437
Iteration 14, inertia 306.306
Iteration 15, inertia 306.188
Iteration 16, inertia 306.085
Iteration 17, inertia 305.996
Iteration 18, inertia 305.917
Iteration 19, inertia 305.848
Iteration 20, inertia 305.791
Iteration 21, inertia 305.743
Iteration 22, inertia 305.696
Iteration 23, inertia 305.651
Iteration 24, inertia 305.610
Iteration 25, inertia 305.569
Iteration 26, inertia 305.527
Iteration 27, inertia 305.485
Iteration 28, inertia 305.444
Iteration 29, inertia 305.405
Iteration 30, inertia 305.369
Iteration 31, inertia 305.337
Iteration 32, inertia 305.312
Iteration 33, inertia 305.291
Iteration 34, inertia 305.272
Iteration 35, inertia 305.252
Iteration 36, inertia 305.233
Iteration 37, inertia 305.215
Iteration 38, inertia 305.199
Iteration 39, inertia 305.181
Iteration 40, inertia 305.162
Iteration 41, inertia 305.143
Iteration 42, inertia 305.127
Iteration 43, inertia 305.114
Iteration 44, inertia 305.101
Iteration 45, inertia 305.088
Iteration 46, inertia 305.073
Iteration 47, inertia 305.057
Iteration 48, inertia 305.042
Iteration 49, inertia 305.027
Iteration 50, inertia 305.011
Iteration 51, inertia 304.997
Iteration 52, inertia 304.984
Iteration 53, inertia 304.972
Iteration 54, inertia 304.962
Iteration 55, inertia 304.953
Iteration 56, inertia 304.945
Iteration 57, inertia 304.938
Iteration 58, inertia 304.930
Iteration 59, inertia 304.922
Iteration 60, inertia 304.914
Iteration 61, inertia 304.904
Iteration 62, inertia 304.896
Iteration 63, inertia 304.889
Iteration 64, inertia 304.882
Iteration 65, inertia 304.875
Iteration 66, inertia 304.869
Iteration 67, inertia 304.864
Iteration 68, inertia 304.859
Iteration 69, inertia 304.854
Iteration 70, inertia 304.851
Iteration 71, inertia 304.847
Iteration 72, inertia 304.844
Iteration 73, inertia 304.840
Iteration 74, inertia 304.837
Iteration 75, inertia 304.833
Iteration 76, inertia 304.829
Iteration 77, inertia 304.826
Iteration 78, inertia 304.823
Iteration 79, inertia 304.822
Iteration 80, inertia 304.820
Iteration 81, inertia 304.817
Iteration 82, inertia 304.815
Iteration 83, inertia 304.813
Iteration 84, inertia 304.811
Iteration 85, inertia 304.808
Iteration 86, inertia 304.804
Iteration 87, inertia 304.798
Iteration 88, inertia 304.793
Iteration 89, inertia 304.787
Iteration 90, inertia 304.780
Iteration 91, inertia 304.774
Iteration 92, inertia 304.768
Iteration 93, inertia 304.763
Iteration 94, inertia 304.759
Iteration 95, inertia 304.757
Iteration 96, inertia 304.754
Iteration 97, inertia 304.752
Iteration 98, inertia 304.750
Iteration 99, inertia 304.749
Iteration 100, inertia 304.747
Iteration 101, inertia 304.746
Iteration 102, inertia 304.744
Iteration 103, inertia 304.742
Iteration 104, inertia 304.741
Iteration 105, inertia 304.739
Iteration 106, inertia 304.737
Iteration 107, inertia 304.736
Iteration 108, inertia 304.734
Iteration 109, inertia 304.732
Iteration 110, inertia 304.730
Iteration 111, inertia 304.728
Iteration 112, inertia 304.726
Iteration 113, inertia 304.725
Iteration 114, inertia 304.723
Iteration 115, inertia 304.721
Iteration 116, inertia 304.720
Iteration 117, inertia 304.719
Iteration 118, inertia 304.718
Iteration 119, inertia 304.716
Iteration 120, inertia 304.715
Iteration 121, inertia 304.714
Iteration 122, inertia 304.714
Iteration 123, inertia 304.713
Iteration 124, inertia 304.712
Iteration 125, inertia 304.711
Iteration 126, inertia 304.711
Iteration 127, inertia 304.711
Iteration 128, inertia 304.710
Iteration 129, inertia 304.710
Iteration 130, inertia 304.710
Iteration 131, inertia 304.710
Iteration 132, inertia 304.710
Iteration 133, inertia 304.710
Iteration 134, inertia 304.710
Iteration 135, inertia 304.710
Iteration 136, inertia 304.710
Iteration 137, inertia 304.710
Iteration 138, inertia 304.709
Converged at iteration 138
Initialization complete
Iteration  0, inertia 446.883
Iteration  1, inertia 321.775
Iteration  2, inertia 314.662
Iteration  3, inertia 311.860
Iteration  4, inertia 310.393
Iteration  5, inertia 309.450
Iteration  6, inertia 308.767
Iteration  7, inertia 308.240
Iteration  8, inertia 307.821
Iteration  9, inertia 307.501
Iteration 10, inertia 307.252
Iteration 11, inertia 307.056
Iteration 12, inertia 306.888
Iteration 13, inertia 306.745
Iteration 14, inertia 306.615
Iteration 15, inertia 306.495
Iteration 16, inertia 306.391
Iteration 17, inertia 306.293
Iteration 18, inertia 306.200
Iteration 19, inertia 306.113
Iteration 20, inertia 306.029
Iteration 21, inertia 305.951
Iteration 22, inertia 305.881
Iteration 23, inertia 305.819
Iteration 24, inertia 305.762
Iteration 25, inertia 305.710
Iteration 26, inertia 305.659
Iteration 27, inertia 305.612
Iteration 28, inertia 305.569
Iteration 29, inertia 305.526
Iteration 30, inertia 305.486
Iteration 31, inertia 305.447
Iteration 32, inertia 305.412
Iteration 33, inertia 305.378
Iteration 34, inertia 305.347
Iteration 35, inertia 305.317
Iteration 36, inertia 305.290
Iteration 37, inertia 305.264
Iteration 38, inertia 305.242
Iteration 39, inertia 305.221
Iteration 40, inertia 305.202
Iteration 41, inertia 305.183
Iteration 42, inertia 305.164
Iteration 43, inertia 305.148
Iteration 44, inertia 305.131
Iteration 45, inertia 305.119
Iteration 46, inertia 305.108
Iteration 47, inertia 305.097
Iteration 48, inertia 305.085
Iteration 49, inertia 305.074
Iteration 50, inertia 305.064
Iteration 51, inertia 305.055
Iteration 52, inertia 305.047
Iteration 53, inertia 305.040
Iteration 54, inertia 305.031
Iteration 55, inertia 305.022
Iteration 56, inertia 305.012
Iteration 57, inertia 305.002
Iteration 58, inertia 304.993
Iteration 59, inertia 304.985
Iteration 60, inertia 304.978
Iteration 61, inertia 304.971
Iteration 62, inertia 304.964
Iteration 63, inertia 304.956
Iteration 64, inertia 304.948
Iteration 65, inertia 304.940
Iteration 66, inertia 304.933
Iteration 67, inertia 304.925
Iteration 68, inertia 304.917
Iteration 69, inertia 304.910
Iteration 70, inertia 304.902
Iteration 71, inertia 304.897
Iteration 72, inertia 304.891
Iteration 73, inertia 304.885
Iteration 74, inertia 304.879
Iteration 75, inertia 304.873
Iteration 76, inertia 304.868
Iteration 77, inertia 304.864
Iteration 78, inertia 304.861
Iteration 79, inertia 304.857
Iteration 80, inertia 304.854
Iteration 81, inertia 304.851
Iteration 82, inertia 304.848
Iteration 83, inertia 304.845
Iteration 84, inertia 304.842
Iteration 85, inertia 304.838
Iteration 86, inertia 304.835
Iteration 87, inertia 304.833
Iteration 88, inertia 304.831
Iteration 89, inertia 304.829
Iteration 90, inertia 304.827
Iteration 91, inertia 304.825
Iteration 92, inertia 304.824
Iteration 93, inertia 304.822
Iteration 94, inertia 304.820
Iteration 95, inertia 304.819
Iteration 96, inertia 304.818
Iteration 97, inertia 304.816
Iteration 98, inertia 304.815
Iteration 99, inertia 304.814
Iteration 100, inertia 304.813
Iteration 101, inertia 304.812
Iteration 102, inertia 304.811
Iteration 103, inertia 304.810
Iteration 104, inertia 304.810
Iteration 105, inertia 304.809
Iteration 106, inertia 304.808
Iteration 107, inertia 304.808
Iteration 108, inertia 304.808
Iteration 109, inertia 304.807
Iteration 110, inertia 304.807
Iteration 111, inertia 304.807
Iteration 112, inertia 304.807
Iteration 113, inertia 304.807
Iteration 114, inertia 304.807
Iteration 115, inertia 304.807
Iteration 116, inertia 304.807
Iteration 117, inertia 304.807
Iteration 118, inertia 304.807
Iteration 119, inertia 304.806
Iteration 120, inertia 304.806
Iteration 121, inertia 304.806
Converged at iteration 121
Initialization complete
Iteration  0, inertia 450.588
Iteration  1, inertia 322.392
Iteration  2, inertia 315.277
Iteration  3, inertia 312.437
Iteration  4, inertia 310.833
Iteration  5, inertia 309.754
Iteration  6, inertia 308.985
Iteration  7, inertia 308.415
Iteration  8, inertia 307.971
Iteration  9, inertia 307.618
Iteration 10, inertia 307.337
Iteration 11, inertia 307.102
Iteration 12, inertia 306.893
Iteration 13, inertia 306.705
Iteration 14, inertia 306.537
Iteration 15, inertia 306.378
Iteration 16, inertia 306.229
Iteration 17, inertia 306.086
Iteration 18, inertia 305.962
Iteration 19, inertia 305.859
Iteration 20, inertia 305.768
Iteration 21, inertia 305.687
Iteration 22, inertia 305.612
Iteration 23, inertia 305.543
Iteration 24, inertia 305.481
Iteration 25, inertia 305.425
Iteration 26, inertia 305.377
Iteration 27, inertia 305.334
Iteration 28, inertia 305.294
Iteration 29, inertia 305.256
Iteration 30, inertia 305.219
Iteration 31, inertia 305.182
Iteration 32, inertia 305.147
Iteration 33, inertia 305.113
Iteration 34, inertia 305.084
Iteration 35, inertia 305.055
Iteration 36, inertia 305.029
Iteration 37, inertia 305.006
Iteration 38, inertia 304.983
Iteration 39, inertia 304.962
Iteration 40, inertia 304.943
Iteration 41, inertia 304.925
Iteration 42, inertia 304.908
Iteration 43, inertia 304.889
Iteration 44, inertia 304.870
Iteration 45, inertia 304.855
Iteration 46, inertia 304.842
Iteration 47, inertia 304.829
Iteration 48, inertia 304.817
Iteration 49, inertia 304.807
Iteration 50, inertia 304.800
Iteration 51, inertia 304.794
Iteration 52, inertia 304.788
Iteration 53, inertia 304.784
Iteration 54, inertia 304.781
Iteration 55, inertia 304.778
Iteration 56, inertia 304.775
Iteration 57, inertia 304.771
Iteration 58, inertia 304.767
Iteration 59, inertia 304.764
Iteration 60, inertia 304.762
Iteration 61, inertia 304.759
Iteration 62, inertia 304.757
Iteration 63, inertia 304.755
Iteration 64, inertia 304.754
Iteration 65, inertia 304.752
Iteration 66, inertia 304.751
Iteration 67, inertia 304.749
Iteration 68, inertia 304.748
Iteration 69, inertia 304.747
Iteration 70, inertia 304.746
Iteration 71, inertia 304.745
Iteration 72, inertia 304.743
Iteration 73, inertia 304.742
Iteration 74, inertia 304.741
Iteration 75, inertia 304.739
Iteration 76, inertia 304.738
Iteration 77, inertia 304.736
Iteration 78, inertia 304.734
Iteration 79, inertia 304.732
Iteration 80, inertia 304.730
Iteration 81, inertia 304.727
Iteration 82, inertia 304.725
Iteration 83, inertia 304.723
Iteration 84, inertia 304.721
Iteration 85, inertia 304.719
Iteration 86, inertia 304.717
Iteration 87, inertia 304.716
Iteration 88, inertia 304.714
Iteration 89, inertia 304.712
Iteration 90, inertia 304.710
Iteration 91, inertia 304.708
Iteration 92, inertia 304.705
Iteration 93, inertia 304.703
Iteration 94, inertia 304.700
Iteration 95, inertia 304.697
Iteration 96, inertia 304.695
Iteration 97, inertia 304.693
Iteration 98, inertia 304.690
Iteration 99, inertia 304.688
Iteration 100, inertia 304.686
Iteration 101, inertia 304.685
Iteration 102, inertia 304.683
Iteration 103, inertia 30codebook done
Final x.shape=(400, 10, 200)
Final y.shape=(400, 10)
K=200 T=1.0
T=1.0
Clustering x.shape=(767349, 416)
('Original shape:', (767349, 416))
Clustering into 200 categories ...
codebook done
Final x.shape=(400, 10, 200)
Final y.shape=(400, 10)
