Using gpu device 1: GeForce GTX TITAN X
/home/shaofan/.local/lib/python2.7/site-packages/theano/scan_module/scan_perform_ext.py:133: RuntimeWarning: numpy.ndarray size changed, may indicate binary incompatibility
  from scan_perform.scan_perform import *
BIT
(2720, 600)
(2720,)
(11.015625, array([[ 105.,   14.,    0.,    3.,    0.,    0.,    0.,    0.,    0.,    0.],
       [  80.,   20.,   17.,    6.,    1.,    0.,    1.,    0.,    0.,    0.],
       [  29.,   58.,    8.,   35.,    4.,    0.,    0.,    0.,    0.,    0.],
       [   5.,   18.,   67.,    5.,   23.,    4.,    0.,    0.,    0.,    0.],
       [   4.,    7.,   36.,   65.,    1.,   25.,    3.,    1.,    0.,    0.],
       [   0.,    3.,   11.,   41.,   45.,    1.,   24.,    4.,    1.,    0.],
       [   0.,    2.,    2.,   15.,   33.,   56.,    0.,   19.,    7.,    0.],
       [   0.,    0.,    1.,    5.,   13.,   29.,   39.,    1.,   42.,    1.],
       [   0.,    0.,    0.,    3.,    3.,   19.,   37.,   61.,    0.,    3.],
       [   0.,    0.,    0.,    1.,    6.,   23.,   30.,   53.,    1.,    0.]]), array([6, 7, 7, ..., 0, 0, 0], dtype=int32))
Before pca: x.shape: (2720, 600)
	Explained variance ratio 0.983021688735
shape: (2720, 200)
train-acc: 31.250%                                
train confusion matrix:
 [[ 239.   33.    5.    1.    0.    0.    0.    0.    0.    0.]
 [ 137.  100.   28.    7.    3.    0.    0.    0.    0.    0.]
 [  50.   81.   96.   23.   11.    3.    1.    1.    0.    0.]
 [  24.   52.   87.   81.   23.    5.    2.    2.    0.    2.]
 [  11.   27.   77.   62.   54.   16.    7.    2.    2.    0.]
 [   7.   33.   47.   56.   40.   52.   18.    9.    6.    2.]
 [   4.   16.   36.   41.   39.   37.   49.   23.   14.    7.]
 [   2.   15.   25.   27.   24.   38.   38.   55.   22.   23.]
 [   3.    9.   14.   17.   20.   26.   32.   50.   55.   48.]
 [   1.    7.   17.   19.   17.   26.   30.   49.   51.   69.]]
test-acc: 15.234%
test confusion matrix:
 [[ 95.  24.   2.   1.   0.   0.   0.   0.   0.   0.]
 [ 74.  27.  18.   4.   1.   1.   0.   0.   0.   0.]
 [ 34.  45.  23.  27.   3.   1.   0.   1.   0.   0.]
 [ 16.  24.  41.  11.  18.   9.   1.   1.   1.   0.]
 [  7.  19.  40.  44.   6.  14.  10.   1.   0.   1.]
 [  2.   9.  27.  36.  26.   3.  19.   5.   1.   2.]
 [  4.   9.  24.  24.  18.  26.   8.  12.   6.   3.]
 [  3.   3.  13.  13.  16.  17.  22.   6.  22.  16.]
 [  0.   4.  11.  11.   9.  14.  16.  26.   8.  27.]
 [  2.   5.   8.   5.   7.  15.  17.  26.  21.   8.]]
neighbor cost: 576074112.827
Iter: 0
	Violated triples: 9021/10000
	lr: 1e-06
	Share Pull:  288037056.0
	Share Push:  1139522.69914
Iter: 1
	Violated triples: 9021/10000
	lr: 1.02e-06
	Share Pull:  26882020.0
	Share Push:  26144581.049
Iter: 2
	Violated triples: 9021/10000
	lr: 1.0404e-06
	Share Pull:  13160930304.0
	Share Push:  2902720163.79
Iter: 3
	Violated triples: 9021/10000
	lr: 8.8434e-07
	Share Pull:  13160930304.0
	Share Push:  2902720163.79
Iter: 4
	Violated triples: 9021/10000
	lr: 7.51689e-07
	Share Pull:  13160930304.0
	Share Push:  2902720163.79
shape: (2720, 96)
train-acc: 36.434%                                
train confusion matrix:
 [[ 220.   37.   13.    4.    0.    1.    1.    1.    0.    1.]
 [  85.  112.   41.   19.    6.    6.    1.    2.    2.    1.]
 [  33.   52.  106.   27.   14.   15.   10.    2.    5.    2.]
 [  16.   38.   50.   96.   28.   21.   13.    8.    2.    6.]
 [   7.   14.   35.   52.   75.   25.   25.   14.    3.    8.]
 [   5.   13.   27.   39.   41.   70.   27.   16.   18.   14.]
 [   1.    9.   16.   26.   27.   40.   78.   29.   21.   19.]
 [   0.    3.   12.   19.   14.   31.   45.   76.   35.   34.]
 [   1.    3.    8.   13.   14.   26.   29.   49.   80.   51.]
 [   1.    3.    7.   11.   14.   27.   24.   44.   77.   78.]]
test-acc: 19.375%
test confusion matrix:
 [[ 82.  29.   8.   2.   0.   1.   0.   0.   0.   0.]
 [ 44.  41.  22.   6.   3.   6.   1.   1.   1.   0.]
 [ 19.  35.  31.  29.   9.   4.   3.   0.   0.   4.]
 [  5.   9.  38.   9.  29.  14.   8.   5.   3.   2.]
 [  1.  13.  26.  38.  10.  28.  10.   8.   5.   3.]
 [  2.   7.  15.  19.  26.  12.  23.  12.  10.   4.]
 [  0.   5.  10.  17.  17.  26.  13.  23.  14.   9.]
 [  0.   3.   9.   8.  14.  13.  21.  17.  29.  17.]
 [  0.   1.   2.   3.  10.  13.  14.  31.  19.  33.]
 [  0.   1.   2.   5.   9.   9.  16.  27.  31.  14.]]
neighbor cost: 9943013332.04
Iter: 0
	Violated triples: 9027/10000
	lr: 6.3893565e-07
	Share Pull:  4971565056.0
	Share Push:  135111519.411
Iter: 1
	Violated triples: 9027/10000
	lr: 6.51714363e-07
	Share Pull:  4146594560.0
	Share Push:  126370268.855
Iter: 2
	Violated triples: 9027/10000
	lr: 6.6474865026e-07
	Share Pull:  3593312256.0
	Share Push:  121140970.407
Iter: 3
	Violated triples: 9027/10000
	lr: 6.78043623265e-07
	Share Pull:  3222366720.0
	Share Push:  120119742.835
Iter: 4
	Violated triples: 9027/10000
	lr: 6.91604495731e-07
	Share Pull:  2961816576.0
	Share Push:  120858329.946
shape: (2720, 31)
train-acc: 9.890%                                
train confusion matrix:
 [[   0.    0.    0.    0.    0.    0.    0.  278.    0.    0.]
 [   0.    0.    0.    0.    0.    0.    0.  275.    0.    0.]
 [   0.    0.    0.    0.    0.    0.    0.  266.    0.    0.]
 [   0.    0.    0.    0.    0.    0.    0.  278.    0.    0.]
 [   0.    0.    0.    0.    0.    0.    0.  258.    0.    0.]
 [   0.    0.    0.    0.    0.    0.    0.  270.    0.    0.]
 [   0.    0.    0.    0.    0.    0.    0.  266.    0.    0.]
 [   0.    0.    0.    0.    0.    0.    0.  269.    0.    0.]
 [   0.    0.    0.    0.    0.    0.    0.  274.    0.    0.]
 [   0.    0.    0.    0.    0.    0.    0.  286.    0.    0.]]
test-acc: 10.234%
test confusion matrix:
 [[   0.    0.    0.    0.    0.    0.    0.  122.    0.    0.]
 [   0.    0.    0.    0.    0.    0.    0.  125.    0.    0.]
 [   0.    0.    0.    0.    0.    0.    0.  134.    0.    0.]
 [   0.    0.    0.    0.    0.    0.    0.  122.    0.    0.]
 [   0.    0.    0.    0.    0.    0.    0.  142.    0.    0.]
 [   0.    0.    0.    0.    0.    0.    0.  130.    0.    0.]
 [   0.    0.    0.    0.    0.    0.    0.  134.    0.    0.]
 [   0.    0.    0.    0.    0.    0.    0.  131.    0.    0.]
 [   0.    0.    0.    0.    0.    0.    0.  126.    0.    0.]
 [   0.    0.    0.    0.    0.    0.    0.  114.    0.    0.]]
neighbor cost: nan
Iter: 0
	Violated triples: 9008/10000
	lr: 7.05436585645e-07
	Share Pull:  50922528768.0
	Share Push:  1.19321561247e+11
Iter: 1
	Violated triples: 9008/10000
	lr: 7.19545317358e-07
	Share Pull:  18819788800.0
	Share Push:  39068352512.6
Iter: 2
	Violated triples: 9008/10000
	lr: 7.33936223705e-07
	Share Pull:  4941164544.0
	Share Push:  7840914880.78
Iter: 3
	Violated triples: 9008/10000
	lr: 7.48614948179e-07
	Share Pull:  1524741120.0
	Share Push:  1739418486.28
Iter: 4
	Violated triples: 9008/10000
	lr: 7.63587247143e-07
	Share Pull:  746022016.0
	Share Push:  667552644.572
shape: (2720, 63)
train-acc: 37.500%                                
train confusion matrix:
 [[ 216.   46.   15.    1.    0.    0.    0.    0.    0.    0.]
 [ 101.  112.   38.   13.    3.    5.    3.    0.    0.    0.]
 [  34.   57.  104.   31.   19.   13.    4.    3.    0.    1.]
 [  16.   32.   48.   88.   37.   24.   18.    6.    7.    2.]
 [   4.   12.   38.   46.   68.   33.   22.   15.   10.   10.]
 [   1.    6.   19.   38.   34.   93.   30.   24.   10.   15.]
 [   1.    1.   11.   23.   20.   46.   72.   38.   28.   26.]
 [   1.    1.    8.   10.    8.   28.   42.   85.   49.   37.]
 [   1.    0.    3.    9.    8.   16.   28.   54.   96.   59.]
 [   1.    0.    4.   10.    5.   17.   27.   52.   84.   86.]]
test-acc: 22.344%
test confusion matrix:
 [[ 73.  42.   6.   1.   0.   0.   0.   0.   0.   0.]
 [ 52.  41.  17.   9.   5.   1.   0.   0.   0.   0.]
 [ 21.  37.  30.  22.  10.   6.   3.   2.   3.   0.]
 [  3.  16.  27.  25.  23.  15.   5.   4.   4.   0.]
 [  1.   8.  21.  35.  18.  25.  15.  10.   6.   3.]
 [  0.   2.  11.  17.  23.  21.  23.  17.  11.   5.]
 [  1.   0.   7.   8.  17.  29.  17.  20.  20.  15.]
 [  0.   0.   3.   5.   7.  19.  24.  18.  29.  26.]
 [  0.   1.   3.   6.   2.   8.  13.  29.  19.  45.]
 [  0.   1.   2.   5.   6.   3.  11.  28.  34.  24.]]
neighbor cost: 122515964.81
Iter: 0
	Violated triples: 8966/10000
	lr: 7.78858992086e-07
	Share Pull:  61201168.0
	Share Push:  2540028.69477
Iter: 1
	Violated triples: 8966/10000
	lr: 7.94436171927e-07
	Share Pull:  40153232.0
	Share Push:  2069695.00091
Iter: 2
	Violated triples: 8966/10000
	lr: 8.10324895366e-07
	Share Pull:  32452946.0
	Share Push:  1972663.515
Iter: 3
	Violated triples: 8966/10000
	lr: 8.26531393273e-07
	Share Pull:  28015466.0
	Share Push:  1964143.59701
Iter: 4
	Violated triples: 8966/10000
	lr: 8.43062021139e-07
	Share Pull:  25035630.0
	Share Push:  1972780.5087
shape: (2720, 16)
train-acc: 9.890%                                
train confusion matrix:
 [[   0.    0.    0.    0.    0.    0.    0.  278.    0.    0.]
 [   0.    0.    0.    0.    0.    0.    0.  275.    0.    0.]
 [   0.    0.    0.    0.    0.    0.    0.  266.    0.    0.]
 [   0.    0.    0.    0.    0.    0.    0.  278.    0.    0.]
 [   0.    0.    0.    0.    0.    0.    0.  258.    0.    0.]
 [   0.    0.    0.    0.    0.    0.    0.  270.    0.    0.]
 [   0.    0.    0.    0.    0.    0.    0.  266.    0.    0.]
 [   0.    0.    0.    0.    0.    0.    0.  269.    0.    0.]
 [   0.    0.    0.    0.    0.    0.    0.  274.    0.    0.]
 [   0.    0.    0.    0.    0.    0.    0.  286.    0.    0.]]
test-acc: 10.234%
test confusion matrix:
 [[   0.    0.    0.    0.    0.    0.    0.  122.    0.    0.]
 [   0.    0.    0.    0.    0.    0.    0.  125.    0.    0.]
 [   0.    0.    0.    0.    0.    0.    0.  134.    0.    0.]
 [   0.    0.    0.    0.    0.    0.    0.  122.    0.    0.]
 [   0.    0.    0.    0.    0.    0.    0.  142.    0.    0.]
 [   0.    0.    0.    0.    0.    0.    0.  130.    0.    0.]
 [   0.    0.    0.    0.    0.    0.    0.  134.    0.    0.]
 [   0.    0.    0.    0.    0.    0.    0.  131.    0.    0.]
 [   0.    0.    0.    0.    0.    0.    0.  126.    0.    0.]
 [   0.    0.    0.    0.    0.    0.    0.  114.    0.    0.]]
neighbor cost: nan
Iter: 0
	Violated triples: 9024/10000
	lr: 8.59923261562e-07
	Share Pull:  414620736.0
	Share Push:  455477489.83
Iter: 1
	Violated triples: 9024/10000
	lr: 8.77121726793e-07
	Share Pull:  287466880.0
	Share Push:  281589979.767
Iter: 2
	Violated triples: 9024/10000
	lr: 8.94664161329e-07
	Share Pull:  218911312.0
	Share Push:  196251225.433
Iter: 3
	Violated triples: 9024/10000
	lr: 9.12557444555e-07
	Share Pull:  178951392.0
	Share Push:  144104185.578
Iter: 4
	Violated triples: 9024/10000
	lr: 9.30808593446e-07
	Share Pull:  147102624.0
	Share Push:  111581934.556
shape: (2720, 31)
train-acc: 40.294%                                
train confusion matrix:
 [[ 224.   44.    5.    4.    0.    1.    0.    0.    0.    0.]
 [  96.  122.   36.   13.    4.    2.    1.    0.    0.    1.]
 [  46.   55.  107.   28.   14.    7.    8.    0.    1.    0.]
 [  17.   38.   48.   98.   32.   16.   14.    7.    7.    1.]
 [   7.   14.   30.   57.   67.   32.   23.   16.    6.    6.]
 [   1.   10.   21.   35.   41.   86.   34.   17.   15.   10.]
 [   0.    2.    8.   22.   27.   39.   97.   30.   22.   19.]
 [   0.    2.    7.   14.   19.   22.   34.   95.   51.   25.]
 [   0.    3.    2.   10.    8.   10.   18.   51.  111.   61.]
 [   0.    3.    5.    6.    5.    4.   21.   56.   97.   89.]]
test-acc: 21.719%
test confusion matrix:
 [[ 75.  41.   4.   1.   0.   0.   1.   0.   0.   0.]
 [ 55.  43.  16.  11.   0.   0.   0.   0.   0.   0.]
 [ 28.  40.  23.  23.   5.   8.   4.   2.   0.   1.]
 [  8.  12.  30.  32.  12.   9.  12.   2.   4.   1.]
 [  3.  11.  26.  37.  12.  21.  15.   8.   6.   3.]
 [  1.   4.  10.  23.  24.  13.  23.  17.   9.   6.]
 [  0.   1.   7.  16.  11.  31.  15.  18.  22.  13.]
 [  0.   0.   2.   9.   5.  14.  24.  23.  32.  22.]
 [  0.   0.   4.   5.   7.   4.  17.  28.  23.  38.]
 [  0.   1.   1.   6.   5.   4.  13.  20.  45.  19.]]
neighbor cost: 23135771.9322
Iter: 0
	Violated triples: 8992/10000
	lr: 9.49424765315e-07
	Share Pull:  11559396.0
	Share Push:  572955.001432
Iter: 1
	Violated triples: 8992/10000
	lr: 9.68413260622e-07
	Share Pull:  7501504.0
	Share Push:  472378.60114
Iter: 2
	Violated triples: 8992/10000
	lr: 9.87781525834e-07
	Share Pull:  6161867.5
	Share Push:  454570.669816
Iter: 3
	Violated triples: 8992/10000
	lr: 1.00753715635e-06
	Share Pull:  5428173.0
	Share Push:  442397.159315
Iter: 4
	Violated triples: 8992/10000
	lr: 1.02768789948e-06
	Share Pull:  4939610.5
	Share Push:  443281.905902
shape: (2720, 6)
train-acc: 41.066%                                
train confusion matrix:
 [[ 216.   45.   13.    3.    0.    1.    0.    0.    0.    0.]
 [  92.  117.   43.   15.    5.    2.    1.    0.    0.    0.]
 [  48.   61.   87.   32.   21.   14.    3.    0.    0.    0.]
 [  18.   39.   37.  119.   24.   24.    9.    2.    6.    0.]
 [   5.   17.   35.   46.   75.   29.   27.   11.    8.    5.]
 [   2.    6.   14.   55.   30.   92.   31.   21.   10.    9.]
 [   1.    1.    7.   27.   21.   41.   97.   37.   21.   13.]
 [   1.    0.    7.   12.   13.   35.   42.  105.   32.   22.]
 [   1.    0.    2.   12.    6.   14.   29.   47.  109.   54.]
 [   1.    0.    3.   10.    6.   16.   28.   33.   89.  100.]]
test-acc: 23.594%
test confusion matrix:
 [[ 75.  42.   2.   2.   0.   1.   0.   0.   0.   0.]
 [ 48.  43.  19.   7.   5.   3.   0.   0.   0.   0.]
 [ 30.  34.  28.  25.   7.   6.   1.   2.   0.   1.]
 [  9.  15.  27.  25.  16.  13.  11.   4.   2.   0.]
 [  3.  10.  20.  43.  14.  23.  14.   6.   6.   3.]
 [  0.   4.  10.  21.  26.  18.  25.   9.  11.   6.]
 [  0.   4.   6.  15.  16.  25.  20.  17.  19.  12.]
 [  0.   0.   1.   7.   9.  15.  25.  28.  26.  20.]
 [  0.   0.   4.   6.   4.   9.  14.  21.  28.  40.]
 [  0.   0.   2.   4.   5.   7.  13.  18.  42.  23.]]
neighbor cost: 7692249.55001
Iter: 0
	Violated triples: 8984/10000
	lr: 1.04824165747e-06
	Share Pull:  3851775.0
	Share Push:  672485.773938
Iter: 1
	Violated triples: 8984/10000
	lr: 1.06920649062e-06
	Share Pull:  3463387.0
	Share Push:  640431.901732
Iter: 2
	Violated triples: 8984/10000
	lr: 1.09059062043e-06
	Share Pull:  3235630.5
	Share Push:  620968.759767
Iter: 3
	Violated triples: 8984/10000
	lr: 1.11240243284e-06
	Share Pull:  3076185.5
	Share Push:  605791.28358
Iter: 4
	Violated triples: 8984/10000
	lr: 1.13465048149e-06
	Share Pull:  2942882.25
	Share Push:  592615.522778
shape: (2720, 4)
train-acc: 40.368%                                
train confusion matrix:
 [[ 204.   51.   16.    7.    0.    0.    0.    0.    0.    0.]
 [  88.  125.   38.   13.    4.    4.    3.    0.    0.    0.]
 [  50.   60.   85.   35.   16.   15.    3.    1.    1.    0.]
 [  18.   41.   41.  106.   25.   24.   12.    4.    6.    1.]
 [   9.   17.   28.   44.   78.   35.   24.   12.    7.    4.]
 [   2.    7.   21.   41.   49.   92.   23.   17.   13.    5.]
 [   1.    3.    5.   26.   33.   41.   96.   24.   18.   19.]
 [   0.    2.   12.    9.   23.   24.   37.  103.   33.   26.]
 [   0.    1.    2.    9.    8.   13.   28.   43.  116.   54.]
 [   0.    1.    5.    6.    9.   13.   36.   44.   79.   93.]]
test-acc: 26.250%
test confusion matrix:
 [[ 74.  42.   3.   2.   1.   0.   0.   0.   0.   0.]
 [ 38.  44.  26.  10.   5.   2.   0.   0.   0.   0.]
 [ 28.  29.  36.  18.  12.   9.   2.   0.   0.   0.]
 [ 11.  20.  16.  30.  17.  14.  10.   2.   0.   2.]
 [  7.  14.  14.  30.  26.  27.  13.   5.   4.   2.]
 [  1.   4.  10.  27.  25.  23.  15.  13.  10.   2.]
 [  0.   1.   8.  13.   8.  34.  26.  17.  20.   7.]
 [  0.   1.   1.   6.  13.  11.  23.  32.  29.  15.]
 [  0.   0.   4.   5.   6.   7.  20.  25.  24.  35.]
 [  0.   0.   1.   5.   7.   5.   9.  23.  43.  21.]]
neighbor cost: 5318970.45533
Iter: 0
	Violated triples: 9030/10000
	lr: 1.15734349112e-06
	Share Pull:  2655481.5
	Share Push:  546781.457976
Iter: 1
	Violated triples: 9030/10000
	lr: 1.18049036095e-06
	Share Pull:  2474636.25
	Share Push:  517675.570102
Iter: 2
	Violated triples: 9030/10000
	lr: 1.20410016817e-06
	Share Pull:  2374016.5
	Share Push:  502077.588604
Iter: 3
	Violated triples: 9030/10000
	lr: 1.22818217153e-06
	Share Pull:  2289731.5
	Share Push:  491382.238642
Iter: 4
	Violated triples: 9030/10000
	lr: 1.25274581496e-06
	Share Pull:  2221500.5
	Share Push:  483169.271562
shape: (2720, 2)
train-acc: 39.375%                                
train confusion matrix:
 [[ 204.   48.   18.    5.    2.    1.    0.    0.    0.    0.]
 [  89.  130.   29.   16.    5.    2.    3.    1.    0.    0.]
 [  42.   59.   97.   33.   16.   11.    4.    3.    1.    0.]
 [  20.   39.   46.   98.   29.   24.   12.    3.    3.    4.]
 [   7.   23.   24.   51.   76.   31.   21.    5.   18.    2.]
 [   3.   12.   12.   39.   43.   98.   22.   16.   17.    8.]
 [   1.    4.   11.   28.   31.   34.   87.   29.   24.   17.]
 [   1.    1.   12.   16.   21.   28.   39.   91.   33.   27.]
 [   1.    0.    5.   13.   15.   16.   30.   41.  100.   53.]
 [   1.    0.    7.    9.   16.   16.   34.   50.   63.   90.]]
test-acc: 24.141%
test confusion matrix:
 [[ 77.  35.   6.   2.   1.   0.   1.   0.   0.   0.]
 [ 34.  49.  29.   8.   4.   0.   1.   0.   0.   0.]
 [ 27.  41.  24.  16.  17.   5.   4.   0.   0.   0.]
 [ 10.  17.  24.  25.  17.  12.   8.   2.   4.   3.]
 [  7.  14.  14.  34.  24.  26.  10.   8.   3.   2.]
 [  2.   8.   8.  24.  21.  23.  18.  11.   8.   7.]
 [  0.   4.   6.  18.  11.  28.  20.  17.  22.   8.]
 [  0.   1.   0.   9.  13.  15.  19.  23.  28.  23.]
 [  0.   1.   3.   3.  12.  16.  16.  21.  17.  37.]
 [  0.   1.   0.   7.   6.   7.  14.  23.  29.  27.]]
neighbor cost: 4186174.01536
Iter: 0
	Violated triples: 8971/10000
	lr: 1.27780073126e-06
	Share Pull:  2093088.25
	Share Push:  488868.04361
Iter: 1
	Violated triples: 8971/10000
	lr: 1.30335674588e-06
	Share Pull:  2021179.875
	Share Push:  464426.873329
Iter: 2
	Violated triples: 8971/10000
	lr: 1.3294238808e-06
	Share Pull:  1972082.875
	Share Push:  450517.737596
Iter: 3
	Violated triples: 8971/10000
	lr: 1.35601235842e-06
	Share Pull:  1933078.0
	Share Push:  440553.104431
Iter: 4
	Violated triples: 8971/10000
	lr: 1.38313260559e-06
	Share Pull:  1899854.625
	Share Push:  432724.471965
shape: (2720, 2)
train-acc: 40.000%                                
train confusion matrix:
 [[ 202.   48.   21.    4.    3.    0.    0.    0.    0.    0.]
 [  80.  134.   33.   19.    4.    0.    3.    1.    0.    1.]
 [  47.   55.  105.   29.   12.    9.    5.    4.    0.    0.]
 [  20.   38.   45.  105.   30.   14.   18.    2.    1.    5.]
 [   8.   25.   32.   43.   79.   36.   13.    6.   13.    3.]
 [   4.    9.   16.   48.   50.   85.   24.   12.   12.   10.]
 [   1.    3.   14.   27.   25.   27.   96.   33.   23.   17.]
 [   1.    3.   13.   13.   12.   26.   43.   85.   41.   32.]
 [   1.    0.    5.   14.   12.   13.   35.   41.   96.   57.]
 [   1.    0.    9.   11.   17.   11.   27.   42.   67.  101.]]
test-acc: 24.531%
test confusion matrix:
 [[ 75.  37.   7.   2.   0.   1.   0.   0.   0.   0.]
 [ 40.  47.  29.   5.   2.   1.   1.   0.   0.   0.]
 [ 29.  33.  30.  20.  11.   5.   4.   1.   0.   1.]
 [ 10.  16.  26.  24.  15.  12.   9.   6.   3.   1.]
 [  5.  14.  24.  28.  23.  20.  13.   7.   7.   1.]
 [  0.   7.  13.  26.  18.  18.  13.  12.  14.   9.]
 [  0.   1.  10.  16.   8.  28.  26.  16.  18.  11.]
 [  0.   1.   2.   8.   6.  18.  22.  27.  29.  18.]
 [  0.   0.   6.   7.   8.  10.  11.  25.  20.  39.]
 [  0.   0.   1.   9.   6.   5.  13.  23.  33.  24.]]
neighbor cost: 3626094.73067
Iter: 0
	Violated triples: 9021/10000
	lr: 1.4107952577e-06
	Share Pull:  1813037.125
	Share Push:  514480.006256
Iter: 1
	Violated triples: 9021/10000
	lr: 1.43901116285e-06
	Share Pull:  1752876.75
	Share Push:  467474.494625
Iter: 2
	Violated triples: 9021/10000
	lr: 1.46779138611e-06
	Share Pull:  1714805.625
	Share Push:  441628.139705
Iter: 3
	Violated triples: 9021/10000
	lr: 1.49714721383e-06
	Share Pull:  1684312.25
	Share Push:  428997.263753
Iter: 4
	Violated triples: 9021/10000
	lr: 1.52709015811e-06
	Share Pull:  1646717.5
	Share Push:  425635.502802
shape: (2720, 2)
train-acc: 39.890%                                
train confusion matrix:
 [[ 213.   39.   21.    4.    1.    0.    0.    0.    0.    0.]
 [  91.  126.   27.   18.    7.    2.    4.    0.    0.    0.]
 [  49.   57.  102.   23.   15.   14.    2.    3.    1.    0.]
 [  23.   40.   52.   95.   28.   18.   13.    6.    0.    3.]
 [  10.   26.   35.   34.   75.   33.   25.    7.   10.    3.]
 [   6.   12.   18.   43.   40.   91.   20.   19.   13.    8.]
 [   1.    3.   11.   36.   30.   31.   73.   34.   26.   21.]
 [   0.    4.    9.   21.   13.   20.   37.  105.   28.   32.]
 [   1.    1.    6.   13.   16.   12.   30.   44.  108.   43.]
 [   1.    1.    6.   16.   18.   17.   24.   45.   61.   97.]]
test-acc: 26.016%
test confusion matrix:
 [[ 78.  35.   7.   1.   0.   1.   0.   0.   0.   0.]
 [ 36.  53.  25.   9.   2.   0.   0.   0.   0.   0.]
 [ 32.  34.  28.  13.  16.   7.   3.   0.   1.   0.]
 [  8.  20.  28.  18.  17.   8.  16.   3.   3.   1.]
 [  8.  13.  23.  32.  22.  19.  13.   7.   4.   1.]
 [  2.   5.   9.  23.  22.  19.  24.  14.   5.   7.]
 [  0.   2.   7.  19.   7.  22.  30.  22.  18.   7.]
 [  0.   1.   5.   9.  10.  12.  18.  33.  23.  20.]
 [  0.   2.   4.   7.   7.  10.  18.  17.  28.  33.]
 [  0.   2.   4.   2.   8.   8.  12.  17.  37.  24.]]
Auto saving ...
