Iter: 0 lr: [ 1.  1.]
lpull:[ 318.505]        gpull:[ 0.]
lpush:[ 642.914]        gpush:[ 0.]
Iter: 1 lr: [ 1.01  1.01]
lpull:[ 5932.49]        gpull:[ 0.]
lpush:[ 1069.836]       gpush:[ 0.]
Iter: 2 lr: [ 0.505  0.505]
lpull:[ 4334.545]       gpull:[ 0.]
lpush:[ 699.344]        gpush:[ 0.]
Iter: 3 lr: [ 0.51   0.252]
lpull:[ 3627.18]        gpull:[ 0.]
lpush:[ 597.038]        gpush:[ 0.]
Iter: 4 lr: [ 0.515  0.126]
lpull:[ 2970.574]       gpull:[ 0.]
lpush:[ 521.154]        gpush:[ 0.]
Iter: 5 lr: [ 0.52   0.063]
lpull:[ 2365.873]       gpull:[ 0.]
lpush:[ 713.221]        gpush:[ 0.]
Iter: 6 lr: [ 0.526  0.064]
lpull:[ 1804.031]       gpull:[ 0.]
lpush:[ 590.787]        gpush:[ 0.]
Iter: 7 lr: [ 0.531  0.032]
lpull:[ 1324.178]       gpull:[ 0.]
lpush:[ 517.238]        gpush:[ 0.]
Iter: 8 lr: [ 0.536  0.016]
lpull:[ 956.107]        gpull:[ 0.]
lpush:[ 486.755]        gpush:[ 0.]
Iter: 9 lr: [ 0.541  0.008]
lpull:[ 707.253]        gpull:[ 0.]
lpush:[ 464.356]        gpush:[ 0.]
shape: (268, 339)
train-acc: 57.090% test-acc: 16.667%
train confusion matrix:
[[ 19.   1.  14.   0.   0.   0.   0.   0.]
[  2.  25.   7.   1.   1.   0.   1.   0.]
[  1.   1.  20.   2.   0.   0.   0.   0.]
[  3.   4.  18.  16.   0.   0.   0.   0.]
[  6.   5.  11.   0.  12.   0.   0.   0.]
[  3.   4.  15.   0.   3.   4.   0.   1.]
[  1.   0.   2.   2.   0.   0.  32.   0.]
[  0.   1.   3.   0.   1.   0.   1.  25.]]
test confusion matrix:
[[  3.   2.  10.   0.   0.   0.   0.   1.]
[  5.   1.   3.   0.   1.   0.   3.   0.]
[  4.   7.   9.   0.   3.   0.   1.   2.]
[  1.   2.   5.   0.   0.   0.   0.   1.]
[  4.   5.   5.   1.   1.   0.   0.   0.]
[  3.   4.   8.   0.   0.   3.   1.   1.]
[  1.   0.   2.   2.   0.   0.   5.   3.]
[  2.   3.   7.   3.   2.   0.   2.   0.]]
neighbor cost: 244.427592106
Iter: 0 lr: [ 0.547  0.004]
lpull:[ 488.851]        gpull:[ 0.]
lpush:[ 406.947]        gpush:[ 0.]
Iter: 1 lr: [ 0.552  0.004]
lpull:[ 412.651]        gpull:[ 0.]
lpush:[ 358.899]        gpush:[ 0.]
Iter: 2 lr: [ 0.558  0.002]
lpull:[ 329.03] gpull:[ 0.]
lpush:[ 393.699]        gpush:[ 0.]
Iter: 3 lr: [ 0.563  0.001]
lpull:[ 660.243]        gpull:[ 0.]
lpush:[ 439.598]        gpush:[ 0.]
Iter: 4 lr: [ 0.282  0.001]
lpull:[ 390.328]        gpull:[ 0.]
lpush:[ 370.703]        gpush:[ 0.]
Iter: 5 lr: [  2.845e-01   2.515e-04]
lpull:[ 348.974]        gpull:[ 0.]
lpush:[ 378.386]        gpush:[ 0.]
Iter: 6 lr: [  2.874e-01   2.541e-04]
lpull:[ 330.278]        gpull:[ 0.]
lpush:[ 351.131]        gpush:[ 0.]
Iter: 7 lr: [  2.902e-01   1.270e-04]
lpull:[ 317.478]        gpull:[ 0.]
lpush:[ 349.471]        gpush:[ 0.]
Iter: 8 lr: [  2.931e-01   6.351e-05]
lpull:[ 305.399]        gpull:[ 0.]
lpush:[ 347.833]        gpush:[ 0.]
Iter: 9 lr: [  2.961e-01   3.176e-05]
lpull:[ 292.913]        gpull:[ 0.]
lpush:[ 344.289]        gpush:[ 0.]
shape: (268, 332)
train-acc: 62.313% test-acc: 14.394%
train confusion matrix:
[[ 21.   0.  13.   0.   0.   0.   0.   0.]
[  5.  21.   7.   1.   0.   0.   2.   1.]
[  1.   0.  20.   1.   1.   0.   0.   1.]
[  5.   3.  18.  14.   0.   0.   1.   0.]
[  2.   1.   8.   1.  22.   0.   0.   0.]
[  4.   3.  13.   0.   3.   7.   0.   0.]
[  1.   0.   2.   0.   0.   0.  34.   0.]
[  0.   0.   2.   0.   1.   0.   0.  28.]]
test confusion matrix:
[[  3.   1.  10.   0.   0.   1.   0.   1.]
[  4.   1.   5.   0.   0.   0.   2.   1.]
[  5.   6.   6.   0.   1.   1.   3.   4.]
[  1.   3.   5.   0.   0.   0.   0.   0.]
[  8.   0.   5.   0.   2.   0.   1.   0.]
[  4.   3.   9.   0.   0.   2.   1.   1.]
[  3.   0.   2.   0.   0.   0.   4.   4.]
[  3.   2.   7.   1.   1.   0.   4.   1.]]
neighbor cost: 146.671724363
Iter: 0 lr: [  2.990e-01   1.588e-05]
lpull:[ 293.343]        gpull:[ 0.]
lpush:[ 365.334]        gpush:[ 0.]
Iter: 1 lr: [  3.020e-01   1.604e-05]
lpull:[ 309.56] gpull:[ 0.]
lpush:[ 322.101]        gpush:[ 0.]
Iter: 2 lr: [  3.050e-01   8.019e-06]
lpull:[ 269.79] gpull:[ 0.]
lpush:[ 325.717]        gpush:[ 0.]
Iter: 3 lr: [  3.081e-01   4.009e-06]
lpull:[ 283.933]        gpull:[ 0.]
lpush:[ 307.108]        gpush:[ 0.]
Iter: 4 lr: [  3.112e-01   2.005e-06]
lpull:[ 219.814]        gpull:[ 0.]
lpush:[ 326.613]        gpush:[ 0.]
Iter: 5 lr: [  3.143e-01   1.002e-06]
lpull:[ 322.362]        gpull:[ 0.]
lpush:[ 336.188]        gpush:[ 0.]
Iter: 6 lr: [  3.174e-01   1.012e-06]
lpull:[ 229.857]        gpull:[ 0.]
lpush:[ 323.498]        gpush:[ 0.]
Iter: 7 lr: [  3.206e-01   5.062e-07]
lpull:[ 298.672]        gpull:[ 0.]
lpush:[ 300.116]        gpush:[ 0.]
Iter: 8 lr: [  1.603e-01   2.531e-07]
lpull:[ 246.3]  gpull:[ 0.]
lpush:[ 302.257]        gpush:[ 0.]
Iter: 9 lr: [  1.619e-01   1.265e-07]
lpull:[ 232.834]        gpull:[ 0.]
lpush:[ 290.086]        gpush:[ 0.]
shape: (268, 319)
train-acc: 69.030% test-acc: 21.970%
train confusion matrix:
[[ 34.   0.   0.   0.   0.   0.   0.   0.]
[ 11.  24.   0.   1.   0.   0.   1.   0.]
[  4.   0.  17.   1.   1.   1.   0.   0.]
[ 16.   0.   7.  16.   0.   0.   1.   1.]
[  5.   1.   5.   1.  22.   0.   0.   0.]
[ 14.   0.   2.   0.   2.  11.   0.   1.]
[  3.   0.   0.   0.   0.   0.  34.   0.]
[  2.   0.   0.   0.   2.   0.   0.  27.]]
test confusion matrix:
[[ 13.   1.   1.   0.   0.   0.   0.   1.]
[  6.   1.   2.   0.   1.   0.   2.   1.]
[  4.   9.   3.   1.   1.   1.   4.   3.]
[  5.   3.   0.   1.   0.   0.   0.   0.]
[  7.   3.   1.   0.   3.   0.   2.   0.]
[ 11.   1.   3.   0.   0.   3.   1.   1.]
[  2.   0.   2.   0.   0.   0.   5.   4.]
[  7.   2.   3.   1.   2.   0.   4.   0.]]
neighbor cost: 104.864819104
Iter: 0 lr: [  1.635e-01   6.327e-08]
lpull:[ 209.731]        gpull:[ 0.]
lpush:[ 349.433]        gpush:[ 0.]
Iter: 1 lr: [  1.652e-01   6.390e-08]
lpull:[ 230.268]        gpull:[ 0.]
lpush:[ 312.929]        gpush:[ 0.]
Iter: 2 lr: [  1.668e-01   3.195e-08]
lpull:[ 208.627]        gpull:[ 0.]
lpush:[ 318.392]        gpush:[ 0.]
Iter: 3 lr: [  1.685e-01   1.598e-08]
lpull:[ 212.208]        gpull:[ 0.]
lpush:[ 308.377]        gpush:[ 0.]
Iter: 4 lr: [  1.702e-01   7.988e-09]
lpull:[ 202.204]        gpull:[ 0.]
lpush:[ 308.841]        gpush:[ 0.]
Iter: 5 lr: [  1.719e-01   3.994e-09]
lpull:[ 203.748]        gpull:[ 0.]
lpush:[ 323.269]        gpush:[ 0.]
Iter: 6 lr: [  1.736e-01   4.034e-09]
lpull:[ 220.25] gpull:[ 0.]
lpush:[ 296.786]        gpush:[ 0.]
Iter: 7 lr: [  1.753e-01   2.017e-09]
lpull:[ 193.874]        gpull:[ 0.]
lpush:[ 304.82] gpush:[ 0.]
Iter: 8 lr: [  1.771e-01   1.008e-09]
lpull:[ 209.73] gpull:[ 0.]
lpush:[ 291.736]        gpush:[ 0.]
Iter: 9 lr: [  8.854e-02   5.042e-10]
lpull:[ 189.996]        gpull:[ 0.]
lpush:[ 303.763]        gpush:[ 0.]
shape: (268, 323)
train-acc: 66.418% test-acc: 18.939%
train confusion matrix:
[[ 21.  13.   0.   0.   0.   0.   0.   0.]
[  3.  32.   0.   1.   0.   0.   1.   0.]
[  0.   4.  17.   1.   1.   1.   0.   0.]
[  5.  15.   6.  15.   0.   0.   0.   0.]
[  1.   4.   7.   1.  21.   0.   0.   0.]
[  4.  11.   3.   0.   2.  10.   0.   0.]
[  1.   2.   0.   0.   0.   0.  34.   0.]
[  0.   2.   0.   0.   1.   0.   0.  28.]]
test confusion matrix:
[[  4.  11.   0.   0.   0.   0.   0.   1.]
[  2.   4.   2.   1.   1.   0.   2.   1.]
[  1.  11.   4.   0.   1.   2.   4.   3.]
[  0.   9.   0.   0.   0.   0.   0.   0.]
[  2.   5.   1.   1.   3.   1.   2.   1.]
[  5.   8.   1.   0.   0.   4.   1.   1.]
[  2.   0.   2.   0.   0.   0.   5.   4.]
[  3.   5.   3.   1.   2.   0.   4.   1.]]
neighbor cost: 100.639836622
Iter: 0 lr: [  8.942e-02   2.521e-10]
lpull:[ 201.24] gpull:[ 0.]
lpush:[ 301.701]        gpush:[ 0.]
Iter: 1 lr: [  9.032e-02   2.546e-10]
lpull:[ 195.538]        gpull:[ 0.]
lpush:[ 292.023]        gpush:[ 0.]
Iter: 2 lr: [  9.122e-02   1.273e-10]
lpull:[ 193.184]        gpull:[ 0.]
lpush:[ 286.752]        gpush:[ 0.]
Iter: 3 lr: [  9.213e-02   6.366e-11]
lpull:[ 192.856]        gpull:[ 0.]
lpush:[ 282.875]        gpush:[ 0.]
Iter: 4 lr: [  9.305e-02   3.183e-11]
lpull:[ 190.008]        gpull:[ 0.]
lpush:[ 282.398]        gpush:[ 0.]
Iter: 5 lr: [  9.398e-02   1.592e-11]
lpull:[ 190.631]        gpull:[ 0.]
lpush:[ 319.303]        gpush:[ 0.]
Iter: 6 lr: [  9.492e-02   1.607e-11]
lpull:[ 208.672]        gpull:[ 0.]
lpush:[ 297.691]        gpush:[ 0.]
Iter: 7 lr: [  9.587e-02   8.037e-12]
lpull:[ 188.961]        gpull:[ 0.]
lpush:[ 301.953]        gpush:[ 0.]
Iter: 8 lr: [  9.683e-02   4.019e-12]
lpull:[ 190.854]        gpull:[ 0.]
lpush:[ 295.521]        gpush:[ 0.]
Iter: 9 lr: [  9.780e-02   2.009e-12]
lpull:[ 186.398]        gpull:[ 0.]
lpush:[ 297.209]        gpush:[ 0.]
shape: (268, 319)
train-acc: 66.418% test-acc: 22.727%
train confusion matrix:
[[ 21.   0.  13.   0.   0.   0.   0.   0.]
[  2.  25.   7.   1.   0.   1.   1.   0.]
[  0.   0.  21.   1.   1.   1.   0.   0.]
[  4.   1.  18.  18.   0.   0.   0.   0.]
[  0.   1.   9.   2.  22.   0.   0.   0.]
[  5.   1.  12.   0.   2.   9.   0.   1.]
[  1.   0.   2.   0.   0.   0.  34.   0.]
[  0.   0.   2.   0.   1.   0.   0.  28.]]
test confusion matrix:
[[  3.   2.  10.   0.   0.   0.   0.   1.]
[  2.   4.   3.   0.   1.   0.   2.   1.]
[  2.   5.   9.   0.   2.   1.   4.   3.]
[  0.   3.   5.   1.   0.   0.   0.   0.]
[  6.   0.   4.   0.   3.   1.   2.   0.]
[  3.   3.   8.   0.   0.   4.   1.   1.]
[  1.   0.   3.   1.   0.   0.   5.   3.]
[  3.   3.   5.   1.   2.   0.   4.   1.]]
neighbor cost: 94.9878348255
Iter: 0 lr: [  9.878e-02   1.005e-12]
lpull:[ 189.982]        gpull:[ 0.]
lpush:[ 323.164]        gpush:[ 0.]
Iter: 1 lr: [  9.977e-02   1.015e-12]
lpull:[ 192.887]        gpull:[ 0.]
lpush:[ 308.801]        gpush:[ 0.]
Iter: 2 lr: [  1.008e-01   5.073e-13]
lpull:[ 186.168]        gpull:[ 0.]
lpush:[ 306.359]        gpush:[ 0.]
Iter: 3 lr: [  1.018e-01   2.537e-13]
lpull:[ 186.807]        gpull:[ 0.]
lpush:[ 302.743]        gpush:[ 0.]
Iter: 4 lr: [  1.028e-01   1.268e-13]
lpull:[ 184.448]        gpull:[ 0.]
lpush:[ 301.093]        gpush:[ 0.]
Iter: 5 lr: [  1.038e-01   6.342e-14]
lpull:[ 186.459]        gpull:[ 0.]
lpush:[ 312.079]        gpush:[ 0.]
Iter: 6 lr: [  1.049e-01   6.405e-14]
lpull:[ 197.833]        gpull:[ 0.]
lpush:[ 293.437]        gpush:[ 0.]
Iter: 7 lr: [  1.059e-01   3.203e-14]
lpull:[ 183.956]        gpull:[ 0.]
lpush:[ 295.702]        gpush:[ 0.]
Iter: 8 lr: [  1.070e-01   1.601e-14]
lpull:[ 186.589]        gpull:[ 0.]
lpush:[ 289.986]        gpush:[ 0.]
Iter: 9 lr: [  1.080e-01   8.007e-15]
lpull:[ 180.27] gpull:[ 0.]
lpush:[ 292.863]        gpush:[ 0.]
shape: (268, 316)
train-acc: 70.522% test-acc: 24.242%
train confusion matrix:
[[ 34.   0.   0.   0.   0.   0.   0.   0.]
[ 10.  25.   0.   1.   0.   0.   1.   0.]
[  4.   1.  17.   0.   1.   1.   0.   0.]
[ 17.   4.   2.  18.   0.   0.   0.   0.]
[  6.   1.   4.   1.  22.   0.   0.   0.]
[ 10.   3.   4.   0.   2.  11.   0.   0.]
[  3.   0.   0.   0.   0.   0.  34.   0.]
[  2.   0.   0.   0.   1.   0.   0.  28.]]
test confusion matrix:
[[ 14.   1.   0.   0.   0.   0.   0.   1.]
[  6.   1.   0.   1.   3.   0.   2.   0.]
[  6.   7.   3.   0.   2.   2.   4.   2.]
[  6.   2.   0.   1.   0.   0.   0.   0.]
[  6.   4.   0.   0.   3.   1.   2.   0.]
[ 10.   2.   2.   0.   0.   4.   1.   1.]
[  1.   0.   3.   0.   0.   0.   5.   4.]
[  6.   2.   4.   0.   2.   0.   4.   1.]]
neighbor cost: 92.2515019113
Iter: 0 lr: [  1.091e-01   4.003e-15]
lpull:[ 184.506]        gpull:[ 0.]
lpush:[ 316.367]        gpush:[ 0.]
Iter: 1 lr: [  1.102e-01   4.043e-15]
lpull:[ 189.959]        gpull:[ 0.]
lpush:[ 297.638]        gpush:[ 0.]
Iter: 2 lr: [  1.113e-01   2.022e-15]
lpull:[ 182.738]        gpull:[ 0.]
lpush:[ 295.789]        gpush:[ 0.]
Iter: 3 lr: [  1.124e-01   1.011e-15]
lpull:[ 183.25] gpull:[ 0.]
lpush:[ 291.906]        gpush:[ 0.]
Iter: 4 lr: [  1.135e-01   5.054e-16]
lpull:[ 180.22] gpull:[ 0.]
lpush:[ 291.757]        gpush:[ 0.]
Iter: 5 lr: [  1.147e-01   2.527e-16]
lpull:[ 184.571]        gpull:[ 0.]
lpush:[ 307.186]        gpush:[ 0.]
Iter: 6 lr: [  1.158e-01   2.552e-16]
lpull:[ 189.72] gpull:[ 0.]
lpush:[ 293.431]        gpush:[ 0.]
Iter: 7 lr: [  1.170e-01   1.276e-16]
lpull:[ 180.531]        gpull:[ 0.]
lpush:[ 294.87] gpush:[ 0.]
Iter: 8 lr: [  1.182e-01   6.381e-17]
lpull:[ 182.688]        gpull:[ 0.]
lpush:[ 288.337]        gpush:[ 0.]
Iter: 9 lr: [  1.193e-01   3.190e-17]
lpull:[ 173.804]        gpull:[ 0.]
lpush:[ 292.275]        gpush:[ 0.]
shape: (268, 317)
train-acc: 69.403% test-acc: 25.758%
train confusion matrix:
[[ 33.   0.   1.   0.   0.   0.   0.   0.]
[ 10.  25.   1.   1.   0.   0.   0.   0.]
[  4.   0.  17.   1.   1.   1.   0.   0.]
[ 16.   3.   6.  16.   0.   0.   0.   0.]
[  7.   1.   2.   2.  22.   0.   0.   0.]
[ 13.   0.   4.   0.   2.  11.   0.   0.]
[  3.   0.   0.   0.   0.   0.  34.   0.]
[  2.   0.   0.   0.   1.   0.   0.  28.]]
test confusion matrix:
[[ 13.   1.   1.   0.   0.   0.   0.   1.]
[  3.   2.   3.   1.   2.   0.   2.   0.]
[  7.   4.   4.   1.   1.   2.   4.   3.]
[  5.   3.   0.   1.   0.   0.   0.   0.]
[  7.   1.   1.   0.   4.   1.   2.   0.]
[ 10.   1.   2.   1.   0.   4.   1.   1.]
[  0.   1.   3.   1.   0.   0.   5.   3.]
[  9.   1.   1.   1.   2.   0.   4.   1.]]
neighbor cost: 93.1024338717
Iter: 0 lr: [  1.205e-01   1.595e-17]
lpull:[ 186.2]  gpull:[ 0.]
lpush:[ 292.327]        gpush:[ 0.]
Iter: 1 lr: [  1.217e-01   1.611e-17]
lpull:[ 183.169]        gpull:[ 0.]
lpush:[ 281.79] gpush:[ 0.]
Iter: 2 lr: [  1.230e-01   8.056e-18]
lpull:[ 181.282]        gpull:[ 0.]
lpush:[ 279.358]        gpush:[ 0.]
Iter: 3 lr: [  1.242e-01   4.028e-18]
lpull:[ 178.463]        gpull:[ 0.]
lpush:[ 278.719]        gpush:[ 0.]
Iter: 4 lr: [  1.254e-01   2.014e-18]
lpull:[ 181.869]        gpull:[ 0.]
lpush:[ 275.243]        gpush:[ 0.]
Iter: 5 lr: [  1.267e-01   1.007e-18]
lpull:[ 175.961]        gpull:[ 0.]
lpush:[ 288.131]        gpush:[ 0.]
Iter: 6 lr: [  1.279e-01   1.017e-18]
lpull:[ 195.182]        gpull:[ 0.]
lpush:[ 268.246]        gpush:[ 0.]
Iter: 7 lr: [  1.292e-01   5.085e-19]
lpull:[ 175.255]        gpull:[ 0.]
lpush:[ 272.571]        gpush:[ 0.]
Iter: 8 lr: [  1.305e-01   2.543e-19]
lpull:[ 175.049]        gpull:[ 0.]
lpush:[ 268.734]        gpush:[ 0.]
Iter: 9 lr: [  1.318e-01   1.271e-19]
lpull:[ 173.18] gpull:[ 0.]
lpush:[ 270.86] gpush:[ 0.]
shape: (268, 315)
train-acc: 70.522% test-acc: 25.758%
train confusion matrix:
[[ 34.   0.   0.   0.   0.   0.   0.   0.]
[  9.  26.   1.   1.   0.   0.   0.   0.]
[  5.   1.  16.   0.   1.   1.   0.   0.]
[ 17.   0.   3.  19.   0.   1.   0.   1.]
[  8.   2.   1.   1.  22.   0.   0.   0.]
[ 11.   1.   6.   0.   2.  10.   0.   0.]
[  3.   0.   0.   0.   0.   0.  34.   0.]
[  2.   0.   0.   0.   1.   0.   0.  28.]]
test confusion matrix:
[[ 13.   1.   1.   0.   0.   0.   0.   1.]
[  6.   1.   1.   1.   2.   0.   2.   0.]
[  6.   4.   6.   0.   2.   2.   4.   2.]
[  5.   3.   0.   1.   0.   0.   0.   0.]
[  6.   2.   1.   0.   4.   1.   2.   0.]
[ 10.   1.   2.   1.   0.   4.   1.   1.]
[  1.   1.   3.   0.   0.   0.   5.   3.]
[  6.   2.   3.   0.   2.   2.   4.   0.]]
neighbor cost: 92.2518431195
Iter: 0 lr: [  6.591e-02   6.357e-20]
lpull:[ 184.505]        gpull:[ 0.]
lpush:[ 300.838]        gpush:[ 0.]
Iter: 1 lr: [  6.657e-02   6.420e-20]
lpull:[ 179.535]        gpull:[ 0.]
lpush:[ 292.952]        gpush:[ 0.]
Iter: 2 lr: [  6.724e-02   3.210e-20]
lpull:[ 176.085]        gpull:[ 0.]
lpush:[ 290.011]        gpush:[ 0.]
Iter: 3 lr: [  6.791e-02   1.605e-20]
lpull:[ 174.187]        gpull:[ 0.]
lpush:[ 288.071]        gpush:[ 0.]
Iter: 4 lr: [  6.859e-02   8.025e-21]
lpull:[ 173.358]        gpull:[ 0.]
lpush:[ 286.601]        gpush:[ 0.]
Iter: 5 lr: [  6.927e-02   4.013e-21]
lpull:[ 173.444]        gpull:[ 0.]
lpush:[ 304.911]        gpush:[ 0.]
Iter: 6 lr: [  6.997e-02   4.053e-21]
lpull:[ 180.876]        gpull:[ 0.]
lpush:[ 291.068]        gpush:[ 0.]
Iter: 7 lr: [  7.066e-02   2.026e-21]
lpull:[ 171.325]        gpull:[ 0.]
lpush:[ 293.295]        gpush:[ 0.]
Iter: 8 lr: [  7.137e-02   1.013e-21]
lpull:[ 174.894]        gpull:[ 0.]
lpush:[ 287.251]        gpush:[ 0.]
Iter: 9 lr: [  7.209e-02   5.066e-22]
lpull:[ 169.846]        gpull:[ 0.]
lpush:[ 290.075]        gpush:[ 0.]
shape: (268, 316)
train-acc: 71.269% test-acc: 27.273%
train confusion matrix:
[[ 33.   0.   1.   0.   0.   0.   0.   0.]
[ 10.  26.   0.   1.   0.   0.   0.   0.]
[  4.   0.  18.   0.   1.   1.   0.   0.]
[ 18.   0.   5.  18.   0.   0.   0.   0.]
[  7.   2.   3.   1.  21.   0.   0.   0.]
[ 10.   1.   3.   1.   2.  13.   0.   0.]
[  3.   0.   0.   0.   0.   0.  34.   0.]
[  2.   0.   0.   0.   1.   0.   0.  28.]]
test confusion matrix:
[[ 14.   1.   0.   0.   0.   0.   0.   1.]
[  6.   2.   0.   1.   2.   0.   2.   0.]
[  7.   4.   5.   2.   1.   1.   4.   2.]
[  5.   3.   0.   1.   0.   0.   0.   0.]
[  4.   1.   3.   1.   4.   1.   2.   0.]
[  8.   1.   5.   0.   0.   4.   1.   1.]
[  2.   0.   3.   0.   0.   0.   5.   3.]
[  7.   2.   3.   0.   2.   0.   4.   1.]]
neighbor cost: 88.043768023
Iter: 0 lr: [  7.281e-02   2.533e-22]
lpull:[ 176.086]        gpull:[ 0.]
lpush:[ 292.184]        gpush:[ 0.]
Iter: 1 lr: [  7.353e-02   2.558e-22]
lpull:[ 174.202]        gpull:[ 0.]
lpush:[ 286.521]        gpush:[ 0.]
Iter: 2 lr: [  7.427e-02   1.279e-22]
lpull:[ 171.493]        gpull:[ 0.]
lpush:[ 285.823]        gpush:[ 0.]
Iter: 3 lr: [  7.501e-02   6.396e-23]
lpull:[ 176.124]        gpull:[ 0.]
lpush:[ 281.081]        gpush:[ 0.]
Iter: 4 lr: [  7.576e-02   3.198e-23]
lpull:[ 169.06] gpull:[ 0.]
lpush:[ 283.596]        gpush:[ 0.]
Iter: 5 lr: [  7.652e-02   1.599e-23]
lpull:[ 173.594]        gpull:[ 0.]
lpush:[ 292.45] gpush:[ 0.]
Iter: 6 lr: [  7.728e-02   1.615e-23]
lpull:[ 175.553]        gpull:[ 0.]
lpush:[ 282.432]        gpush:[ 0.]
Iter: 7 lr: [  7.806e-02   8.075e-24]
lpull:[ 171.041]        gpull:[ 0.]
lpush:[ 281.699]        gpush:[ 0.]
Iter: 8 lr: [  7.884e-02   4.037e-24]
lpull:[ 170.685]        gpull:[ 0.]
lpush:[ 280.28] gpush:[ 0.]
Iter: 9 lr: [  7.963e-02   2.019e-24]
lpull:[ 171.787]        gpull:[ 0.]
lpush:[ 278.025]        gpush:[ 0.]
shape: (268, 312)
train-acc: 69.403% test-acc: 28.030%
train confusion matrix:
[[ 33.   0.   1.   0.   0.   0.   0.   0.]
[ 10.  24.   2.   1.   0.   0.   0.   0.]
[  4.   1.  17.   0.   1.   1.   0.   0.]
[ 17.   3.   4.  17.   0.   0.   0.   0.]
[  5.   2.   4.   1.  22.   0.   0.   0.]
[ 10.   2.   5.   1.   1.  11.   0.   0.]
[  3.   0.   0.   0.   0.   0.  34.   0.]
[  2.   0.   0.   0.   1.   0.   0.  28.]]
test confusion matrix:
[[ 13.   1.   1.   0.   0.   0.   0.   1.]
[  4.   2.   2.   1.   2.   0.   2.   0.]
[  5.   5.   7.   1.   1.   1.   4.   2.]
[  5.   3.   0.   1.   0.   0.   0.   0.]
[  5.   2.   2.   0.   4.   1.   2.   0.]
[  7.   3.   3.   1.   0.   4.   1.   1.]
[  1.   0.   4.   0.   0.   0.   5.   3.]
[  6.   1.   5.   0.   2.   0.   4.   1.]]
neighbor cost: 84.3959966807
Iter: 0 lr: [  8.042e-02   1.009e-24]
lpull:[ 168.795]        gpull:[ 0.]
lpush:[ 306.715]        gpush:[ 0.]
Iter: 1 lr: [  8.123e-02   1.019e-24]
lpull:[ 181.141]        gpull:[ 0.]
lpush:[ 290.317]        gpush:[ 0.]
Iter: 2 lr: [  8.204e-02   5.097e-25]
lpull:[ 167.896]        gpull:[ 0.]
lpush:[ 296.43] gpush:[ 0.]
Iter: 3 lr: [  8.286e-02   2.549e-25]
lpull:[ 174.323]        gpull:[ 0.]
lpush:[ 288.498]        gpush:[ 0.]
Iter: 4 lr: [  8.369e-02   1.274e-25]
lpull:[ 166.559]        gpull:[ 0.]
lpush:[ 292.731]        gpush:[ 0.]
Iter: 5 lr: [  8.453e-02   6.371e-26]
lpull:[ 171.863]        gpull:[ 0.]
lpush:[ 286.378]        gpush:[ 0.]
Iter: 6 lr: [  8.537e-02   6.435e-26]
lpull:[ 171.378]        gpull:[ 0.]
lpush:[ 278.932]        gpush:[ 0.]
Iter: 7 lr: [  8.622e-02   3.218e-26]
lpull:[ 169.72] gpull:[ 0.]
lpush:[ 276.953]        gpush:[ 0.]
Iter: 8 lr: [  8.709e-02   1.609e-26]
lpull:[ 168.967]        gpull:[ 0.]
lpush:[ 275.111]        gpush:[ 0.]
Iter: 9 lr: [  8.796e-02   8.044e-27]
lpull:[ 166.595]        gpull:[ 0.]
lpush:[ 274.682]        gpush:[ 0.]
shape: (268, 311)
train-acc: 70.149% test-acc: 24.242%
train confusion matrix:
[[ 32.   0.   1.   1.   0.   0.   0.   0.]
[ 10.  25.   1.   1.   0.   0.   0.   0.]
[  4.   0.  18.   0.   1.   1.   0.   0.]
[ 17.   1.   4.  19.   0.   0.   0.   0.]
[  6.   1.   4.   2.  21.   0.   0.   0.]
[ 13.   2.   3.   0.   1.  11.   0.   0.]
[  3.   0.   0.   0.   0.   0.  34.   0.]
[  2.   0.   0.   0.   1.   0.   0.  28.]]
test confusion matrix:
[[ 14.   1.   0.   0.   0.   0.   0.   1.]
[  6.   1.   0.   1.   2.   1.   2.   0.]
[  7.   5.   3.   2.   1.   2.   4.   2.]
[  5.   3.   0.   1.   0.   0.   0.   0.]
[  6.   1.   2.   0.   4.   1.   2.   0.]
[ 10.   1.   2.   1.   0.   4.   1.   1.]
[  2.   0.   3.   0.   0.   0.   5.   3.]
[  7.   2.   3.   1.   2.   0.   4.   0.]]
neighbor cost: 83.7653092885
Iter: 0 lr: [  8.884e-02   4.022e-27]
lpull:[ 167.535]        gpull:[ 0.]
lpush:[ 294.617]        gpush:[ 0.]
Iter: 1 lr: [  8.973e-02   4.062e-27]
lpull:[ 178.963]        gpull:[ 0.]
lpush:[ 277.554]        gpush:[ 0.]
Iter: 2 lr: [  9.062e-02   2.031e-27]
lpull:[ 167.54] gpull:[ 0.]
lpush:[ 280.989]        gpush:[ 0.]
Iter: 3 lr: [  9.153e-02   1.016e-27]
lpull:[ 173.473]        gpull:[ 0.]
lpush:[ 273.017]        gpush:[ 0.]
Iter: 4 lr: [  9.244e-02   5.078e-28]
lpull:[ 164.722]        gpull:[ 0.]
lpush:[ 278.469]        gpush:[ 0.]
Iter: 5 lr: [  9.337e-02   2.539e-28]
lpull:[ 176.238]        gpull:[ 0.]
lpush:[ 298.442]        gpush:[ 0.]
Iter: 6 lr: [  9.430e-02   2.564e-28]
lpull:[ 168.611]        gpull:[ 0.]
lpush:[ 295.013]        gpush:[ 0.]
Iter: 7 lr: [  9.525e-02   1.282e-28]
lpull:[ 169.957]        gpull:[ 0.]
lpush:[ 289.537]        gpush:[ 0.]
Iter: 8 lr: [  9.620e-02   6.411e-29]
lpull:[ 164.098]        gpull:[ 0.]
lpush:[ 291.647]        gpush:[ 0.]
Iter: 9 lr: [  9.716e-02   3.205e-29]
lpull:[ 172.411]        gpull:[ 0.]
lpush:[ 285.45] gpush:[ 0.]
shape: (268, 310)
train-acc: 69.776% test-acc: 25.000%
train confusion matrix:
[[ 33.   0.   1.   0.   0.   0.   0.   0.]
[ 11.  24.   1.   1.   0.   0.   0.   0.]
[  4.   0.  18.   0.   1.   1.   0.   0.]
[ 17.   2.   4.  18.   0.   0.   0.   0.]
[  5.   2.   4.   1.  22.   0.   0.   0.]
[ 13.   1.   4.   0.   1.  10.   0.   1.]
[  3.   0.   0.   0.   0.   0.  34.   0.]
[  2.   0.   0.   0.   1.   0.   0.  28.]]
test confusion matrix:
[[ 13.   1.   1.   0.   0.   0.   0.   1.]
[  6.   2.   0.   1.   2.   0.   2.   0.]
[  5.   5.   3.   3.   2.   2.   4.   2.]
[  5.   3.   0.   1.   0.   0.   0.   0.]
[  8.   0.   0.   1.   3.   1.   2.   1.]
[ 10.   1.   2.   1.   0.   4.   1.   1.]
[  0.   0.   3.   1.   0.   0.   6.   3.]
[  6.   2.   3.   1.   2.   0.   4.   1.]]
neighbor cost: 82.563064186
Iter: 0 lr: [  4.858e-02   1.603e-29]
lpull:[ 165.124]        gpull:[ 0.]
lpush:[ 283.911]        gpush:[ 0.]
Iter: 1 lr: [  4.907e-02   1.619e-29]
lpull:[ 171.533]        gpull:[ 0.]
lpush:[ 270.361]        gpush:[ 0.]
Iter: 2 lr: [  4.956e-02   8.093e-30]
lpull:[ 166.556]        gpull:[ 0.]
lpush:[ 270.21] gpush:[ 0.]
Iter: 3 lr: [  5.005e-02   4.047e-30]
lpull:[ 166.484]        gpull:[ 0.]
lpush:[ 267.544]        gpush:[ 0.]
Iter: 4 lr: [  5.055e-02   2.023e-30]
lpull:[ 164.721]        gpull:[ 0.]
lpush:[ 267.175]        gpush:[ 0.]
Iter: 5 lr: [  5.106e-02   1.012e-30]
lpull:[ 166.112]        gpull:[ 0.]
lpush:[ 279.094]        gpush:[ 0.]
Iter: 6 lr: [  5.157e-02   1.022e-30]
lpull:[ 168.152]        gpull:[ 0.]
lpush:[ 270.486]        gpush:[ 0.]
Iter: 7 lr: [  5.208e-02   5.109e-31]
lpull:[ 165.531]        gpull:[ 0.]
lpush:[ 269.673]        gpush:[ 0.]
Iter: 8 lr: [  5.260e-02   2.554e-31]
lpull:[ 167.212]        gpull:[ 0.]
lpush:[ 265.863]        gpush:[ 0.]
Iter: 9 lr: [  5.313e-02   1.277e-31]
lpull:[ 164.658]        gpull:[ 0.]
lpush:[ 266.114]        gpush:[ 0.]
shape: (268, 312)
train-acc: 68.284% test-acc: 26.515%
train confusion matrix:
[[ 34.   0.   0.   0.   0.   0.   0.   0.]
[  9.  25.   3.   0.   0.   0.   0.   0.]
[  4.   0.  18.   0.   1.   1.   0.   0.]
[ 16.   3.   7.  15.   0.   0.   0.   0.]
[  6.   1.   5.   1.  21.   0.   0.   0.]
[ 12.   2.   4.   1.   1.   9.   0.   1.]
[  3.   0.   0.   0.   0.   0.  34.   0.]
[  2.   0.   0.   0.   2.   0.   0.  27.]]
test confusion matrix:
[[ 13.   1.   1.   0.   0.   0.   0.   1.]
[  5.   2.   0.   1.   2.   1.   2.   0.]
[  6.   5.   4.   2.   1.   1.   4.   3.]
[  5.   3.   0.   1.   0.   0.   0.   0.]
[  7.   1.   1.   0.   4.   1.   2.   0.]
[  7.   2.   3.   1.   0.   4.   2.   1.]
[  1.   0.   3.   0.   0.   0.   6.   3.]
[  7.   2.   2.   1.   2.   0.   4.   1.]]
neighbor cost: 82.9963397355
Iter: 0 lr: [  5.366e-02   6.386e-32]
lpull:[ 165.999]        gpull:[ 0.]
lpush:[ 291.377]        gpush:[ 0.]
Iter: 1 lr: [  5.420e-02   6.450e-32]
lpull:[ 169.603]        gpull:[ 0.]
lpush:[ 282.025]        gpush:[ 0.]
Iter: 2 lr: [  5.474e-02   3.225e-32]
lpull:[ 165.245]        gpull:[ 0.]
lpush:[ 282.221]        gpush:[ 0.]
Iter: 3 lr: [  5.529e-02   1.612e-32]
lpull:[ 168.144]        gpull:[ 0.]
lpush:[ 277.664]        gpush:[ 0.]
Iter: 4 lr: [  5.584e-02   8.062e-33]
lpull:[ 164.177]        gpull:[ 0.]
lpush:[ 278.655]        gpush:[ 0.]
Iter: 5 lr: [  5.640e-02   4.031e-33]
lpull:[ 166.574]        gpull:[ 0.]
lpush:[ 284.225]        gpush:[ 0.]
Iter: 6 lr: [  5.696e-02   4.072e-33]
lpull:[ 168.257]        gpull:[ 0.]
lpush:[ 277.44] gpush:[ 0.]
Iter: 7 lr: [  5.753e-02   2.036e-33]
lpull:[ 164.591]        gpull:[ 0.]
lpush:[ 276.745]        gpush:[ 0.]
Iter: 8 lr: [  5.811e-02   1.018e-33]
lpull:[ 165.484]        gpull:[ 0.]
lpush:[ 273.881]        gpush:[ 0.]
Iter: 9 lr: [  5.869e-02   5.089e-34]
lpull:[ 163.405]        gpull:[ 0.]
lpush:[ 273.466]        gpush:[ 0.]
shape: (268, 311)
train-acc: 65.299% test-acc: 22.727%
train confusion matrix:
[[ 20.   0.  14.   0.   0.   0.   0.   0.]
[  4.  24.   8.   1.   0.   0.   0.   0.]
[  0.   0.  22.   0.   1.   1.   0.   0.]
[  5.   2.  18.  16.   0.   0.   0.   0.]
[  3.   1.   7.   2.  21.   0.   0.   0.]
[  3.   3.  13.   0.   1.  10.   0.   0.]
[  1.   0.   2.   0.   0.   0.  34.   0.]
[  0.   0.   2.   0.   1.   0.   0.  28.]]
test confusion matrix:
[[  4.   1.  10.   0.   0.   0.   0.   1.]
[  1.   4.   3.   1.   2.   0.   2.   0.]
[  3.   5.   8.   2.   1.   1.   4.   2.]
[  0.   2.   5.   1.   0.   0.   0.   1.]
[  4.   1.   4.   0.   3.   1.   2.   1.]
[  4.   1.   8.   1.   0.   4.   1.   1.]
[  1.   0.   2.   2.   0.   0.   5.   3.]
[  3.   2.   6.   1.   2.   0.   4.   1.]]
neighbor cost: 81.669209351
Iter: 0 lr: [  5.928e-02   2.545e-34]
lpull:[ 163.341]        gpull:[ 0.]
lpush:[ 282.776]        gpush:[ 0.]
Iter: 1 lr: [  5.987e-02   2.570e-34]
lpull:[ 172.975]        gpull:[ 0.]
lpush:[ 267.009]        gpush:[ 0.]
Iter: 2 lr: [  6.047e-02   1.285e-34]
lpull:[ 164.676]        gpull:[ 0.]
lpush:[ 269.779]        gpush:[ 0.]
Iter: 3 lr: [  6.107e-02   6.425e-35]
lpull:[ 167.81] gpull:[ 0.]
lpush:[ 265.153]        gpush:[ 0.]
Iter: 4 lr: [  6.168e-02   3.213e-35]
lpull:[ 164.001]        gpull:[ 0.]
lpush:[ 267.004]        gpush:[ 0.]
Iter: 5 lr: [  6.230e-02   1.606e-35]
lpull:[ 167.246]        gpull:[ 0.]
lpush:[ 276.02] gpush:[ 0.]
Iter: 6 lr: [  6.292e-02   1.622e-35]
lpull:[ 169.547]        gpull:[ 0.]
lpush:[ 268.416]        gpush:[ 0.]
Iter: 7 lr: [  6.355e-02   8.112e-36]
lpull:[ 164.775]        gpull:[ 0.]
lpush:[ 268.702]        gpush:[ 0.]
Iter: 8 lr: [  6.419e-02   4.056e-36]
lpull:[ 166.477]        gpull:[ 0.]
lpush:[ 265.627]        gpush:[ 0.]
Iter: 9 lr: [  6.483e-02   2.028e-36]
lpull:[ 163.08] gpull:[ 0.]
lpush:[ 267.1]  gpush:[ 0.]
shape: (268, 312)
train-acc: 69.776% test-acc: 25.758%
train confusion matrix:
[[ 34.   0.   0.   0.   0.   0.   0.   0.]
[ 11.  25.   1.   0.   0.   0.   0.   0.]
[  4.   0.  17.   0.   1.   2.   0.   0.]
[ 19.   1.   3.  18.   0.   0.   0.   0.]
[  7.   0.   5.   1.  21.   0.   0.   0.]
[ 12.   1.   6.   0.   1.  10.   0.   0.]
[  2.   0.   0.   0.   1.   0.  34.   0.]
[  2.   0.   0.   0.   1.   0.   0.  28.]]
test confusion matrix:
[[ 14.   1.   0.   0.   0.   0.   0.   1.]
[  4.   3.   0.   2.   2.   0.   2.   0.]
[  6.   6.   3.   3.   1.   1.   4.   2.]
[  5.   2.   0.   1.   0.   0.   0.   1.]
[  8.   0.   1.   0.   3.   1.   2.   1.]
[  8.   1.   4.   1.   0.   4.   1.   1.]
[  2.   0.   3.   0.   0.   0.   5.   3.]
[  6.   1.   5.   0.   2.   0.   4.   1.]]
neighbor cost: 82.7896848829
Iter: 0 lr: [  6.548e-02   1.014e-36]
lpull:[ 165.581]        gpull:[ 0.]
lpush:[ 281.949]        gpush:[ 0.]
Iter: 1 lr: [  6.613e-02   1.024e-36]
lpull:[ 169.754]        gpull:[ 0.]
lpush:[ 271.879]        gpush:[ 0.]
Iter: 2 lr: [  6.679e-02   5.121e-37]
lpull:[ 167.177]        gpull:[ 0.]
lpush:[ 269.948]        gpush:[ 0.]
Iter: 3 lr: [  6.746e-02   2.560e-37]
lpull:[ 165.336]        gpull:[ 0.]
lpush:[ 268.989]        gpush:[ 0.]
Iter: 4 lr: [  6.814e-02   1.280e-37]
lpull:[ 167.185]        gpull:[ 0.]
lpush:[ 266.659]        gpush:[ 0.]
Iter: 5 lr: [  6.882e-02   6.401e-38]
lpull:[ 165.548]        gpull:[ 0.]
lpush:[ 294.917]        gpush:[ 0.]
Iter: 6 lr: [  6.951e-02   6.465e-38]
lpull:[ 170.213]        gpull:[ 0.]
lpush:[ 284.376]        gpush:[ 0.]
Iter: 7 lr: [  7.020e-02   3.232e-38]
lpull:[ 162.262]        gpull:[ 0.]
lpush:[ 287.155]        gpush:[ 0.]
Iter: 8 lr: [  7.090e-02   1.616e-38]
lpull:[ 166.98] gpull:[ 0.]
lpush:[ 282.175]        gpush:[ 0.]
Iter: 9 lr: [  7.161e-02   8.081e-39]
lpull:[ 162.619]        gpull:[ 0.]
lpush:[ 282.765]        gpush:[ 0.]
shape: (268, 310)
train-acc: 70.149% test-acc: 25.000%
train confusion matrix:
[[ 34.   0.   0.   0.   0.   0.   0.   0.]
[ 11.  25.   1.   0.   0.   0.   0.   0.]
[  4.   0.  18.   0.   1.   1.   0.   0.]
[ 19.   1.   4.  17.   0.   0.   0.   0.]
[  9.   2.   1.   1.  21.   0.   0.   0.]
[ 12.   2.   5.   0.   1.  10.   0.   0.]
[  2.   0.   0.   0.   0.   0.  35.   0.]
[  2.   0.   0.   0.   1.   0.   0.  28.]]
test confusion matrix:
[[ 14.   1.   0.   0.   0.   0.   0.   1.]
[  5.   2.   1.   1.   2.   0.   2.   0.]
[  8.   6.   3.   2.   1.   1.   4.   1.]
[  5.   3.   0.   1.   0.   0.   0.   0.]
[  6.   1.   3.   0.   3.   1.   2.   0.]
[  7.   1.   5.   1.   0.   4.   1.   1.]
[  3.   0.   3.   0.   0.   0.   5.   2.]
[  7.   1.   4.   0.   2.   0.   4.   1.]]
neighbor cost: 82.013699677
Iter: 0 lr: [  7.233e-02   4.041e-39]
lpull:[ 164.014]        gpull:[ 0.]
lpush:[ 282.172]        gpush:[ 0.]
Iter: 1 lr: [  7.305e-02   4.081e-39]
lpull:[ 170.624]        gpull:[ 0.]
lpush:[ 269.479]        gpush:[ 0.]
Iter: 2 lr: [  7.378e-02   2.040e-39]
lpull:[ 161.49] gpull:[ 0.]
lpush:[ 273.122]        gpush:[ 0.]
Iter: 3 lr: [  7.452e-02   1.020e-39]
lpull:[ 167.802]        gpull:[ 0.]
lpush:[ 266.46] gpush:[ 0.]
Iter: 4 lr: [  7.527e-02   5.101e-40]
lpull:[ 160.568]        gpull:[ 0.]
lpush:[ 270.326]        gpush:[ 0.]
Iter: 5 lr: [  7.602e-02   2.551e-40]
lpull:[ 166.813]        gpull:[ 0.]
lpush:[ 273.124]        gpush:[ 0.]
Iter: 6 lr: [  7.678e-02   2.576e-40]
lpull:[ 167.098]        gpull:[ 0.]
lpush:[ 265.997]        gpush:[ 0.]
Iter: 7 lr: [  7.755e-02   1.288e-40]
lpull:[ 163.112]        gpull:[ 0.]
lpush:[ 264.806]        gpush:[ 0.]
Iter: 8 lr: [  7.832e-02   6.440e-41]
lpull:[ 164.626]        gpull:[ 0.]
lpush:[ 261.668]        gpush:[ 0.]
Iter: 9 lr: [  7.910e-02   3.220e-41]
lpull:[ 163.51] gpull:[ 0.]
lpush:[ 261.034]        gpush:[ 0.]
shape: (268, 310)
train-acc: 70.896% test-acc: 27.273%
train confusion matrix:
[[ 34.   0.   0.   0.   0.   0.   0.   0.]
[ 11.  25.   1.   0.   0.   0.   0.   0.]
[  5.   0.  17.   0.   1.   1.   0.   0.]
[ 19.   1.   3.  18.   0.   0.   0.   0.]
[  6.   2.   3.   1.  22.   0.   0.   0.]
[ 10.   4.   4.   0.   1.  11.   0.   0.]
[  2.   0.   0.   0.   0.   0.  35.   0.]
[  2.   0.   0.   0.   1.   0.   0.  28.]]
test confusion matrix:
[[ 14.   1.   0.   0.   0.   0.   0.   1.]
[  5.   3.   0.   1.   2.   0.   2.   0.]
[  5.   7.   4.   1.   1.   2.   4.   2.]
[  5.   2.   0.   1.   0.   0.   0.   1.]
[  7.   0.   2.   0.   4.   1.   2.   0.]
[  9.   1.   2.   1.   0.   4.   2.   1.]
[  1.   1.   4.   0.   0.   0.   5.   2.]
[  6.   2.   3.   1.   2.   0.   4.   1.]]
neighbor cost: 82.1062499184
Iter: 0 lr: [  7.990e-02   1.610e-41]
lpull:[ 164.213]        gpull:[ 0.]
lpush:[ 273.146]        gpush:[ 0.]
Iter: 1 lr: [  8.069e-02   1.626e-41]
lpull:[ 168.387]        gpull:[ 0.]
lpush:[ 262.492]        gpush:[ 0.]
Iter: 2 lr: [  8.150e-02   8.130e-42]
lpull:[ 161.79] gpull:[ 0.]
lpush:[ 263.925]        gpush:[ 0.]
Iter: 3 lr: [  8.232e-02   4.065e-42]
lpull:[ 166.912]        gpull:[ 0.]
lpush:[ 257.985]        gpush:[ 0.]
Iter: 4 lr: [  8.314e-02   2.032e-42]
lpull:[ 159.682]        gpull:[ 0.]
lpush:[ 261.096]        gpush:[ 0.]
Iter: 5 lr: [  8.397e-02   1.016e-42]
lpull:[ 165.385]        gpull:[ 0.]
lpush:[ 281.406]        gpush:[ 0.]
Iter: 6 lr: [  8.481e-02   1.026e-42]
lpull:[ 163.176]        gpull:[ 0.]
lpush:[ 275.776]        gpush:[ 0.]
Iter: 7 lr: [  8.566e-02   5.129e-43]
lpull:[ 162.909]        gpull:[ 0.]
lpush:[ 273.653]        gpush:[ 0.]
Iter: 8 lr: [  8.652e-02   2.564e-43]
lpull:[ 163.878]        gpull:[ 0.]
lpush:[ 270.27] gpush:[ 0.]
Iter: 9 lr: [  8.738e-02   1.289e-43]
lpull:[ 158.81] gpull:[ 0.]
lpush:[ 271.915]        gpush:[ 0.]
shape: (268, 310)
train-acc: 65.672% test-acc: 21.212%
train confusion matrix:
[[ 19.   0.  15.   0.   0.   0.   0.   0.]
[  7.  22.   8.   0.   0.   0.   0.   0.]
[  1.   0.  21.   0.   1.   1.   0.   0.]
[  3.   4.  16.  17.   0.   0.   0.   1.]
[  3.   3.   6.   1.  21.   0.   0.   0.]
[  0.   4.  12.   0.   1.  13.   0.   0.]
[  0.   0.   2.   0.   0.   0.  35.   0.]
[  0.   0.   2.   0.   1.   0.   0.  28.]]
test confusion matrix:
[[  4.   1.  10.   0.   0.   0.   0.   1.]
[  4.   2.   2.   1.   2.   0.   2.   0.]
[  1.   7.   8.   2.   1.   1.   4.   2.]
[  0.   2.   5.   1.   0.   0.   0.   1.]
[  4.   1.   4.   0.   3.   1.   2.   1.]
[  3.   2.   7.   1.   0.   4.   2.   1.]
[  3.   1.   2.   0.   0.   0.   5.   2.]
[  2.   1.   9.   0.   2.   0.   4.   1.]]
neighbor cost: 80.6607727116
Iter: 0 lr: [  8.825e-02   6.446e-44]
lpull:[ 161.33] gpull:[ 0.]
lpush:[ 280.046]        gpush:[ 0.]
Iter: 1 lr: [  8.914e-02   6.446e-44]
lpull:[ 168.024]        gpull:[ 0.]
lpush:[ 269.224]        gpush:[ 0.]
Iter: 2 lr: [  9.003e-02   3.223e-44]
lpull:[ 160.169]        gpull:[ 0.]
lpush:[ 270.899]        gpush:[ 0.]
Iter: 3 lr: [  9.093e-02   1.682e-44]
lpull:[ 162.085]        gpull:[ 0.]
lpush:[ 267.394]        gpush:[ 0.]
Iter: 4 lr: [  9.184e-02   8.408e-45]
lpull:[ 158.612]        gpull:[ 0.]
lpush:[ 268.729]        gpush:[ 0.]
Iter: 5 lr: [  9.276e-02   4.204e-45]
lpull:[ 160.151]        gpull:[ 0.]
lpush:[ 266.94] gpush:[ 0.]
Iter: 6 lr: [  9.368e-02   4.204e-45]
lpull:[ 165.407]        gpull:[ 0.]
lpush:[ 255.296]        gpush:[ 0.]
Iter: 7 lr: [  9.462e-02   2.803e-45]
lpull:[ 158.626]        gpull:[ 0.]
lpush:[ 256.094]        gpush:[ 0.]
Iter: 8 lr: [  9.557e-02   1.401e-45]
lpull:[ 162.268]        gpull:[ 0.]
lpush:[ 251.553]        gpush:[ 0.]
Iter: 9 lr: [ 0.097  0.   ]
lpull:[ 155.946]        gpull:[ 0.]
lpush:[ 254.779]        gpush:[ 0.]
shape: (268, 312)
train-acc: 69.403% test-acc: 24.242%
train confusion matrix:
[[ 34.   0.   0.   0.   0.   0.   0.   0.]
[ 10.  25.   1.   0.   1.   0.   0.   0.]
[  4.   1.  17.   0.   1.   1.   0.   0.]
[ 19.   1.   6.  15.   0.   0.   0.   0.]
[  7.   1.   2.   3.  21.   0.   0.   0.]
[ 12.   2.   4.   0.   1.  11.   0.   0.]
[  2.   0.   0.   0.   0.   0.  35.   0.]
[  2.   0.   0.   0.   1.   0.   0.  28.]]
test confusion matrix:
[[ 13.   2.   0.   0.   0.   0.   0.   1.]
[  3.   2.   3.   1.   2.   0.   2.   0.]
[  6.   5.   4.   1.   1.   3.   4.   2.]
[  5.   2.   1.   1.   0.   0.   0.   0.]
[  6.   0.   3.   1.   3.   1.   2.   0.]
[  5.   1.   5.   2.   0.   4.   2.   1.]
[  3.   0.   3.   0.   0.   0.   5.   2.]
[  7.   3.   3.   0.   2.   0.   4.   0.]]
neighbor cost: 82.5779209274
Iter: 0 lr: [ 0.097  0.   ]
lpull:[ 165.157]        gpull:[ 0.]
lpush:[ 280.284]        gpush:[ 0.]
Iter: 1 lr: [ 0.098  0.   ]
lpull:[ 161.132]        gpull:[ 0.]
lpush:[ 274.862]        gpush:[ 0.]
Iter: 2 lr: [ 0.099  0.   ]
lpull:[ 164.988]        gpull:[ 0.]
lpush:[ 270.2]  gpush:[ 0.]
Iter: 3 lr: [ 0.1  0. ]
lpull:[ 158.003]        gpull:[ 0.]
lpush:[ 270.491]        gpush:[ 0.]
Iter: 4 lr: [ 0.101  0.   ]
lpull:[ 165.07] gpull:[ 0.]
lpush:[ 267.848]        gpush:[ 0.]
Iter: 5 lr: [ 0.051  0.   ]
lpull:[ 158.349]        gpull:[ 0.]
lpush:[ 289.118]        gpush:[ 0.]
Iter: 6 lr: [ 0.051  0.   ]
lpull:[ 164.136]        gpull:[ 0.]
lpush:[ 278.218]        gpush:[ 0.]
Iter: 7 lr: [ 0.052  0.   ]
lpull:[ 157.805]        gpull:[ 0.]
lpush:[ 279.316]        gpush:[ 0.]
Iter: 8 lr: [ 0.052  0.   ]
lpull:[ 158.613]        gpull:[ 0.]
lpush:[ 276.419]        gpush:[ 0.]
Iter: 9 lr: [ 0.053  0.   ]
lpull:[ 156.414]        gpull:[ 0.]
lpush:[ 276.656]        gpush:[ 0.]
shape: (268, 311)
train-acc: 70.149% test-acc: 28.030%
train confusion matrix:
[[ 34.   0.   0.   0.   0.   0.   0.   0.]
[ 12.  24.   1.   0.   0.   0.   0.   0.]
[  4.   0.  18.   0.   1.   1.   0.   0.]
[ 19.   2.   4.  15.   0.   0.   0.   1.]
[  4.   3.   3.   2.  22.   0.   0.   0.]
[ 14.   1.   2.   0.   1.  12.   0.   0.]
[  2.   0.   0.   0.   0.   0.  35.   0.]
[  2.   0.   0.   0.   1.   0.   0.  28.]]
test confusion matrix:
[[ 14.   1.   0.   0.   0.   0.   0.   1.]
[  3.   4.   1.   1.   2.   0.   2.   0.]
[  5.   5.   6.   2.   1.   1.   4.   2.]
[  6.   1.   1.   1.   0.   0.   0.   0.]
[  6.   2.   2.   0.   3.   1.   2.   0.]
[  6.   1.   5.   2.   0.   4.   1.   1.]
[  3.   0.   3.   0.   0.   0.   5.   2.]
[  7.   3.   3.   0.   2.   0.   4.   0.]]
neighbor cost: 78.8787326245
Iter: 0 lr: [ 0.053  0.   ]
lpull:[ 157.759]        gpull:[ 0.]
lpush:[ 265.442]        gpush:[ 0.]
Iter: 1 lr: [ 0.054  0.   ]
lpull:[ 163.535]        gpull:[ 0.]
lpush:[ 254.466]        gpush:[ 0.]
Iter: 2 lr: [ 0.054  0.   ]
lpull:[ 159.55] gpull:[ 0.]
lpush:[ 254.611]        gpush:[ 0.]
Iter: 3 lr: [ 0.055  0.   ]
lpull:[ 160.922]        gpull:[ 0.]
lpush:[ 251.991]        gpush:[ 0.]
Iter: 4 lr: [ 0.055  0.   ]
lpull:[ 158.819]        gpull:[ 0.]
lpush:[ 252.659]        gpush:[ 0.]
Iter: 5 lr: [ 0.056  0.   ]
lpull:[ 160.678]        gpull:[ 0.]
lpush:[ 285.518]        gpush:[ 0.]
Iter: 6 lr: [ 0.057  0.   ]
lpull:[ 160.778]        gpull:[ 0.]
lpush:[ 280.554]        gpush:[ 0.]
Iter: 7 lr: [ 0.057  0.   ]
lpull:[ 157.69] gpull:[ 0.]
lpush:[ 280.531]        gpush:[ 0.]
Iter: 8 lr: [ 0.058  0.   ]
lpull:[ 157.759]        gpull:[ 0.]
lpush:[ 278.498]        gpush:[ 0.]
Iter: 9 lr: [ 0.058  0.   ]
lpull:[ 157.479]        gpull:[ 0.]
lpush:[ 277.967]        gpush:[ 0.]
shape: (268, 308)
train-acc: 71.642% test-acc: 26.515%
train confusion matrix:
[[ 32.   0.   2.   0.   0.   0.   0.   0.]
[  9.  27.   1.   0.   0.   0.   0.   0.]
[  4.   1.  17.   0.   1.   1.   0.   0.]
[ 17.   2.   2.  20.   0.   0.   0.   0.]
[  6.   0.   5.   1.  22.   0.   0.   0.]
[ 10.   1.   7.   0.   1.  11.   0.   0.]
[  2.   0.   0.   0.   0.   0.  35.   0.]
[  2.   0.   0.   0.   1.   0.   0.  28.]]
test confusion matrix:
[[ 13.   1.   0.   1.   0.   0.   0.   1.]
[  5.   3.   0.   1.   2.   0.   2.   0.]
[  6.   5.   5.   2.   1.   1.   4.   2.]
[  5.   2.   1.   1.   0.   0.   0.   0.]
[  5.   1.   3.   0.   3.   1.   2.   1.]
[  7.   1.   4.   1.   0.   4.   2.   1.]
[  3.   0.   2.   0.   0.   0.   6.   2.]
[  6.   2.   5.   0.   2.   0.   4.   0.]]
neighbor cost: 78.5211082562
Iter: 0 lr: [ 0.059  0.   ]
lpull:[ 157.05] gpull:[ 0.]
lpush:[ 269.634]        gpush:[ 0.]
Iter: 1 lr: [ 0.059  0.   ]
lpull:[ 162.718]        gpull:[ 0.]
lpush:[ 259.834]        gpush:[ 0.]
Iter: 2 lr: [ 0.06  0.  ]
lpull:[ 157.52] gpull:[ 0.]
lpush:[ 261.262]        gpush:[ 0.]
Iter: 3 lr: [ 0.061  0.   ]
lpull:[ 159.458]        gpull:[ 0.]
lpush:[ 257.393]        gpush:[ 0.]
Iter: 4 lr: [ 0.061  0.   ]
lpull:[ 156.342]        gpull:[ 0.]
lpush:[ 258.868]        gpush:[ 0.]
Iter: 5 lr: [ 0.062  0.   ]
lpull:[ 159.898]        gpull:[ 0.]
lpush:[ 280.417]        gpush:[ 0.]
Iter: 6 lr: [ 0.063  0.   ]
lpull:[ 159.732]        gpull:[ 0.]
lpush:[ 275.463]        gpush:[ 0.]
Iter: 7 lr: [ 0.063  0.   ]
lpull:[ 156.707]        gpull:[ 0.]
lpush:[ 275.691]        gpush:[ 0.]
Iter: 8 lr: [ 0.064  0.   ]
lpull:[ 158.327]        gpull:[ 0.]
lpush:[ 272.993]        gpush:[ 0.]
Iter: 9 lr: [ 0.064  0.   ]
lpull:[ 155.923]        gpull:[ 0.]
lpush:[ 273.131]        gpush:[ 0.]
shape: (268, 306)
train-acc: 71.269% test-acc: 28.030%
train confusion matrix:
[[ 34.   0.   0.   0.   0.   0.   0.   0.]
[  9.  27.   1.   0.   0.   0.   0.   0.]
[  5.   0.  17.   0.   1.   1.   0.   0.]
[ 15.   2.   5.  19.   0.   0.   0.   0.]
[  8.   2.   1.   2.  21.   0.   0.   0.]
[ 12.   1.   6.   0.   1.  10.   0.   0.]
[  2.   0.   0.   0.   0.   0.  35.   0.]
[  2.   0.   0.   0.   1.   0.   0.  28.]]
test confusion matrix:
[[ 14.   1.   0.   0.   0.   0.   0.   1.]
[  4.   3.   1.   1.   2.   0.   2.   0.]
[  6.   5.   5.   2.   1.   1.   4.   2.]
[  5.   2.   0.   1.   0.   0.   0.   1.]
[  6.   0.   3.   0.   3.   1.   2.   1.]
[  7.   2.   3.   1.   0.   4.   2.   1.]
[  3.   1.   2.   0.   0.   0.   6.   1.]
[  7.   1.   4.   0.   2.   0.   4.   1.]]
neighbor cost: 78.1629427885
Iter: 0 lr: [ 0.065  0.   ]
lpull:[ 156.32] gpull:[ 0.]
lpush:[ 277.451]        gpush:[ 0.]
Iter: 1 lr: [ 0.066  0.   ]
lpull:[ 160.337]        gpull:[ 0.]
lpush:[ 269.034]        gpush:[ 0.]
Iter: 2 lr: [ 0.066  0.   ]
lpull:[ 155.244]        gpull:[ 0.]
lpush:[ 270.826]        gpush:[ 0.]
Iter: 3 lr: [ 0.067  0.   ]
lpull:[ 158.833]        gpull:[ 0.]
lpush:[ 266.318]        gpush:[ 0.]
Iter: 4 lr: [ 0.068  0.   ]
lpull:[ 153.909]        gpull:[ 0.]
lpush:[ 269.241]        gpush:[ 0.]
Iter: 5 lr: [ 0.068  0.   ]
lpull:[ 157.898]        gpull:[ 0.]
lpush:[ 287.17] gpush:[ 0.]
Iter: 6 lr: [ 0.069  0.   ]
lpull:[ 161.402]        gpull:[ 0.]
lpush:[ 278.408]        gpush:[ 0.]
Iter: 7 lr: [ 0.07  0.  ]
lpull:[ 156.434]        gpull:[ 0.]
lpush:[ 278.86] gpush:[ 0.]
Iter: 8 lr: [ 0.07  0.  ]
lpull:[ 157.981]        gpull:[ 0.]
lpush:[ 275.492]        gpush:[ 0.]
Iter: 9 lr: [ 0.071  0.   ]
lpull:[ 155.713]        gpull:[ 0.]
lpush:[ 276.71] gpush:[ 0.]

