Training ...
Reading training examples...268 examples read
done
|Y| = 8, N = 268, (|Y|-1)*N = 1876
Count of constraints: 1876 (press to continue)
Setting current working precision to 50.
Iter 1 (268 active): ....................................................................................................*....................................................................................................*....................................................................*(NumConst=2144, SV=284, CEps=172.6835, QPEps=226.6398)
Iter 2 (268 active): ++++++++++++.++++++++.+.++++.++++.++++++++.++++++++..+..+++.+++++.++++.+.+++..++++...
WARNING: Slack of most violated constraint is smaller than slack of working
         set! There is probably a bug in 'find_most_violated_constraint_*'.
Ex 85: slack=46.365784, newslack=32.456537
+++++..++.++++.+.+++.+++.++++++++.+++++++++..++++++++++++++.++
WARNING: Slack of most violated constraint is smaller than slack of working
         set! There is probably a bug in 'find_most_violated_constraint_*'.
Ex 147: slack=188.150388, newslack=102.461949
++++++++..+++++++.+++++.++.+++++.++.+++.+++++.+.++++++...++.++++++..+.+++.++...+++++.++..++..+++.+.+.+++.++.+.++.+..+.+++*(NumConst=2210, SV=296, CEps=224.0021, QPEps=234.7004)
Iter 3 (66 active): ++++.+.++.++++++++++++++++++++++++++++++++++++++++++++++++++++++++*(NumConst=2213, SV=312, CEps=78.6172, QPEps=262.0229)
Iter 4 (3 active): +++(NumConst=2213, SV=312, CEps=23.2523, QPEps=262.0229)
Iter 5 (268 active): .........+..+++...+++.......+.+..+...+....++......++.+.+...+++.....++..+...+++++.++++.+...+..++++.+++..+.+...++++..+...+++++.+++.+..+++...+.+++..+++++++.
WARNING: Slack of most violated constraint is smaller than slack of working
         set! There is probably a bug in 'find_most_violated_constraint_*'.
Ex 153: slack=216.586122, newslack=121.245783
+....+++.++..++++..++++..+.++++.+.+++++...+.*++++++++++++++++++++++++++++++++++++++++++++++++++++++.++++++++++++++++*(NumConst=2314, SV=500, CEps=275.3457, QPEps=22.3264)
Iter 6 (101 active): +++++++++++++++++++++++++++++++++++++++++++++++++++++++++++++++++++++++++++++++++++++++++++++++++++++(NumConst=2314, SV=500, CEps=17.6970, QPEps=22.3264)
Iter 7 (268 active): ++++++++++++++++++++++++++++++++++++++++++++++++++++++++++++++++++++++++++++++++++++++++++++++++++++++++++++++++++++++++++++++++++++++++++++++++++++++++++++++++++++++++++++++++++++++++++++++++++++++++++++++++++++++++++++++++++++++++++++++++++++++++++++++++++++++++++++(NumConst=2314, SV=500, CEps=28.9701, QPEps=22.3264)

Setting current working precision to 25.
Iter 8 (268 active): ++++++++++++++++++++++++++++++++++++++++++++++++++++++++++++++++++++++++++++++++++++++++++++++++.+++++++++++++++++++++++++++++++++++++++++++++++++++++++++++++++++++++++++++++++++++++++++++++++++++++++++++++++++++++++++++++++++++++++++++++++++++++++++++++++++++++++++++*(NumConst=2315, SV=510, CEps=28.9701, QPEps=12.2983)
Iter 9 (1 active): +(NumConst=2315, SV=510, CEps=0.0000, QPEps=12.2983)
Iter 10 (268 active): ++++++++++++++++++++++++++++++++++++++++++++++++++++++++++++++++++++++++++++++++++++++++++++++++++++++++++++++++++++++++++++++++++++++++++++++++++++++++++++++++++++++++++++++++++++++++++++++++++++++++++++++++++++++++++++++++++++++++++++++++++++++++++++++++++++++++++++(NumConst=2315, SV=510, CEps=11.5381, QPEps=12.2983)

Setting current working precision to 12.5.
Iter 11 (268 active): ++++++++++++++++++++++++++++++++++++++++++++++++++++++++++++++++++++++++++++++++++++++++++++++++++++++++++++++++++++++++++++++++++++++++++++++++++++++++++++++++++++++++++++++++++++++++++++++++++++++++++++++++++++++++++++++++++++++++++++++++++++++++++++++++++++++++++++*(NumConst=2315, SV=517, CEps=11.5381, QPEps=5.9471)

Setting current working precision to 6.25.
Iter 12 (268 active): ++++++++++++++++++++++++++++++++++++++++++++++++++++++++++++++++++++++++++++++++++++++++++++++++++++++++++++++++++++++++++++++++++++++++++++++++++++++++++++++++++++++++++++++++++++++++++++++++++++++++++++++++++++++++++++++++++++++++++++++++++++++++++++++++++++++++++++*(NumConst=2315, SV=569, CEps=4.6213, QPEps=2.8337)

Setting current working precision to 3.125.
Iter 13 (268 active): ++++++++++++++++++++++++++++++++++++++++++++++++++++++++++++++++++++++++++++++++++++++++++++++++++++++++++++++++++++++++++++++++++++++++++++++++++++++++++++++++++++++++++++++++++++++++++++++++++++++++++++++++++++++++++++++++++++++++++++++++++++++++++++++++++++++++++++*(NumConst=2315, SV=568, CEps=2.0782, QPEps=100.6976)

Setting current working precision to 1.5625.
Iter 14 (268 active): +++++++++++++++++++++.+++++++++++++++++++++++++++++++++++++.+++++++++++++++.+++++++++++++++++++++++++++++++++...+++.++..+....+.+.+++....+..+..+.+..++.+.+.+.++.+....++....++++...+....+++...++..+++.+.+.+++++...++++++++++++++.+++.++++++++.+++++++++++++++.+++.+++.++++++..*(NumConst=2380, SV=586, CEps=5.5695, QPEps=4.9820)
Iter 15 (65 active): .++++++.++++++.++++.+++++++++.++.++.++++++..+++++++++++++++.+++.+*(NumConst=2391, SV=602, CEps=4.7221, QPEps=12.6786)
Iter 16 (11 active): ++++++++++.*(NumConst=2392, SV=604, CEps=5.3412, QPEps=8.0316)
Iter 17 (1 active): +(NumConst=2392, SV=604, CEps=1.5543, QPEps=8.0316)
Iter 18 (268 active): +++.+++...+...+++++.++++++.++++++++++++.+++.+.++++.++++++++++.++++++.++++++++.++.+.+++++++++++++.+++.+.+++..+++++++.++.++++++++++++.++.++++.+++++..++.++++.+++++++.+++++++++.+.+..+++++.+++++.+.+++.++++++++++++++...++.+++++++++++.++++..++++++++.+++++.++...++++++++++.+++*(NumConst=2446, SV=613, CEps=7.4482, QPEps=5.0354)
Iter 19 (54 active): ++++++++++++++++++++++++++++++++++++++++++++++++++++++(NumConst=2446, SV=613, CEps=0.5574, QPEps=5.0354)
Iter 20 (268 active): ++++++++++++++++++.+++++++++++++++++++++++++++++++++++++++++.++++++++++.++++++..+++++++++++++.++++.++++.+++++++++++++++++++++++.+++++++++++++++++++++++++++++++.++++++++++++++++++++++++++++++++++++++++++++++++++++++++++++++++++++++++++++++++++++++++++++++++++++++++++++*(NumConst=2456, SV=632, CEps=2.9950, QPEps=9.7655)
Iter 21 (10 active): .+++++++++*(NumConst=2457, SV=648, CEps=2.0053, QPEps=6.3370)
Iter 22 (1 active): .*(NumConst=2458, SV=650, CEps=2.0017, QPEps=2.8156)
Iter 23 (1 active): +(NumConst=2458, SV=650, CEps=0.0000, QPEps=2.8156)
Iter 24 (268 active): ++++++++++++++++++++++++++++++++++++++++++++++++++++++++++++++++++++++++++++++++++++++++++++++++++++++++++++++++++++++++++++++++++++++++++++++++++++++++++++++++++++++++++++.++++++++++++++++.++++++++++++++++++++++++++++++++++++++++++++++++++++++++++++++++++++++++++++++*(NumConst=2460, SV=658, CEps=2.4015, QPEps=2.7765)
Iter 25 (2 active): ++(NumConst=2460, SV=658, CEps=0.4331, QPEps=2.7765)
Iter 26 (268 active): ++++++++++++++++++++++++++++++++++++++++++++++++++++++++++++++++++++++++++++++++++++++++++++++++++++++++++++++++++++++++++++++++++++++++++++++++++++++++++++++++++++++++++++++++++++++++++++++++++++++++++++++++++++++++++++++++++++++++++++++++++++++++++++++++++++++++++++(NumConst=2460, SV=658, CEps=0.9585, QPEps=2.7765)

Setting current working precision to 0.78125.
Iter 27 (268 active): +++++++++++++++++++++++++++++++++++++++++++++++++++.++++++++++++++++++++++++++++++++++++++++++++++++++++++++++++++++++++++++++++++++++++++++++++++++++++++++++++++++++++++++++++++++++++++++++++++++++++++++++++++++++++++++++++++++.+++++++++++++++++++++++++++++++++++++++*(NumConst=2462, SV=667, CEps=0.9585, QPEps=8.3683)
Iter 28 (2 active): +.*(NumConst=2463, SV=682, CEps=0.8378, QPEps=3.2618)
Iter 29 (1 active): +(NumConst=2463, SV=682, CEps=0.4499, QPEps=3.2618)
Iter 30 (268 active): ++++++++++++++++++++++++++++++++++++++++++++++++++++++++++++++++++++++++++++++++++++++++++++++++++++++++++++++++++++++++++++++++++++++++++++++++++++++++++++++++++++..++++++++++++++++++++++++++++++++++++++++++++++++++++++++++++++++++++++++++++++++++++++++++++++++.+++++*(NumConst=2466, SV=687, CEps=0.9323, QPEps=4.5209)
Iter 31 (3 active): +..*(NumConst=2468, SV=696, CEps=1.6993, QPEps=2.4521)
Iter 32 (2 active): ++(NumConst=2468, SV=696, CEps=0.4068, QPEps=2.4521)
Iter 33 (268 active): +++++++++++++++++++++++++++++++++++++++++++++++++++++++++++++++++++++++++++++++++++++++++++++++++++++++++++++++++++++++++++++.++++++++++++++++++++++++++++++++++++++++++++++++++++++++++++++++++++++++++++++++++++++++++++++++++++++++++++++++++++++++++++++++++++++++++++++*(NumConst=2469, SV=702, CEps=0.8473, QPEps=4.8633)
Iter 34 (1 active): +(NumConst=2469, SV=702, CEps=0.4356, QPEps=4.8633)
Iter 35 (268 active): ++++++++++++++++++++++++++++++++++++++++++++++++++++++++++++++++++++++++++++++++++++++++++++++++++++++++++++++++++++++++++.+++++++++++++++++++++++++++++++++++++++++++++++++++++++++++++++++++++++++++++++++++++++.++++++.++++++++++++++++++.+++.+++++++++.+++++++++++++++++*(NumConst=2475, SV=714, CEps=0.9922, QPEps=98.8393)
Iter 36 (6 active): .+....*(NumConst=2480, SV=708, CEps=2.7082, QPEps=3.5093)
Iter 37 (5 active): .++++*(NumConst=2481, SV=712, CEps=1.3176, QPEps=3.2020)
Iter 38 (1 active): +(NumConst=2481, SV=712, CEps=0.0000, QPEps=3.2020)
Iter 39 (268 active): ++++++++++.++++++++++++++++++++.+++.+++++.++++++++++++++++++++++.++++++++.+++++++++++.++.+++++++++++++++++++++++++++++++++++++++++++++++++++++++++++++++++++++++++++++++++++++++++++++++++++++++++++++++++++++++++++++++++++++++++++++++++++++++++++++++++++++++++++++++++++*(NumConst=2489, SV=708, CEps=1.5546, QPEps=6.1048)
Iter 40 (8 active): .+....+.*(NumConst=2495, SV=715, CEps=1.1965, QPEps=3.7354)
Iter 41 (6 active): .+.+.+*(NumConst=2498, SV=716, CEps=1.4210, QPEps=3.7719)
Iter 42 (3 active): +++(NumConst=2498, SV=716, CEps=0.0000, QPEps=3.7719)
Iter 43 (268 active): +...+....++.++++..++++++....+.+++++++...++++++++..++++.+...+....+..++++..+........+..+..+...+...+...+.++.+.+.++++..+..+.+.++..+.+...++...+.+.+..+..++.+.+.+.+.++.++++++.+++++++..+++++.+.+.+.+..+++++...++.+..++.*.+++++++++.++.++++.++.++.++++.++.++++++.++++++.++++.+.++.++*(NumConst=2611, SV=751, CEps=2.3372, QPEps=6.6344)
Iter 44 (113 active): ++......+..+.++...+++.+++.++++.+..+++.+++++++++.+++++++.+++++.+.+.+.++...++.+++++.+++.++++++++++.++++++++++++++.+*(NumConst=2643, SV=763, CEps=2.8677, QPEps=2.9448)
Iter 45 (32 active): ++++++++++++++++++++++++++++++++(NumConst=2643, SV=763, CEps=0.4824, QPEps=2.9448)
Iter 46 (268 active): ++++++++++++++++++++++++++++++++++++++++++++++++++++++++++++++++++++++++++++++++++++++++++++++++++++++++++++++++++++++++++++++++++++++++++++++++++++++++++++++.+++++++++++++++++++++++++++++++++++++++++++++++++++++++.++++++++++++++++.+++++++.++++++++++++++++++++++++++++*(NumConst=2647, SV=764, CEps=1.0558, QPEps=5.5026)
Iter 47 (4 active): ++++(NumConst=2647, SV=764, CEps=0.0000, QPEps=5.5026)
Iter 48 (268 active): ++++++++++++++.+.++++++++++.++++++++++++++++.++...++++++++.++++++++++.++++++++++++++++++++++.++++..+++++++++++++++++++++++++++.+++++++++++++++.++++++++++++++++.+++++++++++++++++++++++++++++++++++++++++.++..++.+++++++++.+.++++.++++++++++++++++++.+.++.++++++++++++++++++*(NumConst=2672, SV=777, CEps=1.8577, QPEps=1.7830)
Iter 49 (25 active): ++++++++.++++++++++++++++*(NumConst=2673, SV=777, CEps=0.9495, QPEps=2.4990)
Iter 50 (1 active): +(NumConst=2673, SV=777, CEps=0.3348, QPEps=2.4990)
Iter 51 (268 active): +++++++++++++++++++++++++++++++++++++++++++++++++++.++++++++++++++++++++++++++++++++++++++++++++++++++.++++.++++++++++++++++++++++++++++++++++++++++++++++++++++++++++++++++.++++++++++++++++.++++++++++++++++++++++.++++.+++++++++++.++++++++++++++++++++++++++++++++++++++*(NumConst=2681, SV=780, CEps=1.2650, QPEps=7.7207)
Iter 52 (8 active): .++.+...*(NumConst=2686, SV=793, CEps=2.1904, QPEps=2.2865)
Iter 53 (5 active): +++++(NumConst=2686, SV=793, CEps=0.6732, QPEps=2.2865)
Iter 54 (268 active): ++++++++++++++++++++++++++++++++++++++++++++++++++++++++++++++++++++++++++++++++++++++++++++++++++++++++++++++++++++++++++++++++++++++++++++++++++++++++++++++++++++++++++++++++++++++++++++++++++++++++++++++++++++++++++++++++++++++++++++++++++++++++++++++++++++++++++++(NumConst=2686, SV=793, CEps=0.6732, QPEps=2.2865)

Setting current working precision to 0.390625.
Iter 55 (268 active): ++++++++++.+++++++++.+++++++++.+.++++++++++++++++++++++++++++++++++.++++++++++++++++++++++++++++++++++++++++++++++++++++++++++++++++++++++++++++++++++++++.+++++++++++++++++++++++++++++++++++++++++.+++++++++++++++.++++.+++++++++++..++++..+++.+++++++++.+.+++++++++++++++*(NumConst=2702, SV=781, CEps=0.6732, QPEps=4.1542)
Iter 56 (16 active): +++.++.+++++++++*(NumConst=2704, SV=791, CEps=1.0331, QPEps=2.3797)
Iter 57 (2 active): ++(NumConst=2704, SV=791, CEps=0.1022, QPEps=2.3797)
Iter 58 (268 active): +++++++++++++++++++++++++++++++++.+++++++++++++++++++++.+++++++++++++++++++++++++++++++++++++++++++++++++++++++++++++++++++++++++++++++++++++++++++++++++++++++++++++++++++++++++++++++++++++++++++++++++++++++++.++++++++.+++++++++++++++.+.+++..++++++++.++++++++++++++.++*(NumConst=2714, SV=796, CEps=0.8626, QPEps=2.9354)
Iter 59 (10 active): ++++++++++(NumConst=2714, SV=796, CEps=0.0000, QPEps=2.9354)
Iter 60 (268 active): +++++++++++++++++++++++++++++++++++++++++++++++++++++++++++++++++++++.+++++++++++++++.++++++++++++++++.++++.+++++++++++++++++++++++++++++++++++++++++++++++++++++++++++++++++++++++++++++++++.++.+++++++++++++++++++++++++++++++++++++++++++++++++++++++++++++++++++++++++++*(NumConst=2720, SV=801, CEps=0.8661, QPEps=3.5683)
Iter 61 (6 active): +++.+.*(NumConst=2722, SV=815, CEps=0.7360, QPEps=2.3287)
Iter 62 (2 active): ++(NumConst=2722, SV=815, CEps=0.0000, QPEps=2.3287)
Iter 63 (268 active): +++++++++++++++++++++++++++++++++++++++++++++++++++++++++++.+++++++++.++++++.+++++++++++++.+++.++++++++.+++++++++++++++++++.++++++.++++++++..++++++++++++++++++++.++++...+++++..+++++++++.++.+.+++.+++.++++.+++++++++..+.++.++.+.+++++++++++.+++..+++..+++.++++.++++++++++++*(NumConst=2757, SV=815, CEps=0.8220, QPEps=8.0414)
Iter 64 (35 active): .+++...........+...+...............*(NumConst=2787, SV=824, CEps=2.6294, QPEps=11.4856)
Iter 65 (30 active): ++++++++++++++++++++++++++++++(NumConst=2787, SV=824, CEps=0.0687, QPEps=11.4856)
Iter 66 (268 active): .+++++++.+++.+.+++++++++++.++++++.+++.++++.++++++++++++.++.++++++++++++++..+++++++++++++++++++++.++++++++++++.++..++.+++++++.++.+++.++++++++++++++++++++.+++++++++++++++++.++++++.+++++++++++++++++++++++++++++++++.+++.++++++++++++++++.+++++++++.+.++++.+++.++++++.+++++++*(NumConst=2818, SV=830, CEps=1.6612, QPEps=4.3365)
Iter 67 (31 active): ++..+++.++++..++++++++++++++++.*(NumConst=2824, SV=840, CEps=2.5187, QPEps=3.5980)
Iter 68 (6 active): .+..+.*(NumConst=2828, SV=858, CEps=1.3452, QPEps=4.5195)
Iter 69 (4 active): ++++(NumConst=2828, SV=858, CEps=0.0000, QPEps=4.5195)
Iter 70 (268 active): ++++++++++++++.+++++++++++++.+++++++++++++++++++++++.++++++++.+++++++++++++.++++++++++++++++++++++++.++++..+++++++++++++++++++++.+++++++.+++++++++++++++++++.+++++++++++++++++..+.+++++++++++++++.+++++++++++++++.+..++++.+++++++.++++++++++++++++.+++++++++++++++++++++++.+*(NumConst=2850, SV=867, CEps=1.1380, QPEps=5.1288)
Iter 71 (22 active): ++++++++++++++.+++++++*(NumConst=2851, SV=880, CEps=0.7672, QPEps=2.4915)
Iter 72 (1 active): +(NumConst=2851, SV=880, CEps=0.1275, QPEps=2.4915)
Iter 73 (268 active): +++++++++++++++++++++++++++++++++.++++++++++++++++++.++.++++++++++++++.+++++++++++++++++++++.+++++++.+++++++++++++++++++++++++++++++++++++.++++++++++++++++++++++++++++++++++++++++++++++++++++++++++++++.+++++++++++++++++++++.++++++++++.+++++++++++++++++++.+++++++++++++*(NumConst=2862, SV=876, CEps=0.8077, QPEps=2.3515)
Iter 74 (11 active): +++.+++++++*(NumConst=2860, SV=887, CEps=0.4442, QPEps=10.1384)
Iter 75 (1 active): +(NumConst=2857, SV=887, CEps=0.0000, QPEps=10.1384)
Iter 76 (268 active): .+++++++++++.+++.+++++++++++.+++.+++++++++..+++++.+.+++++++.+++++++++.+.++++++++++.+..+++++++.+++++.++..+.+.++.++.+++++++++.+...+.++.+.+++++.+++++.+++++++++++.+++++++.+++.+.+.+++++++.++++.+..+.++++++++++..+++.+.+...++++.++++..+.+...+.++++..+.++...+.++...+..++++.++.+++*(NumConst=2928, SV=885, CEps=5.2117, QPEps=4.1840)
Iter 77 (71 active): +.+.++++++++++++.++++++++.++++++++++++++++.++.+++++++++++++++++++++++++*(NumConst=2920, SV=892, CEps=0.9577, QPEps=2.9983)
Iter 78 (6 active): +.++++*(NumConst=2920, SV=910, CEps=0.5359, QPEps=2.1017)
Iter 79 (1 active): +(NumConst=2873, SV=910, CEps=0.0000, QPEps=2.1017)
Iter 80 (268 active): ++++++++++++++++++++++++++++++++.+++.+++++++++.++++++++++++++++.++++++++++++++++++++++++++++++++++++.+++.+++++++++.+.+++++++++++++++++++++++++++.+++++++++++..++++++++++++++++++++++++++.+++++++++++++++++++++++++++++++.++++++.++++++++++++++++++++++++++++++.+++++++++++++*(NumConst=2888, SV=902, CEps=0.7529, QPEps=3.0719)
Iter 81 (15 active): ++++++++++++..+*(NumConst=2890, SV=910, CEps=0.8987, QPEps=3.1914)
Iter 82 (2 active): ++(NumConst=2890, SV=910, CEps=0.2565, QPEps=3.1914)
Iter 83 (268 active): ++++++++++++++.++++++.+++++++++++.+++.+++++++++++++++++++.++++++++++++.++++++++++++++++++++++++++++++++++++++++++++++++.++++++.++++++.+++.+++..+.++++++++++++++++++...++++++++++++..++++++++++++++.+++++++.+++...+.+++++++.++++++..+++++++.++++++++++++.+++.+++++++.+++++++.*(NumConst=2922, SV=921, CEps=2.2398, QPEps=4.0657)
Iter 84 (32 active): +++++++++++.+++++++++..+.+++++++*(NumConst=2926, SV=922, CEps=0.8067, QPEps=15.0954)
Iter 85 (4 active): ++++(NumConst=2922, SV=922, CEps=0.0000, QPEps=15.0954)
Iter 86 (268 active): +++++++++++++++++++++++++++++++++++++++++++++++++++++++++.+++++++++++++++++.+++++++++++++++++++++++++++++..+.++.+.+.+.++.++++.++..+.+++++++++++++++..+.+.+.+++++++++++++++..+.++++++.++..+++++++++++++++.++..+.+++++++++++++..+++++.++++..+++.+++++.++.++++++.+++..+..+.+.++*(NumConst=2966, SV=929, CEps=3.6174, QPEps=3.5286)
Iter 87 (44 active): +++++++++++++++++++++++++++++++++++.++++++++*(NumConst=2966, SV=933, CEps=0.4800, QPEps=4.0933)
Iter 88 (1 active): +(NumConst=2940, SV=933, CEps=0.0000, QPEps=4.0933)
Iter 89 (268 active): +..+.+.++++++++..+++++..+++++.++++.+++++.++++++++++++++++++++++++++++++++++++++++++++++.++++++++++++++++++++++++++++.+++++++++++++++.+++.++++.+++++++++++++++.+++++.+++++++++++++++++++++++++++++.+++++++++++++++++++++++++++++.++++++++++++++++++++++++++++++++++++++++++++*(NumConst=2960, SV=929, CEps=1.7770, QPEps=1.7320)
Iter 90 (20 active): ++++++++++++++++++++(NumConst=2957, SV=929, CEps=0.3477, QPEps=1.7320)
Iter 91 (268 active): +++++++++++++++++++++++++++++++++++++++++++++++++++++++++++++++++++++++++++++++++++++++++++++++++++++++++++++++++++++++++++++++++++++++++++++++++++++++++++++++++++++++++++++++++++++++++++++++++++++++++++++.++++++++++++++++++++++++++++++++++++++++++++++++++++++++++++++*(NumConst=2958, SV=925, CEps=0.4001, QPEps=1.9955)
Iter 92 (1 active): +(NumConst=2957, SV=925, CEps=0.0000, QPEps=1.9955)
Iter 93 (268 active): ++++++++++++++.++++++++++++++++++++.+.++++++++++++++++++++++++++++++++++++++++++++++++++++++.+++.++++++++++++.++++++++.++++++++++++++++++..++++++++++++++++++++++++++++++.+++++++++++.+++++++++++++++.+++..++++++++++.++++++.++++++++++++++++++++++++++.+++++++++++.++++++++*(NumConst=2975, SV=927, CEps=0.7171, QPEps=6.9316)
Iter 94 (18 active): ++++++++++++++++++(NumConst=2949, SV=927, CEps=0.0000, QPEps=6.9316)
Iter 95 (268 active): +++++++.+++.+++++++++++++++.++++++++++++++++++++++++++++++++++++++++++++++++++++++++++++++++++++++++++++++++++++++++++++++++.++++++..++.+++.++++++.++++++..+++++.+.++++.++++++++.+++++++++++++..+++++++.+++++++++.+++++++++++++++++++++++++++++++++++++++++++++.++++++++++++*(NumConst=2969, SV=923, CEps=1.3747, QPEps=3.3033)
Iter 96 (20 active): ..+..+.+..+..+++..++*(NumConst=2971, SV=923, CEps=1.5782, QPEps=2.9413)
Iter 97 (11 active): +++++++++++(NumConst=2968, SV=923, CEps=0.0028, QPEps=2.9413)
Iter 98 (268 active): +++++++++++++++++++.+++++++++++++++++++++++.+.++++.+++++++++++++++++.+++++++++++++++++++++++++++++++++++++++++..+++++++++++++++++++++++++++++++++++++++++++++++.++++.+++++++++++++++.+++++++++++++++++++++++++++++++++++++++++++++++++++++++++++++++++++++++++++++++++++++++*(NumConst=2978, SV=922, CEps=0.5356, QPEps=7.1667)
Iter 99 (10 active): +++++..+++*(NumConst=2977, SV=928, CEps=0.9157, QPEps=5.5455)
Iter 100 (2 active): ++(NumConst=2977, SV=928, CEps=0.3541, QPEps=5.5455)
Iter 101 (268 active): +++.+.+++++++.+++..++.+++++++++.++++++.+++++++++++++++.+..++...++..+++++++++++...++.++.++.+++++.+.++.+++..++++++++..+++++.++++++++++++.++.+++.++.+++++++++.+.++++++++++++++++.+++.+++.+.+.++++++++.++++.+++++++++++++++.+++.+++++++.++.+.+++++.+++.+++++++++++.+.++++.+++++.*(NumConst=3031, SV=934, CEps=1.1848, QPEps=31.8334)
Iter 102 (54 active): ++...+.++.+++.+.+..+.+.+.+++..++.+++.++..++.+++.+.+...*(NumConst=3055, SV=943, CEps=5.0045, QPEps=3.7972)
Iter 103 (24 active): ++++++++++++++++++++++++(NumConst=3055, SV=943, CEps=0.3876, QPEps=3.7972)
Iter 104 (268 active): +++++++++++++++++++++++++++++++++++++++++++++++++++++.+++++++++++++++++++++++++++++++++++++++++++++++++++++++++++++++++++++++++++++++++++++++++++++++++++++++++.+++++++++++++++++++++++++++++++++++++++++++++.++++++++++++++++.+++++++++++++++++++++++++++++++++++++++++++.+*(NumConst=3060, SV=953, CEps=0.4478, QPEps=2.8656)
Iter 105 (5 active): +++++(NumConst=3059, SV=953, CEps=0.1490, QPEps=2.8656)
Iter 106 (268 active): ++++++++++.++++++++++++++++++++++++++++++.++++++.+++++.+++++++++.+++++++++++++.+++++++++.++++++++.++++++++++++++++++++++++++++++++++++++++++++++++++++++++++++++++++.+++.+++++++++++++++++++++++++++++++++++++++++++++++++++++++++++++++++++++++++++++++++++++++++++++++++++*(NumConst=3069, SV=948, CEps=0.6503, QPEps=5.0312)
Iter 107 (10 active): ++++++++++(NumConst=3067, SV=948, CEps=0.0000, QPEps=5.0312)
Iter 108 (268 active): ++++++++++++++++++++++++++++++++++++++++++++++++++++++++++++++++++++++++++++++++++++++++++++++++++++++++++++++++++++++++++++++.+++++++++++++++++++++++++++++++++++++++++++++++++++++++++++++++++++++++++++++++++++.++++++++++++++.+++++++++++++++++++++++.++++++++++++++++++*(NumConst=3071, SV=959, CEps=0.9988, QPEps=5.1130)
Iter 109 (4 active): +++.*(NumConst=3072, SV=965, CEps=0.4759, QPEps=1.8795)
Iter 110 (1 active): +(NumConst=3071, SV=965, CEps=0.0000, QPEps=1.8795)
Iter 111 (268 active): +++.++++++++++++++++++++++++++++++++++++++++++++++++++++++++++++++++++++++++++++++++++++++++++++++++++++++++++++++++++.+++++++++++++++.++++++++++++++++++++++++.+++++++++++++++.++++++++++++++++++++++++++++++++++++++++++++++++++++++++++++++++++++++++++++++++++++++++++++*(NumConst=3076, SV=954, CEps=0.5990, QPEps=3.4306)
Iter 112 (5 active): +.+++*(NumConst=3073, SV=959, CEps=0.4222, QPEps=4.2050)
Iter 113 (1 active): +(NumConst=3073, SV=959, CEps=0.1169, QPEps=4.2050)
Iter 114 (268 active): +++++++.+++.+++++++++++..++++++++++.+++.++++..+.++++.+++++++++++++++++.+++.++++++++.+++.++++.++++++++++.++++.++.++++..+++++++++++++.++++.++++++++.++++++++++.+++++.++.+++.+++++++++.+.+++++++++.+.++++.+++++++..+.+++++++.++++..++++.+++++.+.++++++.++++++++++.++++.+++++.++*(NumConst=3118, SV=967, CEps=1.6389, QPEps=2.4888)
Iter 115 (45 active): +++.++.+.++++.+++.+.+..++++++++++++++++++++.+*(NumConst=3119, SV=983, CEps=0.8905, QPEps=2.4243)
Iter 116 (9 active): +++++++++(NumConst=3114, SV=983, CEps=0.0000, QPEps=2.4243)
Iter 117 (268 active): ++++++++++++++++++++++++++++++++++++++++++++++++++++++++++++++++++++++++++++.+++++++++++++.+++++++++++++++++++++++++++++++++++++++++++++++++++++.+++++++++++++.+++++++++++++++++++++++++++++++++++.+++++++++++++++++++++++++++++++++++++++++++++++++++++++++++++++++++++++++*(NumConst=3119, SV=986, CEps=0.8169, QPEps=2.1449)
Iter 118 (5 active): +++++(NumConst=3118, SV=986, CEps=0.3782, QPEps=2.1449)
Iter 119 (268 active): +++++++++++++++++++++++++++++++++++++++++++++++++++++++++++++++++++++++++++++++++++++++++++++++++++++++++++++++++++++++++++++++++++++++++++++++++++++++++++++++++++++++++++++++++++.++++++++++++++++++++++++++++++++++++++++++++++++++++++++++++++++++++++++++++++++++++++++*(NumConst=3119, SV=980, CEps=0.4151, QPEps=2.6310)
Iter 120 (1 active): +(NumConst=3040, SV=980, CEps=0.0000, QPEps=2.6310)
Iter 121 (268 active): ++.+++..+++.++++..+++++.+++++.+.+++++++.+.++++++.+++++++.+.+++.+...++++..+.++.....+..+....+.+.+++...++++.+++++++++.+..+++.++.++++..++++.+++++++++..++++++++++.++.++++++++++++.++++++++.+.++++++.++++....++++.++++++++++++++++++++++++++.++++++++++.+++++.+++++++.+++++++++++*(NumConst=3103, SV=989, CEps=1.6140, QPEps=2.5026)
Iter 122 (63 active): +++++++++++++++++++++++++++++++++++++++++++++++++++++++++++++++(NumConst=3093, SV=989, CEps=0.3847, QPEps=2.5026)
Iter 123 (268 active): +++++++++++++++++++++++++++.++++++++++++++++++++++++++++++++++++++++++.+++++.+++++++++++++++++++++++++++++++++++++++++++++++++++++++++++++++++++++++++++++++++++++++++++++++++++++++++++++.++++++++++++++++++++++++++++++++.+++++++.++++++++++++++++++++++++++++++++++++++++*(NumConst=3099, SV=995, CEps=0.7755, QPEps=2.5372)
Iter 124 (6 active): ++++++(NumConst=3081, SV=995, CEps=0.2253, QPEps=2.5372)
Iter 125 (268 active): +++++++++++++++++++++++++++++++++++++++++++++++++++++++++++++++++++++++++++++.+++++++.++++++++.++++++++++++++++++++++++++++++++++++++++++.++++++++++++++++++++++++++++++++++++++++++..++++++++++++++++++++++++++++++++++++++++++++++++++++++++.+++++++++++++++++++++++++++++*(NumConst=3088, SV=997, CEps=1.1482, QPEps=4.2260)
Iter 126 (7 active): ++++++.*(NumConst=3086, SV=988, CEps=0.4424, QPEps=4.4684)
Iter 127 (1 active): +(NumConst=3066, SV=988, CEps=0.0000, QPEps=4.4684)
Iter 128 (268 active): +++++++++++++++++++++++++++.+++++++++.++++++++++++++.++++.++++++++++++++.++++++++++++++++++.+++++++++++++++++++++++++++++++.+++.++++++++++++.+++++++++++++.++++.+++++.+++++++++++.++++++++++.+++++++++++++++.++++++++++++++++++.+++.+++++++++++++++++++++++++..+++++++++++++*(NumConst=3085, SV=990, CEps=1.3749, QPEps=3.5113)
Iter 129 (19 active): +++++++++++++++++++(NumConst=3084, SV=990, CEps=0.3063, QPEps=3.5113)
Iter 130 (268 active): ++++++++++++++++++++++++++++++++++++++++++++++++++++++++++++++++++++++++++++++++++++++++++++++++++++++++++++++++++++++++++++++++++++++++++++++++++++++++++++++++++++++++++++++++++++++++++++++++++++++++++++++++++++++++++++++++++++++++++++++++++++++++++++++++++++++++++++(NumConst=3084, SV=990, CEps=0.3063, QPEps=3.5113)

Setting current working precision to 0.195312.
Iter 131 (268 active): ++++++++++.+++++++++++++++++++++++++++++++++++++++++++++++++++++++++++++++++++++++++++++++++++++++++.++++++++++++++++++++++++++++++++++++++++++++++.++++++.+++++++++++++++++++++++++++++++++++++++++++++++++.+++.++++++++++++++++++++++++++++++++++++++++++++++++++++.++.+++*(NumConst=3092, SV=993, CEps=0.3063, QPEps=4.9992)
Iter 132 (8 active): ++++++++(NumConst=3087, SV=993, CEps=0.1095, QPEps=4.9992)
Iter 133 (268 active): +++++++++++++++.+.+++++++++++++++++++++++.+++++..+++++.+++++++++..++++++++++++..+.+.+++...+++++++..+++++++++++++.+.++++++++++++.++++..+++++++++++++++++.+.++++.+.++.++++++++++++++++.+++++..+++++.++.+++++++++++++++.++++.++.+++++.++..++++++++.++++++++++++++++++++++++++.+*(NumConst=3127, SV=998, CEps=0.7724, QPEps=4.3585)
Iter 134 (40 active): ++....+..++..++..+..++++..+..+.+..++...+*(NumConst=3147, SV=1001, CEps=1.8724, QPEps=4.1193)
Iter 135 (22 active): ++++++++++++++++++++++(NumConst=3136, SV=1001, CEps=0.1049, QPEps=4.1193)
Iter 136 (268 active): ++++++++++++++++++++++++++++++++++++++++++++++++++++++++++++++++++++++++++++.+++++++++++++++++++++++++++++++++++++++++++++++++++++++++++++++++.+.+++++++++++++++++++++++++++++++++++++.+++++.++++++++++++++++++++++++++++++++++++++++++++++.++++++++++++++++++++++++++++++++*(NumConst=3142, SV=1005, CEps=0.4744, QPEps=5.7355)
Iter 137 (6 active): +.+.++*(NumConst=3143, SV=1003, CEps=0.7268, QPEps=6.9093)
Iter 138 (2 active): ++(NumConst=3138, SV=1003, CEps=0.0000, QPEps=6.9093)
Iter 139 (268 active): ........+++.++++....+++.+.+++.+.++.++++...+...++.+++++++.+.+.+.....+++++..+++++..+++++.+....+++.++.+++.+++++.+++++++++++.+++.+++++.++++.+++.+++++++++++..+.++++++.++++++.+...+++.++++++.+++.+.++++++...+.+++.++.+++.++......+.++++++.+.+.++...++++.+.++++.++.++.+..++++.+.++*(NumConst=3230, SV=1011, CEps=2.7975, QPEps=3.6889)
Iter 140 (92 active): +++++++++++++++++++++++++++++++++.+++++++++.++++++++++++++++++++++++++++++++++++++++++++++++*(NumConst=3228, SV=1010, CEps=0.7808, QPEps=3.9931)
Iter 141 (2 active): ++(NumConst=3227, SV=1010, CEps=0.0000, QPEps=3.9931)
Iter 142 (268 active): +++++++++++++++++++++++++++++++++++++++++++++++++++++++++++++++++++++++++++++++++++++++++++++++++++++.++.++++++++++++++++++++++++++++++++++++++++++++++++++++++++++++++++++++++.+++++++++++++++++++++++++++++++++++++++++++++++++++++++++++++++.++++++++++++++++++++++.+.+++*(NumConst=3233, SV=1008, CEps=0.5551, QPEps=3.5061)
Iter 143 (6 active): ++++++(NumConst=3209, SV=1008, CEps=0.1596, QPEps=3.5061)
Iter 144 (268 active): +.+.....++..++++.++.++.+.++++.++++.+++...++...+++.++++++.++++.+..+++++++++++..++++.+++++++.++++++++++++++.+++++++++.++++..+++.++++++++..+++++++.+..++.+++++++.++++.++++++++++++++++++++++++++++++++++++..++++.+++.+++++++++++.++.++.+++++.++++++++++++++.++++++++..++++++.++*(NumConst=3263, SV=1019, CEps=1.1684, QPEps=4.6483)
Iter 145 (54 active): .++.++++.+++.++++.+..++.++..++...+.+.+++.++++++++++..+*(NumConst=3262, SV=1025, CEps=0.8251, QPEps=2.5365)
Iter 146 (18 active): ++++++++++++++++++(NumConst=3235, SV=1025, CEps=0.0482, QPEps=2.5365)
Iter 147 (268 active): +++++++++++++++++++++++++++++++++++++++++++++++++++++++++++++++++++++++++++++++++++++++++++++++++++++++++++++++++++++++++++++.++++++++++++++++++++++++++++++++++++++++++++++++++++++++++++++++++++++++++++++++++++++++++++++++++++++++++++.++++++++++..+++++++++++++++++++++*(NumConst=3239, SV=1034, CEps=0.5183, QPEps=3.6927)
Iter 148 (4 active): ++.+*(NumConst=3237, SV=1033, CEps=0.7434, QPEps=4.4821)
Iter 149 (1 active): .*(NumConst=3236, SV=1029, CEps=0.2683, QPEps=7.6854)
Iter 150 (1 active): +(NumConst=3223, SV=1029, CEps=0.0000, QPEps=7.6854)
Iter 151 (268 active): .++++..+++++++.++++++++++++++++++++.+..++++++++++++++++.+++.+++.+++++++++++++++++++++.+++++++++++++++++.+++++++++++++++.++++++.+.++++++++..++++++++++++++++++++++++.+++.+.+.++++++++++++.+++++++.+.++++++..++++++++++..+++++.+++++++++++++++++++.++.+++.+.++++++++++++++++++*(NumConst=3256, SV=1025, CEps=1.1948, QPEps=9.5026)
Iter 152 (33 active): +++++++++++.+++++++++++++++++++++*(NumConst=3254, SV=1027, CEps=1.3191, QPEps=3.0216)
Iter 153 (1 active): +(NumConst=3244, SV=1027, CEps=0.0000, QPEps=3.0216)
Iter 154 (268 active): ++.+.++++.++++++++++++++++++++++++++++++.++++++++++++++.+++++++++++++++++++++++++++++++++++++++++++++++++++++++++++++++++++++++++++++++++++++++++++++++++++++++++++++++++++++++++++++++++++++++++++.++++.++++++++++.+++++++++.++++++++++++++++++++++++++++++++++++++++++++++*(NumConst=3253, SV=1026, CEps=0.9918, QPEps=2.6446)
Iter 155 (9 active): +++++++++(NumConst=3251, SV=1026, CEps=0.0000, QPEps=2.6446)
Iter 156 (268 active): .+++++++++++++++++++++++++++++.++++++++++++++++++++++++++++++++++++++++++++++++++++++++++++++++++++++++++++++++++++++++++++++++++++++++.+++++++++++++++++.++++++++++++++++++++++++++++++++++++++++++++++++++++++++++++++++++++++++++++++++++++++++++++++++++++++++++++++++++*(NumConst=3255, SV=1024, CEps=0.4439, QPEps=6.0729)
Iter 157 (4 active): .++.*(NumConst=3203, SV=1039, CEps=1.0290, QPEps=3.1924)
Iter 158 (2 active): ++(NumConst=3199, SV=1039, CEps=0.0000, QPEps=3.1924)
Iter 159 (268 active): +++++++++++++++++.+++++.++++.++.+++++++++.++++++++++++.+...+++.+.+.+++..++++++..++++.+++..+++.+++.+..++...+.++++++.++++++++.++.++..+.+++++++++.++++++.+.++++++++++++++++.++++++++++++++++++.+++++.+++..+++++++++.++++.++++++++++++++++++++.+++++++++++++++++++++++++++++++++*(NumConst=3243, SV=1047, CEps=1.2471, QPEps=2.8865)
Iter 160 (44 active): ++.+++++++++++++.++.++++++++.+++.+++++++++++*(NumConst=3244, SV=1043, CEps=0.8779, QPEps=5.7652)
Iter 161 (5 active): +++++(NumConst=3229, SV=1043, CEps=0.0000, QPEps=5.7652)
Iter 162 (268 active): +.++++++++++++++.++++++++++++++++++++++++++.++++++++++++++++++++++++++++++++++++++.++++++++++++++++.+++++++++++++.+++++++++++.+++.++++.+++++.+++.+.+++++++++++++++++++.+++++++++++++++++++++++.++++.+++++++..+++.++.+++++++.++++.++.+.+++.+++++++.++.+.++++++.+..+.+++++++++*(NumConst=3260, SV=1041, CEps=2.3397, QPEps=2.9362)
Iter 163 (31 active): +++++++++++++++++++++++++++++++(NumConst=3257, SV=1041, CEps=0.0000, QPEps=2.9362)
Iter 164 (268 active): +++++++++++++++++++++++++++++++++++++++++++++++++++++++++++++++.+++++++++++++++++++++++++++.+++++++++++++++++++++++++++++++++++.++++++++++++++++++++++++.+++++++++++++++++++++++++++++++.++++++++++++++++++++++++++++++++++++++.++++++++++++++++++++++++++++++++++++++++++++*(NumConst=3263, SV=1044, CEps=0.3053, QPEps=2.8784)
Iter 165 (6 active): ++.+++*(NumConst=3239, SV=1043, CEps=0.4733, QPEps=2.7500)
Iter 166 (1 active): +(NumConst=3235, SV=1043, CEps=0.0000, QPEps=2.7500)
Iter 167 (268 active): ++++++++++++.++++++.+++.++++++++++.+++.+.++++++++++++++++++++++++++++++++++++++++++++++++++++..++++++++++++++++.+++++++++++++++++++++++++.+++++++++++++++++++++.++.+++++++++++++++++++++++++++.+++++++++++++++.++++++++++++++++++.+++++++.++++++++++++.+++++++++++++++++++++*(NumConst=3252, SV=1044, CEps=0.8214, QPEps=3.2962)
Iter 168 (17 active): +++++++++++++++++(NumConst=3211, SV=1044, CEps=0.0000, QPEps=3.2962)
Iter 169 (268 active): ++++++.+.++++++++++++++++..++.++.++++++.+++...+++.++++++++.+++++++++.+.+.++++.++.+.++++++++++++++++++.++.++.+++++++++.++++++++++++++++++++++++.++..++++++++++.+++++++++.++++++++++++++.++++++++.+++++++++++.++++.++++++..+++++++++++++++++++++.+++++.+++..+++.++++++.+....++*(NumConst=3254, SV=1046, CEps=0.9121, QPEps=2.7068)
Iter 170 (43 active): +++++++++++++++++++++++++++++++++++++++++++(NumConst=3252, SV=1046, CEps=0.0464, QPEps=2.7068)
Iter 171 (268 active): +++++++++++++++++++++++++++++++++++++++++++++++++++++++++++++++++++++++++++++++++++++++++++++++++++++++.+++++++++++++++++++++++++++++++++++++++.++++.++++++++++++++++++++.++++++++++++++++++++++++++++++++++++++++++++++++++++++++++++++++++++++++++++++++++++++++++++++++++*(NumConst=3256, SV=1045, CEps=0.4367, QPEps=3.2078)
Iter 172 (4 active): ++++(NumConst=3236, SV=1045, CEps=0.0000, QPEps=3.2078)
Iter 173 (268 active): +..+.+.++++++++..+++++..++++..++++.+.+++.+++++.++++++++.++++++++++++++++.+++.+++++++.++.+++.+++++++.+++++.++++++++++.+++++++++++++++.+++++++.+++.++++++.++++..++.++++++.+++++++++++++++++++.++.++.++..+++++.+++++++++++++.+++++++++++.++++.++++.++++++.+++++++++++++++.+++++*(NumConst=3279, SV=1052, CEps=1.5224, QPEps=5.9892)
Iter 174 (43 active): ++++++++++++++.++++++.++++++++++++++.++++++*(NumConst=3278, SV=1059, CEps=0.7634, QPEps=5.3393)
Iter 175 (3 active): +++(NumConst=3260, SV=1059, CEps=0.0000, QPEps=5.3393)
Iter 176 (268 active): ++++++++++++++.+++++++++.++++++++++++++++++++++++++++++++++++++++++++++++++++++++++++.++++++..+++++++++++++.+++++++++++++++++++++++++++++.+++++++++++++++++++++++++++++++..++++.+++++++++++++++++++++++++++++++++++++.++.++++++++++++++++++++++++.+.++++++++++++++++.+++++++*(NumConst=3275, SV=1058, CEps=1.4945, QPEps=4.1042)
Iter 177 (15 active): +++++++++++++++(NumConst=3254, SV=1058, CEps=0.0598, QPEps=4.1042)
Iter 178 (268 active): +++++++++++++++++++++++++++++++++++++++++++++++++++++++++++++++++++++++++++++++++++++++++++++++++++++++++++++++++++++++++++++++++++++++++++++++++++++.++++++++++++++++++++++++++++++++++++++++++++++++++++++.++++++++++++++++++++++++++++++++++++++++++++++++++++++.++++++++*(NumConst=3257, SV=1055, CEps=0.3557, QPEps=7.6232)
Iter 179 (3 active): +++(NumConst=3245, SV=1055, CEps=0.0000, QPEps=7.6232)
Iter 180 (268 active): +++++++++++++++++++++++++++++++++++++++++++++++++++++++.++++++++++++++++++++++++++++++++++++++++++++++++++++++.+++++++++++++.++++++++++.++++++++++++++++++++.+++.++++++.+++++++++++++.+++++++++++++++++.++++++++++++++++++++++++++++++++++++++++++++++++++++++++++++++++++++*(NumConst=3254, SV=1050, CEps=1.0758, QPEps=2.3448)
Iter 181 (9 active): ++++++.++*(NumConst=3242, SV=1055, CEps=0.7468, QPEps=11.7010)
Iter 182 (1 active): +(NumConst=3241, SV=1055, CEps=0.0000, QPEps=11.7010)
Iter 183 (268 active): +++++++.+++.+++++++.++++++++.++++++++++++++.+.++++++++++++++++++++++.+++++++++++++++.+++++++++.++++.+++++++++++++++++++++++++++++++.++++++++++++++++++++++++++++++.++++++++++++++++++++++++++++.++.+++++++++++++++++++++.++++++.++++++++++++++++++++++++++++++++++++++++++++*(NumConst=3257, SV=1059, CEps=2.5382, QPEps=9.8446)
Iter 184 (16 active): ++++++++++++++++(NumConst=3208, SV=1059, CEps=0.1209, QPEps=9.8446)
Iter 185 (268 active): +++++++++++++..+++.+++++++++++++++++++.++++++++++++++++++.++++++++++++++++++++++.++++++++++++++.+++++++++++++++++++.++++++++++++.+++++++++++++++++++++++++++.++++++++++++++++++++++.+++.++++++++++++++++++++++++++++++..++++++++++++++++.+.+++++++.+++++++++++++++++++++++++*(NumConst=3225, SV=1066, CEps=0.8858, QPEps=4.8578)
Iter 186 (17 active): ++..++.++++++..++*(NumConst=3207, SV=1071, CEps=0.6517, QPEps=5.6652)
Iter 187 (5 active): +++++(NumConst=3204, SV=1071, CEps=0.0000, QPEps=5.6652)
Iter 188 (268 active): ++++++++++++++.+++++++++++++++++.++++.+++++++++++++++.++++++++++++++++++++++++++++++++++++++.++++++++++++++++++++++++++.++++++.++++++++++++++++++++++++++++++++.++++++++++.++++++++++++++++++++++++++++++.++++++++++.+++++++++++++++++++++++++++++++++++++++++++++++++++++++*(NumConst=3215, SV=1076, CEps=1.0873, QPEps=2.5206)
Iter 189 (11 active): +++++++++++(NumConst=3205, SV=1076, CEps=0.0266, QPEps=2.5206)
Iter 190 (268 active): +++++++++++++++++++++++++++++++++++++++++++++++++++++++++++++++++++++++++++++++++++++++++++++++++++++++++++++++++++++++++++++++++++++++++++++++++++++++++++++++++++++++++++++++++++++++++.++++++++++++++++++++++++++++++++++++++++++++++++++++++++++++++++++++++++++++++++++*(NumConst=3206, SV=1074, CEps=0.2077, QPEps=5.9372)
Iter 191 (1 active): .*(NumConst=3203, SV=1078, CEps=0.7186, QPEps=1.7476)
Iter 192 (1 active): +(NumConst=3196, SV=1078, CEps=0.0000, QPEps=1.7476)
Iter 193 (268 active): .++++++++++++++++++++++++++++++.+++++++++++++++++++++++++.++++.+++.+++++++++++++++++++.+++++++.+++++..+++++.++++++++++++++++++.+++++++++++++.++++++++++++++++++.++++++++++++++++++++++++.+++.+.++++++++++++.++.++++++++++++.++++++++++++++++++++++++++++++++++++++++++++++++*(NumConst=3215, SV=1078, CEps=0.5338, QPEps=15.9040)
Iter 194 (19 active): ++++..++++++.++++++*(NumConst=3209, SV=1080, CEps=0.4117, QPEps=3.0559)
Iter 195 (3 active): +++(NumConst=3208, SV=1080, CEps=0.0000, QPEps=3.0559)
Iter 196 (268 active): +++++++++++++++++++++++++++++++++++++++++++++++++++++++++++++++++.++++++++++++++++++++++++++++++++++++++++++++++++++++++++++++++++++++++++++++++++++++++++++++++++++++++++++++++++++++++++++++++++++++++++++++++++++++++++++.+++++++++++++++++++++++++++++++++++++++++++++++*(NumConst=3210, SV=1083, CEps=0.4326, QPEps=6.4394)
Iter 197 (2 active): ++(NumConst=3166, SV=1083, CEps=0.0000, QPEps=6.4394)
Iter 198 (268 active): ++++++++++++++++++++++++++++++++++++++++++++++++++++++++++++++++++++++++++++++++++++++++++++++++++++++++++++++++++++++++++.+++++++++++++++++++++++++++++++++++++++++++++++.+++++++++++++++++++++++++++.++++++++++++.++++++++++++++++++++++++++++++++++++++++++++++++++++++++*(NumConst=3170, SV=1082, CEps=0.3545, QPEps=2.2233)
Iter 199 (4 active): ++++(NumConst=3161, SV=1082, CEps=0.0000, QPEps=2.2233)
Iter 200 (268 active): +++.+.+++++++++++.++++++++++.+++++++++++++++++++++++++++..+++++++++++++++++++++.+++++++++++++++++++..++++.+++++++++++++++.++++++++++++.+++++.+++++++++++++.++++++++++++++++++.+++.+++++++++++++++++++++.+++++++++++++++++++.+++++++.++++++++++++++++++++++++++++.+++++++++++*(NumConst=3181, SV=1080, CEps=0.6158, QPEps=3.3697)
Iter 201 (20 active): ++.+.+.+.+.+++++.+++*(NumConst=3178, SV=1085, CEps=0.4738, QPEps=10.5310)
Iter 202 (6 active): ++++++(NumConst=3174, SV=1085, CEps=0.0000, QPEps=10.5310)
Iter 203 (268 active): +++++++.++..++++++++++++++.++++++++++++.+.+++++++.++++++++++++++.+++++++++.+++++++++++++++++++++++++++++.++++++.++..+.++.++++++++++.++++.++.++++..++++.++.+++.++...+++++.+++++++++++++..+++++++.+.++++.+.+++++..+.+++++.+..+++.+++++++++.+++..++++.+++++.++++++++++.++++..++*(NumConst=3222, SV=1089, CEps=2.8840, QPEps=8.4853)
Iter 204 (48 active): ++++++++.+.++++.++++++++++..++++++++.+.+.+..+.++*(NumConst=3172, SV=1090, CEps=1.2030, QPEps=3.4562)
Iter 205 (11 active): +++++++++++(NumConst=3165, SV=1090, CEps=0.0000, QPEps=3.4562)
Iter 206 (268 active): ++++++++++++.++++++++++.+++++++++++++++++++++++++++++++++++++++++++++++...+++++++++++++++++.+.++++++.++++++++++++++++++++++.++++++++++++++++++++++++++++++++++.++++++++++++++.+++.++++++++++++++++++++++++++.++++++++++++++++++++++++++.++++++++++++++.+++++++.+.+++++++++++*(NumConst=3182, SV=1093, CEps=0.6872, QPEps=1.8386)
Iter 207 (17 active): +++++++++++++++++(NumConst=3172, SV=1093, CEps=0.1087, QPEps=1.8386)
Iter 208 (268 active): ++++++++++++++++++++++++++++++++++++++++++++++++++++++++++++++++++++++++++++++.++++++++.+++++++++++++++++++++++++++++++++++++++++++++++++++++++++++++++++.++++++++++++++++++++++++++++++++++++++++++++++++++++++++++++++++++++++++++++++++++++++++++++++++++++++++++++++++++*(NumConst=3175, SV=1091, CEps=0.2284, QPEps=1.5771)
Iter 209 (3 active): +++(NumConst=3170, SV=1091, CEps=0.1305, QPEps=1.5771)
Iter 210 (268 active): ++++++++++++++++++++++++++++++++++++++++++++++++++++++++++++++++++++++++++++++++++++++++++++++++++++++++++++++++++++++++++++++++++++++++++++++++++++++++++++++++++++++++++++++++++++++++++++++++++++++++++++++++++++++++++++++++++++++++++++++++++++++++++++++++++++++++++++(NumConst=3170, SV=1091, CEps=0.1762, QPEps=1.5771)

Setting current working precision to 0.1.
Iter 211 (268 active): +++++++++++++++++++++++++++++++++++++++++++++++++++++++++++++++++++++.+++++++..+++++++++++++++++++++++++++++++++++.+++++++++.++++++++++.+++++++++++++++++.++++++++++++++++++++++++++++++++++++++++++++++++++++++++++++++++++++++++++++.+++++++++++++++++++++++++++++++++++++*(NumConst=3178, SV=1092, CEps=0.1762, QPEps=2.9960)
Iter 212 (8 active): ++++++++(NumConst=3160, SV=1092, CEps=0.0536, QPEps=2.9960)
Iter 213 (268 active): +++.+++++++++++++++++++++++.++++++++++++++++++++.+++++++++++++++++++++++++++.++++++.+++++++.++.+++++++++++++++++++++++++++++++++++++++++++++++++++.++++++++++++++++++++++++++++..+++++++++++.+++++++++++++++++++++++++++++++++++++++++++++++++++++++++++++++++++++++++++++++*(NumConst=3171, SV=1101, CEps=0.8734, QPEps=2.7137)
Iter 214 (11 active): +..++++++++*(NumConst=3164, SV=1102, CEps=0.3176, QPEps=2.8391)
Iter 215 (2 active): .+*(NumConst=3130, SV=1112, CEps=0.8013, QPEps=1.9120)
Iter 216 (1 active): +(NumConst=3107, SV=1112, CEps=0.0000, QPEps=1.9120)
Iter 217 (268 active): .+++++.++++++++...+++++++++++.++.+++.++++.++++++++++++.+.+++++.....+++++.++++++.+.+..+...++.+++++...++++.+++++.+.++++.+++...+..++.++.++++.++.++++.+..++.+++++..+.++.+++.+++++++++.+++.++.++.++....++....++++++.+++++++++.++++++++++.+.+.++++.++.++.++++++++++.++++++++++++++*(NumConst=3178, SV=1106, CEps=0.6982, QPEps=8.2590)
Iter 218 (71 active): ++++++++.++++.++++++++..++.++++++.++++++.+++++.+.+.+++.++++++++++++++++*(NumConst=3182, SV=1107, CEps=1.0028, QPEps=3.4241)
Iter 219 (11 active): +++++++++++(NumConst=3179, SV=1107, CEps=0.0000, QPEps=3.4241)
Iter 220 (268 active): +++++++++.++++.++++++.+++++..++++++.++++++++++++++.+.+++++++++++++++++..+++.+++++.+++.++++++.+.++++++++.+++.++++++++++..++++++++.++++++++..+++++.+++++++++.+.++++++++++++.+++++++++...++++++.++++++++++++..++++++++++.++++++.++.++++++++++.++++++++.+++.+++++..++++.++.+++++*(NumConst=3221, SV=1105, CEps=1.1542, QPEps=1.8843)
Iter 221 (42 active): +++++.+++++++++++++++.+.+++..++.+..++...++*(NumConst=3145, SV=1104, CEps=0.6191, QPEps=3.3812)
Iter 222 (11 active): +++++++++++(NumConst=3142, SV=1104, CEps=0.0847, QPEps=3.3812)
Iter 223 (268 active): +++++++++++++.++++++++++++++++.++++++.+++++++++++++++++++.+++++++++++++++++++++++++++++++++++++++++++++++++++++.++++++++++++++++++++.+++++++++++++++++..++++++.+++.++++++++++.+++++++++++++++++++++++.++++++++.++++++++++.++++++.++.+.+++.+++++..+++++.+++++++++++++++++++++*(NumConst=3163, SV=1103, CEps=0.7250, QPEps=2.9466)
Iter 224 (21 active): +++++++++++++++++++++(NumConst=3158, SV=1103, CEps=0.0141, QPEps=2.9466)
Iter 225 (268 active): +++++++++++++++++++++++++++++++++++++++++.+++++++++++++++++++++++++++++++.++++++++++++++++.++++++++++++++++++++++++++++++++++++.+++++++++++++++++++++++++++++++.+++++++++++++++.++++.+++++++++++++++++++++++++++++++++++++++.++++.++++++++++.+++++++++++++++++++++++++++++++*(NumConst=3168, SV=1103, CEps=0.4412, QPEps=4.2427)
Iter 226 (10 active): ++.+++.+.+*(NumConst=3123, SV=1106, CEps=0.8454, QPEps=2.8872)
Iter 227 (3 active): +++(NumConst=3106, SV=1106, CEps=0.0000, QPEps=2.8872)
Iter 228 (268 active): +..++.+.+++.++++.+++++.++++++.++++++++++++++..+...+++++++++++++++.++++++++..++++++..+++++++++++++++++++++++++++...+..+++..++.++++++.++..+++.+++++.++++++++.++.++.+.+++.+++++++.+++++++++.++++++.+++++++++++++++++.+++++++++++++++++++++++++++++.++++.++++.+++++.+....+++++++*(NumConst=3154, SV=1102, CEps=1.2446, QPEps=3.3407)
Iter 229 (48 active): ......+...+.++.++++++++++.++.++.+++++++.+...++++*(NumConst=3170, SV=1106, CEps=1.1728, QPEps=23.3657)
Iter 230 (18 active): ..+..++++++++.....*(NumConst=3176, SV=1108, CEps=0.8776, QPEps=3.6939)
Iter 231 (9 active): +++++++++(NumConst=3174, SV=1108, CEps=0.0000, QPEps=3.6939)
Iter 232 (268 active): +++++++++++++++++++++++..++++++.++++++++++++..+.++++++.+++.+++.++.++++++.+++.+++.++++.++.++++++++..++..+.+++++++++++.+++++++++++++++++++++++++.++++++++.++++++++++++++++++++.++++++++++++++.+.+++.+++..+++++++++++++++++.+++++++++++++.+.+++++..++.++.++++++++++++++++++++++*(NumConst=3210, SV=1108, CEps=0.6771, QPEps=2.3961)
Iter 233 (36 active): +++++++++++++++++++++.++++++++.++++.*(NumConst=3183, SV=1104, CEps=0.5235, QPEps=2.2866)
Iter 234 (3 active): +++(NumConst=3180, SV=1104, CEps=0.0000, QPEps=2.2866)
Iter 235 (268 active): +++.++.++++++++++++++++++++++++.++++++++++++++++++++++++++++++++++++++++++++++++++++++++++++++++++++++++++++++++++++++++++++++++++++++++++++++++++++++++++++++++.+++++++++++++++++++++++++++++++++++++++++++++++++++++++++++++++++++++++++++++++++++++++++++++++++++++++++++*(NumConst=3184, SV=1102, CEps=0.1578, QPEps=4.9614)
Iter 236 (4 active): +.++*(NumConst=3178, SV=1109, CEps=0.2904, QPEps=2.5145)
Iter 237 (1 active): +(NumConst=3173, SV=1109, CEps=0.0000, QPEps=2.5145)
Iter 238 (268 active): +..+..+.+.+.++++..+.++++.++++.+.++.+++...+++..+..+++++++.+.+.+.....++++++++.+...++..++....++++++++++++..++++.++++....++++.++.++.++++.++.++.+++.++..++++.+++++.++++.++++++++++++++++++++++++.+++++++++++..+.+++++..++.++++.+++.+++++....++++++++.+++..+++..+++.++++.+.++++.++*(NumConst=3253, SV=1108, CEps=0.5604, QPEps=5.4883)
Iter 239 (80 active): +++++++++++++++++++.+++++++++++.++.++++++.+.++++++++++++++++++++.++.++++++++++++*(NumConst=3257, SV=1105, CEps=1.2376, QPEps=3.0342)
Iter 240 (7 active): ++++.++*(NumConst=3214, SV=1115, CEps=0.3103, QPEps=2.3792)
Iter 241 (1 active): +(NumConst=3207, SV=1115, CEps=0.0000, QPEps=2.3792)
Iter 242 (268 active): +++.+++++++++++++.++++++++++++++++++++++++++++++++++++.+++++++++++++++++++++.++.+++++++++.+.+.+++.+++++++++++++++++++++++++++++++++++++++++++++++++++++++++++++++++++++++++++++++++.++++++++++++++.+++++++++.++++++++++++.+.++++++++++++++++++++++++++++++++++.+++++++++++++*(NumConst=3222, SV=1116, CEps=0.2297, QPEps=2.8289)
Iter 243 (15 active): +++++++++++.+.+*(NumConst=3193, SV=1116, CEps=0.2084, QPEps=1.7032)
Iter 244 (2 active): ++(NumConst=3187, SV=1116, CEps=0.0000, QPEps=1.7032)
Iter 245 (268 active): ++++++.++++++++++++++++.+++++++++++++++++++++++++++++++++++++++.++++++.+.+++++++++++++++++++++++++.+++++++++++++++++++++++++++++++++++++++++++++.+++++++.+++++++++++++++++++++++++++++++.+++++++++++.+++++++++++++++++++++++++++++++++++++++++++++++++.+++++++++++++++++++++*(NumConst=3198, SV=1111, CEps=0.4536, QPEps=2.8230)
Iter 246 (11 active): +++++++++++(NumConst=3196, SV=1111, CEps=0.0000, QPEps=2.8230)
Iter 247 (268 active): ++++++++++++++++++.++++++.++++++++++.++++++.++.++.+++++++++++++++++++++++++++++++++++++++++++++.+++++++++..++++++++++.+++++++++++.++++.+.++.+++++++++++++++++++++.+.++.+++++++.+++.++++.+++++++.+++.+++++.+++++.+++++++++++++++++++++++++++++++++.++++++++++.++.+.+++++.++++*(NumConst=3225, SV=1109, CEps=0.7578, QPEps=3.7033)
Iter 248 (29 active): +++++++++++++++++++++.++.++++*(NumConst=3207, SV=1107, CEps=1.0526, QPEps=2.3221)
Iter 249 (2 active): ++(NumConst=3168, SV=1107, CEps=0.0000, QPEps=2.3221)
Iter 250 (268 active): ++++.+.+++++.+.++++.+++.+++++.++.+..+..+.+.++++.++++.+..+++++++++++++++..++..+.+++.+..+.++..++.++..++....++.+.+.++.++...++..++..+.+++++++..+++.+...+++++++++....++.+..+.+.++.++.+++....+++.+......+++.++....++.+.+++......++..+..++++...+++++++++++.+...*+++++++++++++++.++++*(NumConst=3269, SV=1114, CEps=0.7018, QPEps=5.5869)
Iter 251 (101 active): ++++++++++++++++++++++++++++++++++++++++++++..+++++++.++++++++++++++++++++++++++.+.++++++++++++++++++*(NumConst=3228, SV=1117, CEps=0.8003, QPEps=4.1846)
Iter 252 (5 active): ++.+.*(NumConst=3227, SV=1120, CEps=0.7062, QPEps=5.1049)
Iter 253 (2 active): ++(NumConst=3214, SV=1120, CEps=0.0000, QPEps=5.1049)
Iter 254 (268 active): ..++++++++++++++++++++++++++++++++++++.++++++++++++++++++++++++++++++++.+++++++++++++++++++++++++++++++.+++++++++++++++++++.+++.++++++++++++++++++++++++++++++++++++++++++++++++++++++++++++++.+.++++++++++.+++++++++.++++++++++.++++.++++++.+++++++++.+.+++++++.+++.++++.++*(NumConst=3233, SV=1119, CEps=1.2622, QPEps=5.3316)
Iter 255 (19 active): ++++++.++++.+++....*(NumConst=3235, SV=1116, CEps=0.7199, QPEps=3.5984)
Iter 256 (6 active): ++++++(NumConst=3225, SV=1116, CEps=0.0000, QPEps=3.5984)
Iter 257 (268 active): ++.+.+.+++++++++.++++++++++++.++.+..++++.+++++.+++++++..++++++++++++++.++++++++++++++++.++++.++++.+++++++++++++++++++++.++++++++++++++.++++++++++++++++++.+++.+++++++++++++++++++++++++++++++++++.+++++++.+++++++++++++++++++++.+++++++++++++++++++++.+.++++++++++++++++++++*(NumConst=3250, SV=1120, CEps=0.4718, QPEps=3.1599)
Iter 258 (25 active): ++++++++.++++++++++++++++*(NumConst=3250, SV=1126, CEps=0.3340, QPEps=2.4901)
Iter 259 (1 active): .*(NumConst=3236, SV=1130, CEps=0.1332, QPEps=1.9301)
Iter 260 (1 active): +(NumConst=3219, SV=1130, CEps=0.0000, QPEps=1.9301)
Iter 261 (268 active): +++++++.+++.+.++++++++++++++++++++++++.++++.+.++++++++++++++++++++++.+++++++++++.++++++++++++++++++++++++++++++++++.+++++++++++++++.++++++++++++++++++++++++++++++.++++++++++++++++++++.+++++++.++.++++++++++++++++++++.++++++++++++++++.+++++++++.+++++++++++.+++++++.+++++*(NumConst=3238, SV=1124, CEps=1.0798, QPEps=2.3983)
Iter 262 (19 active): +++.++++.+++++..+++*(NumConst=3236, SV=1133, CEps=0.3059, QPEps=6.2877)
Iter 263 (4 active): ++++(NumConst=3226, SV=1133, CEps=0.0000, QPEps=6.2877)
Iter 264 (268 active): +++++++++++++.++++++++++++++.++++++++.+++++++++++++++.++++++++++++++++++++++++++++++.++++++++++++++.+++++.+++++++++++++++++++++++.++++.+++++..++++++.+++++++++++++++.++.+++.+++++++++++++++++++++++++++++++.+++++++++++++++++++++...+++++++++++++++++++++++++++++++++++++++.*(NumConst=3246, SV=1135, CEps=1.1334, QPEps=10.5322)
Iter 265 (20 active): ++++++++++++++++++++(NumConst=3245, SV=1135, CEps=0.0000, QPEps=10.5322)
Iter 266 (268 active): ++++++++++++++++++.+++++++++++++++++++++++++++++++++++++++.+++++++++.+.++++++++++++++.++++++.++++++++++++++..+++++++++++++++.+++++..+++.+.+++++..+++++++++++.++++++.+++++.+++++..+++++++.++++++++++++++.++++.++++.+++.++.++.+.++++++++++++++.++++++.++++++++++++++...++++.++*(NumConst=3279, SV=1135, CEps=3.4988, QPEps=1.8269)
Iter 267 (34 active): .++++++..++.++++++++.+++++++++++++*(NumConst=3282, SV=1137, CEps=0.4372, QPEps=3.1694)
Iter 268 (5 active): .++++*(NumConst=3266, SV=1135, CEps=0.1357, QPEps=4.1629)
Iter 269 (1 active): +(NumConst=3261, SV=1135, CEps=0.0000, QPEps=4.1629)
Iter 270 (268 active): +++.+++++++++++++++.++++++++++++++++++++++.+++.++++++++++..+++++++++++++++++.++++++++++++..++.+..+++.+.++.+++.++++++++++++++++++++.+++.+++++++.+++.++.+++++++++++++++.+++++++.+.++++++.+++++++++++++++++++++.+++.+++.+.++++.++++++++.+++++++++.++++++++++++++++++++++.++.+++*(NumConst=3295, SV=1134, CEps=2.1562, QPEps=4.1313)
Iter 271 (34 active): ++++++++++++++++++++++++++++++++++(NumConst=3293, SV=1134, CEps=0.0000, QPEps=4.1313)
Iter 272 (268 active): +++++++++++++++++++++++++++++++++++++++++++++++++++++++++++++++++++.+++++++++++++++++++++++++++++++++++++++++++++++++++++++++++++++++++++++++++++++++++++++++++++++++++++++.++++++++++++++++++++++++++++++++++++++++++++++++++++++++++++++++++++++++++++++++++++++++++++++++*(NumConst=3295, SV=1130, CEps=0.3538, QPEps=5.1541)
Iter 273 (2 active): ++(NumConst=3291, SV=1130, CEps=0.0000, QPEps=5.1541)
Iter 274 (268 active): .+++++++++++.++++++++++++.+++++.++++++..+.+.+++++.++++++.+++++.....+++++++++++++.+++.+.+.+++++.++++.+++++++++++++.++.+++++++++.+++..++++.++++++++++++++++++++++.+.++++.+.+++++++.+++++++++++++++++++++.++++++++.+++.+++..+.+++++++++++++.++++.+++..+++++++++++++++++++++++++*(NumConst=3333, SV=1136, CEps=1.4134, QPEps=2.3503)
Iter 275 (42 active): ..++++++++++++++.+++.+++++.+++++++++++++++*(NumConst=3318, SV=1138, CEps=0.6364, QPEps=27.4799)
Iter 276 (5 active): .+..+*(NumConst=3315, SV=1142, CEps=1.7967, QPEps=2.9440)
Iter 277 (3 active): +++(NumConst=3269, SV=1142, CEps=0.0000, QPEps=2.9440)
Iter 278 (268 active): ++++++++.++++++.++++++..+++++++++++++++++++++++++++++.+++++++++++++++++++++++++++++++++++++++++++++++++++++++++++++++++++++++++++++++++++++++++++++++++++++++++++++++++++++++++++++++++++++++.+++++++++++++.++++++++++++++++++++++++++++++++++++++++++++++++++++++++++++++++*(NumConst=3276, SV=1142, CEps=0.4362, QPEps=3.5796)
Iter 279 (7 active): +++++++(NumConst=3265, SV=1142, CEps=0.0000, QPEps=3.5796)
Iter 280 (268 active): ++++++++++++++.+++++++++++++.+.+.++++.+++++++++++++++++++.++++++++++++++++++++++++++++++++++.++++++++++++++++++++++++++++++++++++++++++++++++++++++++++++++++++++++++++++++++++++++++++++++++++++++++++++.++++++++++++++++++.++.++++++++++++++++++++++++++++++++++++++++++++*(NumConst=3275, SV=1141, CEps=1.6100, QPEps=2.0208)
Iter 281 (10 active): +.+++.++++*(NumConst=3260, SV=1137, CEps=0.3198, QPEps=1.9787)
Iter 282 (2 active): ++(NumConst=3257, SV=1137, CEps=0.0000, QPEps=1.9787)
Iter 283 (268 active): ++++++++++++++++++++++++.+++++++++++++++++++++++++++++++++++++++++++++++++++++++++++++++++++++++++++++++.+++++++++++++++++++++++++++++++++++++++++++++++++++++++.+++++++++++++.+.+++++.++++++++++.++++++++++++++++++++++++++++++++++++++++++++++++++++++++++++++++++++++++++*(NumConst=3264, SV=1142, CEps=0.4169, QPEps=3.4083)
Iter 284 (7 active): ++.++++*(NumConst=3254, SV=1144, CEps=0.1384, QPEps=2.9609)
Iter 285 (1 active): +(NumConst=3242, SV=1144, CEps=0.0000, QPEps=2.9609)
Iter 286 (268 active): ++++++++++++.++.++++++..++++.++++++++++++++++++++++++++.+++++++++++++++..+.++++++++++++++++.+..+++++..+++.+.+++.++++++++.+..++.++++.+.++++++.+++.++++.++++++.++.+++++++..++++.+++.++++.+.+++++.+++++++.+++++.+.++++.+++.+++.+++++++++++..+++++++++.+++.+++++++.+.++.++++++++*(NumConst=3290, SV=1154, CEps=1.1255, QPEps=6.0257)
Iter 287 (48 active): ++++++++++.+++++++++++++++++++++++++++++++++++++*(NumConst=3288, SV=1151, CEps=0.4360, QPEps=2.3193)
Iter 288 (1 active): +(NumConst=3285, SV=1151, CEps=0.0000, QPEps=2.3193)
Iter 289 (268 active): +++++++++++++++++++++++++++++++++++++++++++++++++++.+++++++++++++++++++++++++.++++++++++++++++++++++++++++++++++++++++++++++++++++++++++++++++++++++++++++++++++++++++++++++++++++++++++++++++++++++++++++++++++++++++++++++++++++++++++++++++++++++++++++++++++++++++++++++*(NumConst=3287, SV=1152, CEps=0.2169, QPEps=4.0190)
Iter 290 (2 active): ++(NumConst=3214, SV=1152, CEps=0.0000, QPEps=4.0190)
Iter 291 (268 active): .++++++++.++++++++++..++++++++++++++++++++++++++++++++++++++++.+.+.+++++.++++++++++..+.+++++++++++..+.++..+++++++++++++++++.++++.+++.+++++++.+++++++.++.++++++.+.++++++.+++++++++.+++++++++.++.+.+++...+++++++.+++++++++.++++++++++.+...+++++++.++++++++++++++++++++++++++++*(NumConst=3253, SV=1157, CEps=0.4174, QPEps=1.8398)
Iter 292 (39 active): +++++++++++++++++++++++++++++++++++++++(NumConst=3241, SV=1157, CEps=0.0000, QPEps=1.8398)
Iter 293 (268 active): ++++++++++++++++++++++++++++++++++++.+++++++++++++.+++++++++++++++++++++++++++++++++++++.+++++++++++++++++++++++.+.++++++++++++++++++++++++++++++++++++++.++++++++++++++++++++++++++++++++++++++++++++++++++++++++++++++++++++++++++++++++++++++++.+++++++++++++++++++++++++*(NumConst=3248, SV=1145, CEps=0.3505, QPEps=7.9715)
Iter 294 (7 active): +++++.+*(NumConst=3206, SV=1151, CEps=0.3383, QPEps=2.7012)
Iter 295 (1 active): +(NumConst=3192, SV=1151, CEps=0.0000, QPEps=2.7012)
Iter 296 (268 active): ++++++++++++++++++++++++++++++++++++++++++++++++++++++++++++++++++++++++++++++++++++++++.+++++++.++++++++++++++++++++++++++++++++++++++++++++++++++++++++++++++++++++++++++++++++++++++++++++++++.++++++++++++++++++++++++++.+++++++++++++++++++++++++++++++++++++++++++++++*(NumConst=3196, SV=1153, CEps=0.3142, QPEps=2.4176)
Iter 297 (4 active): ++++(NumConst=3176, SV=1153, CEps=0.0000, QPEps=2.4176)
Iter 298 (268 active): +++++++++++++.++++++++++++++++.+++++++++++++++++++++++++++++++++++++.++++++++++++.+++++++++++++++++++++++++++++++++++++++++++++++++++++++++.++++++++++.+++++++++++++++++++++++++++++++++++++++++++++++++++++++++++++++++++++++++++++++++++++++++++++++++++++++++++++++++++++*(NumConst=3182, SV=1151, CEps=0.3992, QPEps=7.6751)
Iter 299 (6 active): .+.++.*(NumConst=3176, SV=1146, CEps=1.1105, QPEps=5.1879)
Iter 300 (3 active): +++(NumConst=3173, SV=1146, CEps=0.0000, QPEps=5.1879)
Iter 301 (268 active): .++++.++++.+++.++.++++++++++.+++.++..++++.++++++++++.+++.+++++++...+++..+.+.+++.+++++.+++++..+.+++++++...++.+++.++++++..+..+++.+..+++++++..+++++.+.+++++++++.+++++++++++..+++++++++....+++++.++++++++++.+..++++++++++.+++.++.++.++++++.+++...+.++++.+++.++.+++.++++.++++++++*(NumConst=3238, SV=1154, CEps=1.1331, QPEps=2.5031)
Iter 302 (65 active): +++++++++++++++++++++++.++++++++++++.+++++++..++++++++++++++++++.*(NumConst=3199, SV=1158, CEps=1.2970, QPEps=2.4705)
Iter 303 (5 active): +++++(NumConst=3182, SV=1158, CEps=0.0000, QPEps=2.4705)
Iter 304 (268 active): ++++++++++++++++.+++++++++++++++++++++++++++++++.+++++++++++++++++++++++++++++.+++..+++.++.+++++++++.++++++++++++++.+.++.++++++++++++++++++++++++.++++.++.++++..++.++++++++++++.+++++++++++++++.++++++++++++++.+++++++++++++++++++++++++++++++++++++.+++.++++.++++++++.+++++*(NumConst=3206, SV=1162, CEps=0.7614, QPEps=2.0016)
Iter 305 (24 active): +++++++.++++++++++++++++*(NumConst=3196, SV=1153, CEps=0.1383, QPEps=4.4751)
Iter 306 (1 active): +(NumConst=3156, SV=1153, CEps=0.0000, QPEps=4.4751)
Iter 307 (268 active): +++++++.+++.++++.++++++++++++++++++++.++++++.++++++++++++++++++++++++++++.++++++++++++++++++++++++++++++++++++++.+++++++++++++++++++++++++++++++++++++++++++++++++++++++++++++++++++++++++++++++++++++.+.+++++++.+++++++++++++++++++++++.+.++++++++++++++++++.++++++++++++++*(NumConst=3169, SV=1158, CEps=0.2911, QPEps=10.8431)
Iter 308 (13 active): ..++.+...+.++*(NumConst=3172, SV=1160, CEps=2.0611, QPEps=3.1534)
Iter 309 (7 active): +++++++(NumConst=3167, SV=1160, CEps=0.0073, QPEps=3.1534)
Iter 310 (268 active): ++++++++++++++++..+++++++++.+++++++++++++.+++++.++++++.++.+++++++++++++++++.....++.++++.+...+++++..+++++.+.++++.+++++.+++.++.++.+.++++.++.++.+.++.+++.+.+..++..+++.++++...+++.+.+.++...++++..+..+++++.+.+++++++++++++++++++++++++++++++++++++++.++++++++++++++++++++++++++++*(NumConst=3222, SV=1168, CEps=0.6282, QPEps=5.6103)
Iter 311 (55 active): +++++++++++++++++++++++++++++++++++++.++++++++.++++++++*(NumConst=3223, SV=1178, CEps=0.7576, QPEps=7.3849)
Iter 312 (2 active): ++(NumConst=3145, SV=1178, CEps=0.0000, QPEps=7.3849)
Iter 313 (268 active): +++++++++++++++++++++++++++++++++++.++++++++++++++++++++++++++++.+++++++++++++++++++++++++++++++++++++++++++++++.+++++++++++++++++++.++++++++++++++++++.+++++.++++.++++++++++++++++++++++++++++++++++.++++++++.++++++++++.++++++.+++++.++++++++++++++.+++.+++++++.++++++++++*(NumConst=3160, SV=1173, CEps=0.9556, QPEps=6.9055)
Iter 314 (15 active): +++++++++++++++(NumConst=3152, SV=1173, CEps=0.0000, QPEps=6.9055)
Iter 315 (268 active): +++++.++++++++++++++++++++++++++++++++++++++++++++++++++++++++++++++++++++++++++++++++++++++++++++++++++++++++++++++++++++++.++++++++++.++++++++++++++++++++++++++++++++++++++++++++++++++++++++++++++++++++++++++++++++++++++++++++++++++++++++++++++++++++++++++++++++++++*(NumConst=3155, SV=1170, CEps=0.2928, QPEps=2.6564)
Iter 316 (3 active): ...*(NumConst=3157, SV=1172, CEps=0.3325, QPEps=5.6329)
Iter 317 (3 active): +++(NumConst=3143, SV=1172, CEps=0.0000, QPEps=5.6329)
Iter 318 (268 active): +++++++++++++++++++++++++++++++++++++++++++++++++++.+++++++++++.+++++.+++++++++++++++++++++++++++++++++.+++++++++++++++.++++++++++++++++++.++++++++++++++++++++.++++++++++++++++++++++++++++++++++++++++++++++++++++++++++++.++++.++++++++++++++++++++++++++++++++++++++++++*(NumConst=3152, SV=1175, CEps=1.5336, QPEps=3.4128)
Iter 319 (9 active): +++++++++(NumConst=3148, SV=1175, CEps=0.0645, QPEps=3.4128)
Iter 320 (268 active): ++.++.+.+++++++++++++++..++++.+.++++++++.+++..++.+++++++.+.++++++.++++++++++++++++++++++++++++++++++++++++++.+++++.+.+++.+.+++++++.++++.++++++++++++++++++++++++++++++++++++++++.+++++++.++++++++.+++++++++++++++++++++++++++++++++++++++++++++.++++.+++++++++++++++++++++++*(NumConst=3174, SV=1177, CEps=0.7338, QPEps=3.0713)
Iter 321 (26 active): +++++++++++.++++++++.+.+++*(NumConst=3166, SV=1174, CEps=0.6526, QPEps=18.8454)
Iter 322 (3 active): +++(NumConst=3141, SV=1174, CEps=0.0000, QPEps=18.8454)
Iter 323 (268 active): +..+.+.+++++++..+.++++..+++++.++++.+.+++++++++.+.+++++.+++++++++++++++.+.++..+..+.+++++++++.+++++..++...++.+++++.+++++++.+++++++++++.+++++++++++.+++.+++.+.+++++++++++++++..++.++.++++++++++++++++++.+++.+.+.+++++++++.++.+++++++.+++++++++.+++++++.++.++.++.++++++++++.++++*(NumConst=3194, SV=1180, CEps=8.4533, QPEps=3.6676)
Iter 324 (53 active): +++++++++++++++++++++++++++++++++++.+++++++++++++++.+*(NumConst=3193, SV=1183, CEps=0.1833, QPEps=2.0414)
Iter 325 (2 active): ++(NumConst=3098, SV=1183, CEps=0.0000, QPEps=2.0414)
Iter 326 (268 active): +++++++++++++++.++++++++++++++++++++++++++++++++++++++.++++++++.+++++++++++++++++++++++++++++++++..+++++++++++++++.+++++++++++++.++++++++++++++++++++++.++++++++++++++++++++++++++++++++.++..++++++++.++++++++++++++++++.+++++++++++++.++++++++++++++.++++++++++++++++++++++*(NumConst=3113, SV=1185, CEps=0.2353, QPEps=3.9453)
Iter 327 (15 active): +.+.+.++++++++.*(NumConst=3114, SV=1187, CEps=0.3105, QPEps=3.9914)
Iter 328 (4 active): .++.*(NumConst=3111, SV=1186, CEps=0.6427, QPEps=2.1970)
Iter 329 (2 active): ++(NumConst=3105, SV=1186, CEps=0.0000, QPEps=2.1970)
Iter 330 (268 active): +++.+.+++.++++++++++++..+++++++.++++++++++++++++++++++++++++++.+.+.+++++++++++.+++++++..+++++++.++++++++++++++++++++++++++++++.++++++++++++++++++++++++++++++++++++++++++++++++++.+++++++++++++++.+++++++++++++++++++++++++.+++++++++.++++++++++++++++++++++++++++++++++++++*(NumConst=3123, SV=1187, CEps=0.6716, QPEps=2.6609)
Iter 331 (18 active): +++++++++++++.++++*(NumConst=3106, SV=1186, CEps=0.2981, QPEps=7.5277)
Iter 332 (1 active): +(NumConst=3100, SV=1186, CEps=0.0000, QPEps=7.5277)
Iter 333 (268 active): ++++++++++++++++++.++++++++++++.+++++++++.+++++++++++++..+++++.+++.++++.++++++++++++++++.++++.+.+++++++.++++.++++++++.+++++.+++.++++++++++++++++++.+++++++++++++++++++++++++++++++++++++++++++.++++++++++++..++++++++.+++++++++..++++.++++++.+++++++++.+++++++++.+++++++++++*(NumConst=3127, SV=1193, CEps=2.4081, QPEps=4.8659)
Iter 334 (27 active): +.+++.++.+.+++++.++++++++++*(NumConst=3106, SV=1199, CEps=0.5424, QPEps=2.6015)
Iter 335 (5 active): +++++(NumConst=3104, SV=1199, CEps=0.0000, QPEps=2.6015)
Iter 336 (268 active): ...+.+.++++++++++++++++.+++.+.++++.+++++++++++..+++++++.+++++++++.++++++.+++.++++.++++.++++++++++++++..+.+++++++++++++++++.++++++++++++++++++++.+++++++.++++++++++++++++++++.++++++++++++++.+.+++.++.++++++++++++++++++++++.++++++++++.++.+++++..++++++++++.++++++++++++++++*(NumConst=3138, SV=1200, CEps=2.0576, QPEps=3.0800)
Iter 337 (34 active): ++++.++.++.+++++++++++++++++++++++*(NumConst=3140, SV=1205, CEps=0.4160, QPEps=4.8333)
Iter 338 (3 active): +++(NumConst=3117, SV=1205, CEps=0.0896, QPEps=4.8333)
Iter 339 (268 active): +++.+++.+++.+++++++++++++++++++++++++++++++.+.+++++.+++.++++++++++++.+.+++++++++.+.++++++++++++++++++++++++++++++++++.+++.+++++++++.++++++++++++++.++++++++++.+++++++++++++++++++++++++.+++++++.++++.++.+.++++++.++++++++++++++.+++.+++++++++++++++++++.+++++.++++++++++++++*(NumConst=3143, SV=1205, CEps=1.1599, QPEps=14.5659)
Iter 340 (26 active): +++..++++.+++.+..+++.+++.+*(NumConst=3144, SV=1204, CEps=2.9285, QPEps=3.0148)
Iter 341 (8 active): ++++++++(NumConst=3125, SV=1204, CEps=0.0000, QPEps=3.0148)
Iter 342 (268 active): +++++++++++++.++.+++++++++++.+++++++++.+.++++++.++.+.++++++++++++++.+++++++++++++++++++.+++++++++++++++++.+++++++++.+++++++++++++.++++.+++++++++.+++++++++++.+++++.++++++++++++++++++++++++++++.+++++++++++++++++++++++.+++++++++++.++++...+++++++.++++++++++..+++++++++++++*(NumConst=3151, SV=1206, CEps=0.9815, QPEps=2.6422)
Iter 343 (26 active): ++++++++++.++.+++.++++++++*(NumConst=3123, SV=1206, CEps=0.3616, QPEps=6.5940)
Iter 344 (3 active): +++(NumConst=3117, SV=1206, CEps=0.0796, QPEps=6.5940)
Iter 345 (268 active): ++++.+++++++++++++..++++++++++++.+.++++++++++++++++++++.++.+++++++++++.++++++.+++++++.++++++++++++++.+++++++++++++++++++++++++++++++++++++++.+++.+++++++++++.++++++++++++++++++++++++++++.+++++++++.++++.++++++++++++++..++++.+.+++.+++++..+++++++++.+++.+++++++++++++++++++*(NumConst=3143, SV=1203, CEps=0.6584, QPEps=3.8205)
Iter 346 (26 active): .+.+.+.+..+++++..++.++++..*(NumConst=3151, SV=1203, CEps=1.2426, QPEps=10.1037)
Iter 347 (11 active): +.++++++...*(NumConst=3127, SV=1207, CEps=2.4855, QPEps=2.4108)
Iter 348 (4 active): ++++(NumConst=3124, SV=1207, CEps=0.0799, QPEps=2.4108)
Iter 349 (268 active): ++++++++.+++++.+++.++++++++++++++++++.+++++++++++++++++++..++++++++++++++++++++++++++.+++++++++..++++++++++.+++.++++++.+++++.++++++++++.+..++++.+.+++.+++++++++++++++++++.+.+.+.+++..+++.++++++++++++++.+..+.++++++++.+.+++.+++++++++.++++++.++++++.++..++++++.++++.+++++.++*(NumConst=3165, SV=1206, CEps=1.3186, QPEps=7.5093)
Iter 350 (41 active): +++++++++++++++++.++.+++++.++++++.++++++.*(NumConst=3133, SV=1204, CEps=2.3389, QPEps=14.4148)
Iter 351 (5 active): .++++*(NumConst=3129, SV=1201, CEps=1.4546, QPEps=4.3536)
Iter 352 (1 active): +(NumConst=3125, SV=1201, CEps=0.0000, QPEps=4.3536)
Iter 353 (268 active): ++++++.+++++++++++..++++++++++.+++++++++.++++++++++++.++++.++++.++++++++++++++++++++.++++++++++++++.++++++++.++++++.++++.+++.++++.++++..+++++.+++++.++++.++++++++++.+++.++..++++++++++++..+++++++++++++++++.+++++++++++.+++++++++++..+++++++++.+++.+++++++++++++++++++++++++*(NumConst=3157, SV=1204, CEps=1.1078, QPEps=2.6483)
Iter 354 (32 active): ++++.++...+.++++++++++++++++++++*(NumConst=3156, SV=1202, CEps=0.4312, QPEps=3.0431)
Iter 355 (5 active): +++++(NumConst=3146, SV=1202, CEps=0.0000, QPEps=3.0431)
Iter 356 (268 active): .+++++++++++++++..++++++++++++++++++.+++++++.++++++++++++.++++++++++++++++++++..+.+.++..+++++++++++++++++++++++++++++++++.+++++.++++++++++++++++++++++++++++++++.+..+++++++++++++++++++++++++++++++++++++++.+.++++++.++++.++++++++++.+++++++++++++++++++++++++++++++++++++++*(NumConst=3168, SV=1201, CEps=0.8504, QPEps=3.6427)
Iter 357 (22 active): ++++++++++++++++++++++(NumConst=3163, SV=1201, CEps=0.0964, QPEps=3.6427)
Iter 358 (268 active): +..+.+++++++++++++++++++.+..++++++.++++.++++++.++++++++++++++++++++++.++++.++++++++++++++++++++++++++++++++++++++.++.+++++++++++++++++++.++.+++++++++++++++++++++++++++++++++++++++++++++++++++++++++++++++++++++...+++++++++.+++++++++++++++++++++++++++.+++++.+..++++.+.++*(NumConst=3188, SV=1201, CEps=0.7963, QPEps=1.6850)
Iter 359 (25 active): +++++++++++++++++++++++++(NumConst=3181, SV=1201, CEps=0.0307, QPEps=1.6850)
Iter 360 (268 active): ++++++++++++.++++++++++++++++++++++++++++.+++++++++++++++++++++++.++++++++++++++++++++++++++++.+++++++++++++++++++++++++++++++...++++++++++++++++++++++++++++++.++++++++++++++++++++++++++++++++.++++++++++.++++++++.+++.+++++++++++++++++++++++++++++++++++++++++++++++++++*(NumConst=3193, SV=1202, CEps=0.5017, QPEps=16.4289)
Iter 361 (12 active): +..+++++++++*(NumConst=3194, SV=1198, CEps=5.1521, QPEps=2.3136)
Iter 362 (2 active): ++(NumConst=3148, SV=1198, CEps=0.0000, QPEps=2.3136)
Iter 363 (268 active): +++.++++++++.++++.++++++++++++++++++++++++.+++++.++.++++..+++++++++++++++++++++.+++++++++++++++++++++++++++++.+.+++++++++.+.++++++++++.++++++++++++++++++++++++++++++++++++++.++++++++.+++++++.++++++++.++++++++++++.++++++.+++++.++++++++++++++++++++.+++++++++.+++++++.+++*(NumConst=3172, SV=1210, CEps=0.3526, QPEps=3.9078)
Iter 364 (24 active): +++++++++++++++.++++++++*(NumConst=3171, SV=1206, CEps=0.3289, QPEps=3.5522)
Iter 365 (1 active): .*(NumConst=3171, SV=1207, CEps=0.3165, QPEps=2.3698)
Iter 366 (1 active): +(NumConst=3132, SV=1207, CEps=0.0000, QPEps=2.3698)
Iter 367 (268 active): +++++++++++++++++++++++++++++++++++.+++++++++++++++++++++++++++++++++++..++++++++++++++++++....+++++.++++++.+++.+++++++.++..++.+++++++++++++.+++++++..+++++++++.+++++++.+++++.++++++++++++++++.+++++++++++++.+.+++.++++++++++++++.+++++.++++++++++++++.+++++++.+.++.++++++++*(NumConst=3162, SV=1206, CEps=1.1390, QPEps=3.2497)
Iter 368 (30 active): ++++++++++++++++++++++++++++++(NumConst=3148, SV=1206, CEps=0.0852, QPEps=3.2497)
Iter 369 (268 active): .++++++++++++++++++++++.++++.++++++++++++++++++++++++++.+++++++++++++++++++++++++++++++++++++++++++++++++.++++++++++++++++++++++++++++++++++++++++++++++++++.+++++++.+++++++++++++++++++++++++++++++++++++++++++++++++++++++++++++++++++++++++++++++++++++++++++++++++++++++*(NumConst=3155, SV=1205, CEps=0.8913, QPEps=2.2330)
Iter 370 (7 active): +++++++(NumConst=3154, SV=1205, CEps=0.0000, QPEps=2.2330)
Iter 371 (268 active): ++++++++++++++++++++++++++++++++++++++++.+++++++++++++++++++++++++++++++++++++++++++++++.++++.+++++++++++++++++++++++++++++.+++++++++++++++++++++++++++++++++++++++++++++++++++++++++++++++++++++++++++++++++++++++++++++++++++++++++++++++++++++++++++++++++++++++.++++++++*(NumConst=3159, SV=1207, CEps=0.1612, QPEps=11.4428)
Iter 372 (5 active): ++.++*(NumConst=3154, SV=1212, CEps=0.7755, QPEps=2.1186)
Iter 373 (1 active): .*(NumConst=3149, SV=1211, CEps=0.2038, QPEps=12.5559)
Iter 374 (1 active): +(NumConst=3142, SV=1211, CEps=0.0000, QPEps=12.5559)
Iter 375 (268 active): ++++++++++++++..+++.++++++++.+++++++++++++.+++++++++++++++++++++.+++++++++++++++++++.+++.+++.++++++.+.+++++++.+++++++++++++++++++++++.+++++++++++++++++++++++++++++++++++++++++++++++++++++++++++.+++++++++++++++++++++++++..+++++++++++++++++++++++++++++++++++++++++++++++*(NumConst=3158, SV=1230, CEps=3.1852, QPEps=2.5538)
Iter 376 (16 active): +++++.++++++++++*(NumConst=3096, SV=1229, CEps=0.4418, QPEps=9.3675)
Iter 377 (1 active): .*(NumConst=3091, SV=1236, CEps=1.3916, QPEps=10.2424)
Iter 378 (1 active): +(NumConst=3069, SV=1236, CEps=0.0000, QPEps=10.2424)
Iter 379 (268 active): ++++++++++++++.++++++..++++..+.+.++...++++++++++++++.++++.+.++++++++++...++..++++.+...+++....+.+++........+....+++++++..++..++.+...+.++++..+.+++.++++++.+.++.+.+.++.+.+.+.++.++.+++....++++....++..++.+++..+.+.++++++..+.+++.++..+++....++.+.+..+++.+++.++++++.+.++.+..+.*+++(NumConst=3169, SV=1228, CEps=9.9378, QPEps=1.8620)
Iter 380 (100 active): +++.+++++++++++++++++++++++++.++++++++++++++++++.+++++++++++++++..++++++++++++++++++.+++++++++++.+++*(NumConst=3169, SV=1223, CEps=0.6761, QPEps=2.9199)
Iter 381 (7 active): +++++++(NumConst=3158, SV=1223, CEps=0.0515, QPEps=2.9199)
Iter 382 (268 active): ++++++++++++++++.+++++++++++++++.++++.++++++++++++++++++.+++++++++.++++++++++.++++++++++.+++++++++++++++++++++++++++++++++++++++++.+++++++++++++++++++++++.+++++++++++++.+++++++++++++++++++++++++++++.++++++++++++++++++++++++++++.++++++.+.+++++++++++++++++++++++++++++++*(NumConst=3172, SV=1224, CEps=0.6286, QPEps=2.5681)
Iter 383 (14 active): ++++++++.+++++*(NumConst=3167, SV=1234, CEps=0.2828, QPEps=2.8532)
Iter 384 (1 active): +(NumConst=3117, SV=1234, CEps=0.0000, QPEps=2.8532)
Iter 385 (268 active): ++++++.+.+++++.++++++.++++++...+.++.+.+++++++++..++++++++++++++++++++++..++..+++++....+++....+.+++..+...+.+.++++++.++...+++++++...+++++++..+.+++++.++++.+++.+....+.+..+.+.++.++.+++...++++.+..+..+.+..++++..++.+++++...+..++.+++.++.++..+.++++..+++.+++++++++.++++++++.+++++*(NumConst=3203, SV=1233, CEps=1.5876, QPEps=7.5101)
Iter 386 (86 active): +.++++.+++.+++...++++..++.++++++++++.+..+.+++..++.++..+.+..+++.+++.+++++++++++++++++++*(NumConst=3224, SV=1232, CEps=2.2583, QPEps=2.4435)
Iter 387 (23 active): ++++++++++++++.+++++.+.*(NumConst=3212, SV=1230, CEps=0.3371, QPEps=2.4095)
Iter 388 (3 active): +++(NumConst=3207, SV=1230, CEps=0.0000, QPEps=2.4095)
Iter 389 (268 active): +++++++++++++++++++++++++++++++++++.++++++++++++++++++++++++++++++++++++++++++++++++++++++++.+++++++++++++++++++++++++++++++++++++++++++++++++++.+++++++++++++++.+++++++++++++++++++++++++++++++++++++++++++++++++++++++++++.+++.+++++++++++++++++++++++++++++++++++++++++++*(NumConst=3213, SV=1235, CEps=0.3824, QPEps=2.0869)
Iter 390 (6 active): ++++++(NumConst=3209, SV=1235, CEps=0.0000, QPEps=2.0869)
Iter 391 (268 active): +..++++.+++.+++++++++++++++++++++++++++.++++...+++++++++++.+++.+.+.+++++++++++++++++++...++++++++++++++++++++++++++..+++++++.+++++++++++.+++++++++++++.+++++++++++++++++++++++++.+++++++++++++++++++++.++++++++++.++++++++++++++++++.+++.+++++++++.++++++.+++...+++++++++.++*(NumConst=3240, SV=1238, CEps=0.6195, QPEps=9.1988)
Iter 392 (31 active): ++++++++++++..+++..++..++++++++*(NumConst=3239, SV=1243, CEps=0.8004, QPEps=3.7823)
Iter 393 (6 active): ++++++(NumConst=3213, SV=1243, CEps=0.0585, QPEps=3.7823)
Iter 394 (268 active): +..++++.++++++++++++++++.++++++++++++..++++++.++.++++++++++++++++.++++++++++++++++++++++++++++++++++++++++++++++++++.+++.++++++++++++++.++.++++++++++++++++++++++++++++++++++++++.++++++.+++++++++++++++++++++++++++++++++++++++++++++++.++++++.++.++++++.++++++++++++++++++*(NumConst=3232, SV=1245, CEps=1.0085, QPEps=5.1683)
Iter 395 (19 active): ++++++++++.++++++++*(NumConst=3230, SV=1249, CEps=0.2072, QPEps=1.9754)
Iter 396 (1 active): +(NumConst=3179, SV=1249, CEps=0.0000, QPEps=1.9754)
Iter 397 (268 active): ++++++++++++++++++++++++++++++++++++++++++++++++++++++++++++++++++++++++++++++++++++++++++++++++++++++++.++++++++++.++++++++++++++++++++++++++++++++++++++++++++++++++++.++++++++.++++++++++++++++++.+++++++++++++++++++++++++++++++++++.+++++++++.++++++.++++++++.+++++++++*(NumConst=3188, SV=1249, CEps=0.3315, QPEps=5.8031)
Iter 398 (9 active): ++++.++++*(NumConst=3186, SV=1249, CEps=0.2687, QPEps=3.3819)
Iter 399 (1 active): +(NumConst=3172, SV=1249, CEps=0.0000, QPEps=3.3819)
Iter 400 (268 active): +++++++++++++++.+.++++++++++++++++++++++++++++++.+++++.+++++++++++++++++++++++...++++++.++.+++.++..++++++++++++.+++++++++++++++++++++++++++.+++++++++.+++.++++.++++++++++++++++++++++++++++++++++++++.++++++++.++++++++++.++++++++++++++++++++++++++++++++++++++++++++++++++*(NumConst=3192, SV=1257, CEps=0.2928, QPEps=4.9216)
Iter 401 (20 active): ++++++++++..+++++++.*(NumConst=3191, SV=1263, CEps=0.1688, QPEps=2.9963)
Iter 402 (3 active): ++.*(NumConst=3190, SV=1258, CEps=0.9635, QPEps=3.0283)
Iter 403 (1 active): +(NumConst=3173, SV=1258, CEps=0.0000, QPEps=3.0283)
Iter 404 (268 active): +++++++++.+++++++.+++++++++++++.+++++++++.++++++++++++++.++++++.+++++++++++++++.+++++++++++++++++.++++++++++.+++++.+++++++++.++++++++++.+++++++.++++++++++++++++++++++++++++++++++++++.+.++.++++++++++++++++++++++++++++++++++++++++++++++++++++++++++++++++++++++++++++++.+*(NumConst=3190, SV=1257, CEps=0.7384, QPEps=4.1718)
Iter 405 (17 active): +.++++..++++++.++*(NumConst=3193, SV=1251, CEps=0.5076, QPEps=11.3131)
Iter 406 (4 active): ++.+*(NumConst=3167, SV=1254, CEps=1.1394, QPEps=5.4674)
Iter 407 (1 active): +(NumConst=3160, SV=1254, CEps=0.0000, QPEps=5.4674)
Iter 408 (268 active): .++++.+.+++.++++.++++++..++.+.+.+.+++++++.++.+++++++++.+...+.+.+++.++++++++++..++++++++++++++++.++++.++.+++++++.++.+.++.+.++++++++..++..+++++++++..++.+++..++++.++++++++.++++.++++++++++..++++.++.+++++.+++++++++++++++++++++++++.++++++++++++++++++.+++++++++++++++.+++++++*(NumConst=3210, SV=1260, CEps=1.0830, QPEps=3.2475)
Iter 409 (50 active): ..+++.++..++++++++.++++++++++++++.+++++++++++++.++*(NumConst=3185, SV=1260, CEps=0.7451, QPEps=2.4833)
Iter 410 (8 active): ++++++++(NumConst=3181, SV=1260, CEps=0.0000, QPEps=2.4833)
Iter 411 (268 active): +.++++++++++++++++++++++++++++++++++++.+++++++.++++++++++++++++++++++++++++++++++++++++++++++.++++++++++.++++.++++.++++++++.++++.+++.++++++++++++++++++.+++++.++++++++++++++++++++++++++++++++++++++++.++++.++.+++++++++++++++++++++++.++++++++.+++++.++++++++++++++++++++++*(NumConst=3199, SV=1264, CEps=0.3987, QPEps=8.6679)
Iter 412 (18 active): +++++++++.+..+++++*(NumConst=3175, SV=1265, CEps=0.7259, QPEps=2.3105)
Iter 413 (3 active): ++.*(NumConst=3165, SV=1267, CEps=0.2843, QPEps=3.1848)
Iter 414 (1 active): +(NumConst=3138, SV=1267, CEps=0.0000, QPEps=3.1848)
Iter 415 (268 active): +++.++.++++++.+.++++++.++++++++.+++++++++++.++++++.+++++++++++.+++...+.+++++.+++.+++++++.++++++.+++++++.++++.+++++.++++++++++++++++.+.+++++++.+++++++++++++++++++++++++++++++++++++++++.+++.++++++++++++++.+.++++++.+++.+++.+++.++++++.++++++++++++.++.+++++..++++++++++.+++*(NumConst=3175, SV=1266, CEps=1.3708, QPEps=2.3511)
Iter 416 (37 active): +++++++++++++.+++.++++++.+.+..+.+...+*(NumConst=3179, SV=1264, CEps=0.4524, QPEps=3.8264)
Iter 417 (10 active): ++++++++++(NumConst=3153, SV=1264, CEps=0.0000, QPEps=3.8264)
Iter 418 (268 active): ++++.+++.+++++++++++++++.+++++++++.+++++.++++++++++++++.++++++++++++++++.+++++.++++++++++++.+++++++++.++++++++++++++++++.+.++.++++++++++++++++++++++++++.++++++++++++++++++++++++.++++++++++++++++++++++++++++++++++++++++++++++++++++++++++++++++++++++++++++++++++++++++++*(NumConst=3168, SV=1260, CEps=1.2068, QPEps=2.3978)
Iter 419 (15 active): +++++.+++++++++*(NumConst=3158, SV=1259, CEps=0.4248, QPEps=6.9379)
Iter 420 (1 active): +(NumConst=3154, SV=1259, CEps=0.0000, QPEps=6.9379)
Iter 421 (268 active): ++++++..+.+.+.+..+++++++.++++.++++++++..+++++.+++.+++..++++++++.++++++++++.+++++.++++++++++++++++++++++++++++++++.+++++++.+++++++++.++.+.+++++++++.+++++++.++.+++.+++++++++++++++.+++++++++++++.+.+++++.+++++.+++.+++++++++.++.+++++++++++++++++++++..+++++++++.+++++++++.++*(NumConst=3193, SV=1260, CEps=2.1626, QPEps=3.4311)
Iter 422 (39 active): +.+.+++++++++++++++++.++++++.+.++++++++*(NumConst=3156, SV=1259, CEps=0.5045, QPEps=4.0359)
Iter 423 (5 active): +++..*(NumConst=3152, SV=1259, CEps=0.4543, QPEps=1.5809)
Iter 424 (2 active): ++(NumConst=3151, SV=1259, CEps=0.0000, QPEps=1.5809)
Iter 425 (268 active): ++++++++++++++++++..++++++++++++.++++.++++++..+++++++++++++++++++++++++++++++.+++++++++++++++++++++++++++++++++++++++++++++++++++++++++++..++++++.+++.+++++++++++++++++++.++++++++++++++++.++++++.+++++++..++++++++++.+.+++++.++++++++++++++.++++++.+++.++++++++++++++++++++*(NumConst=3173, SV=1258, CEps=0.3268, QPEps=3.0745)
Iter 426 (22 active): ..++++++++++++++++.++.*(NumConst=3146, SV=1262, CEps=0.8720, QPEps=7.2536)
Iter 427 (4 active): ++.+*(NumConst=3142, SV=1263, CEps=0.4880, QPEps=2.7186)
Iter 428 (1 active): +(NumConst=3121, SV=1263, CEps=0.0000, QPEps=2.7186)
Iter 429 (268 active): .+.++..+.+.+++++...+++..++++.++.+++++++++.+++++.++++.+...++.++.+++.++++..++++.+.+......++++++++++++.+++++.+++++++++.+++++.++++..+.++++.+++++.++....++++.++++.++..+.++++.++++.++.+++++++++.+++..++++++++++++.+++++++++.++.++++++..++.+.++...+.++.++.+..++++++++.+.+++++++++++*(NumConst=3194, SV=1257, CEps=1.0084, QPEps=2.9878)
Iter 430 (73 active): ++++++++++++++++++++++++++++.+.+++++++++++++..++.+++++++.++.+++++++++++++*(NumConst=3180, SV=1259, CEps=0.2081, QPEps=23.6309)
Iter 431 (7 active): +.+++.+*(NumConst=3171, SV=1261, CEps=5.2137, QPEps=26.1355)
Iter 432 (2 active): ++(NumConst=3168, SV=1261, CEps=0.0000, QPEps=26.1355)
Iter 433 (268 active): +.++++++++++++..++.++++++.++++++++.+.++++++.+.+++.+++.+++++++++.+.++++++++.+++.++.++++++++++++..++++++.+++.+++++..+.++++.++++++.+++++++++++.++++.++..++++++++++.++++++.+++..++.+++.+++++..+++++++++..++++.+++++.+++..++..+.+++.++++++++++++.++.++..++++.+.++.++.+.+++++.+..+*(NumConst=3227, SV=1264, CEps=6.5072, QPEps=2.0217)
Iter 434 (59 active): +++++++++++++++++++++++++++++++++++++++++++++++++++++++++++(NumConst=3205, SV=1264, CEps=0.0670, QPEps=2.0217)
Iter 435 (268 active): +++++.++++.++++++++++++++++++.++++++++++.++++++++++++++++++++++++++++++++.++++++++++++++++++++++++++++++++++++++++++++++++++.++++++++++++++++++.++++++++++++++++++++++++.++++++++++++++++++++++++++++++.++++++++++++++++++++++++++++++++++++.+++++++++++++++++++++++++++++++*(NumConst=3215, SV=1261, CEps=0.2157, QPEps=2.6863)
Iter 436 (10 active): ++++++++++(NumConst=3214, SV=1261, CEps=0.0000, QPEps=2.6863)
Iter 437 (268 active): ++++++++++++++++++++.++++++.++++++++++++++++++++++++++++++++++++++++++.++++++..++++++++++++++++.+++++++++++++++++++++++++++++++++++++++++++++++++++++++++++++++++++++++++++.++++++++++++++++++++++++++++++++++++++++.+++++++++++++++++++++++++++++++++++++++++++++++++++++++*(NumConst=3222, SV=1256, CEps=0.3373, QPEps=3.1439)
Iter 438 (8 active): ++++++++(NumConst=3220, SV=1256, CEps=0.0084, QPEps=3.1439)
Iter 439 (268 active): +++..+++++++++++++++++++++++++++++.++++.+..+++++.++++++++.++++++..+++++++++++++++++++++.++++++++.++++++++++++.++++++++++++++++.+++++++.++++++++++++++++++++++++++++++++++++++.+++++++++++++++++++++++++...+++++++++++++++++.+++++++++.++++++++++++++.+++++++++++++++++++.+++*(NumConst=3243, SV=1258, CEps=0.5355, QPEps=1.9145)
Iter 440 (23 active): +++++++++.+++++++++++++*(NumConst=3215, SV=1265, CEps=0.1293, QPEps=4.1833)
Iter 441 (1 active): +(NumConst=3208, SV=1265, CEps=0.0000, QPEps=4.1833)
Iter 442 (268 active): .+++++++.+++++++++++++++++++++++++++.+++++.++++++++++++.+.++++++++++++.++++++++++++++.++++++++++++++..+++.+++++.++++++++++++.++++.+++++..++.+++..+++++++++.+.+++++.++++++++.+++.++++.+.+++++.+++++++++++++++.+++++++++++.++.+++.+++.+.+++..+++.+.+++++.+++.++...+++..+++++++*(NumConst=3252, SV=1266, CEps=1.0074, QPEps=1.9900)
Iter 443 (44 active): ++++.+++++.+++++++++.+++++++++++++++++++++.+*(NumConst=3251, SV=1260, CEps=0.1736, QPEps=6.5506)
Iter 444 (4 active): ++++(NumConst=3249, SV=1260, CEps=0.0000, QPEps=6.5506)
Iter 445 (268 active): +++++++++++++++++++++++++++++++++++..+++++++++++++++++++++.++..++++++++..+++++++++++++++++++...+.+++.++++++++++++++++++.+++.++..+++++++.++++.+++++++.+.++++++++.++++++++.+++++++++++++++.+++++++++++++++.+++++.++++++++++++++++++.+++++.++++++++++++++++.+++++++++++++++++++*(NumConst=3277, SV=1264, CEps=2.8226, QPEps=5.8690)
Iter 446 (28 active): ++++++++++++++++++++++++++++(NumConst=3276, SV=1264, CEps=0.0588, QPEps=5.8690)
Iter 447 (268 active): +++++++.+++.+++++++++++.+++++++++++++++++++++.++++++++++++++++++++++++++++++++++++++++++++++++++++++++++.++++++++++++++++++++++++++.++++++++++++++++++++++++++++++++++++++++++++++++++++++++.++++.++++++++++++++++++.+++++++++++++++++++++++++++++++++++++++++++++++++.+++++*(NumConst=3286, SV=1265, CEps=0.8437, QPEps=17.8253)
Iter 448 (10 active): ++++++++++(NumConst=3271, SV=1265, CEps=0.0000, QPEps=17.8253)
Iter 449 (268 active): ++.+.++++++++++.+++.++++.+++.+.++++++++..+++.+.+.+++++.+++++.+++++++++++++.+++++++++.+.++++++.+..++++.++++++.++++.++.+.+.+...++++++++.++.++++.++++++.+++.++++++++++..+++++.++++++++.++++++.+++++++++++++.++++.++++++++++++++..++++++.+++.++++++++++++.+++.+++++.++.+++++++++*(NumConst=3320, SV=1268, CEps=2.2145, QPEps=4.3709)
Iter 450 (49 active): ..+.+.++.++++....+.++.+++++++++++++++++.++...+.+.*(NumConst=3335, SV=1273, CEps=1.9243, QPEps=4.6100)
Iter 451 (17 active): ++.++++++++++++++*(NumConst=3335, SV=1274, CEps=0.1723, QPEps=2.0435)
Iter 452 (1 active): +(NumConst=3239, SV=1274, CEps=0.0000, QPEps=2.0435)
Iter 453 (268 active): +++++++++++++++++++++++++++++++++++++++++++++++++++++++++++++++++++++++++++++++++++++++++++++++++++.++++++++++++++++++++++.+++.+++++++++++++++++++++++++++++++++++++++++++++++++++++++++++++++++++++++++++++++++++++++++++++++++++++++++++++++++++++++++++++++++++++++++++.+*(NumConst=3243, SV=1278, CEps=0.4228, QPEps=5.6518)
Iter 454 (4 active): .+++*(NumConst=3238, SV=1273, CEps=0.1940, QPEps=12.7862)
Iter 455 (1 active): .*(NumConst=3227, SV=1281, CEps=2.1169, QPEps=2.2415)
Iter 456 (1 active): +(NumConst=3226, SV=1281, CEps=0.0000, QPEps=2.2415)
Iter 457 (268 active): ++++++++++++++++++++++++++++++++++++++++++++++++++++++++++.+++++++++++++++++++++++++++++++++++++++++++++++++.+++++++.++++++++++++++++++++.+++++++++++++++.+++++++++.++++++++++++++++..+++++++++++.++++++++++++++++++++++++++++++++++++++++++.++++++++++++++++++++++.+++++.++*(NumConst=3238, SV=1279, CEps=0.7116, QPEps=2.3892)
Iter 458 (12 active): ++++++++++++(NumConst=3157, SV=1279, CEps=0.0000, QPEps=2.3892)
Iter 459 (268 active): ++++++++++++++++.+++++++++++++.+.++++.++++++++++++++++++++++++++++++++++++++++++++++++++++++.+++++++++++++++++++++++++++++++++++++++++++++++++++++++++++++++++++++++++++++++++++++++++++++++++++++++++++++++++++++++++++++++.+++++++++++++++++++++++++++++++++++++++++++++++*(NumConst=3163, SV=1278, CEps=0.6672, QPEps=5.5735)
Iter 460 (6 active): ++++++(NumConst=3139, SV=1278, CEps=0.0000, QPEps=5.5735)
Iter 461 (268 active): ++++++++++++++.+++++++.+++++.++++++++++++++++++++++++++++++++++++++++++.+++.+.++++++++++++++++++++++..+++.+++++.++++++.++++.++++..++++.+++++.++++++++++++++++++++++++++.++++++++++++...+++++.+.+++++++++++++++++++++++++++++++++++++++++++.++++++++++++++++++.++.++++.++++++*(NumConst=3165, SV=1279, CEps=1.2424, QPEps=1.7595)
Iter 462 (26 active): ++++++.+++++++++++++++++++*(NumConst=3163, SV=1284, CEps=0.1081, QPEps=1.8143)
Iter 463 (1 active): +(NumConst=3157, SV=1284, CEps=0.0000, QPEps=1.8143)
Iter 464 (268 active): ++++++++++++++++++++++++++++++++++++.++++++++++++++++++++++++++++++++++++++++++++++++++++++++++++++++.+++++++++++++++++++++++++++++++++++++++++++++++++++.++++++.+++++++++++++++++++++++++++++++++++++++++++++++++++++++++++++++++++++++++++++.+++++++++++++++++++++++++++++*(NumConst=3162, SV=1286, CEps=0.4129, QPEps=5.4452)
Iter 465 (5 active): +.+.+*(NumConst=3136, SV=1289, CEps=0.9625, QPEps=2.6217)
Iter 466 (2 active): ++(NumConst=3129, SV=1289, CEps=0.0000, QPEps=2.6217)
Iter 467 (268 active): .++..+.+.++..+++..+++++.++.+++.+++.++++.+.+..+..+.++++++...++++..+++++++++..+++.+..+++..+++.++++++.+++++++.++.+.+.+.+++++.+++++++.+.+++++++.+++++.++...+++++++.+++..+++.+++++...++++++.+++++++.++.+.+.++.+++.++++.+++++++.+.+++++++...++++++++++..++.+.+++++++.....++.+.+.++*(NumConst=3208, SV=1293, CEps=1.4448, QPEps=3.6125)
Iter 468 (79 active): ++++++++++++++++++++.++++++++++++++++++++++++++++++++++++++++++++++++++.+++++++*(NumConst=3192, SV=1290, CEps=0.3909, QPEps=1.8698)
Iter 469 (2 active): ++(NumConst=3191, SV=1290, CEps=0.0000, QPEps=1.8698)
Iter 470 (268 active): ++++++.+++++++++++++++++++++++++.++++.++.++++++..++.+++++++++++++..+++++.+++.+++++...+++.+.....++...+++.++++++++++.++++++..++++.+++++++++..+++++...+++++++.++...++.+.++++.++.++.+++.+++++++++.+.++++..+++...++.+++++...+..++.+++.++.++..+.++++..+++.++.++++++.+++++.++++++++*(NumConst=3259, SV=1286, CEps=0.5819, QPEps=10.5171)
Iter 471 (68 active): +++++++.++.++++.++++++++++++.++++++++++.++++++.+++++++++++++++++++++*(NumConst=3257, SV=1285, CEps=2.8477, QPEps=15.9402)
Iter 472 (6 active): ++++++(NumConst=3256, SV=1285, CEps=0.0000, QPEps=15.9402)
Iter 473 (268 active): +++++++++++++++++++++++++++++++++++.+++++++.+++++.++++++++++++++.++++++++.++++++.++++.++.+++++++++++++.++++.+++++++++++++++++++++++++++++++.++++++++++.++++++.+++.+++..+++++++++++.+++++++++++++.+++++++++++++++++++++++++.+++.+++++++++++++++++.++++++++++++++++.++++..++++*(NumConst=3280, SV=1283, CEps=1.4601, QPEps=3.4340)
Iter 474 (24 active): ++++++++++++++++++++++++(NumConst=3260, SV=1283, CEps=0.0000, QPEps=3.4340)
Iter 475 (268 active): ++.++++++++++++++++++++++++++++++++++..++++++.++.+++++++++++++++++++++++++++++++++++++++++++++++++++++++.+++++++++++.+++.++++++++++++++.++.+++++++++++++++++++.++++++++++++++++++.++++++.+++++++++++++++++++++++++++++++++++++++++++++++.++++++.++.++++++.++++++++++++++++++*(NumConst=3277, SV=1285, CEps=1.2130, QPEps=5.9020)
Iter 476 (17 active): +++++.+++++.++.++*(NumConst=3276, SV=1288, CEps=0.6258, QPEps=2.0007)
Iter 477 (3 active): +++(NumConst=3273, SV=1288, CEps=0.0000, QPEps=2.0007)
Iter 478 (268 active): +++++++++++++++++.+++++++++++++++++++++++++++++++++++++++++++++++++++++++++++++.++++++++++++++++++++++++++++++++++++++++++++++++++++++++++++++++++++++++++++++++++++++++++++++++++++++++++++++++++++++++++++++++++++++++++++++++++++++++++++++++++++++++++++++++++++++++++++*(NumConst=3275, SV=1286, CEps=0.1787, QPEps=4.2955)
Iter 479 (2 active): ++(NumConst=3258, SV=1286, CEps=0.0000, QPEps=4.2955)
Iter 480 (268 active): ++.++++++.+++++++++++++++++++++.++++++++++++++++++++++++.+++++.+.++++++++++.+++++.++++..++++++++++.+++++++++.++++++.++++++++.++.+++++++.++++.+++++++++++++++++.+.++++++.+++++++.++++..++++++++++++++.+.+++++++++++++++++++++++++++++.+++.+++++++++.+++++++++++++++++++++++++*(NumConst=3286, SV=1288, CEps=0.7374, QPEps=2.3686)
Iter 481 (28 active): ++++++++++++++++++++++++++++(NumConst=3279, SV=1288, CEps=0.0680, QPEps=2.3686)
Iter 482 (268 active): +++++++++++++++++++++++++++++++++++++++++.+++++++++++++++++++++++++++++++++++++++++++++++++++++++.++++++++++++++++++++++++++++++++++++++++++++++++++++++++++++++++++++++++++++++++++++++++++++++++++++++++++++++++++++++++++++++++++++++++++++++++++++++++++++++++++++++++++*(NumConst=3281, SV=1293, CEps=0.1662, QPEps=2.3602)
Iter 483 (2 active): ++(NumConst=3279, SV=1293, CEps=0.0000, QPEps=2.3602)
Iter 484 (268 active): ++++++++++++++++++++++++++++++++++++++++++++++++++++++++++++++++++++++++++++++++++++++++++++++++++++++++++++++++++++++++++++++++.++++++++++++++++++++++++++++++++++++++++++++++++++++++++++++++.++++++++++++++++++++++++++++++++++++++++++++++++++++++++++++++++++++++++++++*(NumConst=3281, SV=1298, CEps=0.4465, QPEps=5.3516)
Iter 485 (2 active): +.*(NumConst=3236, SV=1293, CEps=0.1243, QPEps=3.1634)
Iter 486 (1 active): +(NumConst=3224, SV=1293, CEps=0.0000, QPEps=3.1634)
Iter 487 (268 active): ++++++++++++++++++++++++++++++++++++++++++++++++++++++++++++++++++++++++++++++++++++++++++++++++++++++++++++++++++++++++++++++++++++++++++++++++++++++++++.++++++++++++++++++.+++++++++++++++++++++++++++++++++++++++++++.+++++++++++++++++++++++++++++++.++++++++++++++++++*(NumConst=3228, SV=1292, CEps=0.2331, QPEps=6.7380)
Iter 488 (4 active): ++++(NumConst=3210, SV=1292, CEps=0.0000, QPEps=6.7380)
Iter 489 (268 active): ...++.+.+++.++++..+++++.+++.+.+.++++++++..++.+..++++++.+...+++...+.++.+++.+++....+.+++++.++..++++++++++.+++++++.++.+.++.+.++.+++++..++...++++++++.+++.+.+.+++++.++.+++++.+++++++++++++.+.++.++.++.++++...++++++++.+++++++++++.+++.++++++++++++++++++.+++++++++++++++++++++++*(NumConst=3276, SV=1299, CEps=1.6042, QPEps=5.9955)
Iter 490 (66 active): ..++++++.+++++..+.++++.++++++++++++++++++++++++++++++++.+++.++++.+*(NumConst=3283, SV=1307, CEps=0.9368, QPEps=5.5327)
Iter 491 (10 active): ++++++++++(NumConst=3282, SV=1307, CEps=0.0000, QPEps=5.5327)
Iter 492 (268 active): ++++++++++++++.+++.++++++++++++++++++++++++++++++++++++++++++++++++++++++++++++++++++++++++++++.++++++++++.+++++++++++.+++++++++++++++++++++++++++++++++++++++++++++++++++++++++++++++++++++++++++.+++++++++++++++++++++++++++++++++++++++++++++++++++++++++++++++++++++++++*(NumConst=3288, SV=1307, CEps=3.0083, QPEps=3.1883)
Iter 493 (6 active): ++++++(NumConst=3251, SV=1307, CEps=0.0000, QPEps=3.1883)
Iter 494 (268 active): +++.+.+++++++.+.+++++++++++++.+.+++++++++++.++++++.+++++++.+++++++.+.+.+++++++++.+++++++.++++.+++++++++++++++++++++++++++++.++.++++.+++++++++++++++++++++++++++++++++++++++++++++++++++.++.+++++++++++++++++.++++++++++.+++.+++.++++++++++++++++++++++++++++++++++++++++.+++*(NumConst=3276, SV=1306, CEps=0.8297, QPEps=2.2756)
Iter 495 (25 active): +++++++++++++++++++++++++(NumConst=3264, SV=1306, CEps=0.0000, QPEps=2.2756)
Iter 496 (268 active): ++++++++++++++++++++++++++++++++++++++++++++++++++++++++++++++++++++++++++++++++++++++++++++++++++++++++++++++++++++++++++++++++++++++++++++++++++++++++++++++++++++++++++++++++++++++++++++++++++++++++++++++++++++++++++++++++++++++++++++++++++++++++++++++++++++++++++++(NumConst=3264, SV=1306, CEps=0.0756, QPEps=2.2756)

Final epsilon on KKT-Conditions: 2.27557
Upper bound on duality gap: 253.17582
Dual objective value: dval=10253.88044
Total number of constraints in final working set: 3264 (of 5183)
Number of iterations: 496
Number of calls to 'find_most_violated_constraint': 54227
Number of SV: 1306 
Number of non-zero slack variables: 888 (out of 268)
Norm of weight vector: |w|=1.78114
Norm. sum of slack variables (on working set): sum(xi_i)/n=104.97914
Norm of longest difference vector: ||Psi(x,y)-Psi(x,ybar)||=1722.03020
Runtime in cpu-seconds: 7377.31 (99.90% for QP, 0.07% for Argmax, 0.01% for Psi, 0.00% for init)
Model learned: [ -0.936837, 0.000932881, 0.000264531, 0.00252291, 0.000705665, -0.0321326, -0.150633, 0.00176554, -0.00250714, 0.00419343, 0.000325693, -0.199347, 0.173713, -0.000805897, 0.00314071, 0.000644159, -0.000546329, 0.746259, -0.806681, -0.00112172, 0.000713043, 0.000191767, 0.00151242, -0.373125, 0.166508, 0.00221475, 0.00437959, -0.00161223, -0.00159122, -0.141655, 0.544925, -0.00517348, -0.005073, 0.000131362, 0.000403887, 0, 0.518154, 0.00161947, -0.00104817, -0.00325034, -0.000225937, 0, 0.490851, 0.000568465, 0.000130429, -0.00282106, -0.000584177, 0 ]
Losses: [100.0, 100.0, 100.0, 0.0, 0.0, 100.0, 0.0, 100.0, 0.0, 100.0, 100.0, 100.0, 100.0, 100.0, 100.0, 0.0, 100.0, 100.0, 0.0, 100.0, 100.0, 100.0, 0.0, 100.0, 100.0, 100.0, 0.0, 100.0, 100.0, 100.0, 100.0, 0.0, 0.0, 0.0, 100.0, 100.0, 100.0, 100.0, 0.0, 0.0, 0.0, 100.0, 100.0, 100.0, 100.0, 100.0, 100.0, 100.0, 0.0, 100.0, 100.0, 0.0, 100.0, 0.0, 100.0, 0.0, 100.0, 100.0, 100.0, 100.0, 0.0, 100.0, 0.0, 100.0, 0.0, 0.0, 0.0, 100.0, 100.0, 100.0, 100.0, 100.0, 0.0, 0.0, 100.0, 100.0, 100.0, 100.0, 100.0, 100.0, 100.0, 100.0, 100.0, 0.0, 100.0, 100.0, 100.0, 100.0, 0.0, 100.0, 100.0, 100.0, 0.0, 100.0, 0.0, 0.0, 100.0, 100.0, 100.0, 100.0, 0.0, 100.0, 100.0, 100.0, 100.0, 100.0, 100.0, 100.0, 0.0, 0.0, 100.0, 100.0, 100.0, 100.0, 100.0, 100.0, 100.0, 100.0, 100.0, 100.0, 100.0, 100.0, 100.0, 100.0, 100.0, 100.0, 0.0, 100.0, 100.0, 100.0, 0.0, 100.0, 100.0, 100.0, 100.0, 100.0, 100.0, 100.0, 100.0, 100.0, 100.0, 0.0, 100.0, 100.0, 100.0, 100.0, 0.0, 0.0, 100.0, 100.0, 100.0, 100.0, 0.0, 100.0, 100.0, 100.0, 0.0, 100.0, 100.0, 100.0, 0.0, 100.0, 100.0, 0.0, 0.0, 100.0, 100.0, 100.0, 0.0, 100.0, 100.0, 0.0, 100.0, 100.0, 100.0, 100.0, 100.0, 100.0, 100.0, 100.0, 100.0, 100.0, 100.0, 100.0, 100.0, 0.0, 0.0, 100.0, 100.0, 100.0, 100.0, 100.0, 100.0, 100.0, 100.0, 100.0, 100.0, 100.0, 0.0, 100.0, 0.0, 100.0, 100.0, 100.0, 100.0, 0.0, 0.0, 100.0, 100.0, 100.0, 0.0, 100.0, 100.0, 100.0, 100.0, 100.0, 100.0, 100.0, 100.0, 100.0, 100.0, 0.0, 0.0, 100.0, 100.0, 100.0, 0.0, 100.0, 0.0, 100.0, 100.0, 100.0, 100.0, 100.0, 0.0, 100.0, 100.0, 100.0, 100.0, 0.0, 100.0, 0.0, 100.0, 100.0, 100.0, 100.0, 100.0, 100.0, 100.0, 100.0, 100.0, 0.0, 100.0, 100.0, 100.0, 100.0, 100.0, 100.0, 100.0, 0.0, 100.0, 100.0, 0.0, 100.0, 100.0, 0.0, 100.0, 0.0]
Writing learned model...done
...
...
...
Testing ...
Reading model...done.
Reading test examples..132 examples read
done.
Classifying test examples..99..> /home/shaofan/Projects/MMAPM/tools/svm-python-v204/iris/mymulti.py(161)classification_score()
-> for ind, ele in x:
(Pdb) 
