Training ...
Reading training examples...268 examples read
done
|Y| = 8, N = 268, (|Y|-1)*N = 1876
Count of constraints: 1876 (press to continue)
Setting current working precision to 50.
Iter 1 (268 active): ....................................................................................................*....................................................................................................*....................................................................*(NumConst=2144, SV=467, CEps=126.9046, QPEps=21.1711)
Iter 2 (268 active): ++++++++++++++++++++++++++++++++++++++++++++++++++++++++++++++++++++++++++++++++++++++++++++++++++++++++++++++++++++++++++++++++++++++++++++++++++++++++++++++++++++++++++++++++++++++++++++++++++++++++++++++++++++++++++++++++++++++++++++++++++++++++++++++++++++++++++++(NumConst=2144, SV=467, CEps=36.4952, QPEps=21.1711)

Setting current working precision to 25.
Iter 3 (268 active): +++++++++++++++++++++.+++++++++++.+++++++++++++++++.++++++++++++++++++++++++++++++++++++++++++++++++.+++++++++++++++++++++++++++++++++++++++++++++++++++++++++++++++++++++++++++++++++++++++++++++++++++++++++++++++++++++++++++++++++++++++++.++.++++++++++++++++++++++++++*(NumConst=2150, SV=485, CEps=36.4952, QPEps=11.9760)
Iter 4 (6 active): ++++++(NumConst=2150, SV=485, CEps=4.0077, QPEps=11.9760)
Iter 5 (268 active): ++++++++++++++++++++++++++++++++++++++++++++++++++++++++++++++++++++++++++++++++++++++++++++++++++++++++++++++++++++++++++++++++++++++++++++++++++++++++++++++++++++++++++++++++++++++++++++++++++++++++++++++++++++++++++++++++++++++++++++++++++++++++++++++++++++++++++++(NumConst=2150, SV=485, CEps=14.4224, QPEps=11.9760)

Setting current working precision to 12.5.
Iter 6 (268 active): +++++++..+..++++++++++++.+.++++++++++++.+++++++++.++++++++.++++++++++++++.+++.++++++++++++++++++++++++++++++++++++++++++++++++++++++++++++++++++++++++++++++++++++++++++++++++++++++++++++++++++++++++++++++++++++++++++++++++++++++++++++++++++++++++++++++++++++++++++++++*(NumConst=2161, SV=489, CEps=14.4224, QPEps=5.7514)
Iter 7 (11 active): +++++++++++(NumConst=2161, SV=489, CEps=2.0532, QPEps=5.7514)
Iter 8 (268 active): ++++++++++++++++++++++++++++++++++++++++++++++++++++++++++++++++++++++++++++++++++++++++++++++++++++++++++++++++++++++++++++++++++++++++++++++++++++++++++++++++++++++++++++++++++++++++++++++++++++++++++++++++++++++++++++++++++++++++++++++++++++++++++++++++++++++++++++(NumConst=2161, SV=489, CEps=7.2668, QPEps=5.7514)

Setting current working precision to 6.25.
Iter 9 (268 active): ++++++++++++++++++++++++++++++++++++++++++++++++++++++++++++++++++++++++++++++++++++++++++++++++.+++++++++++++++++++++++++++++++++++++++++++++++++++++++++++++++++++++++++++++++++++++++++++++++++++++++++++++++++++++++++++++++++++++++++++++++++++++++++++++++++++++++++++*(NumConst=2162, SV=504, CEps=7.2668, QPEps=2.7890)
Iter 10 (1 active): +(NumConst=2162, SV=504, CEps=2.9314, QPEps=2.7890)
Iter 11 (268 active): ++++++++++++++++++++++++++++++++++++++++++++++++++++++++++++++++++++++++++++++++++++++++++++++++++++++++++++++++++++++++++++++++++++++++++++++++++++++++++++++++++++++++++++++++++++++++++++++++++++++++++++++++++++++++++++++++++++++++++++++++++++++++++++++++++++++++++++(NumConst=2162, SV=504, CEps=2.9314, QPEps=2.7890)

Setting current working precision to 3.125.
Iter 12 (268 active): ++++++++++++++++++++++++++++++++++++++++++++++++++++++++++++++++++++++++++++++++++++++++++++++++++++++++++++++++++++++++++++++++++++++++++++++++++++++++++++++++++++++++++++++++++++++++++++++++++++++++++++++++++++++++++++++++++++++++++++++++++++++++++++++++++++++++++++*(NumConst=2162, SV=1182, CEps=2.9314, QPEps=1.2811)

Setting current working precision to 1.5625.
Iter 13 (268 active): ++++++++++++++++++++++++++++++++.++++++++++++++++++.+++++++.+++++++++.++++++++++++++++++++++++++++++.++++++++++.++++++++++.+++.+++++++++++++++++++++++++++.++++++++++++++++++.+++.++++++++.+++.+++++.++++++++++++++++++++++++++++++++++++++++++++++++++++++.++++++++++++++++*(NumConst=2177, SV=1402, CEps=4.8514, QPEps=0.7613)
Iter 14 (15 active): +++++++++++++++(NumConst=2177, SV=1402, CEps=1.1198, QPEps=0.7613)
Iter 15 (268 active): ++++++++++++.++++++++++++..+++++++++++++++..+++++.++.++++++++.+++++++++++++.++++++++++++++++++++++++++++++++++++++++++++++++++++++++++++++++++++++++++++++++++++++++++.+++++++++++++++++++++++++++.++++++.++++++++++++++++++.++++++++++++++.+++++++++++++++++++.++++++++++++*(NumConst=2192, SV=1406, CEps=2.4924, QPEps=2.3242)
Iter 16 (15 active): +++++++++++++++(NumConst=2192, SV=1406, CEps=0.5033, QPEps=2.3242)
Iter 17 (268 active): +++.+++++++++++++++++++++++++++++++.+++++++++++++++.+++++++++++++++++++++++++++++++++.+++++++++++++++++++++.++++++++++++++++++++++++++++++++++.+++.++.+++++++++..++++.+++++++++++++++++++++++++++++++++++++++++++++++++++++++++++++++++++++++++++++++.++++++++++++++++++++++*(NumConst=2204, SV=1467, CEps=2.0255, QPEps=0.7787)
Iter 18 (12 active): ++++++++++++(NumConst=2204, SV=1467, CEps=0.5559, QPEps=0.7787)
Iter 19 (268 active): ++++++++++++++++++++++++++++++++++++++++++++++++++++++++++++++++++++++++++++++++++++++++++++++++++++++++++++++++++++++++++++++++++++++++++++++++++++++++++++++++++++++++++++++++++++++++++++++++++++++++++++++++++++++++++++++++++++++++++++.+++.+++++++++.+++++++++++++++.+*(NumConst=2208, SV=1466, CEps=1.8916, QPEps=0.7664)
Iter 20 (4 active): ++++(NumConst=2208, SV=1466, CEps=0.0818, QPEps=0.7664)
Iter 21 (268 active): ++++++++++++++++++++++++++++++++++++++++++++.+++++++++++++++++++++++++++++.+++++++++++++++++++++++++++++++++++++++++++++++++++++++++++++++++++++++++++++++++++++++++++++++++++++++++++++++++++++++++++++++++++++++++++++++++++++++++++++++++++++++++++++++++++++++++++++++++*(NumConst=2210, SV=1481, CEps=1.7079, QPEps=0.6948)
Iter 22 (2 active): ++(NumConst=2210, SV=1481, CEps=0.0000, QPEps=0.6948)
Iter 23 (268 active): ++++++++++++++++++++++++++++++++++++++++++++++++++++++++++++++++++++++++++++++++++++++++++++++++++++++++++++++++++++++++++++++++++++++++++++++++++++++++++++++++++++++++++++++++++++++++++++++++++++++++++++++++++++++++++++++++++++++++++++++++++++++++++++++++++++++++++++(NumConst=2210, SV=1481, CEps=1.5110, QPEps=0.6948)

Setting current working precision to 0.78125.
Iter 24 (268 active): +..+++++.+++++++++++++++.+++..+.+.+++++++.+++.+++++++++.++.++++..+++.+.+++++.+++.+.+.+++..+.+.+++++.++++++.+++++++++..+++++++++++++.++++.++.+++++++++++++++++++++++++++++++++++.++++++++++++++++.++++++++++++++++++++.++++++++++.++++++++++++++++++++++.++++++++++++++++++++*(NumConst=2246, SV=1487, CEps=1.5110, QPEps=2.2370)
Iter 25 (36 active): ++++++++++++++++++++++++++++++++++++(NumConst=2246, SV=1487, CEps=0.6202, QPEps=2.2370)
Iter 26 (268 active): .++++..+++++++++...++++.+++.++++++++++.++++++++..+++++.+.+++.+.++..++++..+++++..+++.++..++.+++..+.+++..++++++++++++++++++.++.++++++++++.+++++++.+.+++++++.++++++++.++++++.++.+++.+++++++++++..+.+++++++.+++++.++++++++.+++++++++++++++++++++++++++++++++++++.+++++++++++++++*(NumConst=2293, SV=1526, CEps=1.6331, QPEps=0.3902)
Iter 27 (47 active): +++++++++++++++++++++++++++++++++++++++++++++++(NumConst=2293, SV=1526, CEps=0.3499, QPEps=0.3902)
Iter 28 (268 active): +++++++++++++++++++++++++++++++++++++++++++++++++++++++++++++++++++++++++++++++++++++++++++++++++++++++++++++++++++++++++++++++++++++++++++++++++++++++++++++++.+++++++++++++++++++++++++++++++++++++++++++++++++++++++++++.+++++++.+++++.++++++++++.+.+.+++++++++.+.++..+++*(NumConst=2304, SV=1545, CEps=1.1374, QPEps=0.3869)
Iter 29 (11 active): +++++++++++(NumConst=2304, SV=1545, CEps=0.0245, QPEps=0.3869)
Iter 30 (268 active): ++++++++++++++++++++++++++++++++++++++++++++++++++++++++++++++++++++++++++++++++++++++++++++++++++++++++++++++++++++++++++++++++++++++++++++++++++++++++++++++++++++++++++++++++++++++++++++++++++++++++++++++++++++++++++++++++++++++++++++++.+++++++++++++++++++++++++++++*(NumConst=2305, SV=1541, CEps=0.8587, QPEps=0.3842)
Iter 31 (1 active): +(NumConst=2305, SV=1541, CEps=0.0000, QPEps=0.3842)
Iter 32 (268 active): ++++++++++++++++++++++++++++++++++++++++++++++++++++++++++++++++++++++++++++++++++++++++++++++++++++++++++++++++++++++++++++++++++++++++++++++++++++++++++++++++++++++++++++++++++++++++++++++++++++++++++++++++++++++++++++++++++++++++++++++++++++++++++++++++++++++++++++(NumConst=2305, SV=1541, CEps=0.6246, QPEps=0.3842)

Setting current working precision to 0.390625.
Iter 33 (268 active): +++++++++++.+.++++++++++++++++++++.++++.++++++.++++.+++++++++++++++++.+++++++.++++++++++++++++++++++++++++++++++++++++++++++++++++++++++++++++++++++++++++++++++++++++++++++++++++++++++++.+++++.+++++++++.+.+++++++.++++++++++.++++++++++.+++++++++++++++++++.+.++++++++++.*(NumConst=2323, SV=1552, CEps=0.6246, QPEps=0.5138)
Iter 34 (18 active): ++++++++++++++++++(NumConst=2323, SV=1552, CEps=0.0929, QPEps=0.5138)
Iter 35 (268 active): ++++.+++++++++++++++++++++++++++++++.++++++++++++++++++++.++++++++++++++++++++++++++++++++++++++++++++++++++++.+++++++.++++++++.+++++++++.++++++.+++++++++++++++++++++++++++++++++++++++.+++++++++++++++++++++++++++++++++++++++++++++++++++++++++++++++++++++++++++++++++++*(NumConst=2332, SV=1559, CEps=0.6747, QPEps=0.1946)
Iter 36 (9 active): +++++++++(NumConst=2332, SV=1559, CEps=0.3086, QPEps=0.1946)
Iter 37 (268 active): +++++++++++++++++++++++++++++++++++++++++++++++++++++++++++++++++++++++++++++++++++++++++++++++++++++++++++++++++++++++++++.++++++++++++++++.+++++++++++++++++.+++++.+++++++++++++++.++++++++++++++++++++++++++++++++++++.++++++++++.+++++++++++++++++++++++++++++++++++++++*(NumConst=2339, SV=1566, CEps=0.6234, QPEps=0.5024)
Iter 38 (7 active): +++++++(NumConst=2339, SV=1566, CEps=0.0861, QPEps=0.5024)
Iter 39 (268 active): ++++++++++++++++++++++++++++++++++++++++++++++++++++++++++++++++++++++++++++++++++++++++++++++++++++++++++++++++++++++++++++++++++++++++++++++++++++++++++++++++++++++++++++++++++++++++++++++++++++++++++++++++++++++++++++++++++++++++++++++++++++++++++++++++++++++++++++(NumConst=2339, SV=1566, CEps=0.3327, QPEps=0.5024)

Setting current working precision to 0.195312.
Iter 40 (268 active): +++++++++.+++++++++.++++++++++++++++++++.+++++++++.++++++++++++++++++++++.++++++++++++++++++++++++++++++++++++++.+.+++++.++++++++++++.++++++++.++++++++.++++++++++++++++++.++.+++++++++++++.++++++++++++++++++++.++++.+++++++.++++.++++++++++++++++..+++++++++++++++++++++++*(NumConst=2359, SV=1576, CEps=0.3327, QPEps=0.3549)
Iter 41 (20 active): ++++++++++++++++++++(NumConst=2359, SV=1576, CEps=0.0628, QPEps=0.3549)
Iter 42 (268 active): ++++++++.++++++++++++++++++++++++++++++++++++++++++++++++++++++++++++++++++++++++++++++++++++++++++++++++++++++++++++++++++++++++++++++++++++++++++++++++.+++++++++++++++++++++++++++++++++++++++++++++++++++++++++++++++++++++++++++++++++++++++++++.++++++++++++++++++++++*(NumConst=2362, SV=1577, CEps=0.3161, QPEps=4.9492)
Iter 43 (3 active): ++.*(NumConst=2363, SV=1581, CEps=0.6705, QPEps=0.2684)
Iter 44 (1 active): +(NumConst=2363, SV=1581, CEps=0.0000, QPEps=0.2684)
Iter 45 (268 active): +++++++++++++++++++++++++++++++++++++++++++++++++++++++++++++++++++++++++++++++++++++++++++++++++++++++++.++++++++++++++++++++++++++++.++++++++++++++++++++++.+++++++++.++++++++++++++.++++++++++++++.++++++++.+.++++++++++++++++++++++++++++++++++++++++++++.+++++.++++++++*(NumConst=2373, SV=1589, CEps=0.3216, QPEps=0.3093)
Iter 46 (10 active): ++++++++++(NumConst=2373, SV=1589, CEps=0.0917, QPEps=0.3093)
Iter 47 (268 active): ++++++++++++++++++++++++++++++++++++++++++++++++++++++++++++++++++++++++++++.+++++++++++++.++++++++++++++++++++++++++++++++++++++++++++++++++++++++++++++++++++++++++.++++++++++++++++++++++++++++++++++++++++++++++++++.+++++++++++++++++++++++++++++++++++++++++++++++++++*(NumConst=2377, SV=1584, CEps=0.3578, QPEps=11.1641)
Iter 48 (4 active): ..+.*(NumConst=2380, SV=1586, CEps=0.7787, QPEps=0.0973)
Iter 49 (3 active): +++(NumConst=2380, SV=1586, CEps=0.0000, QPEps=0.0973)
Iter 50 (268 active): ++++++++++++++++++++++++++++++++++++++++++++++++++++++++++++++++++++++++++++++++++++++++++++++++++++++++++++++++++++++++++++++++++++++++++++++++++++++++++++++++++++++++++++++++++++++++++++++++++++++++++++++++++++++++++++++++++++++++++++++++++++++++++++++++++++++++++++(NumConst=2380, SV=1586, CEps=0.1576, QPEps=0.0973)

Setting current working precision to 0.1.
Iter 51 (268 active): ++++++++++++++++++.++++++++++++++++++++++++++++++++++.+++++++++++++.++++++++++++++++++++++++++++++++++++++++++++++++++++++++++++++++++++++++++++++++.+++++++++++++++++++++++++++++++++++++++++++++++++++++++++++++++++++++++++++++++++++++++++++++++++++++++++.+++++++++++++*(NumConst=2385, SV=1589, CEps=0.1576, QPEps=0.5946)
Iter 52 (5 active): +++++(NumConst=2385, SV=1589, CEps=0.0000, QPEps=0.5946)
Iter 53 (268 active): ++++++++++++.++++++++++++++++++++++.+++++..++++++++++++++.++++++++++++.++++++++++++++++++++.+++++++++++++++++.+.++++++++++++++++++++++++++++++++++++++++++++++++.+++++++++.++++++++++++++++++++++++++++++++++++++++++++++++.++++..+++++++++.++++++++++.+.++++++++++.++++++++*(NumConst=2403, SV=1591, CEps=0.2668, QPEps=0.0488)
Iter 54 (18 active): ++++++++++++++++++(NumConst=2403, SV=1591, CEps=0.0472, QPEps=0.0488)
Iter 55 (268 active): ++++++++++++++++++++++++++++++++++++++++++++++++++++++++++++++++++++++++++++++++++++++++++++++++++++++++++++++++++++++++++++++++++++++++++++++++++++++++++++++++++++++++++++++++++++++++++++++++++++++++++++++++++++++++++++++++++++++++++++++++++++++++++++++++++++++++++++(NumConst=2403, SV=1591, CEps=0.0734, QPEps=0.0488)

Final epsilon on KKT-Conditions: 0.10000
Upper bound on duality gap: 0.07567
Dual objective value: dval=104.35938
Total number of constraints in final working set: 2403 (of 527)
Number of iterations: 55
Number of calls to 'find_most_violated_constraint': 8835
Number of SV: 1591 
Number of non-zero slack variables: 1432 (out of 268)
Norm of weight vector: |w|=0.22568
Norm. sum of slack variables (on working set): sum(xi_i)/n=104.33615
Norm of longest difference vector: ||Psi(x,y)-Psi(x,ybar)||=1722.03020
Runtime in cpu-seconds: 2794.13 (99.96% for QP, 0.03% for Argmax, 0.00% for Psi, 0.00% for init)
Model learned: [ -0.0884172, 0.00280335, 0.00232382, 0.00708485, -0.000390638, -0.00746269, -0.0717444, 0.00577689, 0.000551666, 0.0127787, -0.0015462, -0.00373134, -0.0658697, 0.00210801, 0.00511724, 0.00566699, -0.000862813, 0.0186567, -0.0815305, 3.56508e-05, 0.00418857, 0.00681091, -0.00067, -0.00373134, 0.0770848, 0.00381558, 0.0043736, -0.00081106, -0.00077817, -0.00373134, 0.10665, -0.0181521, -0.0136535, -0.0213126, 0.00343645, 0, 0.0562579, 0.00276597, -0.000150268, -0.00278517, 0.000220667, 0, 0.0675687, 0.000846652, -0.0027511, -0.00743265, 0.000590704, 0 ]
Losses: [100.0, 100.0, 100.0, 100.0, 100.0, 0.0, 100.0, 100.0, 100.0, 100.0, 0.0, 100.0, 100.0, 100.0, 100.0, 100.0, 100.0, 100.0, 0.0, 100.0, 100.0, 0.0, 100.0, 100.0, 100.0, 100.0, 100.0, 100.0, 100.0, 100.0, 100.0, 0.0, 0.0, 0.0, 100.0, 100.0, 0.0, 100.0, 100.0, 100.0, 100.0, 0.0, 100.0, 100.0, 100.0, 100.0, 100.0, 100.0, 100.0, 100.0, 100.0, 0.0, 100.0, 0.0, 100.0, 0.0, 0.0, 0.0, 100.0, 100.0, 0.0, 100.0, 0.0, 100.0, 0.0, 100.0, 0.0, 100.0, 100.0, 0.0, 0.0, 0.0, 100.0, 0.0, 100.0, 100.0, 0.0, 100.0, 0.0, 100.0, 100.0, 100.0, 100.0, 100.0, 100.0, 100.0, 0.0, 0.0, 0.0, 100.0, 0.0, 100.0, 100.0, 100.0, 100.0, 0.0, 100.0, 100.0, 0.0, 100.0, 0.0, 100.0, 100.0, 0.0, 0.0, 100.0, 100.0, 100.0, 0.0, 100.0, 0.0, 100.0, 0.0, 100.0, 100.0, 100.0, 100.0, 100.0, 100.0, 100.0, 100.0, 0.0, 100.0, 100.0, 0.0, 0.0, 0.0, 100.0, 100.0, 100.0, 0.0, 100.0, 0.0, 0.0, 100.0, 0.0, 100.0, 100.0, 100.0, 100.0, 100.0, 0.0, 0.0, 0.0, 0.0, 100.0, 100.0, 0.0, 100.0, 100.0, 100.0, 100.0, 100.0, 0.0, 100.0, 100.0, 0.0, 100.0, 100.0, 100.0, 100.0, 100.0, 100.0, 0.0, 0.0, 0.0, 100.0, 100.0, 0.0, 100.0, 100.0, 0.0, 100.0, 100.0, 100.0, 100.0, 100.0, 0.0, 100.0, 100.0, 100.0, 100.0, 100.0, 100.0, 100.0, 0.0, 100.0, 0.0, 100.0, 100.0, 100.0, 100.0, 0.0, 100.0, 100.0, 100.0, 100.0, 0.0, 0.0, 0.0, 100.0, 100.0, 100.0, 100.0, 100.0, 100.0, 100.0, 100.0, 0.0, 100.0, 100.0, 100.0, 100.0, 100.0, 100.0, 100.0, 0.0, 100.0, 100.0, 100.0, 100.0, 0.0, 100.0, 100.0, 100.0, 100.0, 0.0, 100.0, 0.0, 0.0, 100.0, 100.0, 100.0, 100.0, 0.0, 100.0, 0.0, 100.0, 0.0, 100.0, 0.0, 100.0, 100.0, 0.0, 100.0, 100.0, 100.0, 100.0, 100.0, 100.0, 0.0, 0.0, 0.0, 0.0, 100.0, 100.0, 100.0, 100.0, 100.0, 100.0, 100.0, 100.0, 100.0, 100.0, 100.0, 100.0, 100.0, 0.0]
Writing learned model...done
...
...
...
Testing ...
Reading model...done.
Reading test examples..132 examples read
done.
Classifying test examples..99..> /home/shaofan/Projects/MMAPM/tools/svm-python-v204/iris/mymulti.py(161)classification_score()
-> for ind, ele in x:
(Pdb) 
